
nasaortho.RES (input for BIGBOSOR4 processor called resetup):

      N         $ Do you want response at resonance to base excitation?
         1      $ NPRT = output options (1=minimum, 2=medium, 3=maximum)
         0      $ ISTRES= output control (0=resultants, 1=sigma, 2=epsilon)
         0      $ NLAST = plot options  (-1=none, 0=geometry, 1=u,v,w)
      N         $ Are there any regions for which you want expanded plots?
       100      $ N0B   = starting number of circ. waves (buckling analysis)
       100      $ NMINB = minimum number of circ. waves  (buckling analysis)
      1000      $ NMAXB = maximum number of circ. waves  (buckling analysis)
       100      $ INCRB = increment in number of circ. waves (buckling)
         3      $ NVEC  = number of eigenvalues for each wave number
      Y         $ Do you want to suppress listing the prebuckling resultants?
      Y         $ Do you want to suppress listing the buckling modes?
------------------------------------------------------------------------

nasaortho.OUT (abridged output from BIGBOSOR4 processor, bigrestart):

 BUCKLING LOADS FOLLOW
 CIRCUMFERENTIAL WAVE NUMBER, N =     100

 EIGENVALUES =
    2.01122E+00    2.02759E+00    2.04606E+00

 BUCKLING LOADS FOLLOW
 CIRCUMFERENTIAL WAVE NUMBER, N =     200

 EIGENVALUES =
    1.72948E+00    1.76521E+00    1.79184E+00

 BUCKLING LOADS FOLLOW
 CIRCUMFERENTIAL WAVE NUMBER, N =     300

 EIGENVALUES =
    1.47490E+00    1.49292E+00    1.50631E+00

 BUCKLING LOADS FOLLOW
 CIRCUMFERENTIAL WAVE NUMBER, N =     400

 EIGENVALUES =
    1.41494E+00    1.42184E+00    1.42794E+00

 BUCKLING LOADS FOLLOW
 CIRCUMFERENTIAL WAVE NUMBER, N =     500

 EIGENVALUES =
    1.41971E+00    1.42349E+00    1.42823E+00

 BUCKLING LOADS FOLLOW
 CIRCUMFERENTIAL WAVE NUMBER, N =     600

 EIGENVALUES =
    1.44791E+00    1.45361E+00    1.45930E+00

 BUCKLING LOADS FOLLOW
 CIRCUMFERENTIAL WAVE NUMBER, N =     700

 EIGENVALUES =
    1.48842E+00    1.49484E+00    1.50118E+00

 BUCKLING LOADS FOLLOW
 CIRCUMFERENTIAL WAVE NUMBER, N =     800

 EIGENVALUES =
    1.53717E+00    1.54400E+00    1.55072E+00

 BUCKLING LOADS FOLLOW
 CIRCUMFERENTIAL WAVE NUMBER, N =     900

 EIGENVALUES =
    1.59638E+00    1.60354E+00    1.61058E+00

 BUCKLING LOADS FOLLOW
 CIRCUMFERENTIAL WAVE NUMBER, N =    1000

 EIGENVALUES =
    1.66975E+00    1.67714E+00    1.68440E+00

 **** CRITICAL EIGENVALUE AND WAVENUMBER ****
 EIGCRT=  1.4149E+00; NO. OF CIRC. WAVES, NWVCRT=  400
 ****************************************************

 ***** EIGENVALUES AND MODE SHAPES *****
  EIGENVALUE(CIRC. WAVES)
 =======================================
    2.0112E+00( 100)
    1.7295E+00( 200)
    1.4749E+00( 300)
    1.4149E+00( 400) <--critical value
    1.4197E+00( 500)
    1.4479E+00( 600)
    1.4884E+00( 700)
    1.5372E+00( 800)
    1.5964E+00( 900)
    1.6698E+00(1000)
 =======================================
