
nasaortho2.RES (input for BIGBOSOR4 processor called resetup):

      N         $ Do you want response at resonance to base excitation?
         1      $ NPRT = output options (1=minimum, 2=medium, 3=maximum)
         0      $ ISTRES= output control (0=resultants, 1=sigma, 2=epsilon)
         0      $ NLAST = plot options  (-1=none, 0=geometry, 1=u,v,w)
      N         $ Are there any regions for which you want expanded plots?
       100      $ N0B   = starting number of circ. waves (buckling analysis)
       100      $ NMINB = minimum number of circ. waves  (buckling analysis)
      1000      $ NMAXB = maximum number of circ. waves  (buckling analysis)
       100      $ INCRB = increment in number of circ. waves (buckling)
         3      $ NVEC  = number of eigenvalues for each wave number
      Y         $ Do you want to suppress listing the prebuckling resultants?
      Y         $ Do you want to suppress listing the buckling modes?
---------------------------------------------------------------------

nasaortho2.OUT (abridged output from BIGBOSOR4 processor called bigrestart):

 BUCKLING LOADS FOLLOW
 CIRCUMFERENTIAL WAVE NUMBER, N =     100

 EIGENVALUES =
    1.34558E+00    1.35474E+00    1.36569E+00

 BUCKLING LOADS FOLLOW
 CIRCUMFERENTIAL WAVE NUMBER, N =     200

 EIGENVALUES =
    1.51311E+00    1.53868E+00    1.55817E+00

 BUCKLING LOADS FOLLOW
 CIRCUMFERENTIAL WAVE NUMBER, N =     300

 EIGENVALUES =
    1.29399E+00    1.30823E+00    1.31915E+00

 BUCKLING LOADS FOLLOW
 CIRCUMFERENTIAL WAVE NUMBER, N =     400

 EIGENVALUES =
    1.22782E+00    1.23469E+00    1.23990E+00

 BUCKLING LOADS FOLLOW
 CIRCUMFERENTIAL WAVE NUMBER, N =     500

 EIGENVALUES =
    1.21715E+00    1.21934E+00    1.22185E+00

 BUCKLING LOADS FOLLOW
 CIRCUMFERENTIAL WAVE NUMBER, N =     600

 EIGENVALUES =
    1.22389E+00    1.22575E+00    1.22793E+00

 BUCKLING LOADS FOLLOW
 CIRCUMFERENTIAL WAVE NUMBER, N =     700

 EIGENVALUES =
    1.23517E+00    1.23717E+00    1.23916E+00

 BUCKLING LOADS FOLLOW
 CIRCUMFERENTIAL WAVE NUMBER, N =     800

 EIGENVALUES =
    1.24536E+00    1.24718E+00    1.24897E+00

 BUCKLING LOADS FOLLOW
 CIRCUMFERENTIAL WAVE NUMBER, N =     900

 EIGENVALUES =
    1.25462E+00    1.25642E+00    1.25857E+00

 BUCKLING LOADS FOLLOW
 CIRCUMFERENTIAL WAVE NUMBER, N =    1000

 EIGENVALUES =
    1.26675E+00    1.26912E+00    1.27149E+00

 **** CRITICAL EIGENVALUE AND WAVENUMBER ****
 EIGCRT=  1.2171E+00; NO. OF CIRC. WAVES, NWVCRT=  500
 ****************************************************

 ***** EIGENVALUES AND MODE SHAPES *****
  EIGENVALUE(CIRC. WAVES)
 =======================================
    1.3456E+00( 100)
    1.5131E+00( 200)
    1.2940E+00( 300)
    1.2278E+00( 400)
    1.2171E+00( 500)
    1.2239E+00( 600)
    1.2352E+00( 700)
    1.2454E+00( 800)
    1.2546E+00( 900)
    1.2668E+00(1000)
 =======================================
