
nasaortho.RES (input data for BIGBOSOR4 processor called resetup):

      N         $ Do you want response at resonance to base excitation?
         1      $ NPRT = output options (1=minimum, 2=medium, 3=maximum)
         0      $ ISTRES= output control (0=resultants, 1=sigma, 2=epsilon)
         0      $ NLAST = plot options  (-1=none, 0=geometry, 1=u,v,w)
      N         $ Are there any regions for which you want expanded plots?
       100      $ N0B   = starting number of circ. waves (buckling analysis)
       100      $ NMINB = minimum number of circ. waves  (buckling analysis)
       100      $ NMAXB = maximum number of circ. waves  (buckling analysis)
       100      $ INCRB = increment in number of circ. waves (buckling)
        20      $ NVEC  = number of eigenvalues for each wave number
      Y         $ Do you want to suppress listing the prebuckling resultants?
      Y         $ Do you want to suppress listing the buckling modes?
-----------------------------------------------------------------------------

nasaortho.OUT (abridged output from BIGBOSOR4 processor called bigrestart):

 BUCKLING LOADS FOLLOW
 CIRCUMFERENTIAL WAVE NUMBER, N =     100

 EIGENVALUES =
    1.30581E+00    1.32068E+00    1.33468E+00    1.34753E+00    1.35939E+00    1.36976E+00    1.37915E+00
  like interring
     buckling


 EIGENVALUES =
    1.38739E+00    1.39542E+00    1.39933E+00    1.40807E+00    1.42150E+00    1.42104E+00    1.43818E+00
                                  sort of like
                                 local buckling


 EIGENVALUES =
    1.45860E+00    1.48449E+00    1.51915E+00    1.57029E+00    2.38579E+00    2.55557E+00
