

nasaortho.OUT (abridged output from bigbosorall

 ***** EIGENVALUES AND MODE SHAPES *****
  EIGENVALUE(CIRC. WAVES)
 =======================================
    1.5089E+00(   2)
    1.4948E+00(   3)
    1.4751E+00(   4)
    1.4495E+00(   5)
    1.4176E+00(   6)
    1.3805E+00(   7)
    1.3373E+00(   8)
    1.2880E+00(   9)
    1.2323E+00(  10)
    1.1701E+00(  11)
    1.0965E+00(  12)
    1.0327E+00(  13)
    9.9608E-01(  14)
    9.8257E-01(  15) <--critical value
    9.8771E-01(  16)
    1.0087E+00(  17)
    1.0406E+00(  18)
    1.0849E+00(  19)
    1.1391E+00(  20)
 =======================================
