
nasaortho.RES (input for BIGBOSOR4 processor called resetup):

      N         $ Do you want response at resonance to base excitation?
         1      $ NPRT = output options (1=minimum, 2=medium, 3=maximum)
         0      $ ISTRES= output control (0=resultants, 1=sigma, 2=epsilon)
         0      $ NLAST = plot options  (-1=none, 0=geometry, 1=u,v,w)
      N         $ Are there any regions for which you want expanded plots?
       100      $ N0B   = starting number of circ. waves (buckling analysis)
       100      $ NMINB = minimum number of circ. waves  (buckling analysis)
      1000      $ NMAXB = maximum number of circ. waves  (buckling analysis)
       100      $ INCRB = increment in number of circ. waves (buckling)
         3      $ NVEC  = number of eigenvalues for each wave number
      Y         $ Do you want to suppress listing the prebuckling resultants?
      Y         $ Do you want to suppress listing the buckling modes?
-----------------------------------------------------------------------

nasaortho.OUT (abridged output from BIGBOSOR4 processor called bigrestart):

 BUCKLING LOADS FOLLOW
 CIRCUMFERENTIAL WAVE NUMBER, N =     100

 EIGENVALUES =
    2.01057E+00    2.02945E+00    2.04959E+00

 BUCKLING LOADS FOLLOW
 CIRCUMFERENTIAL WAVE NUMBER, N =     200

 EIGENVALUES =
    1.73259E+00    1.76990E+00    1.79792E+00

 BUCKLING LOADS FOLLOW
 CIRCUMFERENTIAL WAVE NUMBER, N =     300

 EIGENVALUES =
    1.46254E+00    1.48117E+00    1.49508E+00

 BUCKLING LOADS FOLLOW
 CIRCUMFERENTIAL WAVE NUMBER, N =     400

 EIGENVALUES =
    1.39769E+00    1.40499E+00    1.41118E+00

 BUCKLING LOADS FOLLOW
 CIRCUMFERENTIAL WAVE NUMBER, N =     500

 EIGENVALUES =
    1.40030E+00    1.40385E+00    1.40849E+00

 BUCKLING LOADS FOLLOW
 CIRCUMFERENTIAL WAVE NUMBER, N =     600

 EIGENVALUES =
    1.42664E+00    1.43215E+00    1.43767E+00

 BUCKLING LOADS FOLLOW
 CIRCUMFERENTIAL WAVE NUMBER, N =     700

 EIGENVALUES =
    1.46551E+00    1.47177E+00    1.47794E+00

 BUCKLING LOADS FOLLOW
 CIRCUMFERENTIAL WAVE NUMBER, N =     800

 EIGENVALUES =
    1.51262E+00    1.51930E+00    1.52587E+00

 BUCKLING LOADS FOLLOW
 CIRCUMFERENTIAL WAVE NUMBER, N =     900

 EIGENVALUES =
    1.57007E+00    1.57707E+00    1.58396E+00

 BUCKLING LOADS FOLLOW
 CIRCUMFERENTIAL WAVE NUMBER, N =    1000

 EIGENVALUES =
    1.64144E+00    1.64868E+00    1.65578E+00

 **** CRITICAL EIGENVALUE AND WAVENUMBER ****
 EIGCRT=  1.3977E+00; NO. OF CIRC. WAVES, NWVCRT=  400
 ****************************************************

 ***** EIGENVALUES AND MODE SHAPES *****
  EIGENVALUE(CIRC. WAVES)
 =======================================
    2.0106E+00( 100)
    1.7326E+00( 200)
    1.4625E+00( 300)
    1.3977E+00( 400) <--critical value
    1.4003E+00( 500)
    1.4266E+00( 600)
    1.4655E+00( 700)
    1.5126E+00( 800)
    1.5701E+00( 900)
    1.6414E+00(1000)
 =======================================
