
aftskirt.OUT (severely abridged) Prebuckled state

 PREBUCKLING STRESS RESULTANTS IN SHELL SEGMENT NO.  1
 FOR CIRCUMFERENTIAL ANGLE, THETAS =  0.0000E+00
           PREBUCKLING MEMBRANE STATE    PREBUCKLING MEMBRANE STATE
              FOR LOAD SYSTEM "A"          FOR LOAD SYSTEM "B"
               (EIGENPARAMETER)                 (CONSTANT)
 STATION   MERIDIONAL   CIRCUMFERENTIAL  MERIDIONAL   CIRCUMFERENTIAL
   NO.     RESULTANT      RESULTANT      RESULTANT    RESULTANT
     1  -2.709059E+02  -8.127175E+01   9.649987E+02   2.894996E+02
     2  -2.709315E+02  -8.056760E+01   9.650900E+02   2.869914E+02
     3  -2.710007E+02  -7.858111E+01   9.653369E+02   2.799153E+02
     4  -2.710946E+02  -7.572851E+01   9.656711E+02   2.697539E+02
     5  -2.711912E+02  -7.263882E+01   9.660152E+02   2.587481E+02
     6  -2.712895E+02  -6.936777E+01   9.663652E+02   2.470963E+02
     7  -2.713894E+02  -6.593098E+01   9.667213E+02   2.348540E+02
     8  -2.714912E+02  -6.233972E+01   9.670840E+02   2.220615E+02
     9  -2.715950E+02  -5.860172E+01   9.674534E+02   2.087463E+02
    10  -2.717007E+02  -5.472168E+01   9.678300E+02   1.949251E+02
    11  -2.718070E+02  -5.075300E+01   9.682089E+02   1.807882E+02
    12  -2.718876E+02  -4.770018E+01   9.684960E+02   1.699137E+02
    13  -2.719179E+02  -4.654215E+01   9.686041E+02   1.657887E+02

 PREBUCKLING STRESS RESULTANTS IN SHELL SEGMENT NO.  2
 FOR CIRCUMFERENTIAL ANGLE, THETAS =  0.0000E+00
           PREBUCKLING MEMBRANE STATE    PREBUCKLING MEMBRANE STATE
              FOR LOAD SYSTEM "A"          FOR LOAD SYSTEM "B"
               (EIGENPARAMETER)                 (CONSTANT)
 STATION   MERIDIONAL   CIRCUMFERENTIAL  MERIDIONAL   CIRCUMFERENTIAL
   NO.     RESULTANT      RESULTANT      RESULTANT    RESULTANT
     1  -2.719180E+02  -1.993457E+01   9.686042E+02   7.100933E+01
     2  -2.719522E+02  -1.898351E+01   9.687261E+02   6.762157E+01
     3  -2.720447E+02  -1.651745E+01   9.690555E+02   5.883714E+01
     4  -2.721698E+02  -1.341024E+01   9.695011E+02   4.776883E+01
     5  -2.722981E+02  -1.049191E+01   9.699580E+02   3.737342E+01
     6  -2.724279E+02  -7.804665E+00   9.704203E+02   2.780113E+01
     7  -2.725590E+02  -5.349910E+00   9.708875E+02   1.905704E+01
     8  -2.726915E+02  -3.129467E+00   9.713594E+02   1.114755E+01
     9  -2.728251E+02  -1.146000E+00   9.718354E+02   4.082184E+00
    10  -2.729598E+02   5.960456E-01   9.723151E+02  -2.123181E+00
    11  -2.730937E+02   2.072094E+00   9.727922E+02  -7.381059E+00
    12  -2.731942E+02   3.008521E+00   9.731502E+02  -1.071672E+01
    13  -2.732318E+02   3.319555E+00   9.732839E+02  -1.182464E+01

 PREBUCKLING STRESS RESULTANTS IN SHELL SEGMENT NO.  3
 FOR CIRCUMFERENTIAL ANGLE, THETAS =  0.0000E+00
           PREBUCKLING MEMBRANE STATE    PREBUCKLING MEMBRANE STATE
              FOR LOAD SYSTEM "A"          FOR LOAD SYSTEM "B"
               (EIGENPARAMETER)                 (CONSTANT)
 STATION   MERIDIONAL   CIRCUMFERENTIAL  MERIDIONAL   CIRCUMFERENTIAL
   NO.     RESULTANT      RESULTANT      RESULTANT    RESULTANT
     1  -2.732318E+02   3.319551E+00   9.732839E+02  -1.182465E+01
     2  -2.732962E+02   3.927809E+00   9.735134E+02  -1.399130E+01
     3  -2.734697E+02   5.249007E+00   9.741315E+02  -1.869757E+01
     4  -2.737032E+02   6.440287E+00   9.749633E+02  -2.294106E+01
     5  -2.739409E+02   7.088092E+00   9.758098E+02  -2.524864E+01
     6  -2.741793E+02   7.293338E+00   9.766590E+02  -2.597970E+01
     7  -2.744181E+02   7.162391E+00   9.775098E+02  -2.551326E+01
     8  -2.746571E+02   6.787223E+00   9.783613E+02  -2.417689E+01
     9  -2.748962E+02   6.245502E+00   9.792128E+02  -2.224724E+01
    10  -2.751352E+02   5.601333E+00   9.800641E+02  -1.995262E+01
    11  -2.753740E+02   4.906196E+00   9.809147E+02  -1.747643E+01
    12  -2.756125E+02   4.200294E+00   9.817645E+02  -1.496196E+01
    13  -2.758509E+02   3.513859E+00   9.826137E+02  -1.251677E+01
    14  -2.760892E+02   2.868526E+00   9.834625E+02  -1.021805E+01
    15  -2.763273E+02   2.278782E+00   9.843107E+02  -8.117294E+00
    16  -2.765654E+02   1.753162E+00   9.851588E+02  -6.244980E+00
    17  -2.768034E+02   1.295547E+00   9.860067E+02  -4.614899E+00
    18  -2.770415E+02   9.061280E-01   9.868549E+02  -3.227722E+00
    19  -2.772797E+02   5.823784E-01   9.877034E+02  -2.074494E+00
    20  -2.775181E+02   3.199273E-01   9.885524E+02  -1.139618E+00
    21  -2.777567E+02   1.130829E-01   9.894022E+02  -4.028017E-01
    22  -2.779954E+02  -4.452508E-02   9.902529E+02   1.586149E-01
    23  -2.782346E+02  -1.595153E-01   9.911047E+02   5.682065E-01
    24  -2.784740E+02  -2.384796E-01   9.919576E+02   8.495176E-01
    25  -2.787138E+02  -2.876968E-01   9.928117E+02   1.024826E+00
    26  -2.789540E+02  -3.129577E-01   9.936672E+02   1.114807E+00
    27  -2.791946E+02  -3.194923E-01   9.945243E+02   1.138077E+00
    28  -2.794355E+02  -3.118858E-01   9.953827E+02   1.110962E+00
    29  -2.796769E+02  -2.940368E-01   9.962426E+02   1.047379E+00
    30  -2.799188E+02  -2.692566E-01   9.971041E+02   9.591216E-01
    31  -2.801611E+02  -2.401848E-01   9.979672E+02   8.555755E-01
    32  -2.804039E+02  -2.089653E-01   9.988320E+02   7.443847E-01
    33  -2.806471E+02  -1.771774E-01   9.996982E+02   6.311187E-01
    34  -2.814406E+02  -8.549881E-02   1.002525E+03   3.045807E-01
    35  -2.833518E+02   4.234313E-03   1.009333E+03  -1.509094E-02
    36  -2.858567E+02   5.844118E-03   1.018255E+03  -2.084351E-02
    37  -2.884063E+02   6.599443E-04   1.027338E+03  -2.349860E-03
    38  -2.910017E+02  -1.182539E-04   1.036583E+03   4.424986E-04
    39  -2.936443E+02  -3.814520E-05   1.045996E+03   1.373228E-04
    40  -2.963354E+02  -3.812894E-06   1.055582E+03  -6.425430E-09
    41  -2.990762E+02  -3.812860E-06   1.065345E+03  -1.526533E-05
    42  -3.018682E+02  -3.812825E-06   1.075290E+03   3.051091E-05
    43  -3.047128E+02   1.907058E-09   1.085423E+03   1.525199E-05
    44  -3.076115E+02   1.943339E-09   1.095749E+03   1.525187E-05
    45  -3.105659E+02   1.981145E-09   1.106273E+03   1.525173E-05
    46  -3.135776E+02   2.020391E-09   1.117001E+03   1.525159E-05
    47  -3.166483E+02   2.060006E-09   1.127939E+03  -1.526613E-05
    48  -3.197797E+02  -7.627295E-06   1.139093E+03  -1.526627E-05
    49  -3.229736E+02   2.143039E-09   1.150471E+03  -7.633050E-09
    50  -3.262321E+02   2.186071E-09   1.162077E+03  -7.787047E-09
    51  -3.295569E+02   2.230778E-09   1.173921E+03  -7.947206E-09
    52  -3.329502E+02   2.276766E-09   1.186008E+03  -8.110920E-09
    53  -3.364141E+02   2.324831E-09   1.198347E+03  -8.280512E-09
    54  -3.399508E+02   2.373735E-09   1.210945E+03   1.525033E-05
    55  -3.435627E+02   2.424854E-09   1.223811E+03  -3.052621E-05
    56  -3.472522E+02  -7.626918E-06   1.236954E+03  -8.823180E-09
    57  -3.510218E+02   2.531230E-09   1.250381E+03  -9.014922E-09
    58  -3.548741E+02   7.631981E-06   1.264104E+03  -9.215427E-09
    59  -3.588120E+02   2.644974E-09   1.278131E+03  -9.421912E-09
    60  -3.628381E+02  -7.626689E-06   1.292472E+03   3.050794E-05
    61  -3.669557E+02  -1.525602E-05   1.307140E+03   6.102530E-05
    62  -3.711678E+02  -1.068087E-04   1.322144E+03   3.662009E-04
    63  -3.754776E+02   1.068144E-04   1.337496E+03  -3.967387E-04
    64  -3.798889E+02   5.233767E-03   1.353209E+03  -1.867677E-02
    65  -3.833795E+02   2.684021E-02   1.365643E+03  -9.561156E-02
    66  -3.848626E+02  -7.720949E-03   1.370926E+03   2.752686E-02
    67  -3.853212E+02  -2.440643E-02   1.372560E+03   8.694459E-02
    68  -3.857809E+02  -4.614258E-02   1.374197E+03   1.643677E-01
    69  -3.862416E+02  -7.363892E-02   1.375838E+03   2.622986E-01
    70  -3.867034E+02  -1.074142E-01   1.377484E+03   3.826294E-01
    71  -3.871663E+02  -1.477051E-01   1.379132E+03   5.261536E-01
    72  -3.876302E+02  -1.942825E-01   1.380785E+03   6.920471E-01
    73  -3.880951E+02  -2.463608E-01   1.382441E+03   8.775939E-01
    74  -3.885612E+02  -3.022766E-01   1.384101E+03   1.076782E+00
    75  -3.890283E+02  -3.594207E-01   1.385765E+03   1.280334E+00
    76  -3.894964E+02  -4.138565E-01   1.387432E+03   1.474182E+00
    77  -3.899656E+02  -4.601593E-01   1.389104E+03   1.639130E+00
    78  -3.904359E+02  -4.911193E-01   1.390779E+03   1.749450E+00
    79  -3.909073E+02  -4.976043E-01   1.392458E+03   1.772522E+00
    80  -3.913799E+02  -4.683379E-01   1.394141E+03   1.668274E+00
    81  -3.918536E+02  -3.898772E-01   1.395829E+03   1.388763E+00
    82  -3.923287E+02  -2.467345E-01   1.397521E+03   8.789059E-01
    83  -3.928051E+02  -2.165975E-02   1.399218E+03   7.717860E-02
    84  -3.932830E+02   3.037415E-01   1.400921E+03  -1.081971E+00
    85  -3.937626E+02   7.481309E-01   1.402629E+03  -2.664917E+00
    86  -3.942439E+02   1.328979E+00   1.404344E+03  -4.733978E+00
    87  -3.947273E+02   2.060730E+00   1.406065E+03  -7.340576E+00
    88  -3.952127E+02   2.952301E+00   1.407795E+03  -1.051642E+01
    89  -3.957006E+02   4.003845E+00   1.409533E+03  -1.426218E+01
    90  -3.961911E+02   5.202964E+00   1.411280E+03  -1.853357E+01
    91  -3.966843E+02   6.519958E+00   1.413036E+03  -2.322488E+01
    92  -3.971803E+02   7.902618E+00   1.414804E+03  -2.815005E+01
    93  -3.976793E+02   9.270248E+00   1.416581E+03  -3.302176E+01
    94  -3.981811E+02   1.050748E+01   1.418368E+03  -3.742886E+01
    95  -3.986855E+02   1.145797E+01   1.420165E+03  -4.081463E+01
    96  -3.991920E+02   1.191865E+01   1.421969E+03  -4.245565E+01
    97  -3.996936E+02   1.164518E+01   1.423756E+03  -4.148153E+01
    98  -4.000685E+02   1.079917E+01   1.425092E+03  -3.846792E+01
    99  -4.002083E+02   1.029038E+01   1.425589E+03  -3.665553E+01

 PREBUCKLING STRESS RESULTANTS IN SHELL SEGMENT NO.  4
 FOR CIRCUMFERENTIAL ANGLE, THETAS =  0.0000E+00
           PREBUCKLING MEMBRANE STATE    PREBUCKLING MEMBRANE STATE
              FOR LOAD SYSTEM "A"          FOR LOAD SYSTEM "B"
               (EIGENPARAMETER)                 (CONSTANT)
 STATION   MERIDIONAL   CIRCUMFERENTIAL  MERIDIONAL   CIRCUMFERENTIAL
   NO.     RESULTANT      RESULTANT      RESULTANT    RESULTANT
     1  -4.002079E+02   1.029037E+01   1.425588E+03  -3.665556E+01
     2  -4.002897E+02   1.008114E+01   1.425879E+03  -3.591021E+01
     3  -4.005087E+02   9.349508E+00   1.426660E+03  -3.330404E+01
     4  -4.008018E+02   7.982810E+00   1.427703E+03  -2.843576E+01
     5  -4.010978E+02   6.148375E+00   1.428758E+03  -2.190127E+01
     6  -4.013927E+02   3.856635E+00   1.429808E+03  -1.373779E+01
     7  -4.016862E+02   1.099623E+00   1.430854E+03  -3.916987E+00
     8  -4.019780E+02  -2.132332E+00   1.431893E+03   7.595642E+00
     9  -4.022677E+02  -5.849715E+00   1.432925E+03   2.083740E+01
    10  -4.025549E+02  -1.006264E+01   1.433948E+03   3.584427E+01
    11  -4.028358E+02  -1.471832E+01   1.434949E+03   5.242837E+01
    12  -4.030438E+02  -1.852028E+01   1.435690E+03   6.597150E+01
    13  -4.031209E+02  -2.001028E+01   1.435964E+03   7.127894E+01

 PREBUCKLING STRESS RESULTANTS IN SHELL SEGMENT NO.  5
 FOR CIRCUMFERENTIAL ANGLE, THETAS =  0.0000E+00
           PREBUCKLING MEMBRANE STATE    PREBUCKLING MEMBRANE STATE
              FOR LOAD SYSTEM "A"          FOR LOAD SYSTEM "B"
               (EIGENPARAMETER)                 (CONSTANT)
 STATION   MERIDIONAL   CIRCUMFERENTIAL  MERIDIONAL   CIRCUMFERENTIAL
   NO.     RESULTANT      RESULTANT      RESULTANT    RESULTANT
     1  -4.031209E+02  -6.074603E+01   1.435964E+03   2.163846E+02
     2  -4.031880E+02  -6.270902E+01   1.436203E+03   2.233770E+02
     3  -4.033660E+02  -6.789879E+01   1.436838E+03   2.418635E+02
     4  -4.036011E+02  -7.468648E+01   1.437675E+03   2.660421E+02
     5  -4.038347E+02  -8.137258E+01   1.438507E+03   2.898588E+02
     6  -4.040638E+02  -8.786755E+01   1.439323E+03   3.129946E+02
     7  -4.042887E+02  -9.416248E+01   1.440124E+03   3.354180E+02
     8  -4.045095E+02  -1.002402E+02   1.440911E+03   3.570675E+02
     9  -4.047263E+02  -1.060729E+02   1.441683E+03   3.778444E+02
    10  -4.049393E+02  -1.116200E+02   1.442442E+03   3.976036E+02
    11  -4.051462E+02  -1.167616E+02   1.443179E+03   4.159187E+02
    12  -4.052989E+02  -1.203432E+02   1.443723E+03   4.286766E+02
    13  -4.053553E+02  -1.216066E+02   1.443924E+03   4.331772E+02
====================================================================
