
twoskirtnon.OUT (severely abridged) Prebuckled state at Load Step 1

 FIXED PART OF AXISYMMETRIC PRESTRESS STATE.
 THESE QUANTITIES ARE NOT MULTIPLIED BY EIGENVALUE.

 PRESTRESS-- MERIDIONAL RESULTANT, N10   CIRCUMFERENTIAL RESULTANT,N20  MERIDIONAL ROTATION, CHIO   FOR SEGMENT   1

       1                     9.66171509E+02                     2.90058655E+02                    -3.92933656E-03
       2                     9.66262756E+02                     2.88530792E+02                    -3.93673498E-03
       3                     9.66508789E+02                     2.84205322E+02                    -3.91498674E-03
       4                     9.66840637E+02                     2.78009766E+02                    -3.83808883E-03
       5                     9.67180115E+02                     2.71318726E+02                    -3.73350200E-03
       6                     9.67523376E+02                     2.64256104E+02                    -3.61663871E-03
       7                     9.67870422E+02                     2.56856964E+02                    -3.49655561E-03
       8                     9.68221619E+02                     2.49146072E+02                    -3.37925553E-03
       9                     9.68576965E+02                     2.41139221E+02                    -3.26870428E-03
      10                     9.68936768E+02                     2.32844971E+02                    -3.16748349E-03
      11                     9.69296387E+02                     2.24374451E+02                    -3.07800015E-03
      12                     9.69567566E+02                     2.17863770E+02                    -3.01601598E-03
      13                     9.69669373E+02                     2.15396759E+02                    -2.99367472E-03

 HOOP FORCE IN DISCRETE RING NO.   1 =      0.00000000E+00

 FIXED PART OF AXISYMMETRIC PRESTRESS STATE.
 THESE QUANTITIES ARE NOT MULTIPLIED BY EIGENVALUE.

 PRESTRESS-- MERIDIONAL RESULTANT, N10   CIRCUMFERENTIAL RESULTANT,N20  MERIDIONAL ROTATION, CHIO   FOR SEGMENT   2

       1                     9.69669373E+02                     1.29574127E+02                    -2.99367472E-03
       2                     9.69783386E+02                     1.27363953E+02                    -2.96064024E-03
       3                     9.70090820E+02                     1.21590469E+02                    -2.86617083E-03
       4                     9.70505432E+02                     1.14232246E+02                    -2.73383968E-03
       5                     9.70929260E+02                     1.07199348E+02                    -2.59764725E-03
       6                     9.71356812E+02                     1.00572121E+02                    -2.45999498E-03
       7                     9.71788147E+02                     9.43335419E+01                    -2.32112454E-03
       8                     9.72222717E+02                     8.84654465E+01                    -2.18102662E-03
       9                     9.72660645E+02                     8.29489746E+01                    -2.03928770E-03
      10                     9.73101501E+02                     7.77657852E+01                    -1.89478975E-03
      11                     9.73539856E+02                     7.29584045E+01                    -1.74649933E-03
      12                     9.73868774E+02                     6.95620193E+01                    -1.62509247E-03
      13                     9.73991760E+02                     6.83450241E+01                    -1.57462957E-03

 FIXED PART OF AXISYMMETRIC PRESTRESS STATE.
 THESE QUANTITIES ARE NOT MULTIPLIED BY EIGENVALUE.

 PRESTRESS-- MERIDIONAL RESULTANT, N10   CIRCUMFERENTIAL RESULTANT,N20  MERIDIONAL ROTATION, CHIO   FOR SEGMENT   3

       1                     9.73991760E+02                     6.83450089E+01                    -1.57462957E-03
       2                     9.74202576E+02                     6.65056686E+01                    -1.51939737E-03
       3                     9.74770874E+02                     6.18238869E+01                    -1.36187009E-03
       4                     9.75536499E+02                     5.62288361E+01                    -1.16198172E-03
       5                     9.76317505E+02                     5.11884041E+01                    -9.96521674E-04
       6                     9.77104065E+02                     4.66658745E+01                    -8.58615444E-04
       7                     9.77895508E+02                     4.25818787E+01                    -7.40557851E-04
       8                     9.78691589E+02                     3.88778000E+01                    -6.37441990E-04
       9                     9.79492065E+02                     3.55085907E+01                    -5.46065159E-04
      10                     9.80296692E+02                     3.24379463E+01                    -4.64269629E-04
      11                     9.81105103E+02                     2.96358433E+01                    -3.90545145E-04
      12                     9.81917053E+02                     2.70764313E+01                    -3.23788379E-04
      13                     9.82732666E+02                     2.47373428E+01                    -2.63157184E-04
      14                     9.83551453E+02                     2.25986004E+01                    -2.07981662E-04
      15                     9.84373596E+02                     2.06423683E+01                    -1.57709743E-04
      16                     9.85198608E+02                     1.88526096E+01                    -1.11873334E-04
      17                     9.86026489E+02                     1.72145691E+01                    -7.00673336E-05
      18                     9.86857117E+02                     1.57150030E+01                    -3.19363498E-05
      19                     9.87690491E+02                     1.43417635E+01                     2.83341274E-06
      20                     9.88526428E+02                     1.30836058E+01                     3.45186709E-05
      21                     9.89364685E+02                     1.19302464E+01                     6.33605669E-05
      22                     9.90205505E+02                     1.08722534E+01                     8.95629710E-05
      23                     9.91048584E+02                     9.90056419E+00                     1.13286522E-04
      24                     9.91893982E+02                     9.00693893E+00                     1.34636313E-04
      25                     9.92741455E+02                     8.18309307E+00                     1.53639441E-04
      26                     9.93591064E+02                     7.42070866E+00                     1.70205647E-04
      27                     9.94442993E+02                     6.71096706E+00                     1.84060133E-04
      28                     9.95296753E+02                     6.04346228E+00                     1.94629421E-04
      29                     9.96152588E+02                     5.40511656E+00                     2.00848663E-04
      30                     9.97010498E+02                     4.77781868E+00                     2.00836919E-04
      31                     9.97870483E+02                     4.13474321E+00                     1.91350526E-04
      32                     9.98732483E+02                     3.43434000E+00                     1.66863072E-04
      33                     9.99596680E+02                     2.60947084E+00                     1.18017277E-04
      34                     1.00242334E+03                    -1.08377814E-01                     2.39392670E-04
      35                     1.00921906E+03                     2.77202153E+00                     3.41304607E-04
      36                     1.01812695E+03                     3.42105389E-01                     3.17705359E-04
      37                     1.02720715E+03                    -1.93995953E-01                     3.39848077E-04
      38                     1.03645801E+03                    -1.30425644E+00                     3.11500276E-04
      39                     1.04587854E+03                    -6.03586197E-01                     2.86702882E-04
      40                     1.05546704E+03                    -2.15213776E-01                     2.81215587E-04
      41                     1.06523120E+03                    -2.41348267E-01                     2.77641171E-04
      42                     1.07517883E+03                    -4.55589294E-01                     2.68742209E-04
      43                     1.08531409E+03                    -3.17104340E-01                     2.59489665E-04
      44                     1.09564209E+03                    -4.06513214E-01                     2.52566708E-04
      45                     1.10617273E+03                    -1.19254303E+00                     2.42357346E-04
      46                     1.11691772E+03                    -2.50085449E+00                     1.93008047E-04
      47                     1.12787561E+03                    -1.69219208E+00                     1.40891018E-04
      48                     1.13904602E+03                    -1.64868927E+00                     1.09284636E-04
      49                     1.15045056E+03                    -3.92117310E+00                     7.07748550E-05
      50                     1.16211560E+03                    -7.62445068E+00                    -8.51695513E-05
      51                     1.17401648E+03                    -3.57015991E+00                    -2.37742250E-04
      52                     1.18612671E+03                    -6.65557861E-01                    -2.63433612E-04
      53                     1.19846716E+03                     5.87310791E-01                    -2.62970803E-04
      54                     1.21105908E+03                     8.72619629E-01                    -2.42504655E-04
      55                     1.22391528E+03                     1.18872070E+00                    -2.20746297E-04
      56                     1.23703796E+03                     2.67584229E+00                    -1.91332059E-04
      57                     1.25042542E+03                     4.90362549E+00                    -9.06773494E-05
      58                     1.26410620E+03                     2.76119995E+00                     1.05289128E-05
      59                     1.27811011E+03                     1.40246582E+00                     4.34310969E-05
      60                     1.29243494E+03                     1.54959106E+00                     7.11552275E-05
      61                     1.30708130E+03                     2.04815674E+00                     1.18261902E-04
      62                     1.32206934E+03                     6.34765625E-01                     1.54508540E-04
      63                     1.33742578E+03                    -1.48822021E+00                     1.52251043E-04
      64                     1.35316980E+03                    -3.92059326E+00                     7.86679957E-05
      65                     1.36566125E+03                    -1.06146240E+01                    -7.26152430E-05
      66                     1.37098779E+03                    -1.57031860E+01                    -1.58022085E-04
      67                     1.37264136E+03                    -1.75288086E+01                    -1.82000120E-04
      68                     1.37430103E+03                    -1.95139160E+01                    -2.17003122E-04
      69                     1.37596729E+03                    -2.17048950E+01                    -2.60424480E-04
      70                     1.37764014E+03                    -2.41402588E+01                    -3.11140291E-04
      71                     1.37932007E+03                    -2.68560791E+01                    -3.68864334E-04
      72                     1.38100757E+03                    -2.98883667E+01                    -4.33801470E-04
      73                     1.38270300E+03                    -3.32750854E+01                    -5.06463170E-04
      74                     1.38440686E+03                    -3.70581055E+01                    -5.87573915E-04
      75                     1.38611963E+03                    -4.12829590E+01                    -6.78023032E-04
      76                     1.38784167E+03                    -4.60008545E+01                    -7.78846850E-04
      77                     1.38957410E+03                    -5.12679443E+01                    -8.91223957E-04
      78                     1.39131738E+03                    -5.71481323E+01                    -1.01648050E-03
      79                     1.39307251E+03                    -6.37116699E+01                    -1.15610263E-03
      80                     1.39484009E+03                    -7.10374756E+01                    -1.31175050E-03
      81                     1.39662146E+03                    -7.92136230E+01                    -1.48527650E-03
      82                     1.39841760E+03                    -8.83383789E+01                    -1.67874561E-03
      83                     1.40022998E+03                    -9.85214844E+01                    -1.89445913E-03
      84                     1.40205969E+03                    -1.09886108E+02                    -2.13498157E-03
      85                     1.40390857E+03                    -1.22568420E+02                    -2.40316615E-03
      86                     1.40577832E+03                    -1.36721619E+02                    -2.70218449E-03
      87                     1.40767090E+03                    -1.52515869E+02                    -3.03555303E-03
      88                     1.40958862E+03                    -1.70141602E+02                    -3.40715633E-03
      89                     1.41153369E+03                    -1.89809998E+02                    -3.82125750E-03
      90                     1.41350916E+03                    -2.11756531E+02                    -4.28248337E-03
      91                     1.41551782E+03                    -2.36241821E+02                    -4.79575433E-03
      92                     1.41756323E+03                    -2.63553955E+02                    -5.36611490E-03
      93                     1.41964917E+03                    -2.94007263E+02                    -5.99836325E-03
      94                     1.42178015E+03                    -3.27941650E+02                    -6.69630570E-03
      95                     1.42396045E+03                    -3.65713135E+02                    -7.46129686E-03
      96                     1.42619507E+03                    -4.07678162E+02                    -8.28943681E-03
      97                     1.42846094E+03                    -4.53547913E+02                    -9.12952516E-03
      98                     1.43018921E+03                    -4.91011780E+02                    -9.53027792E-03
      99                     1.43084326E+03                    -5.04978668E+02                    -9.53570101E-03

 FIXED PART OF AXISYMMETRIC PRESTRESS STATE.
 THESE QUANTITIES ARE NOT MULTIPLIED BY EIGENVALUE.

 PRESTRESS-- MERIDIONAL RESULTANT, N10   CIRCUMFERENTIAL RESULTANT,N20  MERIDIONAL ROTATION, CHIO   FOR SEGMENT   4

       1                     1.43084192E+03                    -5.04977905E+02                    -9.53570101E-03
       2                     1.43122681E+03                    -5.01645691E+02                    -9.71150678E-03
       3                     1.43225732E+03                    -4.94039185E+02                    -1.00125698E-02
       4                     1.43363379E+03                    -4.85814575E+02                    -1.02153951E-02
       5                     1.43502454E+03                    -4.79449280E+02                    -1.02844145E-02
       6                     1.43641321E+03                    -4.74633850E+02                    -1.02269184E-02
       7                     1.43780078E+03                    -4.70929688E+02                    -1.00412397E-02
       8                     1.43918787E+03                    -4.67849487E+02                    -9.72221885E-03
       9                     1.44057483E+03                    -4.64869629E+02                    -9.26266052E-03
      10                     1.44196143E+03                    -4.61400146E+02                    -8.65408406E-03
      11                     1.44332996E+03                    -4.56870605E+02                    -7.89571367E-03
      12                     1.44435107E+03                    -4.52383057E+02                    -7.20991287E-03
      13                     1.44473157E+03                    -4.50327972E+02                    -6.91416999E-03

 FIXED PART OF AXISYMMETRIC PRESTRESS STATE.
 THESE QUANTITIES ARE NOT MULTIPLIED BY EIGENVALUE.

 PRESTRESS-- MERIDIONAL RESULTANT, N10   CIRCUMFERENTIAL RESULTANT,N20  MERIDIONAL ROTATION, CHIO   FOR SEGMENT   5

       1                     1.44473157E+03                     2.05005786E+03                    -6.91416999E-03
       2                     1.44461621E+03                     2.02835083E+03                    -6.75879093E-03
       3                     1.44432788E+03                     1.97125098E+03                    -6.23520790E-03
       4                     1.44398120E+03                     1.89782275E+03                    -5.34538506E-03
       5                     1.44368115E+03                     1.82729248E+03                    -4.20472212E-03
       6                     1.44342944E+03                     1.76092456E+03                    -2.79884483E-03
       7                     1.44322363E+03                     1.69899243E+03                    -1.09193649E-03
       8                     1.44306030E+03                     1.64175134E+03                     9.69387300E-04
       9                     1.44293616E+03                     1.58945361E+03                     3.46619356E-03
      10                     1.44284766E+03                     1.54239795E+03                     6.52410835E-03
      11                     1.44279114E+03                     1.50144629E+03                     1.02805020E-02
      12                     1.44276477E+03                     1.47475610E+03                     1.36064515E-02
      13                     1.44275867E+03                     1.46575745E+03                     1.50009254E-02

-------------------------------------------------------------------------------------------------------------

 (many, many lines skipped to save space)


 ****************************************

 PRESTRESS STIFFNESS MATRIX CALCULATED FOR ITERATION NO.   0. START FACTORING AND SOLVING
 Factoring done for iteration   0; Load step, ISTEP=   1
 FACTORING AND SOLVING COMPLETED FOR PRESTRESS ITERATION NO.  0
 ITERATION NO.  0 MAXIMUM DISPLACEMENT=  3.9067E-01
 PRESTRESS STIFFNESS MATRIX CALCULATED FOR ITERATION NO.   1. START FACTORING AND SOLVING
 Factoring done for iteration   1; Load step, ISTEP=   1
 FACTORING AND SOLVING COMPLETED FOR PRESTRESS ITERATION NO.  1
 ITERATION NO.  1 MAXIMUM DISPLACEMENT=  3.8340E-01
 PRESTRESS STIFFNESS MATRIX CALCULATED FOR ITERATION NO.   2. START FACTORING AND SOLVING
 Factoring done for iteration   2; Load step, ISTEP=   1
 FACTORING AND SOLVING COMPLETED FOR PRESTRESS ITERATION NO.  2
 ITERATION NO.  2 MAXIMUM DISPLACEMENT=  3.8306E-01
 PRESTRESS STIFFNESS MATRIX CALCULATED FOR ITERATION NO.   3. START FACTORING AND SOLVING
 Factoring done for iteration   3; Load step, ISTEP=   1
 FACTORING AND SOLVING COMPLETED FOR PRESTRESS ITERATION NO.  3
 ITERATION NO.  3 MAXIMUM DISPLACEMENT=  3.8302E-01
 PRESTRESS STIFFNESS MATRIX CALCULATED FOR ITERATION NO.   4. START FACTORING AND SOLVING
 Factoring done for iteration   4; Load step, ISTEP=   1
 FACTORING AND SOLVING COMPLETED FOR PRESTRESS ITERATION NO.  4
 ITERATION NO.  4 MAXIMUM DISPLACEMENT=  3.8302E-01
  NUMBER OF NEWTON-RAPHSON ITERATIONS REQUIRED FOR  CONVERGENCE = ITER =  4

 ****************************************

 WARNING...WARNING...WARNING...WARNING...WARNING
 PREBUCKLING BEHAVIOR IS RATHER NONLINEAR (NOTE NUMBER OF
 NEWTON-RAPHSON ITERATIONS REQUIRED) AT THE CURRENT LOAD.
 IF THE NONLINEAR BEHAVIOR ARISES FROM LOAD SYSTEM "A", AND
 IF YOU WANT TO FIND BIFURCATION BUCKLING ESTIMATES APPRO
 PRIATE TO LINEAR THEORY, REDUCE THE LOADS IN LOAD SYSTEM "A"
 BY AN ORDER OF MAGNITUDE OR SO.  IF YOU WANT TO FIND
 BIFURCATION BUCKLING LOADS INCLUDING NONLINEAR PREBUCKLING
 EFFECTS IN A RIGOROUS MANNER, USE ANALYSIS TYPE INDIC = -2

 ****************************************


 TOTAL PRESTRESS STATE (load set A + Load Set B). THESE QUANTITIES MINUS
 CORRESPONDING FIXED QUANTITIES ARE MULTIPLIED BY EIGENVALUE.

 PRESTRESS-- MERIDIONAL RESULTANT, N10   CIRCUMFERENTIAL RESULTANT,N20  MERIDIONAL ROTATION, CHIO   FOR SEGMENT   1

       1                     6.94763428E+02                     2.08636230E+02                    -3.13267298E-03
       2                     6.94829041E+02                     2.07426010E+02                    -3.13671725E-03
       3                     6.95006042E+02                     2.04003082E+02                    -3.11788125E-03
       4                     6.95244934E+02                     1.99097900E+02                    -3.05750431E-03
       5                     6.95489685E+02                     1.93798340E+02                    -2.97524501E-03
       6                     6.95737244E+02                     1.88202652E+02                    -2.88303103E-03
       7                     6.95987854E+02                     1.82338913E+02                    -2.78804707E-03
       8                     6.96241638E+02                     1.76226929E+02                    -2.69507570E-03
       9                     6.96498779E+02                     1.69879471E+02                    -2.60727154E-03
      10                     6.96759338E+02                     1.63303650E+02                    -2.52667069E-03
      11                     6.97020142E+02                     1.56587982E+02                    -2.45520798E-03
      12                     6.97216919E+02                     1.51426590E+02                    -2.40593962E-03
      13                     6.97290771E+02                     1.49470520E+02                    -2.38837139E-03

 HOOP FORCE IN DISCRETE RING NO.   1 =      0.00000000E+00

 TOTAL PRESTRESS STATE. THESE QUANTITIES MINUS
 CORRESPONDING FIXED QUANTITIES ARE MULTIPLIED BY EIGENVALUE.

 PRESTRESS-- MERIDIONAL RESULTANT, N10   CIRCUMFERENTIAL RESULTANT,N20  MERIDIONAL ROTATION, CHIO   FOR SEGMENT   2

       1                     6.97290833E+02                     8.66559906E+01                    -2.38837139E-03
       2                     6.97373718E+02                     8.49376907E+01                    -2.36088596E-03
       3                     6.97597290E+02                     8.04579849E+01                    -2.28331750E-03
       4                     6.97898926E+02                     7.47655106E+01                    -2.17507989E-03
       5                     6.98207397E+02                     6.93477631E+01                    -2.06278590E-03
       6                     6.98518799E+02                     6.42692184E+01                    -1.94823591E-03
       7                     6.98832947E+02                     5.95188904E+01                    -1.83156366E-03
       8                     6.99149658E+02                     5.50848999E+01                    -1.71268405E-03
       9                     6.99468811E+02                     5.09549446E+01                    -1.59116136E-03
      10                     6.99790161E+02                     4.71172523E+01                    -1.46595307E-03
      11                     7.00109741E+02                     4.36046371E+01                    -1.33637025E-03
      12                     7.00349487E+02                     4.11574059E+01                    -1.23200333E-03
      13                     7.00439209E+02                     4.02871323E+01                    -1.18980126E-03

 TOTAL PRESTRESS STATE. THESE QUANTITIES MINUS
 CORRESPONDING FIXED QUANTITIES ARE MULTIPLIED BY EIGENVALUE.

 PRESTRESS-- MERIDIONAL RESULTANT, N10   CIRCUMFERENTIAL RESULTANT,N20  MERIDIONAL ROTATION, CHIO   FOR SEGMENT   3

       1                     7.00439148E+02                     4.02871208E+01                    -1.18980126E-03
       2                     7.00592896E+02                     3.89156914E+01                    -1.13310385E-03
       3                     7.01007141E+02                     3.55003471E+01                    -9.85628227E-04
       4                     7.01565125E+02                     3.15158291E+01                    -8.09067045E-04
       5                     7.02134338E+02                     2.80313148E+01                    -6.64976251E-04
       6                     7.02707336E+02                     2.49954338E+01                    -5.47326636E-04
       7                     7.03283752E+02                     2.23300114E+01                    -4.49367566E-04
       8                     7.03863159E+02                     1.99760056E+01                    -3.66436434E-04
       9                     7.04445496E+02                     1.78877697E+01                    -2.95263046E-04
      10                     7.05030518E+02                     1.60291176E+01                    -2.33511499E-04
      11                     7.05618042E+02                     1.43706770E+01                    -1.79477662E-04
      12                     7.06207703E+02                     1.28880930E+01                    -1.31889072E-04
      13                     7.06799744E+02                     1.15608587E+01                    -8.97720965E-05
      14                     7.07393860E+02                     1.03714428E+01                    -5.23633826E-05
      15                     7.07990051E+02                     9.30463028E+00                    -1.90505871E-05
      16                     7.08588013E+02                     8.34707069E+00                     1.06675761E-05
      17                     7.09187744E+02                     7.48709154E+00                     3.72083523E-05
      18                     7.09789307E+02                     6.71422434E+00                     6.09232447E-05
      19                     7.10392517E+02                     6.01919270E+00                     8.21102221E-05
      20                     7.10997253E+02                     5.39366436E+00                     1.01021535E-04
      21                     7.11603638E+02                     4.83004141E+00                     1.17867923E-04
      22                     7.12211426E+02                     4.32145691E+00                     1.32819609E-04
      23                     7.12820801E+02                     3.86147141E+00                     1.46003687E-04
      24                     7.13431519E+02                     3.44413424E+00                     1.57497110E-04
      25                     7.14043640E+02                     3.06352496E+00                     1.67313570E-04
      26                     7.14657043E+02                     2.71364689E+00                     1.75381327E-04
      27                     7.15271973E+02                     2.38810658E+00                     1.81507945E-04
      28                     7.15888123E+02                     2.07945776E+00                     1.85324388E-04
      29                     7.16505554E+02                     1.77860618E+00                     1.86198376E-04
      30                     7.17124390E+02                     1.47351265E+00                     1.83099983E-04
      31                     7.17744629E+02                     1.14749932E+00                     1.74393994E-04
      32                     7.18366150E+02                     7.76670933E-01                     1.57519753E-04
      33                     7.18989136E+02                     3.25672746E-01                     1.28497515E-04
      34                     7.21025574E+02                    -1.15131617E+00                     1.99757924E-04
      35                     7.25920044E+02                     1.11143804E+00                     2.52631697E-04
      36                     7.32332520E+02                    -3.88302803E-02                     2.28606295E-04
      37                     7.38866089E+02                    -3.76460552E-01                     2.36463413E-04
      38                     7.45522278E+02                    -1.16927719E+00                     2.03921678E-04
      39                     7.52299988E+02                    -5.04037857E-01                     1.73222099E-04
      40                     7.59197388E+02                    -1.63333893E-01                     1.67284961E-04
      41                     7.66220764E+02                    -1.81610107E-01                     1.63583158E-04
      42                     7.73376343E+02                    -3.73023987E-01                     1.53732806E-04
      43                     7.80666870E+02                    -2.16991425E-01                     1.43635378E-04
      44                     7.88095581E+02                    -2.63370514E-01                     1.37705283E-04
      45                     7.95670105E+02                    -8.62571716E-01                     1.28132611E-04
      46                     8.03399963E+02                    -1.98178101E+00                     7.54667781E-05
      47                     8.11282532E+02                    -1.15528107E+00                     2.03672043E-05
      48                     8.19316467E+02                    -1.06558990E+00                    -6.97079622E-06
      49                     8.27519470E+02                    -2.86376953E+00                    -4.27281775E-05
      50                     8.35913818E+02                    -6.17985535E+00                    -2.11835140E-04
      51                     8.44478027E+02                    -2.64408875E+00                    -3.77995748E-04
      52                     8.53188965E+02                    -4.01611328E-01                    -4.02494537E-04
      53                     8.62064636E+02                     5.26153564E-01                    -3.98082775E-04
      54                     8.71121643E+02                     5.87280273E-01                    -3.76762619E-04
      55                     8.80369995E+02                     7.61016846E-01                    -3.57722718E-04
      56                     8.89809937E+02                     1.89523315E+00                    -3.31234769E-04
      57                     8.99438049E+02                     3.83459473E+00                    -2.25330281E-04
      58                     9.09277344E+02                     1.93624878E+00                    -1.19120632E-04
      59                     9.19351440E+02                     8.80645752E-01                    -9.01124222E-05
      60                     9.29656372E+02                     1.05944824E+00                    -6.62510647E-05
      61                     9.40190918E+02                     1.65206909E+00                    -1.68802508E-05
      62                     9.50969788E+02                     6.39709473E-01                     2.45309475E-05
      63                     9.62012573E+02                    -7.25830078E-01                     3.11393269E-05
      64                     9.73328857E+02                    -1.70422363E+00                    -3.44691507E-05
      65                     9.82307251E+02                    -7.66912842E+00                    -1.44536287E-04
      66                     9.86138733E+02                    -1.11641846E+01                    -2.02927928E-04
      67                     9.87328003E+02                    -1.25366211E+01                    -2.46401352E-04
      68                     9.88521790E+02                    -1.41379395E+01                    -2.93169636E-04
      69                     9.89720581E+02                    -1.59890137E+01                    -3.44674976E-04
      70                     9.90924561E+02                    -1.81176147E+01                    -4.02182806E-04
      71                     9.92134216E+02                    -2.05578613E+01                    -4.66905360E-04
      72                     9.93349854E+02                    -2.33498535E+01                    -5.40083391E-04
      73                     9.94572021E+02                    -2.65404053E+01                    -6.23044150E-04
      74                     9.95801147E+02                    -3.01834106E+01                    -7.17247545E-04
      75                     9.97038025E+02                    -3.43405762E+01                    -8.24323099E-04
      76                     9.98283264E+02                    -3.90828857E+01                    -9.46106156E-04
      77                     9.99537537E+02                    -4.44909058E+01                    -1.08467345E-03
      78                     1.00080188E+03                    -5.06572876E+01                    -1.24238094E-03
      79                     1.00207727E+03                    -5.76872559E+01                    -1.42190570E-03
      80                     1.00336475E+03                    -6.57012939E+01                    -1.62629085E-03
      81                     1.00466589E+03                    -7.48364258E+01                    -1.85899599E-03
      82                     1.00598193E+03                    -8.52489014E+01                    -2.12395168E-03
      83                     1.00731482E+03                    -9.71172485E+01                    -2.42562150E-03
      84                     1.00866638E+03                    -1.10644653E+02                    -2.76906975E-03
      85                     1.01003870E+03                    -1.26061951E+02                    -3.16003035E-03
      86                     1.01143463E+03                    -1.43632935E+02                    -3.60497879E-03
      87                     1.01285681E+03                    -1.63656555E+02                    -4.11119871E-03
      88                     1.01430872E+03                    -1.86472595E+02                    -4.68683429E-03
      89                     1.01579407E+03                    -2.12466003E+02                    -5.34091191E-03
      90                     1.01731702E+03                    -2.42071411E+02                    -6.08329382E-03
      91                     1.01888251E+03                    -2.75777649E+02                    -6.92451699E-03
      92                     1.02049622E+03                    -3.14131165E+02                    -7.87542574E-03
      93                     1.02216418E+03                    -3.57735107E+02                    -8.94643273E-03
      94                     1.02389368E+03                    -4.07247070E+02                    -1.01461615E-02
      95                     1.02569250E+03                    -4.63362915E+02                    -1.14790024E-02
      96                     1.02756958E+03                    -5.26790100E+02                    -1.29408445E-02
      97                     1.02950891E+03                    -5.97245544E+02                    -1.44627383E-02
      98                     1.03101074E+03                    -6.55481506E+02                    -1.53667331E-02
      99                     1.03158533E+03                    -6.77644531E+02                    -1.55447321E-02

 TOTAL PRESTRESS STATE. THESE QUANTITIES MINUS
 CORRESPONDING FIXED QUANTITIES ARE MULTIPLIED BY EIGENVALUE.

 PRESTRESS-- MERIDIONAL RESULTANT, N10   CIRCUMFERENTIAL RESULTANT,N20  MERIDIONAL ROTATION, CHIO   FOR SEGMENT   4

       1                     1.03158435E+03                    -6.77643677E+02                    -1.55447321E-02
       2                     1.03192517E+03                    -6.79992249E+02                    -1.58442855E-02
       3                     1.03284302E+03                    -6.88354736E+02                    -1.64302047E-02
       4                     1.03408105E+03                    -7.02944458E+02                    -1.69489346E-02
       5                     1.03534827E+03                    -7.21241760E+02                    -1.72792748E-02
       6                     1.03663184E+03                    -7.42543884E+02                    -1.74331944E-02
       7                     1.03793347E+03                    -7.66302124E+02                    -1.74130145E-02
       8                     1.03925500E+03                    -7.91917969E+02                    -1.72151662E-02
       9                     1.04059766E+03                    -8.18748413E+02                    -1.68327242E-02
      10                     1.04196191E+03                    -8.46074707E+02                    -1.62567217E-02
      11                     1.04333057E+03                    -8.72784424E+02                    -1.54851796E-02
      12                     1.04436475E+03                    -8.92080688E+02                    -1.47543689E-02
      13                     1.04475330E+03                    -8.98955017E+02                    -1.44296298E-02

 TOTAL PRESTRESS STATE. THESE QUANTITIES MINUS
 CORRESPONDING FIXED QUANTITIES ARE MULTIPLIED BY EIGENVALUE.

 PRESTRESS-- MERIDIONAL RESULTANT, N10   CIRCUMFERENTIAL RESULTANT,N20  MERIDIONAL ROTATION, CHIO   FOR SEGMENT   5

       1                     1.04475354E+03                     1.62880420E+03                    -1.44296298E-02
       2                     1.04464307E+03                     1.60413818E+03                    -1.42640462E-02
       3                     1.04437012E+03                     1.53973853E+03                    -1.36885233E-02
       4                     1.04404883E+03                     1.45810889E+03                    -1.26809310E-02
       5                     1.04377930E+03                     1.38123022E+03                    -1.13479421E-02
       6                     1.04356201E+03                     1.31065039E+03                    -9.64896474E-03
       7                     1.04339307E+03                     1.24685083E+03                    -7.51149142E-03
       8                     1.04326709E+03                     1.19034277E+03                    -4.83271061E-03
       9                     1.04317871E+03                     1.14169165E+03                    -1.46394107E-03
      10                     1.04312231E+03                     1.10158325E+03                     2.81450688E-03
      11                     1.04309119E+03                     1.07119995E+03                     8.24792124E-03
      12                     1.04307910E+03                     1.05511914E+03                     1.32079870E-02
      13                     1.04307678E+03                     1.05081799E+03                     1.53401475E-02
======================================================================================================
