
 START READING DATA FOR THIS CASE

 Please provide a title (42 characters or less)...

 ALUMINUM FRAME BUCKLING (INDIC=1)                                      

 PLEASE PROVIDE DATA FOR SEGMENT NO.  1


 SEGMENT NO.  1 IS A CYLINDER OR CONE.
      END POINT COORDINATES (0.5218E+01,0.0000E+00) AND (0.5218E+01,0.4530E+00)

 SURFACE LOADS FOR LOAD SYSTEM "A", SEGMENT NO.  1

 POINTERS TO CIRCUMFERENTIAL HARMONICS OF LOADING    0    0    0    0    0    0    1    0    0    0    0    0

                                         PHYSICAL PROPERTIES OF SEGMENT NO.   1

 ANALYSIS IS FOR A MONOCOQUE SHELL

 MODULUS OF ELASTICITY=  0.10800E+08   , POISSON RATIO= 0.33300E+00
 SHELL DENSITY =  0.00000E+00   , THERMAL EXP COEF.=  0.00000E+00


 SHELL WALL MASS OF SEGMENT NO.  1 =   0.0000E+00
 (DISCRETE RINGS NOT INCLUDED)


 PLEASE PROVIDE DATA FOR SEGMENT NO.  2


 SEGMENT NO.  2 IS A CYLINDER OR CONE.
      END POINT COORDINATES (0.5218E+01,0.0000E+00) AND (0.4882E+01,0.0000E+00)

 POINTERS TO CIRCUMFERENTIAL HARMONICS OF LOADING    0    0    0    0    0    0    0    0    0    0    0    0

                                         PHYSICAL PROPERTIES OF SEGMENT NO.   2

 ANALYSIS IS FOR A MONOCOQUE SHELL

 MODULUS OF ELASTICITY=  0.10800E+08   , POISSON RATIO= 0.33300E+00
 SHELL DENSITY =  0.00000E+00   , THERMAL EXP COEF.=  0.00000E+00


 SHELL WALL MASS OF SEGMENT NO.  2 =   0.0000E+00
 (DISCRETE RINGS NOT INCLUDED)


 PLEASE PROVIDE DATA FOR SEGMENT NO.  3


 SEGMENT NO.  3 IS A CYLINDER OR CONE.
      END POINT COORDINATES (0.4882E+01,0.0000E+00) AND (0.4882E+01,0.8900E-01)

 POINTERS TO CIRCUMFERENTIAL HARMONICS OF LOADING    0    0    0    0    0    0    0    0    0    0    0    0

                                         PHYSICAL PROPERTIES OF SEGMENT NO.   3

 ANALYSIS IS FOR A MONOCOQUE SHELL

 MODULUS OF ELASTICITY=  0.10800E+08   , POISSON RATIO= 0.33300E+00
 SHELL DENSITY =  0.00000E+00   , THERMAL EXP COEF.=  0.00000E+00


 SHELL WALL MASS OF SEGMENT NO.  3 =   0.0000E+00
 (DISCRETE RINGS NOT INCLUDED)


 ***************************************
 TOTAL FORCES AND MOMENTS FROM APPLIED LOADS. THE FORCES AND
 MOMENTS OCCUR AT THE ORIGIN OF THE GLOBAL X,Y,Z AXIS SYSTEM,
 WHICH IS LOCATED AT AXIAL STATION Z=0. NOTE THAT THE TOTAL
 FORCES AND MOMENTS ARE NOT APPLIED AT THE C.G. OF THE
 STRUCTURE, WHICH IS AT AXIAL LOCATION ZCM=  0.0000E+00, BUT
 THEY ARE APPLIED AT AXIAL STATION Z = 0.

 NOTE: IN ORDER FOR THE MASS PROPERTIES AND DYNAMIC REACTIONS
 TO BE PROPERLY COMPUTED, THE GEOMETRY OF EVERY SEGMENT IN
 THE ENTIRE STRUCTURE MUST BE EXPRESSED IN TERMS OF THE
 GLOBAL AXIAL COORDINATE, Z.  THAT IS, YOU MUST HAVE PROVIDED
 AS INPUT FOR EACH SEGMENT THE GLOBAL Z COORDINATES.

 TOTAL FORCES FROM LOAD SET A...
  X-DIRECTION (THETA=  0 DEG.), FX(1) =               0.0000E+00
  Y-DIRECTION (THETA=270 DEG.), FY(1) =               0.0000E+00
  Z-DIRECTION (AXIAL UPWARD)  , FZ(1) =               0.0000E+00
 TOTAL MOMENTS FROM LOAD SET A...
  ABOUT X-AXIS                , MX(1) =               0.0000E+00
  ABOUT Y-AXIS                , MY(1) =               0.0000E+00
  ABOUT Z-AXIS                , MZ(1) =               0.0000E+00


 TOTAL FORCES FROM LOAD SET B...
  X-DIRECTION (THETA=  0 DEG.), FX(2) =               0.0000E+00
  Y-DIRECTION (THETA=270 DEG.), FY(2) =               0.0000E+00
  Z-DIRECTION (AXIAL)         , FZ(2) =               0.0000E+00
 TOTAL MOMENTS FROM LOAD SET B...
  ABOUT X-AXIS                , MX(2) =               0.0000E+00
  ABOUT Y-AXIS                , MY(2) =               0.0000E+00
  ABOUT Z-AXIS                , MZ(2) =               0.0000E+00


 TOTAL MASS, LOCATION OF C.G., MASS MOMENTS OF INERTIA
   TOTAL MASS, M (e.g. lb-sec**2/in)          M =     0.0000E+00
   POLAR MASS MOMENT OF INERTIA,             IZ =     0.0000E+00
   MASS MOMENT OF INERTIA ABOUT C.G.        ICM =     0.0000E+00
   AXIAL POSITION OF THE C.G.               ZCM =     0.0000E+00


 ***************** TOTAL MASS *******************
 TOTMAS =  0.0000E+00
 ********************************************************
  CONSTRAINT CONDITIONS FOR SEGMENT NO. ISEG =           1
  Endpoint of this segment is at Nodal Point No.          13
  The current segment is Segment No. ISEG =           1
  CONSTRAINT CONDITIONS FOR SEGMENT NO. ISEG =           2
  Endpoint of this segment is at Nodal Point No.          12
  Endpoint of previous segment is at Nodal Point No. 13
  The current segment is Segment No. ISEG =           2
  CONSTRAINT CONDITIONS FOR SEGMENT NO. ISEG =           3
  Endpoint of this segment is at Nodal Point No.           9
  Endpoint of previous segment is at Nodal Point No. 12
  The current segment is Segment No. ISEG =           3

 STABILITY ANALYSIS WITH "LINEAR" BENDING PREBUCKLING
 ANALYSIS.  ACTUALLY, THE PREBUCKLING ANALYSIS IS NONLINEAR,
 BUT IF THE USER SUPPLIES LOADS THAT ARE VERY SMALL COMPARED
 TO THE DESIGN LOAD, THE STRUCTURAL BEHAVIOR WILL CLOSELY
 APPROXIMATE LINEAR BEHAVIOR.  IF YOU WANT LINEAR BEHAVIOR,
 PLEASE USE SMALL LOADS.


 ANALYSIS TYPE =   1, PRINT OPTION =  1, PLOT OPTION =  1, STRESS OPTION =  0
, PRESTRESS CALCULATION OPTION= 1

 NUMBER OF SHELL SEGMENTS =   3


 STRESS CALCULATED FOR CIRCUMFERENTIAL WAVES FROM       0 TO       0 IN INCREMENTS OF       1

 INITIAL BUCKLING OR VIBRATION WAVE NO.=      2, MINIMUM WAVE NO.=      2, MAXIMUM WAVE NO.=     10, INCREMENT=      8

    1 EIGENVALUES SOUGHT FOR EACH CIRCUMFERENTIAL WAVE NUMBER.


                                              CONSTRAINT CONDITION DATA FOLLOW

 SEG. POINT CONNECTED TO SEG. POINT     USTAR VSTAR WSTAR BETA     RADIAL DISC. D1(I)   AXIAL DISC. D2(I)

   1     1                 1     1        1     0     0     0      0.00000000E+00      0.00000000E+00
   1     6                 2     1        1     1     1     1      0.00000000E+00      0.00000000E+00
   2    10                 3     4        1     1     1     1      0.00000000E+00      0.00000000E+00

 CONSTRAINT CONDITIONS FOR STABILITY OR VIBRATION PROBLEM FOLLOW

 SEG. POINT CONNECTED TO SEG. POINT     USTAR VSTAR WSTAR BETA     RADIAL DISC. D1(I)   AXIAL DISC. D2(I)

   1     1                 1     1        1     0     0     0      0.00000000E+00      0.00000000E+00
   1     6                 2     1        1     1     1     1      0.00000000E+00      0.00000000E+00
   2    10                 3     4        1     1     1     1      0.00000000E+00      0.00000000E+00

 PRESSURE MULTIPLIER P =  0.0000E+00, INCREMENT DP= -1.0000E+00
 TEMPERATURE MULT.TEMP=  0.0000E+00, INCREMENT DTEMP=  0.0000E+00

 INITIAL LOAD, FSTART =  0.0000E+00, MAXIMUM LOAD, FMAX=  0.0000E+00
 STEP SIZE, DF=  0.0000E+00

 ANGULAR VELOCITY, OMEGA=   0.000E+00   INCREMENT IN OMEGA, DOMEGA=   0.000E+00

 GLOBAL (AXIAL,RADIAL) COORDINATES FOR ENTIRE MODEL.
 NUMBER OF FINITE ELEMENTS IN ENTIRE MODEL, I2=  34
 ELEMENT NO.   GLOBAL AXIAL COORDINATE   GLOBAL RADIAL COORD.
      1           0.00000000E+00           5.21799994E+00
      2           1.24575002E-02           5.21799994E+00
      3           4.58662510E-02           5.21799994E+00
      4           9.05999988E-02           5.21799994E+00
      5           1.35899991E-01           5.21799994E+00
      6           1.81199998E-01           5.21799994E+00
      7           2.26500005E-01           5.21799994E+00
      8           2.71800011E-01           5.21799994E+00
      9           3.17100018E-01           5.21799994E+00
     10           3.62400025E-01           5.21799994E+00
     11           4.07133758E-01           5.21799994E+00
     12           4.40542519E-01           5.21799994E+00
     13           4.53000009E-01           5.21799994E+00
     14           2.26500005E-01           5.21799994E+00
     15           2.26500005E-01           5.20773315E+00
     16           2.26500005E-01           5.18020010E+00
     17           2.26500005E-01           5.14333344E+00
     18           2.26500005E-01           5.10599995E+00
     19           2.26500005E-01           5.06866646E+00
     20           2.26500005E-01           5.03133345E+00
     21           2.26500005E-01           4.99399996E+00
     22           2.26500005E-01           4.95666647E+00
     23           2.26500005E-01           4.91979980E+00
     24           2.26500005E-01           4.89226675E+00
     25           2.26500005E-01           4.88199997E+00
     26           1.81999996E-01           4.88199997E+00
     27           1.86079159E-01           4.88199997E+00
     28           1.97018743E-01           4.88199997E+00
     29           2.11666673E-01           4.88199997E+00
     30           2.26500005E-01           4.88199997E+00
     31           2.41333336E-01           4.88199997E+00
     32           2.55981266E-01           4.88199997E+00
     33           2.66920835E-01           4.88199997E+00
     34           2.70999998E-01           4.88199997E+00

 AXISYMMETRIC PRESTRESS INPUT CONSTRAINT CONDITIONS FOLLOW

 CONSTRAINT NO.   1  SEGMENT NO.   1 POINT  1 CONNECTED TO SEGMENT NO.   1 POINT  1 TYPE OF CONSTRAINT = 1
 CONSTRAINT NO.   2  SEGMENT NO.   1 POINT  7 CONNECTED TO SEGMENT NO.   2 POINT  1 TYPE OF CONSTRAINT = 4
 CONSTRAINT NO.   3  SEGMENT NO.   2 POINT 12 CONNECTED TO SEGMENT NO.   3 POINT  5 TYPE OF CONSTRAINT = 4

 LOCAL MATRIX DIMENSION= 5, OVERLAP= 3 NO. CONSTRAINT CONDS. PER CONSTRAINT POINT= 3 SYSTEM RANK=   86 NUMBER OF BLOCKS=  1

 NUMBER OF EQUATIONS ASSOCIATED WITH SEGMENT NO.  1
 EQUALS  32; NO. OF CONSTRAINT PTS. EQUALS  1
 NUMBER OF EQUATIONS ASSOCIATED WITH SEGMENT NO.  2
 EQUALS  30; NO. OF CONSTRAINT PTS. EQUALS  1
 NUMBER OF EQUATIONS ASSOCIATED WITH SEGMENT NO.  3
 EQUALS  24; NO. OF CONSTRAINT PTS. EQUALS  1
 BLOCK NUMBER=  1 LAST EQ. IN BLOCK=   86 LOWEST UNK IN BLOCK=    1. MAX. OFF-DIAGONAL WIDTH=   24

 STABILITY,VIBRATION OR NON-SYMMETRIC STRESS INPUT CONSTRAINT CONDITIONS FOLLOW

 CONSTRAINT NO.   1  SEGMENT NO.   1 POINT  1 CONNECTED TO SEGMENT NO.   1 POINT  1 TYPE OF CONSTRAINT = 1
 CONSTRAINT NO.   2  SEGMENT NO.   1 POINT  7 CONNECTED TO SEGMENT NO.   2 POINT  1 TYPE OF CONSTRAINT = 4
 CONSTRAINT NO.   3  SEGMENT NO.   2 POINT 12 CONNECTED TO SEGMENT NO.   3 POINT  5 TYPE OF CONSTRAINT = 4

 LOCAL MATRIX DIMENSION= 7, OVERLAP= 4 NO. CONSTRAINT CONDS. PER CONSTRAINT POINT= 4 SYSTEM RANK=  126 NUMBER OF BLOCKS=  1

 NUMBER OF EQUATIONS ASSOCIATED WITH SEGMENT NO.  1
 EQUALS  47; NO. OF CONSTRAINT PTS. EQUALS  1
 NUMBER OF EQUATIONS ASSOCIATED WITH SEGMENT NO.  2
 EQUALS  44; NO. OF CONSTRAINT PTS. EQUALS  1
 NUMBER OF EQUATIONS ASSOCIATED WITH SEGMENT NO.  3
 EQUALS  35; NO. OF CONSTRAINT PTS. EQUALS  1
 BLOCK NUMBER=  1 LAST EQ. IN BLOCK=  126 LOWEST UNK IN BLOCK=    1. MAX. OFF-DIAGONAL WIDTH=   35

 ****************************************


 PRESSURE MULTIPLIER, P=   0.000000E+00, TEMPERATURE MULTIPLIER,TEMP =   0.000000E+00
 ANGULAR VELOCITY, OMEGA=   0.000000E+00

  NUMBER OF NEWTON-RAPHSON ITERATIONS REQUIRED FOR  CONVERGENCE = ITER =  1

 FIXED PART OF AXISYMMETRIC PRESTRESS STATE.
 THESE QUANTITIES ARE NOT MULTIPLIED BY EIGENVALUE.

 PRESTRESS-- MERIDIONAL RESULTANT, N10   CIRCUMFERENTIAL RESULTANT,N20  MERIDIONAL ROTATION, CHIO   FOR SEGMENT   1

       1                     0.00000000E+00                     0.00000000E+00                     0.00000000E+00
       2                     0.00000000E+00                     0.00000000E+00                     0.00000000E+00
       3                     0.00000000E+00                     0.00000000E+00                     0.00000000E+00
       4                     0.00000000E+00                     0.00000000E+00                     0.00000000E+00
       5                     0.00000000E+00                     0.00000000E+00                     0.00000000E+00
       6                     0.00000000E+00                     0.00000000E+00                     0.00000000E+00
       7                     0.00000000E+00                     0.00000000E+00                     0.00000000E+00
       8                     0.00000000E+00                     0.00000000E+00                     0.00000000E+00
       9                     0.00000000E+00                     0.00000000E+00                     0.00000000E+00
      10                     0.00000000E+00                     0.00000000E+00                     0.00000000E+00
      11                     0.00000000E+00                     0.00000000E+00                     0.00000000E+00
      12                     0.00000000E+00                     0.00000000E+00                     0.00000000E+00
      13                     0.00000000E+00                     0.00000000E+00                     0.00000000E+00

 FIXED PART OF AXISYMMETRIC PRESTRESS STATE.
 THESE QUANTITIES ARE NOT MULTIPLIED BY EIGENVALUE.

 PRESTRESS-- MERIDIONAL RESULTANT, N10   CIRCUMFERENTIAL RESULTANT,N20  MERIDIONAL ROTATION, CHIO   FOR SEGMENT   2

       1                     0.00000000E+00                     0.00000000E+00                     0.00000000E+00
       2                     0.00000000E+00                     0.00000000E+00                     0.00000000E+00
       3                     0.00000000E+00                     0.00000000E+00                     0.00000000E+00
       4                     0.00000000E+00                     0.00000000E+00                     0.00000000E+00
       5                     0.00000000E+00                     0.00000000E+00                     0.00000000E+00
       6                     0.00000000E+00                     0.00000000E+00                     0.00000000E+00
       7                     0.00000000E+00                     0.00000000E+00                     0.00000000E+00
       8                     0.00000000E+00                     0.00000000E+00                     0.00000000E+00
       9                     0.00000000E+00                     0.00000000E+00                     0.00000000E+00
      10                     0.00000000E+00                     0.00000000E+00                     0.00000000E+00
      11                     0.00000000E+00                     0.00000000E+00                     0.00000000E+00
      12                     0.00000000E+00                     0.00000000E+00                     0.00000000E+00

 FIXED PART OF AXISYMMETRIC PRESTRESS STATE.
 THESE QUANTITIES ARE NOT MULTIPLIED BY EIGENVALUE.

 PRESTRESS-- MERIDIONAL RESULTANT, N10   CIRCUMFERENTIAL RESULTANT,N20  MERIDIONAL ROTATION, CHIO   FOR SEGMENT   3

       1                     0.00000000E+00                     0.00000000E+00                     0.00000000E+00
       2                     0.00000000E+00                     0.00000000E+00                     0.00000000E+00
       3                     0.00000000E+00                     0.00000000E+00                     0.00000000E+00
       4                     0.00000000E+00                     0.00000000E+00                     0.00000000E+00
       5                     0.00000000E+00                     0.00000000E+00                     0.00000000E+00
       6                     0.00000000E+00                     0.00000000E+00                     0.00000000E+00
       7                     0.00000000E+00                     0.00000000E+00                     0.00000000E+00
       8                     0.00000000E+00                     0.00000000E+00                     0.00000000E+00
       9                     0.00000000E+00                     0.00000000E+00                     0.00000000E+00

 ****************************************


 PRESSURE MULTIPLIER, P=  -1.000000E+00, TEMPERATURE MULTIPLIER,TEMP =   0.000000E+00
 ANGULAR VELOCITY, OMEGA=   0.000000E+00

  NUMBER OF NEWTON-RAPHSON ITERATIONS REQUIRED FOR  CONVERGENCE = ITER =  1

 TOTAL PRESTRESS STATE. THESE QUANTITIES MINUS
 CORRESPONDING FIXED QUANTITIES ARE MULTIPLIED BY EIGENVALUE.

 PRESTRESS-- MERIDIONAL RESULTANT, N10   CIRCUMFERENTIAL RESULTANT,N20  MERIDIONAL ROTATION, CHIO   FOR SEGMENT   1

       1                    -1.11469149E-07                    -4.82124615E+00                     2.39434321E-08
       2                     6.71425369E-08                    -4.82113314E+00                     2.39667095E-08
       3                    -4.40049917E-08                    -4.82083178E+00                     2.37746356E-08
       4                     1.48080289E-07                    -4.82043457E+00                     2.24725270E-08
       5                     2.60770321E-08                    -4.82006931E+00                     1.88493061E-08
       6                    -7.45058060E-08                    -4.81979132E+00                     1.17458354E-08
       7                     7.45058060E-09                    -4.81966877E+00                    -1.63714528E-17
       8                    -7.45058060E-08                    -4.81979132E+00                    -1.17458354E-08
       9                     2.60770321E-08                    -4.82006931E+00                    -1.88493061E-08
      10                     1.48080289E-07                    -4.82043457E+00                    -2.24725252E-08
      11                    -4.40049917E-08                    -4.82083178E+00                    -2.37746356E-08
      12                     6.70552254E-08                    -4.82113314E+00                    -2.39667095E-08
      13                    -1.11469149E-07                    -4.82124615E+00                    -2.39434321E-08

 TOTAL PRESTRESS STATE. THESE QUANTITIES MINUS
 CORRESPONDING FIXED QUANTITIES ARE MULTIPLIED BY EIGENVALUE.

 PRESTRESS-- MERIDIONAL RESULTANT, N10   CIRCUMFERENTIAL RESULTANT,N20  MERIDIONAL ROTATION, CHIO   FOR SEGMENT   2

       1                    -3.45255993E-02                    -4.08722490E-01                    -1.63917816E-17
       2                    -3.37865800E-02                    -4.09461528E-01                    -1.55663480E-17
       3                    -3.17827761E-02                    -4.11465287E-01                    -1.33335691E-17
       4                    -2.90513784E-02                    -4.14196759E-01                    -1.03223670E-17
       5                    -2.62249708E-02                    -4.17023093E-01                    -7.25102554E-18
       6                    -2.33359188E-02                    -4.19912219E-01                    -4.15935529E-18
       7                    -2.03822851E-02                    -4.22865778E-01                    -1.04566217E-18
       8                    -1.73621774E-02                    -4.25885916E-01                     2.09132435E-18
       9                    -1.42735839E-02                    -4.28974539E-01                     5.25202779E-18
      10                    -1.11544728E-02                    -4.32093680E-01                     8.39536706E-18
      11                    -8.78091156E-03                    -4.34467167E-01                     1.07607066E-17
      12                    -7.88556132E-03                    -4.35362577E-01                     1.16483971E-17

 TOTAL PRESTRESS STATE. THESE QUANTITIES MINUS
 CORRESPONDING FIXED QUANTITIES ARE MULTIPLIED BY EIGENVALUE.

 PRESTRESS-- MERIDIONAL RESULTANT, N10   CIRCUMFERENTIAL RESULTANT,N20  MERIDIONAL ROTATION, CHIO   FOR SEGMENT   3

       1                    -1.35995890E-08                    -4.32291716E-01                    -3.71878457E-07
       2                     2.61934474E-09                    -4.32342172E-01                    -3.73576995E-07
       3                     4.65661287E-10                    -4.32478547E-01                    -3.59548011E-07
       4                    -1.21071935E-08                    -4.32645589E-01                    -2.64479098E-07
       5                     1.11758709E-08                    -4.32736695E-01                     1.16009632E-17
       6                    -1.39698386E-08                    -4.32645589E-01                     2.64479098E-07
       7                     9.31322575E-10                    -4.32478547E-01                     3.59548011E-07
       8                     2.50292942E-09                    -4.32342172E-01                     3.73576995E-07
       9                    -1.35801699E-08                    -4.32291716E-01                     3.71878457E-07

 BUCKLING LOADS FOLLOW
 CIRCUMFERENTIAL WAVE NUMBER, N =       2

 EIGENVALUES =
    4.18320E+02

 BUCKLING LOADS FOLLOW
 CIRCUMFERENTIAL WAVE NUMBER, N =      10

 EIGENVALUES =
    1.68282E+03

 **** CRITICAL EIGENVALUE AND WAVENUMBER ****
 EIGCRT=  4.1832E+02; NO. OF CIRC. WAVES, NWVCRT=    2
 ****************************************************

 ***** EIGENVALUES AND MODE SHAPES *****
  EIGENVALUE(CIRC. WAVES)
 =======================================
    4.1832E+02(   2)
    1.6828E+03(  10)
 =======================================
  ENTERING BOSOR4 POSTPROCESSOR...

 BUCKLING LOADS AND MODES FOLLOW

 CIRCUMFERENTIAL WAVE NUMBER, N =      2

 EIGENVALUES =
   4.183E+02

 MODE SHAPE FOR EIGENVALUE NO.  1 FOLLOWS

 BUCKLING MODE FOR SEGMENT  1

 POINT    STATION       U            V            W
        (ARC LENGTH)  MERID.      CIRCUMF.      NORMAL
                    DISPLACEMENT   DISP.    DISPLACEMENT

    1   0.000E+00   3.602E-19   5.198E-01   1.000E+00
    2   1.246E-02   2.679E-05   5.198E-01   9.999E-01
    3   4.587E-02   9.859E-05   5.197E-01   9.997E-01
    4   9.060E-02   1.941E-04   5.197E-01   9.994E-01
    5   1.359E-01   2.891E-04   5.197E-01   9.993E-01
    6   1.812E-01   3.813E-04   5.197E-01   9.992E-01
    7   2.265E-01   4.694E-04   5.196E-01   9.991E-01
    8   2.718E-01   5.576E-04   5.196E-01   9.992E-01
    9   3.171E-01   6.496E-04   5.197E-01   9.992E-01
   10   3.624E-01   7.446E-04   5.197E-01   9.994E-01
   11   4.071E-01   8.399E-04   5.197E-01   9.996E-01
   12   4.405E-01   9.116E-04   5.197E-01   9.998E-01
   13   4.530E-01   9.383E-04   5.197E-01   9.999E-01

 BUCKLING MODE FOR SEGMENT  2

 POINT    STATION       U            V            W
        (ARC LENGTH)  MERID.      CIRCUMF.      NORMAL
                    DISPLACEMENT   DISP.    DISPLACEMENT

    1   4.530E-01  -9.991E-01   5.196E-01   4.694E-04
    2   4.633E-01  -9.991E-01   5.224E-01   4.675E-04
    3   4.908E-01  -9.991E-01   5.299E-01   4.624E-04
    4   5.277E-01  -9.990E-01   5.399E-01   4.553E-04
    5   5.650E-01  -9.988E-01   5.500E-01   4.481E-04
    6   6.023E-01  -9.986E-01   5.602E-01   4.407E-04
    7   6.397E-01  -9.984E-01   5.703E-01   4.333E-04
    8   6.770E-01  -9.980E-01   5.806E-01   4.258E-04
    9   7.143E-01  -9.977E-01   5.908E-01   4.182E-04
   10   7.512E-01  -9.972E-01   6.010E-01   4.106E-04
   11   7.787E-01  -9.968E-01   6.087E-01   4.050E-04
   12   7.890E-01  -9.967E-01   6.115E-01   4.029E-04

 BUCKLING MODE FOR SEGMENT  3

 POINT    STATION       U            V            W
        (ARC LENGTH)  MERID.      CIRCUMF.      NORMAL
                    DISPLACEMENT   DISP.    DISPLACEMENT

    1   7.890E-01  -2.338E-04   6.115E-01   9.970E-01
    2   7.931E-01  -1.707E-04   6.115E-01   9.970E-01
    3   8.040E-01  -3.935E-06   6.115E-01   9.969E-01
    4   8.187E-01   2.093E-04   6.115E-01   9.968E-01
    5   8.335E-01   4.029E-04   6.115E-01   9.967E-01
    6   8.483E-01   5.964E-04   6.115E-01   9.967E-01
    7   8.630E-01   8.097E-04   6.115E-01   9.968E-01
    8   8.739E-01   9.765E-04   6.115E-01   9.969E-01
    9   8.780E-01   1.040E-03   6.115E-01   9.970E-01

 BUCKLING LOADS AND MODES FOLLOW

 CIRCUMFERENTIAL WAVE NUMBER, N =     10

 EIGENVALUES =
   1.683E+03

 MODE SHAPE FOR EIGENVALUE NO.  1 FOLLOWS

 BUCKLING MODE FOR SEGMENT  1

 POINT    STATION       U            V            W
        (ARC LENGTH)  MERID.      CIRCUMF.      NORMAL
                    DISPLACEMENT   DISP.    DISPLACEMENT

    1   0.000E+00  -1.059E-21  -4.901E-04  -1.641E-03
    2   1.246E-02   8.434E-06  -4.610E-04  -1.556E-03
    3   4.587E-02   3.418E-05  -3.830E-04  -1.321E-03
    4   9.060E-02   7.490E-05  -2.780E-04  -9.952E-04
    5   1.359E-01   1.248E-04  -1.703E-04  -6.471E-04
    6   1.812E-01   1.839E-04  -6.014E-05  -2.767E-04
    7   2.265E-01   2.251E-04   5.263E-05   1.207E-04
    8   2.718E-01   2.212E-04   1.665E-04   5.247E-04
    9   3.171E-01   1.996E-04   2.794E-04   9.151E-04
   10   3.624E-01   1.877E-04   3.914E-04   1.297E-03
   11   4.071E-01   1.852E-04   5.019E-04   1.669E-03
   12   4.405E-01   1.885E-04   5.848E-04   1.948E-03
   13   4.530E-01   1.911E-04   6.158E-04   2.052E-03

 BUCKLING MODE FOR SEGMENT  2

 POINT    STATION       U            V            W
        (ARC LENGTH)  MERID.      CIRCUMF.      NORMAL
                    DISPLACEMENT   DISP.    DISPLACEMENT

    1   4.530E-01  -1.207E-04   5.263E-05   2.251E-04
    2   4.633E-01  -1.202E-04   5.277E-05   1.994E-03
    3   4.908E-01  -1.189E-04   5.325E-05   2.325E-02
    4   5.277E-01  -1.172E-04   5.416E-05   8.323E-02
    5   5.650E-01  -1.156E-04   5.546E-05   1.744E-01
    6   6.023E-01  -1.141E-04   5.719E-05   2.891E-01
    7   6.397E-01  -1.127E-04   5.940E-05   4.202E-01
    8   6.770E-01  -1.113E-04   6.216E-05   5.612E-01
    9   7.143E-01  -1.099E-04   6.554E-05   7.065E-01
   10   7.512E-01  -1.085E-04   6.953E-05   8.497E-01
   11   7.787E-01  -1.074E-04   7.293E-05   9.546E-01
   12   7.890E-01  -1.070E-04   7.431E-05   9.931E-01

 BUCKLING MODE FOR SEGMENT  3

 POINT    STATION       U            V            W
        (ARC LENGTH)  MERID.      CIRCUMF.      NORMAL
                    DISPLACEMENT   DISP.    DISPLACEMENT

    1   7.890E-01   9.916E-01   9.513E-02  -1.650E-01
    2   7.931E-01   9.919E-01   8.637E-02  -1.499E-01
    3   8.040E-01   9.925E-01   6.294E-02  -1.094E-01
    4   8.187E-01   9.929E-01   3.167E-02  -5.517E-02
    5   8.335E-01   9.931E-01   7.431E-05   1.070E-04
    6   8.483E-01   9.929E-01  -3.152E-02   5.538E-02
    7   8.630E-01   9.925E-01  -6.279E-02   1.097E-01
    8   8.739E-01   9.919E-01  -8.622E-02   1.501E-01
    9   8.780E-01   9.917E-01  -9.498E-02   1.652E-01
