
 START READING DATA FOR THIS CASE

 Please provide a title (42 characters or less)...

 BOSOR4 PLATE UNDER UNIFORM PRESSURE.                                   

 PLEASE PROVIDE DATA FOR SEGMENT NO.  1


 SEGMENT NO.  1 IS A CYLINDER OR CONE.
      END POINT COORDINATES (0.9544E+04,0.0000E+00) AND (0.9554E+04,0.0000E+00)
                                              REFERENCE SURFACE GEOMETRY FOR SEGMENT NO.  1

 STATION   ARC LENGTH          RAD              RADD              CUR1             CUR2            CUR1D           Z

    1   0.00000000E+00   0.95442998E+04   0.10000000E+01   0.00000000E+00   0.00000000E+00   0.00000000E+00   0.50000001E-01
    2   0.76388896E-01   0.95443760E+04   0.10000000E+01   0.00000000E+00   0.00000000E+00   0.00000000E+00   0.50000001E-01
    3   0.28125000E+00   0.95445811E+04   0.10000000E+01   0.00000000E+00   0.00000000E+00   0.00000000E+00   0.50000001E-01
    4   0.55555558E+00   0.95448555E+04   0.10000000E+01   0.00000000E+00   0.00000000E+00   0.00000000E+00   0.50000001E-01
    5   0.83333337E+00   0.95451328E+04   0.10000000E+01   0.00000000E+00   0.00000000E+00   0.00000000E+00   0.50000001E-01
    6   0.11111112E+01   0.95454111E+04   0.10000000E+01   0.00000000E+00   0.00000000E+00   0.00000000E+00   0.50000001E-01
    7   0.13888890E+01   0.95456885E+04   0.10000000E+01   0.00000000E+00   0.00000000E+00   0.00000000E+00   0.50000001E-01
    8   0.16666667E+01   0.95459668E+04   0.10000000E+01   0.00000000E+00   0.00000000E+00   0.00000000E+00   0.50000001E-01
    9   0.19444445E+01   0.95462441E+04   0.10000000E+01   0.00000000E+00   0.00000000E+00   0.00000000E+00   0.50000001E-01
   10   0.22222223E+01   0.95465225E+04   0.10000000E+01   0.00000000E+00   0.00000000E+00   0.00000000E+00   0.50000001E-01
   11   0.25000000E+01   0.95467998E+04   0.10000000E+01   0.00000000E+00   0.00000000E+00   0.00000000E+00   0.50000001E-01
   12   0.27777777E+01   0.95470771E+04   0.10000000E+01   0.00000000E+00   0.00000000E+00   0.00000000E+00   0.50000001E-01
   13   0.30555553E+01   0.95473555E+04   0.10000000E+01   0.00000000E+00   0.00000000E+00   0.00000000E+00   0.50000001E-01
   14   0.33333330E+01   0.95476328E+04   0.10000000E+01   0.00000000E+00   0.00000000E+00   0.00000000E+00   0.50000001E-01
   15   0.36111107E+01   0.95479111E+04   0.10000000E+01   0.00000000E+00   0.00000000E+00   0.00000000E+00   0.50000001E-01
   16   0.38888884E+01   0.95481885E+04   0.10000000E+01   0.00000000E+00   0.00000000E+00   0.00000000E+00   0.50000001E-01
   17   0.41666660E+01   0.95484668E+04   0.10000000E+01   0.00000000E+00   0.00000000E+00   0.00000000E+00   0.50000001E-01
   18   0.44444437E+01   0.95487441E+04   0.10000000E+01   0.00000000E+00   0.00000000E+00   0.00000000E+00   0.50000001E-01
   19   0.47222214E+01   0.95490225E+04   0.10000000E+01   0.00000000E+00   0.00000000E+00   0.00000000E+00   0.50000001E-01
   20   0.49999990E+01   0.95492998E+04   0.10000000E+01   0.00000000E+00   0.00000000E+00   0.00000000E+00   0.50000001E-01
   21   0.52777767E+01   0.95495771E+04   0.10000000E+01   0.00000000E+00   0.00000000E+00   0.00000000E+00   0.50000001E-01
   22   0.55555544E+01   0.95498555E+04   0.10000000E+01   0.00000000E+00   0.00000000E+00   0.00000000E+00   0.50000001E-01
   23   0.58333321E+01   0.95501328E+04   0.10000000E+01   0.00000000E+00   0.00000000E+00   0.00000000E+00   0.50000001E-01
   24   0.61111097E+01   0.95504111E+04   0.10000000E+01   0.00000000E+00   0.00000000E+00   0.00000000E+00   0.50000001E-01
   25   0.63888874E+01   0.95506885E+04   0.10000000E+01   0.00000000E+00   0.00000000E+00   0.00000000E+00   0.50000001E-01
   26   0.66666651E+01   0.95509668E+04   0.10000000E+01   0.00000000E+00   0.00000000E+00   0.00000000E+00   0.50000001E-01
   27   0.69444427E+01   0.95512441E+04   0.10000000E+01   0.00000000E+00   0.00000000E+00   0.00000000E+00   0.50000001E-01
   28   0.72222204E+01   0.95515225E+04   0.10000000E+01   0.00000000E+00   0.00000000E+00   0.00000000E+00   0.50000001E-01
   29   0.74999981E+01   0.95517998E+04   0.10000000E+01   0.00000000E+00   0.00000000E+00   0.00000000E+00   0.50000001E-01
   30   0.77777758E+01   0.95520771E+04   0.10000000E+01   0.00000000E+00   0.00000000E+00   0.00000000E+00   0.50000001E-01
   31   0.80555534E+01   0.95523555E+04   0.10000000E+01   0.00000000E+00   0.00000000E+00   0.00000000E+00   0.50000001E-01
   32   0.83333311E+01   0.95526328E+04   0.10000000E+01   0.00000000E+00   0.00000000E+00   0.00000000E+00   0.50000001E-01
   33   0.86111088E+01   0.95529111E+04   0.10000000E+01   0.00000000E+00   0.00000000E+00   0.00000000E+00   0.50000001E-01
   34   0.88888865E+01   0.95531885E+04   0.10000000E+01   0.00000000E+00   0.00000000E+00   0.00000000E+00   0.50000001E-01
   35   0.91666641E+01   0.95534668E+04   0.10000000E+01   0.00000000E+00   0.00000000E+00   0.00000000E+00   0.50000001E-01
   36   0.94444418E+01   0.95537441E+04   0.10000000E+01   0.00000000E+00   0.00000000E+00   0.00000000E+00   0.50000001E-01
   37   0.97187471E+01   0.95540186E+04   0.10000000E+01   0.00000000E+00   0.00000000E+00   0.00000000E+00   0.50000001E-01
   38   0.99236078E+01   0.95542236E+04   0.10000000E+01   0.00000000E+00   0.00000000E+00   0.00000000E+00   0.50000001E-01
   39   0.99999971E+01   0.95542998E+04   0.10000000E+01   0.00000000E+00   0.00000000E+00   0.00000000E+00   0.50000001E-01

 SURFACE LOADS FOR LOAD SYSTEM "A", SEGMENT NO.  1

 Next provide input for the circumferential variation
 of axial component of traction PT and the normal pressure
 PN.   Note that both of these two distributed load components
 must have the same circumferential variation.


 THERMAL OR MECHANICAL LINE OR DISTRIBUTED LOADS FORTHE   1 SEGMENT.
 VALID FOR LOADS EXPRESSED IN FORM FS(S)*Y(THETA)


 CIRCUMFERENTIAL DISTRIBUTION OF TANG. PRESSURE PT AND NORMAL PRESSURE PN


             INPUT LOAD DISTRIBUTION

 CIRC. STA   1 CIRC. COORD.(DEGREES) =  0.000E+00 INPUT LOAD VALUE=  0.100E+01 CIRC. COORD.=  0.000E+00 INPUT LOAD VALUE=  0.100E+01
 CIRC. STA   2 CIRC. COORD.(DEGREES) =  0.299E-01 INPUT LOAD VALUE=  0.100E+01 CIRC. COORD.= -0.299E-01 INPUT LOAD VALUE=  0.100E+01
 CIRC. STA   3 CIRC. COORD.(DEGREES) =  0.301E-01 INPUT LOAD VALUE= -0.100E+01 CIRC. COORD.= -0.301E-01 INPUT LOAD VALUE= -0.100E+01
 CIRC. STA   4 CIRC. COORD.(DEGREES) =  0.600E-01 INPUT LOAD VALUE= -0.100E+01 CIRC. COORD.= -0.600E-01 INPUT LOAD VALUE= -0.100E+01

      CALCULATED FOURIER HARMONICS OF LOAD

 WAVE NO.N= -3000. CIRC. HARMONIC AMPLIT. A(N)=    1.27323E+00. CIRC. DIST. Y(THETA)= A*COS(N*THETA)
 WAVE NO.N= -6000. CIRC. HARMONIC AMPLIT. A(N)=   -5.58794E-08. CIRC. DIST. Y(THETA)= A*COS(N*THETA)
 WAVE NO.N= -9000. CIRC. HARMONIC AMPLIT. A(N)=   -4.24397E-01. CIRC. DIST. Y(THETA)= A*COS(N*THETA)
 WAVE NO.N=-12000. CIRC. HARMONIC AMPLIT. A(N)=   -5.08735E-07. CIRC. DIST. Y(THETA)= A*COS(N*THETA)
 WAVE NO.N=-15000. CIRC. HARMONIC AMPLIT. A(N)=    2.54620E-01. CIRC. DIST. Y(THETA)= A*COS(N*THETA)
 WAVE NO.N=-18000. CIRC. HARMONIC AMPLIT. A(N)=    3.98606E-07. CIRC. DIST. Y(THETA)= A*COS(N*THETA)
 WAVE NO.N=-21000. CIRC. HARMONIC AMPLIT. A(N)=   -1.81852E-01. CIRC. DIST. Y(THETA)= A*COS(N*THETA)
 WAVE NO.N=-24000. CIRC. HARMONIC AMPLIT. A(N)=   -5.56465E-08. CIRC. DIST. Y(THETA)= A*COS(N*THETA)
 WAVE NO.N=-27000. CIRC. HARMONIC AMPLIT. A(N)=    1.41419E-01. CIRC. DIST. Y(THETA)= A*COS(N*THETA)
 WAVE NO.N=-30000. CIRC. HARMONIC AMPLIT. A(N)=   -8.61473E-08. CIRC. DIST. Y(THETA)= A*COS(N*THETA)
 WAVE NO.N=-33000. CIRC. HARMONIC AMPLIT. A(N)=   -1.15684E-01. CIRC. DIST. Y(THETA)= A*COS(N*THETA)
 WAVE NO.N=-36000. CIRC. HARMONIC AMPLIT. A(N)=   -4.19095E-09. CIRC. DIST. Y(THETA)= A*COS(N*THETA)
 WAVE NO.N=-39000. CIRC. HARMONIC AMPLIT. A(N)=    9.78656E-02. CIRC. DIST. Y(THETA)= A*COS(N*THETA)
 WAVE NO.N=-42000. CIRC. HARMONIC AMPLIT. A(N)=   -1.57394E-07. CIRC. DIST. Y(THETA)= A*COS(N*THETA)
 WAVE NO.N=-45000. CIRC. HARMONIC AMPLIT. A(N)=   -8.47955E-02. CIRC. DIST. Y(THETA)= A*COS(N*THETA)
 WAVE NO.N=-48000. CIRC. HARMONIC AMPLIT. A(N)=   -8.35862E-08. CIRC. DIST. Y(THETA)= A*COS(N*THETA)
 WAVE NO.N=-51000. CIRC. HARMONIC AMPLIT. A(N)=    7.47972E-02. CIRC. DIST. Y(THETA)= A*COS(N*THETA)
 WAVE NO.N=-54000. CIRC. HARMONIC AMPLIT. A(N)=    1.29221E-07. CIRC. DIST. Y(THETA)= A*COS(N*THETA)
 WAVE NO.N=-57000. CIRC. HARMONIC AMPLIT. A(N)=   -6.69021E-02. CIRC. DIST. Y(THETA)= A*COS(N*THETA)
 WAVE NO.N=-60000. CIRC. HARMONIC AMPLIT. A(N)=   -6.82194E-08. CIRC. DIST. Y(THETA)= A*COS(N*THETA)

              OUTPUT EXPANSION OF LOAD


 POINTERS TO CIRCUMFERENTIAL HARMONICS OF LOADING    0    0    0    0    0    0    1    0    0    0    0    0

                                         PHYSICAL PROPERTIES OF SEGMENT NO.   1

 ANALYSIS IS FOR A MONOCOQUE SHELL

 MODULUS OF ELASTICITY=  0.10000E+08   , POISSON RATIO= 0.30000E+00
 SHELL DENSITY =  0.25000E-03   , THERMAL EXP COEF.=  0.00000E+00


 SHELL WALL MASS OF SEGMENT NO.  1 =   1.5021E+01
 (DISCRETE RINGS NOT INCLUDED)


 ***************************************
 TOTAL FORCES AND MOMENTS FROM APPLIED LOADS. THE FORCES AND
 MOMENTS OCCUR AT THE ORIGIN OF THE GLOBAL X,Y,Z AXIS SYSTEM,
 WHICH IS LOCATED AT AXIAL STATION Z=0. NOTE THAT THE TOTAL
 FORCES AND MOMENTS ARE NOT APPLIED AT THE C.G. OF THE
 STRUCTURE, WHICH IS AT AXIAL LOCATION ZCM=  0.0000E+00, BUT
 THEY ARE APPLIED AT AXIAL STATION Z = 0.

 NOTE: IN ORDER FOR THE MASS PROPERTIES AND DYNAMIC REACTIONS
 TO BE PROPERLY COMPUTED, THE GEOMETRY OF EVERY SEGMENT IN
 THE ENTIRE STRUCTURE MUST BE EXPRESSED IN TERMS OF THE
 GLOBAL AXIAL COORDINATE, Z.  THAT IS, YOU MUST HAVE PROVIDED
 AS INPUT FOR EACH SEGMENT THE GLOBAL Z COORDINATES.

 TOTAL FORCES FROM LOAD SET A...
  X-DIRECTION (THETA=  0 DEG.), FX(1) =               0.0000E+00
  Y-DIRECTION (THETA=270 DEG.), FY(1) =               0.0000E+00
  Z-DIRECTION (AXIAL UPWARD)  , FZ(1) =               0.0000E+00
 TOTAL MOMENTS FROM LOAD SET A...
  ABOUT X-AXIS                , MX(1) =               0.0000E+00
  ABOUT Y-AXIS                , MY(1) =               0.0000E+00
  ABOUT Z-AXIS                , MZ(1) =               0.0000E+00


 TOTAL FORCES FROM LOAD SET B...
  X-DIRECTION (THETA=  0 DEG.), FX(2) =               0.0000E+00
  Y-DIRECTION (THETA=270 DEG.), FY(2) =               0.0000E+00
  Z-DIRECTION (AXIAL)         , FZ(2) =               0.0000E+00
 TOTAL MOMENTS FROM LOAD SET B...
  ABOUT X-AXIS                , MX(2) =               0.0000E+00
  ABOUT Y-AXIS                , MY(2) =               0.0000E+00
  ABOUT Z-AXIS                , MZ(2) =               0.0000E+00


 TOTAL MASS, LOCATION OF C.G., MASS MOMENTS OF INERTIA
   TOTAL MASS, M (e.g. lb-sec**2/in)          M =     1.5000E+01
   POLAR MASS MOMENT OF INERTIA,             IZ =     1.3678E+09
   MASS MOMENT OF INERTIA ABOUT C.G.        ICM =     6.8392E+08
   AXIAL POSITION OF THE C.G.               ZCM =     0.0000E+00


 ***************** TOTAL MASS *******************
 TOTMAS =  1.5000E+01
 ********************************************************
  CONSTRAINT CONDITIONS FOR SEGMENT NO. ISEG =           1
  Endpoint of this segment is at Nodal Point No.          39
  The current segment is Segment No. ISEG =           1

 LINEAR STATIC ANALYSIS FOR NON-SYMMETRIC LOADS


 ANALYSIS TYPE =   3, PRINT OPTION =  1, PLOT OPTION =  0, STRESS OPTION =  1
, PRESTRESS CALCULATION OPTION= 1

 NUMBER OF SHELL SEGMENTS =   1


 STRESS CALCULATED FOR CIRCUMFERENTIAL WAVES FROM   -3000 TO  -60000 IN INCREMENTS OF   -3000

 INITIAL BUCKLING OR VIBRATION WAVE NO.=      0, MINIMUM WAVE NO.=      0, MAXIMUM WAVE NO.=      0, INCREMENT=      1

    1 EIGENVALUES SOUGHT FOR EACH CIRCUMFERENTIAL WAVE NUMBER.


                                              CONSTRAINT CONDITION DATA FOLLOW

 SEG. POINT CONNECTED TO SEG. POINT     USTAR VSTAR WSTAR BETA     RADIAL DISC. D1(I)   AXIAL DISC. D2(I)

   1     1                 1     1        1     1     0     0      0.00000000E+00      0.00000000E+00
   1    37                 1    37        1     1     0     0      0.00000000E+00      0.00000000E+00

 CONSTRAINT CONDITIONS FOR STABILITY OR VIBRATION PROBLEM FOLLOW

 SEG. POINT CONNECTED TO SEG. POINT     USTAR VSTAR WSTAR BETA     RADIAL DISC. D1(I)   AXIAL DISC. D2(I)

   1     1                 1     1        1     1     0     0      0.00000000E+00      0.00000000E+00
   1    37                 1    37        1     1     0     0      0.00000000E+00      0.00000000E+00

 PRESSURE MULTIPLIER P =  0.0000E+00, INCREMENT DP=  0.0000E+00
 TEMPERATURE MULT.TEMP=  1.0000E+00, INCREMENT DTEMP=  0.0000E+00

 INITIAL LOAD, FSTART =  0.0000E+00, MAXIMUM LOAD, FMAX=  0.0000E+00
 STEP SIZE, DF=  0.0000E+00

 ANGULAR VELOCITY, OMEGA=   0.000E+00   INCREMENT IN OMEGA, DOMEGA=   0.000E+00

 GLOBAL (AXIAL,RADIAL) COORDINATES FOR ENTIRE MODEL.
 NUMBER OF FINITE ELEMENTS IN ENTIRE MODEL, I2=  39
 ELEMENT NO.   GLOBAL AXIAL COORDINATE   GLOBAL RADIAL COORD.
      1           0.00000000E+00           9.54429980E+03
      2           0.00000000E+00           9.54437598E+03
      3           0.00000000E+00           9.54458105E+03
      4           0.00000000E+00           9.54485547E+03
      5           0.00000000E+00           9.54513281E+03
      6           0.00000000E+00           9.54541113E+03
      7           0.00000000E+00           9.54568848E+03
      8           0.00000000E+00           9.54596680E+03
      9           0.00000000E+00           9.54624414E+03
     10           0.00000000E+00           9.54652246E+03
     11           0.00000000E+00           9.54679980E+03
     12           0.00000000E+00           9.54707715E+03
     13           0.00000000E+00           9.54735547E+03
     14           0.00000000E+00           9.54763281E+03
     15           0.00000000E+00           9.54791113E+03
     16           0.00000000E+00           9.54818848E+03
     17           0.00000000E+00           9.54846680E+03
     18           0.00000000E+00           9.54874414E+03
     19           0.00000000E+00           9.54902246E+03
     20           0.00000000E+00           9.54929980E+03
     21           0.00000000E+00           9.54957715E+03
     22           0.00000000E+00           9.54985547E+03
     23           0.00000000E+00           9.55013281E+03
     24           0.00000000E+00           9.55041113E+03
     25           0.00000000E+00           9.55068848E+03
     26           0.00000000E+00           9.55096680E+03
     27           0.00000000E+00           9.55124414E+03
     28           0.00000000E+00           9.55152246E+03
     29           0.00000000E+00           9.55179980E+03
     30           0.00000000E+00           9.55207715E+03
     31           0.00000000E+00           9.55235547E+03
     32           0.00000000E+00           9.55263281E+03
     33           0.00000000E+00           9.55291113E+03
     34           0.00000000E+00           9.55318848E+03
     35           0.00000000E+00           9.55346680E+03
     36           0.00000000E+00           9.55374414E+03
     37           0.00000000E+00           9.55401855E+03
     38           0.00000000E+00           9.55422363E+03
     39           0.00000000E+00           9.55429980E+03

 AXISYMMETRIC PRESTRESS INPUT CONSTRAINT CONDITIONS FOLLOW

 CONSTRAINT NO.   1  SEGMENT NO.   1 POINT  1 CONNECTED TO SEGMENT NO.   1 POINT  1 TYPE OF CONSTRAINT = 1
 CONSTRAINT NO.   2  SEGMENT NO.   1 POINT 39 CONNECTED TO SEGMENT NO.   1 POINT 39 TYPE OF CONSTRAINT = 2

 LOCAL MATRIX DIMENSION= 5, OVERLAP= 3 NO. CONSTRAINT CONDS. PER CONSTRAINT POINT= 3 SYSTEM RANK=   87 NUMBER OF BLOCKS=  1

 NUMBER OF EQUATIONS ASSOCIATED WITH SEGMENT NO.  1
 EQUALS  87; NO. OF CONSTRAINT PTS. EQUALS  2
 BLOCK NUMBER=  1 LAST EQ. IN BLOCK=   87 LOWEST UNK IN BLOCK=    1. MAX. OFF-DIAGONAL WIDTH=    7

 STABILITY,VIBRATION OR NON-SYMMETRIC STRESS INPUT CONSTRAINT CONDITIONS FOLLOW

 CONSTRAINT NO.   1  SEGMENT NO.   1 POINT  1 CONNECTED TO SEGMENT NO.   1 POINT  1 TYPE OF CONSTRAINT = 1
 CONSTRAINT NO.   2  SEGMENT NO.   1 POINT 39 CONNECTED TO SEGMENT NO.   1 POINT 39 TYPE OF CONSTRAINT = 2

 LOCAL MATRIX DIMENSION= 7, OVERLAP= 4 NO. CONSTRAINT CONDS. PER CONSTRAINT POINT= 4 SYSTEM RANK=  129 NUMBER OF BLOCKS=  1

 NUMBER OF EQUATIONS ASSOCIATED WITH SEGMENT NO.  1
 EQUALS 129; NO. OF CONSTRAINT PTS. EQUALS  2
 BLOCK NUMBER=  1 LAST EQ. IN BLOCK=  129 LOWEST UNK IN BLOCK=    1. MAX. OFF-DIAGONAL WIDTH=   10

 PREBUCKLING STRESS RESULTANTS IN SHELL SEGMENT NO.  1
 FOR CIRCUMFERENTIAL ANGLE, THETAS =  0.0000E+00
           PREBUCKLING MEMBRANE STATE    PREBUCKLING MEMBRANE STATE
              FOR LOAD SYSTEM "A"          FOR LOAD SYSTEM "B"
               (EIGENPARAMETER)                 (CONSTANT)
 STATION   MERIDIONAL   CIRCUMFERENTIAL  MERIDIONAL   CIRCUMFERENTIAL
   NO.     RESULTANT      RESULTANT      RESULTANT    RESULTANT
     1   0.000000E+00   0.000000E+00   0.000000E+00   0.000000E+00
     2   0.000000E+00   0.000000E+00   0.000000E+00   0.000000E+00
     3   0.000000E+00   0.000000E+00   0.000000E+00   0.000000E+00
     4   0.000000E+00   0.000000E+00   0.000000E+00   0.000000E+00
     5   0.000000E+00   0.000000E+00   0.000000E+00   0.000000E+00
     6   0.000000E+00   0.000000E+00   0.000000E+00   0.000000E+00
     7   0.000000E+00   0.000000E+00   0.000000E+00   0.000000E+00
     8   0.000000E+00   0.000000E+00   0.000000E+00   0.000000E+00
     9   0.000000E+00   0.000000E+00   0.000000E+00   0.000000E+00
    10   0.000000E+00   0.000000E+00   0.000000E+00   0.000000E+00
    11   0.000000E+00   0.000000E+00   0.000000E+00   0.000000E+00
    12   0.000000E+00   0.000000E+00   0.000000E+00   0.000000E+00
    13   0.000000E+00   0.000000E+00   0.000000E+00   0.000000E+00
    14   0.000000E+00   0.000000E+00   0.000000E+00   0.000000E+00
    15   0.000000E+00   0.000000E+00   0.000000E+00   0.000000E+00
    16   0.000000E+00   0.000000E+00   0.000000E+00   0.000000E+00
    17   0.000000E+00   0.000000E+00   0.000000E+00   0.000000E+00
    18   0.000000E+00   0.000000E+00   0.000000E+00   0.000000E+00
    19   0.000000E+00   0.000000E+00   0.000000E+00   0.000000E+00
    20   0.000000E+00   0.000000E+00   0.000000E+00   0.000000E+00
    21   0.000000E+00   0.000000E+00   0.000000E+00   0.000000E+00
    22   0.000000E+00   0.000000E+00   0.000000E+00   0.000000E+00
    23   0.000000E+00   0.000000E+00   0.000000E+00   0.000000E+00
    24   0.000000E+00   0.000000E+00   0.000000E+00   0.000000E+00
    25   0.000000E+00   0.000000E+00   0.000000E+00   0.000000E+00
    26   0.000000E+00   0.000000E+00   0.000000E+00   0.000000E+00
    27   0.000000E+00   0.000000E+00   0.000000E+00   0.000000E+00
    28   0.000000E+00   0.000000E+00   0.000000E+00   0.000000E+00
    29   0.000000E+00   0.000000E+00   0.000000E+00   0.000000E+00
    30   0.000000E+00   0.000000E+00   0.000000E+00   0.000000E+00
    31   0.000000E+00   0.000000E+00   0.000000E+00   0.000000E+00
    32   0.000000E+00   0.000000E+00   0.000000E+00   0.000000E+00
    33   0.000000E+00   0.000000E+00   0.000000E+00   0.000000E+00
    34   0.000000E+00   0.000000E+00   0.000000E+00   0.000000E+00
    35   0.000000E+00   0.000000E+00   0.000000E+00   0.000000E+00
    36   0.000000E+00   0.000000E+00   0.000000E+00   0.000000E+00
    37   0.000000E+00   0.000000E+00   0.000000E+00   0.000000E+00
    38   0.000000E+00   0.000000E+00   0.000000E+00   0.000000E+00
    39   0.000000E+00   0.000000E+00   0.000000E+00   0.000000E+00
  ENTERING BOSOR4 POSTPROCESSOR...

 MERIDIONAL DISTRIBUTION OF SUPERPOSED QUANTITIES
  CORRESPONDING TO CIRCUMFERENTIAL STATION, THETA=   0.0000E+00 DEG.

 STRESS RESULTANTS OR STRESSES OR STRAINS AND
 CHANGES IN CURVATURE IN SEGMENT NUMBER     1     1     1     1     1
 ****** RESULTS FROM APPLICATION OF LOAD SYSTEM "A" ******

 POINT  STATION     U         V         W      S1(IN)  S1(OUT)   TAU(IN)   S2(IN)   S2(OUT)   TAU(OUT)  SVON(IN)  SVON(OUT)
     (ARC LENGTH) MERID.   CIRCUMF.  NORMAL    MERID.     MERID.   IN-PLANE  CIRCUMF.  CIRCUMF.  IN-PLANE     VON MISES
                  DISP.  DISPLACEMENT DISP.    STRESS     STRESS    SHEAR    STRESS    STRESS     SHEAR    EFFECTIVE STRESS

    1  0.00E+00  0.00E+00  0.00E+00 -1.26E-20  6.90E-02 -6.90E-02  0.00E+00  2.84E-02 -2.84E-02  0.00E+00  6.00E-02  6.00E-02
    2  7.64E-02  0.00E+00  0.00E+00  1.12E-05  3.73E-01 -3.73E-01  0.00E+00 -3.74E-01  3.74E-01  0.00E+00  6.46E-01  6.46E-01
    3  2.81E-01  0.00E+00  0.00E+00  4.14E-05 -4.04E+00  4.04E+00  0.00E+00 -3.02E+00  3.02E+00  0.00E+00  3.64E+00  3.64E+00
    4  5.56E-01  0.00E+00  0.00E+00  8.13E-05 -7.66E+00  7.66E+00  0.00E+00 -5.86E+00  5.86E+00  0.00E+00  6.94E+00  6.94E+00
    5  8.33E-01  0.00E+00  0.00E+00  1.21E-04 -1.09E+01  1.09E+01  0.00E+00 -8.57E+00  8.57E+00  0.00E+00  9.91E+00  9.91E+00
    6  1.11E+00  0.00E+00  0.00E+00  1.59E-04 -1.37E+01  1.37E+01  0.00E+00 -1.11E+01  1.11E+01  0.00E+00  1.26E+01  1.26E+01
    7  1.39E+00  0.00E+00  0.00E+00  1.96E-04 -1.62E+01  1.62E+01  0.00E+00 -1.35E+01  1.35E+01  0.00E+00  1.50E+01  1.50E+01
    8  1.67E+00  0.00E+00  0.00E+00  2.30E-04 -1.84E+01  1.84E+01  0.00E+00 -1.57E+01  1.57E+01  0.00E+00  1.72E+01  1.72E+01
    9  1.94E+00  0.00E+00  0.00E+00  2.63E-04 -2.03E+01  2.03E+01  0.00E+00 -1.78E+01  1.78E+01  0.00E+00  1.92E+01  1.92E+01
   10  2.22E+00  0.00E+00  0.00E+00  2.93E-04 -2.19E+01  2.19E+01  0.00E+00 -1.97E+01  1.97E+01  0.00E+00  2.09E+01  2.09E+01
   11  2.50E+00  0.00E+00  0.00E+00  3.21E-04 -2.34E+01  2.34E+01  0.00E+00 -2.14E+01  2.14E+01  0.00E+00  2.25E+01  2.25E+01
   12  2.78E+00  0.00E+00  0.00E+00  3.47E-04 -2.46E+01  2.46E+01  0.00E+00 -2.29E+01  2.29E+01  0.00E+00  2.38E+01  2.38E+01
   13  3.06E+00  0.00E+00  0.00E+00  3.69E-04 -2.56E+01  2.56E+01  0.00E+00 -2.43E+01  2.43E+01  0.00E+00  2.50E+01  2.50E+01
   14  3.33E+00  0.00E+00  0.00E+00  3.89E-04 -2.65E+01  2.65E+01  0.00E+00 -2.55E+01  2.55E+01  0.00E+00  2.60E+01  2.60E+01
   15  3.61E+00  0.00E+00  0.00E+00  4.06E-04 -2.72E+01  2.72E+01  0.00E+00 -2.65E+01  2.65E+01  0.00E+00  2.69E+01  2.69E+01
   16  3.89E+00  0.00E+00  0.00E+00  4.20E-04 -2.78E+01  2.78E+01  0.00E+00 -2.73E+01  2.73E+01  0.00E+00  2.75E+01  2.75E+01
   17  4.17E+00  0.00E+00  0.00E+00  4.30E-04 -2.82E+01  2.82E+01  0.00E+00 -2.79E+01  2.79E+01  0.00E+00  2.81E+01  2.81E+01
   18  4.44E+00  0.00E+00  0.00E+00  4.38E-04 -2.85E+01  2.85E+01  0.00E+00 -2.84E+01  2.84E+01  0.00E+00  2.85E+01  2.85E+01
   19  4.72E+00  0.00E+00  0.00E+00  4.43E-04 -2.87E+01  2.87E+01  0.00E+00 -2.87E+01  2.87E+01  0.00E+00  2.87E+01  2.87E+01
   20  5.00E+00  0.00E+00  0.00E+00  4.44E-04 -2.87E+01  2.87E+01  0.00E+00 -2.88E+01  2.88E+01  0.00E+00  2.88E+01  2.88E+01
   21  5.28E+00  0.00E+00  0.00E+00  4.43E-04 -2.87E+01  2.87E+01  0.00E+00 -2.87E+01  2.87E+01  0.00E+00  2.87E+01  2.87E+01
   22  5.56E+00  0.00E+00  0.00E+00  4.38E-04 -2.85E+01  2.85E+01  0.00E+00 -2.84E+01  2.84E+01  0.00E+00  2.85E+01  2.85E+01
   23  5.83E+00  0.00E+00  0.00E+00  4.30E-04 -2.82E+01  2.82E+01  0.00E+00 -2.79E+01  2.79E+01  0.00E+00  2.81E+01  2.81E+01
   24  6.11E+00  0.00E+00  0.00E+00  4.20E-04 -2.78E+01  2.78E+01  0.00E+00 -2.73E+01  2.73E+01  0.00E+00  2.75E+01  2.75E+01
   25  6.39E+00  0.00E+00  0.00E+00  4.06E-04 -2.72E+01  2.72E+01  0.00E+00 -2.65E+01  2.65E+01  0.00E+00  2.69E+01  2.69E+01
   26  6.67E+00  0.00E+00  0.00E+00  3.89E-04 -2.65E+01  2.65E+01  0.00E+00 -2.55E+01  2.55E+01  0.00E+00  2.60E+01  2.60E+01
   27  6.94E+00  0.00E+00  0.00E+00  3.69E-04 -2.56E+01  2.56E+01  0.00E+00 -2.43E+01  2.43E+01  0.00E+00  2.50E+01  2.50E+01
   28  7.22E+00  0.00E+00  0.00E+00  3.47E-04 -2.46E+01  2.46E+01  0.00E+00 -2.29E+01  2.29E+01  0.00E+00  2.38E+01  2.38E+01
   29  7.50E+00  0.00E+00  0.00E+00  3.21E-04 -2.34E+01  2.34E+01  0.00E+00 -2.14E+01  2.14E+01  0.00E+00  2.25E+01  2.25E+01
   30  7.78E+00  0.00E+00  0.00E+00  2.94E-04 -2.19E+01  2.19E+01  0.00E+00 -1.97E+01  1.97E+01  0.00E+00  2.09E+01  2.09E+01
   31  8.06E+00  0.00E+00  0.00E+00  2.63E-04 -2.03E+01  2.03E+01  0.00E+00 -1.78E+01  1.78E+01  0.00E+00  1.92E+01  1.92E+01
   32  8.33E+00  0.00E+00  0.00E+00  2.31E-04 -1.84E+01  1.84E+01  0.00E+00 -1.57E+01  1.57E+01  0.00E+00  1.72E+01  1.72E+01
   33  8.61E+00  0.00E+00  0.00E+00  1.96E-04 -1.62E+01  1.62E+01  0.00E+00 -1.35E+01  1.35E+01  0.00E+00  1.50E+01  1.50E+01
   34  8.89E+00  0.00E+00  0.00E+00  1.59E-04 -1.37E+01  1.37E+01  0.00E+00 -1.11E+01  1.11E+01  0.00E+00  1.26E+01  1.26E+01
   35  9.17E+00  0.00E+00  0.00E+00  1.21E-04 -1.09E+01  1.09E+01  0.00E+00 -8.58E+00  8.58E+00  0.00E+00  9.92E+00  9.92E+00
   36  9.44E+00  0.00E+00  0.00E+00  8.13E-05 -7.67E+00  7.67E+00  0.00E+00 -5.87E+00  5.87E+00  0.00E+00  6.95E+00  6.95E+00
   37  9.72E+00  0.00E+00  0.00E+00  4.14E-05 -4.04E+00  4.04E+00  0.00E+00 -3.03E+00  3.03E+00  0.00E+00  3.64E+00  3.64E+00
   38  9.92E+00  0.00E+00  0.00E+00  1.12E-05  3.71E-01 -3.71E-01  0.00E+00 -3.88E-01  3.88E-01  0.00E+00  6.58E-01  6.58E-01
   39  1.00E+01  0.00E+00  0.00E+00  2.35E-19  6.88E-02 -6.88E-02  0.00E+00  1.29E-02 -1.29E-02  0.00E+00  6.33E-02  6.33E-02

 MERIDIONAL DISTRIBUTION OF SUPERPOSED QUANTITIES
  CORRESPONDING TO CIRCUMFERENTIAL STATION, THETA=   3.0000E-02 DEG.

 STRESS RESULTANTS OR STRESSES OR STRAINS AND
 CHANGES IN CURVATURE IN SEGMENT NUMBER     1     1     1     1     1
 ****** RESULTS FROM APPLICATION OF LOAD SYSTEM "A" ******

 POINT  STATION     U         V         W      S1(IN)  S1(OUT)   TAU(IN)   S2(IN)   S2(OUT)   TAU(OUT)  SVON(IN)  SVON(OUT)
     (ARC LENGTH) MERID.   CIRCUMF.  NORMAL    MERID.     MERID.   IN-PLANE  CIRCUMF.  CIRCUMF.  IN-PLANE     VON MISES
                  DISP.  DISPLACEMENT DISP.    STRESS     STRESS    SHEAR    STRESS    STRESS     SHEAR    EFFECTIVE STRESS

    1  0.00E+00  0.00E+00  0.00E+00  3.70E-27 -7.12E-08  7.12E-08 -1.94E+01 -2.38E-08  2.38E-08  1.94E+01  3.37E+01  3.37E+01
    2  7.64E-02  0.00E+00  0.00E+00 -3.52E-12 -3.41E-07  3.41E-07 -1.95E+01  4.08E-07 -4.08E-07  1.95E+01  3.37E+01  3.37E+01
    3  2.81E-01  0.00E+00  0.00E+00 -1.30E-11  2.60E-06 -2.60E-06 -1.93E+01  2.70E-06 -2.70E-06  1.93E+01  3.34E+01  3.34E+01
    4  5.56E-01  0.00E+00  0.00E+00 -2.54E-11  4.21E-06 -4.21E-06 -1.88E+01  4.77E-06 -4.77E-06  1.88E+01  3.26E+01  3.26E+01
    5  8.33E-01  0.00E+00  0.00E+00 -3.75E-11  5.38E-06 -5.38E-06 -1.82E+01  6.48E-06 -6.48E-06  1.82E+01  3.15E+01  3.15E+01
    6  1.11E+00  0.00E+00  0.00E+00 -4.91E-11  6.30E-06 -6.30E-06 -1.74E+01  7.92E-06 -7.92E-06  1.74E+01  3.01E+01  3.01E+01
    7  1.39E+00  0.00E+00  0.00E+00 -6.01E-11  7.03E-06 -7.03E-06 -1.64E+01  9.15E-06 -9.15E-06  1.64E+01  2.85E+01  2.85E+01
    8  1.67E+00  0.00E+00  0.00E+00 -7.05E-11  7.64E-06 -7.64E-06 -1.54E+01  1.02E-05 -1.02E-05  1.54E+01  2.67E+01  2.67E+01
    9  1.94E+00  0.00E+00  0.00E+00 -8.01E-11  8.14E-06 -8.14E-06 -1.43E+01  1.11E-05 -1.11E-05  1.43E+01  2.49E+01  2.49E+01
   10  2.22E+00  0.00E+00  0.00E+00 -8.90E-11  8.57E-06 -8.57E-06 -1.32E+01  1.19E-05 -1.19E-05  1.32E+01  2.29E+01  2.29E+01
   11  2.50E+00  0.00E+00  0.00E+00 -9.71E-11  8.94E-06 -8.94E-06 -1.20E+01  1.26E-05 -1.26E-05  1.20E+01  2.08E+01  2.08E+01
   12  2.78E+00  0.00E+00  0.00E+00 -1.04E-10  9.24E-06 -9.24E-06 -1.07E+01  1.31E-05 -1.31E-05  1.07E+01  1.86E+01  1.86E+01
   13  3.06E+00  0.00E+00  0.00E+00 -1.11E-10  9.50E-06 -9.50E-06 -9.47E+00  1.36E-05 -1.36E-05  9.47E+00  1.64E+01  1.64E+01
   14  3.33E+00  0.00E+00  0.00E+00 -1.17E-10  9.72E-06 -9.72E-06 -8.16E+00  1.40E-05 -1.40E-05  8.16E+00  1.41E+01  1.41E+01
   15  3.61E+00  0.00E+00  0.00E+00 -1.21E-10  9.90E-06 -9.90E-06 -6.83E+00  1.44E-05 -1.44E-05  6.83E+00  1.18E+01  1.18E+01
   16  3.89E+00  0.00E+00  0.00E+00 -1.25E-10  1.00E-05 -1.00E-05 -5.49E+00  1.47E-05 -1.47E-05  5.49E+00  9.50E+00  9.50E+00
   17  4.17E+00  0.00E+00  0.00E+00 -1.28E-10  1.01E-05 -1.01E-05 -4.12E+00  1.49E-05 -1.49E-05  4.12E+00  7.14E+00  7.14E+00
   18  4.44E+00  0.00E+00  0.00E+00 -1.31E-10  1.02E-05 -1.02E-05 -2.75E+00  1.50E-05 -1.50E-05  2.75E+00  4.77E+00  4.77E+00
   19  4.72E+00  0.00E+00  0.00E+00 -1.32E-10  1.03E-05 -1.03E-05 -1.38E+00  1.51E-05 -1.51E-05  1.38E+00  2.38E+00  2.38E+00
   20  5.00E+00  0.00E+00  0.00E+00 -1.32E-10  1.03E-05 -1.03E-05  3.08E-03  1.52E-05 -1.52E-05 -3.08E-03  5.34E-03  5.34E-03
   21  5.28E+00  0.00E+00  0.00E+00 -1.32E-10  1.03E-05 -1.03E-05  1.38E+00  1.51E-05 -1.51E-05 -1.38E+00  2.40E+00  2.40E+00
   22  5.56E+00  0.00E+00  0.00E+00 -1.31E-10  1.02E-05 -1.02E-05  2.76E+00  1.50E-05 -1.50E-05 -2.76E+00  4.78E+00  4.78E+00
   23  5.83E+00  0.00E+00  0.00E+00 -1.28E-10  1.01E-05 -1.01E-05  4.13E+00  1.49E-05 -1.49E-05 -4.13E+00  7.15E+00  7.15E+00
   24  6.11E+00  0.00E+00  0.00E+00 -1.25E-10  1.00E-05 -1.00E-05  5.49E+00  1.47E-05 -1.47E-05 -5.49E+00  9.51E+00  9.51E+00
   25  6.39E+00  0.00E+00  0.00E+00 -1.21E-10  9.90E-06 -9.90E-06  6.84E+00  1.44E-05 -1.44E-05 -6.84E+00  1.18E+01  1.18E+01
   26  6.67E+00  0.00E+00  0.00E+00 -1.17E-10  9.72E-06 -9.72E-06  8.17E+00  1.41E-05 -1.41E-05 -8.17E+00  1.41E+01  1.41E+01
   27  6.94E+00  0.00E+00  0.00E+00 -1.11E-10  9.51E-06 -9.51E-06  9.47E+00  1.36E-05 -1.36E-05 -9.47E+00  1.64E+01  1.64E+01
   28  7.22E+00  0.00E+00  0.00E+00 -1.04E-10  9.25E-06 -9.25E-06  1.08E+01  1.31E-05 -1.31E-05 -1.08E+01  1.86E+01  1.86E+01
   29  7.50E+00  0.00E+00  0.00E+00 -9.71E-11  8.94E-06 -8.94E-06  1.20E+01  1.26E-05 -1.26E-05 -1.20E+01  2.08E+01  2.08E+01
   30  7.78E+00  0.00E+00  0.00E+00 -8.90E-11  8.58E-06 -8.58E-06  1.32E+01  1.19E-05 -1.19E-05 -1.32E+01  2.29E+01  2.29E+01
   31  8.06E+00  0.00E+00  0.00E+00 -8.01E-11  8.15E-06 -8.15E-06  1.43E+01  1.11E-05 -1.11E-05 -1.43E+01  2.49E+01  2.49E+01
   32  8.33E+00  0.00E+00  0.00E+00 -7.05E-11  7.64E-06 -7.64E-06  1.54E+01  1.02E-05 -1.02E-05 -1.54E+01  2.67E+01  2.67E+01
   33  8.61E+00  0.00E+00  0.00E+00 -6.02E-11  7.04E-06 -7.04E-06  1.64E+01  9.16E-06 -9.16E-06 -1.64E+01  2.85E+01  2.85E+01
   34  8.89E+00  0.00E+00  0.00E+00 -4.92E-11  6.30E-06 -6.30E-06  1.74E+01  7.93E-06 -7.93E-06 -1.74E+01  3.01E+01  3.01E+01
   35  9.17E+00  0.00E+00  0.00E+00 -3.75E-11  5.39E-06 -5.39E-06  1.82E+01  6.49E-06 -6.49E-06 -1.82E+01  3.15E+01  3.15E+01
   36  9.44E+00  0.00E+00  0.00E+00 -2.54E-11  4.21E-06 -4.21E-06  1.88E+01  4.77E-06 -4.77E-06 -1.88E+01  3.26E+01  3.26E+01
   37  9.72E+00  0.00E+00  0.00E+00 -1.30E-11  2.60E-06 -2.60E-06  1.93E+01  2.70E-06 -2.70E-06 -1.93E+01  3.34E+01  3.34E+01
   38  9.92E+00  0.00E+00  0.00E+00 -3.52E-12 -3.41E-07  3.41E-07  1.94E+01  4.12E-07 -4.12E-07 -1.94E+01  3.37E+01  3.37E+01
   39  1.00E+01  0.00E+00  0.00E+00 -6.67E-26 -7.12E-08  7.12E-08  1.94E+01 -1.89E-08  1.89E-08 -1.94E+01  3.36E+01  3.36E+01

 MERIDIONAL DISTRIBUTION OF SUPERPOSED QUANTITIES
  CORRESPONDING TO CIRCUMFERENTIAL STATION, THETA=   6.0000E-02 DEG.

 STRESS RESULTANTS OR STRESSES OR STRAINS AND
 CHANGES IN CURVATURE IN SEGMENT NUMBER     1     1     1     1     1
 ****** RESULTS FROM APPLICATION OF LOAD SYSTEM "A" ******

 POINT  STATION     U         V         W      S1(IN)  S1(OUT)   TAU(IN)   S2(IN)   S2(OUT)   TAU(OUT)  SVON(IN)  SVON(OUT)
     (ARC LENGTH) MERID.   CIRCUMF.  NORMAL    MERID.     MERID.   IN-PLANE  CIRCUMF.  CIRCUMF.  IN-PLANE     VON MISES
                  DISP.  DISPLACEMENT DISP.    STRESS     STRESS    SHEAR    STRESS    STRESS     SHEAR    EFFECTIVE STRESS

    1  0.00E+00  0.00E+00  0.00E+00  1.26E-20 -6.90E-02  6.90E-02  8.63E-06 -2.84E-02  2.84E-02 -8.63E-06  6.00E-02  6.00E-02
    2  7.64E-02  0.00E+00  0.00E+00 -1.12E-05 -3.73E-01  3.73E-01  8.62E-06  3.74E-01 -3.74E-01 -8.62E-06  6.46E-01  6.46E-01
    3  2.81E-01  0.00E+00  0.00E+00 -4.14E-05  4.04E+00 -4.04E+00  8.60E-06  3.02E+00 -3.02E+00 -8.60E-06  3.64E+00  3.64E+00
    4  5.56E-01  0.00E+00  0.00E+00 -8.13E-05  7.66E+00 -7.66E+00  8.52E-06  5.86E+00 -5.86E+00 -8.52E-06  6.94E+00  6.94E+00
    5  8.33E-01  0.00E+00  0.00E+00 -1.21E-04  1.09E+01 -1.09E+01  8.37E-06  8.57E+00 -8.57E+00 -8.37E-06  9.91E+00  9.91E+00
    6  1.11E+00  0.00E+00  0.00E+00 -1.59E-04  1.37E+01 -1.37E+01  8.14E-06  1.11E+01 -1.11E+01 -8.14E-06  1.26E+01  1.26E+01
    7  1.39E+00  0.00E+00  0.00E+00 -1.96E-04  1.62E+01 -1.62E+01  7.83E-06  1.35E+01 -1.35E+01 -7.83E-06  1.50E+01  1.50E+01
    8  1.67E+00  0.00E+00  0.00E+00 -2.30E-04  1.84E+01 -1.84E+01  7.47E-06  1.57E+01 -1.57E+01 -7.47E-06  1.72E+01  1.72E+01
    9  1.94E+00  0.00E+00  0.00E+00 -2.63E-04  2.03E+01 -2.03E+01  7.04E-06  1.78E+01 -1.78E+01 -7.04E-06  1.92E+01  1.92E+01
   10  2.22E+00  0.00E+00  0.00E+00 -2.93E-04  2.19E+01 -2.19E+01  6.56E-06  1.97E+01 -1.97E+01 -6.56E-06  2.09E+01  2.09E+01
   11  2.50E+00  0.00E+00  0.00E+00 -3.21E-04  2.34E+01 -2.34E+01  6.03E-06  2.14E+01 -2.14E+01 -6.03E-06  2.25E+01  2.25E+01
   12  2.78E+00  0.00E+00  0.00E+00 -3.47E-04  2.46E+01 -2.46E+01  5.45E-06  2.29E+01 -2.29E+01 -5.45E-06  2.38E+01  2.38E+01
   13  3.06E+00  0.00E+00  0.00E+00 -3.69E-04  2.56E+01 -2.56E+01  4.84E-06  2.43E+01 -2.43E+01 -4.84E-06  2.50E+01  2.50E+01
   14  3.33E+00  0.00E+00  0.00E+00 -3.89E-04  2.65E+01 -2.65E+01  4.21E-06  2.55E+01 -2.55E+01 -4.21E-06  2.60E+01  2.60E+01
   15  3.61E+00  0.00E+00  0.00E+00 -4.06E-04  2.72E+01 -2.72E+01  3.54E-06  2.65E+01 -2.65E+01 -3.54E-06  2.69E+01  2.69E+01
   16  3.89E+00  0.00E+00  0.00E+00 -4.20E-04  2.78E+01 -2.78E+01  2.86E-06  2.73E+01 -2.73E+01 -2.86E-06  2.75E+01  2.75E+01
   17  4.17E+00  0.00E+00  0.00E+00 -4.30E-04  2.82E+01 -2.82E+01  2.15E-06  2.79E+01 -2.79E+01 -2.15E-06  2.81E+01  2.81E+01
   18  4.44E+00  0.00E+00  0.00E+00 -4.38E-04  2.85E+01 -2.85E+01  1.44E-06  2.84E+01 -2.84E+01 -1.44E-06  2.85E+01  2.85E+01
   19  4.72E+00  0.00E+00  0.00E+00 -4.43E-04  2.87E+01 -2.87E+01  7.21E-07  2.87E+01 -2.87E+01 -7.21E-07  2.87E+01  2.87E+01
   20  5.00E+00  0.00E+00  0.00E+00 -4.44E-04  2.87E+01 -2.87E+01 -2.65E-09  2.88E+01 -2.88E+01  2.65E-09  2.88E+01  2.88E+01
   21  5.28E+00  0.00E+00  0.00E+00 -4.43E-04  2.87E+01 -2.87E+01 -7.27E-07  2.87E+01 -2.87E+01  7.27E-07  2.87E+01  2.87E+01
   22  5.56E+00  0.00E+00  0.00E+00 -4.38E-04  2.85E+01 -2.85E+01 -1.45E-06  2.84E+01 -2.84E+01  1.45E-06  2.85E+01  2.85E+01
   23  5.83E+00  0.00E+00  0.00E+00 -4.30E-04  2.82E+01 -2.82E+01 -2.16E-06  2.79E+01 -2.79E+01  2.16E-06  2.81E+01  2.81E+01
   24  6.11E+00  0.00E+00  0.00E+00 -4.20E-04  2.78E+01 -2.78E+01 -2.86E-06  2.73E+01 -2.73E+01  2.86E-06  2.75E+01  2.75E+01
   25  6.39E+00  0.00E+00  0.00E+00 -4.06E-04  2.72E+01 -2.72E+01 -3.54E-06  2.65E+01 -2.65E+01  3.54E-06  2.69E+01  2.69E+01
   26  6.67E+00  0.00E+00  0.00E+00 -3.89E-04  2.65E+01 -2.65E+01 -4.21E-06  2.55E+01 -2.55E+01  4.21E-06  2.60E+01  2.60E+01
   27  6.94E+00  0.00E+00  0.00E+00 -3.69E-04  2.56E+01 -2.56E+01 -4.85E-06  2.43E+01 -2.43E+01  4.85E-06  2.50E+01  2.50E+01
   28  7.22E+00  0.00E+00  0.00E+00 -3.47E-04  2.46E+01 -2.46E+01 -5.46E-06  2.29E+01 -2.29E+01  5.46E-06  2.38E+01  2.38E+01
   29  7.50E+00  0.00E+00  0.00E+00 -3.21E-04  2.34E+01 -2.34E+01 -6.03E-06  2.14E+01 -2.14E+01  6.03E-06  2.25E+01  2.25E+01
   30  7.78E+00  0.00E+00  0.00E+00 -2.94E-04  2.19E+01 -2.19E+01 -6.56E-06  1.97E+01 -1.97E+01  6.56E-06  2.09E+01  2.09E+01
   31  8.06E+00  0.00E+00  0.00E+00 -2.63E-04  2.03E+01 -2.03E+01 -7.04E-06  1.78E+01 -1.78E+01  7.04E-06  1.92E+01  1.92E+01
   32  8.33E+00  0.00E+00  0.00E+00 -2.31E-04  1.84E+01 -1.84E+01 -7.46E-06  1.57E+01 -1.57E+01  7.46E-06  1.72E+01  1.72E+01
   33  8.61E+00  0.00E+00  0.00E+00 -1.96E-04  1.62E+01 -1.62E+01 -7.83E-06  1.35E+01 -1.35E+01  7.83E-06  1.50E+01  1.50E+01
   34  8.89E+00  0.00E+00  0.00E+00 -1.59E-04  1.37E+01 -1.37E+01 -8.13E-06  1.11E+01 -1.11E+01  8.13E-06  1.26E+01  1.26E+01
   35  9.17E+00  0.00E+00  0.00E+00 -1.21E-04  1.09E+01 -1.09E+01 -8.36E-06  8.58E+00 -8.58E+00  8.36E-06  9.92E+00  9.92E+00
   36  9.44E+00  0.00E+00  0.00E+00 -8.13E-05  7.67E+00 -7.67E+00 -8.52E-06  5.87E+00 -5.87E+00  8.52E-06  6.95E+00  6.95E+00
   37  9.72E+00  0.00E+00  0.00E+00 -4.14E-05  4.04E+00 -4.04E+00 -8.59E-06  3.03E+00 -3.03E+00  8.59E-06  3.64E+00  3.64E+00
   38  9.92E+00  0.00E+00  0.00E+00 -1.12E-05 -3.71E-01  3.71E-01 -8.61E-06  3.88E-01 -3.88E-01  8.61E-06  6.58E-01  6.58E-01
   39  1.00E+01  0.00E+00  0.00E+00 -2.35E-19 -6.88E-02  6.88E-02 -8.62E-06 -1.29E-02  1.29E-02  8.62E-06  6.33E-02  6.33E-02

 ****** MAX. NORMAL DISPLACEMENT, LOAD SET A ************
 WWWMAX(1)= -4.4426E-04, LOCATW(1)=1000*ISEG+I=  1020
 ********************************************************

 ****** MAX. EFF. STRESS IN ISOTROPIC WALL,LOAD A ******
 STRMAX(1)=  3.3693E+01, LOCATS(1)=1000*ISEG+I=  1002
 ******************************************************

 CIRCUMFERENTIAL VARIATION OF SUPERPOSED QUANTITIES AT POINT NO. 20
 SEGMENT NO.  1, MERIDIONAL STATION=  5.000E+00
 ****** RESULTS FROM APPLICATION OF LOAD SYSTEM "A" ******

 POINT  STATION     U         V         W      S1(IN)  S1(OUT)   TAU(IN)   S2(IN)   S2(OUT)   TAU(OUT)  SVON(IN)  SVON(OUT)
     (ARC LENGTH) MERID.   CIRCUMF.  NORMAL    MERID.     MERID.   IN-PLANE  CIRCUMF.  CIRCUMF.  IN-PLANE     VON MISES
                  DISP.  DISPLACEMENT DISP.    STRESS     STRESS    SHEAR    STRESS    STRESS     SHEAR    EFFECTIVE STRESS

    1  0.00E+00  0.00E+00  0.00E+00  4.44E-04 -2.87E+01  2.87E+01  0.00E+00 -2.88E+01  2.88E+01  0.00E+00  2.88E+01  2.88E+01
    2  3.33E-03  0.00E+00  0.00E+00  4.38E-04 -2.84E+01  2.84E+01  7.77E-04 -2.85E+01  2.85E+01 -7.77E-04  2.85E+01  2.85E+01
    3  6.67E-03  0.00E+00  0.00E+00  4.19E-04 -2.73E+01  2.73E+01  1.51E-03 -2.78E+01  2.78E+01 -1.51E-03  2.75E+01  2.75E+01
    4  1.00E-02  0.00E+00  0.00E+00  3.89E-04 -2.55E+01  2.55E+01  2.15E-03 -2.65E+01  2.65E+01 -2.15E-03  2.60E+01  2.60E+01
    5  1.33E-02  0.00E+00  0.00E+00  3.47E-04 -2.29E+01  2.29E+01  2.67E-03 -2.46E+01  2.46E+01 -2.67E-03  2.38E+01  2.38E+01
    6  1.67E-02  0.00E+00  0.00E+00  2.93E-04 -1.97E+01  1.97E+01  3.02E-03 -2.19E+01  2.19E+01 -3.02E-03  2.09E+01  2.09E+01
    7  2.00E-02  0.00E+00  0.00E+00  2.30E-04 -1.57E+01  1.57E+01  3.20E-03 -1.84E+01  1.84E+01 -3.20E-03  1.72E+01  1.72E+01
    8  2.33E-02  0.00E+00  0.00E+00  1.59E-04 -1.11E+01  1.11E+01  3.23E-03 -1.36E+01  1.36E+01 -3.23E-03  1.26E+01  1.26E+01
    9  2.67E-02  0.00E+00  0.00E+00  8.13E-05 -5.86E+00  5.86E+00  3.15E-03 -7.64E+00  7.64E+00 -3.15E-03  6.92E+00  6.92E+00
   10  3.00E-02  0.00E+00  0.00E+00  5.95E-10 -4.34E-05  4.34E-05  3.08E-03 -5.74E-05  5.74E-05 -3.08E-03  5.34E-03  5.34E-03
   11  3.33E-02  0.00E+00  0.00E+00 -8.13E-05  5.86E+00 -5.86E+00  3.15E-03  7.64E+00 -7.64E+00 -3.15E-03  6.92E+00  6.92E+00
   12  3.67E-02  0.00E+00  0.00E+00 -1.59E-04  1.11E+01 -1.11E+01  3.23E-03  1.36E+01 -1.36E+01 -3.23E-03  1.26E+01  1.26E+01
   13  4.00E-02  0.00E+00  0.00E+00 -2.30E-04  1.57E+01 -1.57E+01  3.20E-03  1.84E+01 -1.84E+01 -3.20E-03  1.72E+01  1.72E+01
   14  4.33E-02  0.00E+00  0.00E+00 -2.93E-04  1.97E+01 -1.97E+01  3.02E-03  2.19E+01 -2.19E+01 -3.02E-03  2.09E+01  2.09E+01
   15  4.67E-02  0.00E+00  0.00E+00 -3.47E-04  2.29E+01 -2.29E+01  2.67E-03  2.46E+01 -2.46E+01 -2.67E-03  2.38E+01  2.38E+01
   16  5.00E-02  0.00E+00  0.00E+00 -3.89E-04  2.55E+01 -2.55E+01  2.15E-03  2.65E+01 -2.65E+01 -2.15E-03  2.60E+01  2.60E+01
   17  5.33E-02  0.00E+00  0.00E+00 -4.19E-04  2.73E+01 -2.73E+01  1.51E-03  2.78E+01 -2.78E+01 -1.51E-03  2.75E+01  2.75E+01
   18  5.67E-02  0.00E+00  0.00E+00 -4.38E-04  2.84E+01 -2.84E+01  7.77E-04  2.85E+01 -2.85E+01 -7.77E-04  2.85E+01  2.85E+01
   19  6.00E-02  0.00E+00  0.00E+00 -4.44E-04  2.87E+01 -2.87E+01  1.34E-08  2.88E+01 -2.88E+01 -1.34E-08  2.88E+01  2.88E+01
