
 START READING DATA FOR THIS CASE

 Please provide a title (42 characters or less)...

ALUM. FRAME BUCK., ONLY WEB IS SHELL (INDIC=1)                          

 PLEASE PROVIDE DATA FOR SEGMENT NO.  1


 SEGMENT NO.  1 IS A CYLINDER OR CONE.
      END POINT COORDINATES (0.5218E+01,0.0000E+00) AND (0.4882E+01,0.0000E+00)

 MASS OF DISCRETE RINGS IN SEGMENT NO.  1 =   6.9777E-04


 POINTERS TO CIRCUMFERENTIAL HARMONICS OF LOADING    1    0    0    0    0    0    0    0    0    0    0    0

                                         PHYSICAL PROPERTIES OF SEGMENT NO.   1

 ANALYSIS IS FOR A MONOCOQUE SHELL

 MODULUS OF ELASTICITY=  0.10800E+08   , POISSON RATIO= 0.33300E+00
 SHELL DENSITY =  0.25000E-03   , THERMAL EXP COEF.=  0.00000E+00


 SHELL WALL MASS OF SEGMENT NO.  1 =   4.0202E-05
 (DISCRETE RINGS NOT INCLUDED)


 ***************************************
 TOTAL FORCES AND MOMENTS FROM APPLIED LOADS. THE FORCES AND
 MOMENTS OCCUR AT THE ORIGIN OF THE GLOBAL X,Y,Z AXIS SYSTEM,
 WHICH IS LOCATED AT AXIAL STATION Z=0. NOTE THAT THE TOTAL
 FORCES AND MOMENTS ARE NOT APPLIED AT THE C.G. OF THE
 STRUCTURE, WHICH IS AT AXIAL LOCATION ZCM=  0.0000E+00, BUT
 THEY ARE APPLIED AT AXIAL STATION Z = 0.

 NOTE: IN ORDER FOR THE MASS PROPERTIES AND DYNAMIC REACTIONS
 TO BE PROPERLY COMPUTED, THE GEOMETRY OF EVERY SEGMENT IN
 THE ENTIRE STRUCTURE MUST BE EXPRESSED IN TERMS OF THE
 GLOBAL AXIAL COORDINATE, Z.  THAT IS, YOU MUST HAVE PROVIDED
 AS INPUT FOR EACH SEGMENT THE GLOBAL Z COORDINATES.

 TOTAL FORCES FROM LOAD SET A...
  X-DIRECTION (THETA=  0 DEG.), FX(1) =               0.0000E+00
  Y-DIRECTION (THETA=270 DEG.), FY(1) =               0.0000E+00
  Z-DIRECTION (AXIAL UPWARD)  , FZ(1) =               0.0000E+00
 TOTAL MOMENTS FROM LOAD SET A...
  ABOUT X-AXIS                , MX(1) =               0.0000E+00
  ABOUT Y-AXIS                , MY(1) =               0.0000E+00
  ABOUT Z-AXIS                , MZ(1) =               0.0000E+00


 TOTAL FORCES FROM LOAD SET B...
  X-DIRECTION (THETA=  0 DEG.), FX(2) =               0.0000E+00
  Y-DIRECTION (THETA=270 DEG.), FY(2) =               0.0000E+00
  Z-DIRECTION (AXIAL)         , FZ(2) =               0.0000E+00
 TOTAL MOMENTS FROM LOAD SET B...
  ABOUT X-AXIS                , MX(2) =               0.0000E+00
  ABOUT Y-AXIS                , MY(2) =               0.0000E+00
  ABOUT Z-AXIS                , MZ(2) =               0.0000E+00


 TOTAL MASS, LOCATION OF C.G., MASS MOMENTS OF INERTIA
   TOTAL MASS, M (e.g. lb-sec**2/in)          M =     7.3775E-04
   POLAR MASS MOMENT OF INERTIA,             IZ =     2.0642E-02
   MASS MOMENT OF INERTIA ABOUT C.G.        ICM =     1.0321E-02
   AXIAL POSITION OF THE C.G.               ZCM =     0.0000E+00


 ***************** TOTAL MASS *******************
 TOTMAS =  7.3775E-04
 ********************************************************
  CONSTRAINT CONDITIONS FOR SEGMENT NO. ISEG =           1
  Endpoint of this segment is at Nodal Point No.          12
  The current segment is Segment No. ISEG =           1

 STABILITY ANALYSIS WITH "LINEAR" BENDING PREBUCKLING
 ANALYSIS.  ACTUALLY, THE PREBUCKLING ANALYSIS IS NONLINEAR,
 BUT IF THE USER SUPPLIES LOADS THAT ARE VERY SMALL COMPARED
 TO THE DESIGN LOAD, THE STRUCTURAL BEHAVIOR WILL CLOSELY
 APPROXIMATE LINEAR BEHAVIOR.  IF YOU WANT LINEAR BEHAVIOR,
 PLEASE USE SMALL LOADS.


 ANALYSIS TYPE =   1, PRINT OPTION =  1, PLOT OPTION =  0, STRESS OPTION =  0
, PRESTRESS CALCULATION OPTION= 1

 NUMBER OF SHELL SEGMENTS =   1


 STRESS CALCULATED FOR CIRCUMFERENTIAL WAVES FROM       0 TO       0 IN INCREMENTS OF       1

 INITIAL BUCKLING OR VIBRATION WAVE NO.=      2, MINIMUM WAVE NO.=      2, MAXIMUM WAVE NO.=     10, INCREMENT=      8

    1 EIGENVALUES SOUGHT FOR EACH CIRCUMFERENTIAL WAVE NUMBER.


                                              CONSTRAINT CONDITION DATA FOLLOW

 SEG. POINT CONNECTED TO SEG. POINT     USTAR VSTAR WSTAR BETA     RADIAL DISC. D1(I)   AXIAL DISC. D2(I)

   1     1                 1     1        1     0     0     1      0.00000000E+00      0.00000000E+00

 CONSTRAINT CONDITIONS FOR STABILITY OR VIBRATION PROBLEM FOLLOW

 SEG. POINT CONNECTED TO SEG. POINT     USTAR VSTAR WSTAR BETA     RADIAL DISC. D1(I)   AXIAL DISC. D2(I)

   1     1                 1     1        1     0     0     1      0.00000000E+00      0.00000000E+00

 PRESSURE MULTIPLIER P =  0.0000E+00, INCREMENT DP=  0.0000E+00
 TEMPERATURE MULT.TEMP=  0.0000E+00, INCREMENT DTEMP=  0.0000E+00

 INITIAL LOAD, FSTART =  0.0000E+00, MAXIMUM LOAD, FMAX=  0.0000E+00
 STEP SIZE, DF=  0.0000E+00

 ANGULAR VELOCITY, OMEGA=   0.000E+00   INCREMENT IN OMEGA, DOMEGA=   0.000E+00

                                              RING PROPERTIES FOR RINGS IN SEGMENT  1

     STATION        ER         AREA        IY           IX       IXY         E1         E2         GJ         RM       RC

    1 0.0000E+00 0.1080E+08 0.8245E-01 0.2276E-03 0.1410E-02 0.0000E+00 0.9100E-01 0.0000E+00 0.2753E+04 0.2500E-03 0.5309E+01
   12 0.3360E+00 0.1080E+08 0.1335E-02 0.2503E-07 0.8812E-06 0.0000E+00-0.7500E-02 0.0000E+00 0.3621E+00 0.2500E-03 0.4874E+01

                               MECHANICAL AND THERMAL LINE LOADS FOR SYMMETRIC LOADING

         STATION           AXIAL LOAD          RADIAL LOAD                MOMENT      THERMAL HOOP STRESS    THERMAL MOMENT

           S(K)               V(K)                 H(K)                     M(K)              TNR(K)              TMR(K)

      0.00000000E+00      0.00000000E+00      0.00000000E+00      0.00000000E+00      0.00000000E+00      0.00000000E+00
      0.33599994E+00      0.00000000E+00      0.00000000E+00      0.00000000E+00      0.00000000E+00      0.00000000E+00

                                              SYMMETRIC LINE LOAD INCREMENTS

           S(K)              DV(K)                DH(K)                   DM(K)             DTNR(K)             DTMR(K)

      0.00000000E+00      0.00000000E+00     -0.45300001E+00      0.00000000E+00      0.00000000E+00      0.00000000E+00
      0.33599994E+00      0.00000000E+00      0.00000000E+00      0.00000000E+00      0.00000000E+00      0.00000000E+00

 GLOBAL (AXIAL,RADIAL) COORDINATES FOR ENTIRE MODEL.
 NUMBER OF FINITE ELEMENTS IN ENTIRE MODEL, I2=  12
 ELEMENT NO.   GLOBAL AXIAL COORDINATE   GLOBAL RADIAL COORD.
      1           0.00000000E+00           5.21799994E+00
      2           0.00000000E+00           5.20773315E+00
      3           0.00000000E+00           5.18020010E+00
      4           0.00000000E+00           5.14333344E+00
      5           0.00000000E+00           5.10599995E+00
      6           0.00000000E+00           5.06866646E+00
      7           0.00000000E+00           5.03133345E+00
      8           0.00000000E+00           4.99399996E+00
      9           0.00000000E+00           4.95666647E+00
     10           0.00000000E+00           4.91979980E+00
     11           0.00000000E+00           4.89226675E+00
     12           0.00000000E+00           4.88199997E+00

 AXISYMMETRIC PRESTRESS INPUT CONSTRAINT CONDITIONS FOLLOW

 CONSTRAINT NO.   1  SEGMENT NO.   1 POINT  1 CONNECTED TO SEGMENT NO.   1 POINT  1 TYPE OF CONSTRAINT = 1

 LOCAL MATRIX DIMENSION= 5, OVERLAP= 3 NO. CONSTRAINT CONDS. PER CONSTRAINT POINT= 3 SYSTEM RANK=   30 NUMBER OF BLOCKS=  1

 NUMBER OF EQUATIONS ASSOCIATED WITH SEGMENT NO.  1
 EQUALS  30; NO. OF CONSTRAINT PTS. EQUALS  1
 BLOCK NUMBER=  1 LAST EQ. IN BLOCK=   30 LOWEST UNK IN BLOCK=    1. MAX. OFF-DIAGONAL WIDTH=    7

 STABILITY,VIBRATION OR NON-SYMMETRIC STRESS INPUT CONSTRAINT CONDITIONS FOLLOW

 CONSTRAINT NO.   1  SEGMENT NO.   1 POINT  1 CONNECTED TO SEGMENT NO.   1 POINT  1 TYPE OF CONSTRAINT = 1

 LOCAL MATRIX DIMENSION= 7, OVERLAP= 4 NO. CONSTRAINT CONDS. PER CONSTRAINT POINT= 4 SYSTEM RANK=   44 NUMBER OF BLOCKS=  1

 NUMBER OF EQUATIONS ASSOCIATED WITH SEGMENT NO.  1
 EQUALS  44; NO. OF CONSTRAINT PTS. EQUALS  1
 BLOCK NUMBER=  1 LAST EQ. IN BLOCK=   44 LOWEST UNK IN BLOCK=    1. MAX. OFF-DIAGONAL WIDTH=   10

 ****************************************


 PRESSURE MULTIPLIER, P=   0.000000E+00, TEMPERATURE MULTIPLIER,TEMP =   0.000000E+00
 ANGULAR VELOCITY, OMEGA=   0.000000E+00

 RING NO.   1, AXIAL LOAD/LENGTH =   0.000000E+00
 RADIAL LOAD/LENGTH =   0.000000E+00, MOMENT/LENGTH =   0.000000E+00

 RING NO.   2, AXIAL LOAD/LENGTH =   0.000000E+00
 RADIAL LOAD/LENGTH =   0.000000E+00, MOMENT/LENGTH =   0.000000E+00


 ****************************************

  NUMBER OF NEWTON-RAPHSON ITERATIONS REQUIRED FOR  CONVERGENCE = ITER =  1

 FIXED PART OF AXISYMMETRIC PRESTRESS STATE.
 THESE QUANTITIES ARE NOT MULTIPLIED BY EIGENVALUE.

 PRESTRESS-- MERIDIONAL RESULTANT, N10   CIRCUMFERENTIAL RESULTANT,N20  MERIDIONAL ROTATION, CHIO   FOR SEGMENT   1

       1                     0.00000000E+00                     0.00000000E+00                     0.00000000E+00
       2                     0.00000000E+00                     0.00000000E+00                     0.00000000E+00
       3                     0.00000000E+00                     0.00000000E+00                     0.00000000E+00
       4                     0.00000000E+00                     0.00000000E+00                     0.00000000E+00
       5                     0.00000000E+00                     0.00000000E+00                     0.00000000E+00
       6                     0.00000000E+00                     0.00000000E+00                     0.00000000E+00
       7                     0.00000000E+00                     0.00000000E+00                     0.00000000E+00
       8                     0.00000000E+00                     0.00000000E+00                     0.00000000E+00
       9                     0.00000000E+00                     0.00000000E+00                     0.00000000E+00
      10                     0.00000000E+00                     0.00000000E+00                     0.00000000E+00
      11                     0.00000000E+00                     0.00000000E+00                     0.00000000E+00
      12                     0.00000000E+00                     0.00000000E+00                     0.00000000E+00

 HOOP FORCE IN DISCRETE RING NO.   1 =      0.00000000E+00

 HOOP FORCE IN DISCRETE RING NO.   2 =      0.00000000E+00

 ****************************************


 PRESSURE MULTIPLIER, P=   0.000000E+00, TEMPERATURE MULTIPLIER,TEMP =   0.000000E+00
 ANGULAR VELOCITY, OMEGA=   0.000000E+00

 RING NO.   1, AXIAL LOAD/LENGTH =   0.000000E+00
 RADIAL LOAD/LENGTH =  -0.453000E+00, MOMENT/LENGTH =   0.000000E+00

 RING NO.   2, AXIAL LOAD/LENGTH =   0.000000E+00
 RADIAL LOAD/LENGTH =   0.000000E+00, MOMENT/LENGTH =   0.000000E+00


 ****************************************

  NUMBER OF NEWTON-RAPHSON ITERATIONS REQUIRED FOR  CONVERGENCE = ITER =  1

 TOTAL PRESTRESS STATE. THESE QUANTITIES MINUS
 CORRESPONDING FIXED QUANTITIES ARE MULTIPLIED BY EIGENVALUE.

 PRESTRESS-- MERIDIONAL RESULTANT, N10   CIRCUMFERENTIAL RESULTANT,N20  MERIDIONAL ROTATION, CHIO   FOR SEGMENT   1

       1                    -3.57113369E-02                    -4.22583878E-01                     0.00000000E+00
       2                    -3.49472985E-02                    -4.23347980E-01                     0.00000000E+00
       3                    -3.28756198E-02                    -4.25419599E-01                     0.00000000E+00
       4                    -3.00516784E-02                    -4.28243577E-01                     0.00000000E+00
       5                    -2.71295607E-02                    -4.31165725E-01                     0.00000000E+00
       6                    -2.41426229E-02                    -4.34152663E-01                     0.00000000E+00
       7                    -2.10889429E-02                    -4.37206328E-01                     0.00000000E+00
       8                    -1.79665387E-02                    -4.40328717E-01                     0.00000000E+00
       9                    -1.47733092E-02                    -4.43521976E-01                     0.00000000E+00
      10                    -1.15485191E-02                    -4.46746737E-01                     0.00000000E+00
      11                    -9.09458101E-03                    -4.49200660E-01                     0.00000000E+00
      12                    -8.16885568E-03                    -4.50126320E-01                     0.00000000E+00

 HOOP FORCE IN DISCRETE RING NO.   1 =     -2.21863532E+00

 HOOP FORCE IN DISCRETE RING NO.   2 =     -3.98804136E-02

 BUCKLING LOADS FOLLOW
 CIRCUMFERENTIAL WAVE NUMBER, N =       2

 EIGENVALUES =
    4.11466E+02

 CRITICAL LOAD COMBINATION FOR EIGENVALUE NO.  1 FOLLOWS


 ANALYSIS TYPE (INDIC) = 1
 NEWTON-RAPHSON ITERATIONS REQUIRED FOR LAST PRESTRESS SOLUTION = 1

 PRESSURE, TEMPERATURE RISE, ANGULAR VELOCITY AND LINE LOADS FOLLOW...

 PRESSURE MULTIPLIER =   0.000000E+00, TEMPERATURE MULTIPLIER =   0.000000E+00
  ANGULAR VELOCITY=   0.000000E+00

 LINE LOADS FOLLOW

 I =  1 AXIAL LOAD/LENGTH V(I)=  0.0000E+00
 RADIAL LOAD/LENGTH H(I)= -1.8639E+02 MOMENT/LENGTH M(I)=  0.0000E+00
 I =  2 AXIAL LOAD/LENGTH V(I)=  0.0000E+00
 RADIAL LOAD/LENGTH H(I)=  0.0000E+00 MOMENT/LENGTH M(I)=  0.0000E+00

 BUCKLING LOADS FOLLOW
 CIRCUMFERENTIAL WAVE NUMBER, N =      10

 EIGENVALUES =
    1.61174E+03

 CRITICAL LOAD COMBINATION FOR EIGENVALUE NO.  1 FOLLOWS


 ANALYSIS TYPE (INDIC) = 1
 NEWTON-RAPHSON ITERATIONS REQUIRED FOR LAST PRESTRESS SOLUTION = 1

 PRESSURE, TEMPERATURE RISE, ANGULAR VELOCITY AND LINE LOADS FOLLOW...

 PRESSURE MULTIPLIER =   0.000000E+00, TEMPERATURE MULTIPLIER =   0.000000E+00
  ANGULAR VELOCITY=   0.000000E+00

 LINE LOADS FOLLOW

 I =  1 AXIAL LOAD/LENGTH V(I)=  0.0000E+00
 RADIAL LOAD/LENGTH H(I)= -7.3012E+02 MOMENT/LENGTH M(I)=  0.0000E+00
 I =  2 AXIAL LOAD/LENGTH V(I)=  0.0000E+00
 RADIAL LOAD/LENGTH H(I)=  0.0000E+00 MOMENT/LENGTH M(I)=  0.0000E+00

 **** CRITICAL EIGENVALUE AND WAVENUMBER ****
 EIGCRT=  4.1147E+02; NO. OF CIRC. WAVES, NWVCRT=    2
 ****************************************************

 ***** EIGENVALUES AND MODE SHAPES *****
  EIGENVALUE(CIRC. WAVES)
 =======================================
    4.1147E+02(   2)
    1.6117E+03(  10)
 =======================================
  ENTERING BOSOR4 POSTPROCESSOR...

 BUCKLING LOADS AND MODES FOLLOW

 CIRCUMFERENTIAL WAVE NUMBER, N =      2

 EIGENVALUES =
   4.115E+02

 CRITICAL LOAD COMBINATION FOR EIGENVALUE NO.  1 FOLLOWS


 ANALYSIS TYPE (INDIC) = 1
 NEWTON-RAPHSON ITERATIONS REQUIRED FOR LAST PRESTRESS SOLUTION = 1

 PRESSURE, TEMPERATURE RISE, ANGULAR VELOCITY, AND LINE LOADS FOLLOW...

 PRESSURE MULTIPLIER    (LOAD SYSTEM "A") =   0.000000E+00
 TEMPERATURE MULTIPLIER (LOAD SYSTEM "A") =   0.000000E+00
 ANGULAR VELOCITY, OMEGA                  =   0.000000E+00

 LINE LOADS FOLLOW...(LOAD SYSTEM "A")

 I =  1, AXIAL LOAD/LENGTH V(I)=  0.0000E+00
 RADIAL LOAD/LENGTH H(I)= -1.8639E+02 MOMENT/LENGTH M(I)=  0.0000E+00
 I =  2, AXIAL LOAD/LENGTH V(I)=  0.0000E+00
 RADIAL LOAD/LENGTH H(I)=  0.0000E+00 MOMENT/LENGTH M(I)=  0.0000E+00

 LINE LOADS FOLLOW...(LOAD SYSTEM "B")

 I =  1, AXIAL LOAD/LENGTH VFIX(I)=  0.0000E+00
 RADIAL LOAD/LENGTH HFIX(I)=  0.0000E+00 MOMENT/LENGTH MFIX(I)=  0.0000E+00
 I =  2, AXIAL LOAD/LENGTH VFIX(I)=  0.0000E+00
 RADIAL LOAD/LENGTH HFIX(I)=  0.0000E+00 MOMENT/LENGTH MFIX(I)=  0.0000E+00

 MODE SHAPE FOR EIGENVALUE NO.  1 FOLLOWS

 BUCKLING MODE FOR SEGMENT  1

 POINT    STATION       U            V            W
        (ARC LENGTH)  MERID.      CIRCUMF.      NORMAL
                    DISPLACEMENT   DISP.    DISPLACEMENT

    1   0.000E+00   1.000E+00  -5.195E-01  -3.904E-23
    2   1.027E-02   1.000E+00  -5.222E-01   4.936E-08
    3   3.780E-02   9.999E-01  -5.297E-01   6.685E-07
    4   7.467E-02   9.998E-01  -5.397E-01   2.549E-06
    5   1.120E-01   9.997E-01  -5.499E-01   5.572E-06
    6   1.493E-01   9.995E-01  -5.600E-01   9.564E-06
    7   1.867E-01   9.992E-01  -5.702E-01   1.434E-05
    8   2.240E-01   9.989E-01  -5.805E-01   1.971E-05
    9   2.613E-01   9.985E-01  -5.908E-01   2.549E-05
   10   2.982E-01   9.981E-01  -6.010E-01   3.143E-05
   11   3.257E-01   9.977E-01  -6.086E-01   3.594E-05
   12   3.360E-01   9.976E-01  -6.115E-01   3.762E-05

 BUCKLING LOADS AND MODES FOLLOW

 CIRCUMFERENTIAL WAVE NUMBER, N =     10

 EIGENVALUES =
   1.612E+03

 CRITICAL LOAD COMBINATION FOR EIGENVALUE NO.  1 FOLLOWS


 ANALYSIS TYPE (INDIC) = 1
 NEWTON-RAPHSON ITERATIONS REQUIRED FOR LAST PRESTRESS SOLUTION = 1

 PRESSURE, TEMPERATURE RISE, ANGULAR VELOCITY, AND LINE LOADS FOLLOW...

 PRESSURE MULTIPLIER    (LOAD SYSTEM "A") =   0.000000E+00
 TEMPERATURE MULTIPLIER (LOAD SYSTEM "A") =   0.000000E+00
 ANGULAR VELOCITY, OMEGA                  =   0.000000E+00

 LINE LOADS FOLLOW...(LOAD SYSTEM "A")

 I =  1, AXIAL LOAD/LENGTH V(I)=  0.0000E+00
 RADIAL LOAD/LENGTH H(I)= -7.3012E+02 MOMENT/LENGTH M(I)=  0.0000E+00
 I =  2, AXIAL LOAD/LENGTH V(I)=  0.0000E+00
 RADIAL LOAD/LENGTH H(I)=  0.0000E+00 MOMENT/LENGTH M(I)=  0.0000E+00

 LINE LOADS FOLLOW...(LOAD SYSTEM "B")

 I =  1, AXIAL LOAD/LENGTH VFIX(I)=  0.0000E+00
 RADIAL LOAD/LENGTH HFIX(I)=  0.0000E+00 MOMENT/LENGTH MFIX(I)=  0.0000E+00
 I =  2, AXIAL LOAD/LENGTH VFIX(I)=  0.0000E+00
 RADIAL LOAD/LENGTH HFIX(I)=  0.0000E+00 MOMENT/LENGTH MFIX(I)=  0.0000E+00

 MODE SHAPE FOR EIGENVALUE NO.  1 FOLLOWS

 BUCKLING MODE FOR SEGMENT  1

 POINT    STATION       U            V            W
        (ARC LENGTH)  MERID.      CIRCUMF.      NORMAL
                    DISPLACEMENT   DISP.    DISPLACEMENT

    1   0.000E+00   2.116E-12  -5.188E-13   5.200E-19
    2   1.027E-02   2.111E-12  -5.322E-13   1.668E-03
    3   3.780E-02   2.098E-12  -5.687E-13   2.256E-02
    4   7.467E-02   2.082E-12  -6.196E-13   8.192E-02
    5   1.120E-01   2.065E-12  -6.744E-13   1.725E-01
    6   1.493E-01   2.049E-12  -7.336E-13   2.866E-01
    7   1.867E-01   2.032E-12  -7.983E-13   4.173E-01
    8   2.240E-01   2.015E-12  -8.696E-13   5.583E-01
    9   2.613E-01   1.998E-12  -9.488E-13   7.040E-01
   10   2.982E-01   1.979E-12  -1.036E-12   8.481E-01
   11   3.257E-01   1.964E-12  -1.107E-12   9.540E-01
   12   3.360E-01   1.958E-12  -1.135E-12   9.930E-01
