
 START READING DATA FOR THIS CASE

 Please provide a title (42 characters or less)...

UNIFORMLY LOADED FLAT PLATE                                             

 PLEASE PROVIDE DATA FOR SEGMENT NO.  1


 SEGMENT NO.  1 IS A CYLINDER OR CONE.
      END POINT COORDINATES (0.0000E+00,0.0000E+00) AND (0.1000E+02,0.0000E+00)

 SURFACE LOADS FOR LOAD SYSTEM "A", SEGMENT NO.  1

 POINTERS TO CIRCUMFERENTIAL HARMONICS OF LOADING    0    0    0    0    0    0    1    0    0    0    0    0

                                         PHYSICAL PROPERTIES OF SEGMENT NO.   1

 MATERIAL PROPERTIES FOR MATERIAL TYPE  1
  This segment wall is laminated composite.
  Seg. No.   1, NWALL =4
  End point of this segment is at node 13

 WALL STIFFNESS COEFFICIENTS,CIJ, AND MASS/AREA, SMPA FOR SEGMENT NUMBER   1
   C11      C12      C14      C15      C22      C24      C25      C44      C45      C55      C33      C36      C66   SMPA

 1.10E+06 3.30E+05 6.05E-03 1.96E-03 1.10E+06 1.96E-03 6.05E-03 9.16E+02 2.75E+02 9.16E+02 4.84E+05-2.53E-03 4.03E+02 2.50E-05
 1.10E+06 3.30E+05 6.05E-03 1.96E-03 1.10E+06 1.96E-03 6.05E-03 9.16E+02 2.75E+02 9.16E+02 4.84E+05-2.53E-03 4.03E+02 2.50E-05
 1.10E+06 3.30E+05 6.05E-03 1.96E-03 1.10E+06 1.96E-03 6.05E-03 9.16E+02 2.75E+02 9.16E+02 4.84E+05-2.53E-03 4.03E+02 2.50E-05
 1.10E+06 3.30E+05 6.05E-03 1.96E-03 1.10E+06 1.96E-03 6.05E-03 9.16E+02 2.75E+02 9.16E+02 4.84E+05-2.53E-03 4.03E+02 2.50E-05
 1.10E+06 3.30E+05 6.05E-03 1.96E-03 1.10E+06 1.96E-03 6.05E-03 9.16E+02 2.75E+02 9.16E+02 4.84E+05-2.53E-03 4.03E+02 2.50E-05
 1.10E+06 3.30E+05 6.05E-03 1.96E-03 1.10E+06 1.96E-03 6.05E-03 9.16E+02 2.75E+02 9.16E+02 4.84E+05-2.53E-03 4.03E+02 2.50E-05
 1.10E+06 3.30E+05 6.05E-03 1.96E-03 1.10E+06 1.96E-03 6.05E-03 9.16E+02 2.75E+02 9.16E+02 4.84E+05-2.53E-03 4.03E+02 2.50E-05
 1.10E+06 3.30E+05 6.05E-03 1.96E-03 1.10E+06 1.96E-03 6.05E-03 9.16E+02 2.75E+02 9.16E+02 4.84E+05-2.53E-03 4.03E+02 2.50E-05
 1.10E+06 3.30E+05 6.05E-03 1.96E-03 1.10E+06 1.96E-03 6.05E-03 9.16E+02 2.75E+02 9.16E+02 4.84E+05-2.53E-03 4.03E+02 2.50E-05
 1.10E+06 3.30E+05 6.05E-03 1.96E-03 1.10E+06 1.96E-03 6.05E-03 9.16E+02 2.75E+02 9.16E+02 4.84E+05-2.53E-03 4.03E+02 2.50E-05
 1.10E+06 3.30E+05 6.05E-03 1.96E-03 1.10E+06 1.96E-03 6.05E-03 9.16E+02 2.75E+02 9.16E+02 4.84E+05-2.53E-03 4.03E+02 2.50E-05
 1.10E+06 3.30E+05 6.05E-03 1.96E-03 1.10E+06 1.96E-03 6.05E-03 9.16E+02 2.75E+02 9.16E+02 4.84E+05-2.53E-03 4.03E+02 2.50E-05
 1.10E+06 3.30E+05 6.05E-03 1.96E-03 1.10E+06 1.96E-03 6.05E-03 9.16E+02 2.75E+02 9.16E+02 4.84E+05-2.53E-03 4.03E+02 2.50E-05

 SHELL WALL MASS OF SEGMENT NO.  1 =   7.8933E-03
 (DISCRETE RINGS NOT INCLUDED)


 ***************************************
 TOTAL FORCES AND MOMENTS FROM APPLIED LOADS. THE FORCES AND
 MOMENTS OCCUR AT THE ORIGIN OF THE GLOBAL X,Y,Z AXIS SYSTEM,
 WHICH IS LOCATED AT AXIAL STATION Z=0. NOTE THAT THE TOTAL
 FORCES AND MOMENTS ARE NOT APPLIED AT THE C.G. OF THE
 STRUCTURE, WHICH IS AT AXIAL LOCATION ZCM=  0.0000E+00, BUT
 THEY ARE APPLIED AT AXIAL STATION Z = 0.

 NOTE: IN ORDER FOR THE MASS PROPERTIES AND DYNAMIC REACTIONS
 TO BE PROPERLY COMPUTED, THE GEOMETRY OF EVERY SEGMENT IN
 THE ENTIRE STRUCTURE MUST BE EXPRESSED IN TERMS OF THE
 GLOBAL AXIAL COORDINATE, Z.  THAT IS, YOU MUST HAVE PROVIDED
 AS INPUT FOR EACH SEGMENT THE GLOBAL Z COORDINATES.

 TOTAL FORCES FROM LOAD SET A...
  X-DIRECTION (THETA=  0 DEG.), FX(1) =               0.0000E+00
  Y-DIRECTION (THETA=270 DEG.), FY(1) =               0.0000E+00
  Z-DIRECTION (AXIAL UPWARD)  , FZ(1) =               0.0000E+00
 TOTAL MOMENTS FROM LOAD SET A...
  ABOUT X-AXIS                , MX(1) =               0.0000E+00
  ABOUT Y-AXIS                , MY(1) =               0.0000E+00
  ABOUT Z-AXIS                , MZ(1) =               0.0000E+00


 TOTAL FORCES FROM LOAD SET B...
  X-DIRECTION (THETA=  0 DEG.), FX(2) =               0.0000E+00
  Y-DIRECTION (THETA=270 DEG.), FY(2) =               0.0000E+00
  Z-DIRECTION (AXIAL)         , FZ(2) =               0.0000E+00
 TOTAL MOMENTS FROM LOAD SET B...
  ABOUT X-AXIS                , MX(2) =               0.0000E+00
  ABOUT Y-AXIS                , MY(2) =               0.0000E+00
  ABOUT Z-AXIS                , MZ(2) =               0.0000E+00


 TOTAL MASS, LOCATION OF C.G., MASS MOMENTS OF INERTIA
   TOTAL MASS, M (e.g. lb-sec**2/in)          M =     7.8540E-03
   POLAR MASS MOMENT OF INERTIA,             IZ =     3.9093E-01
   MASS MOMENT OF INERTIA ABOUT C.G.        ICM =     1.9546E-01
   AXIAL POSITION OF THE C.G.               ZCM =     0.0000E+00


 ***************** TOTAL MASS *******************
 TOTMAS =  7.8540E-03
 ********************************************************
  CONSTRAINT CONDITIONS FOR SEGMENT NO. ISEG =           1
  Endpoint of this segment is at Nodal Point No.          13
  The current segment is Segment No. ISEG =           1

 STRESS ANALYSIS INCLUDING NONLINEAR EFFECTS. THIS
 ANALYSIS YIELDS THE AXISYMMETRIC PREBUCKLING STRESSES
 AND DISPLACEMENTS FOR A GIVEN VALUE OR SEQUENCE OF
 VALUES OF THE APPLIED LOAD OR LOADS.


 ANALYSIS TYPE =   0, PRINT OPTION =  1, PLOT OPTION =  1, STRESS OPTION =  1
, PRESTRESS CALCULATION OPTION= 1

 NUMBER OF SHELL SEGMENTS =   1


 STRESS CALCULATED FOR CIRCUMFERENTIAL WAVES FROM       0 TO       0 IN INCREMENTS OF       1

 INITIAL BUCKLING OR VIBRATION WAVE NO.=      0, MINIMUM WAVE NO.=      0, MAXIMUM WAVE NO.=      0, INCREMENT=      1

    1 EIGENVALUES SOUGHT FOR EACH CIRCUMFERENTIAL WAVE NUMBER.


                                              CONSTRAINT CONDITION DATA FOLLOW

 SEG. POINT CONNECTED TO SEG. POINT     USTAR VSTAR WSTAR BETA     RADIAL DISC. D1(I)   AXIAL DISC. D2(I)

   1     1                 1     1        0     0     0     0      0.00000000E+00      0.00000000E+00
   1    11                 1    11        1     1     0     0      0.00000000E+00      0.00000000E+00

 CONSTRAINT CONDITIONS FOR STABILITY OR VIBRATION PROBLEM FOLLOW

 SEG. POINT CONNECTED TO SEG. POINT     USTAR VSTAR WSTAR BETA     RADIAL DISC. D1(I)   AXIAL DISC. D2(I)

   1     1                 1     1        0     0     0     0      0.00000000E+00      0.00000000E+00
   1    11                 1    11        1     1     0     0      0.00000000E+00      0.00000000E+00

 PRESSURE MULTIPLIER P =  1.0000E-03, INCREMENT DP=  9.9900E-01
 TEMPERATURE MULT.TEMP=  0.0000E+00, INCREMENT DTEMP=  0.0000E+00

 INITIAL LOAD, FSTART =  1.0000E+00, MAXIMUM LOAD, FMAX=  2.0010E+00
 STEP SIZE, DF=  1.0000E+00

 ANGULAR VELOCITY, OMEGA=   0.000E+00   INCREMENT IN OMEGA, DOMEGA=   0.000E+00

 GLOBAL (AXIAL,RADIAL) COORDINATES FOR ENTIRE MODEL.
 NUMBER OF FINITE ELEMENTS IN ENTIRE MODEL, I2=  13
 ELEMENT NO.   GLOBAL AXIAL COORDINATE   GLOBAL RADIAL COORD.
      1           0.00000000E+00           0.00000000E+00
      2           0.00000000E+00           2.75000006E-01
      3           0.00000000E+00           1.01250005E+00
      4           0.00000000E+00           2.00000000E+00
      5           0.00000000E+00           3.00000000E+00
      6           0.00000000E+00           4.00000000E+00
      7           0.00000000E+00           5.00000000E+00
      8           0.00000000E+00           6.00000000E+00
      9           0.00000000E+00           7.00000000E+00
     10           0.00000000E+00           8.00000000E+00
     11           0.00000000E+00           8.98750019E+00
     12           0.00000000E+00           9.72500038E+00
     13           0.00000000E+00           1.00000000E+01

 AXISYMMETRIC PRESTRESS INPUT CONSTRAINT CONDITIONS FOLLOW

 CONSTRAINT NO.   1  SEGMENT NO.   1 POINT  1 CONNECTED TO SEGMENT NO.   1 POINT  1 TYPE OF CONSTRAINT = 1
 CONSTRAINT NO.   2  SEGMENT NO.   1 POINT 13 CONNECTED TO SEGMENT NO.   1 POINT 13 TYPE OF CONSTRAINT = 2

 LOCAL MATRIX DIMENSION= 5, OVERLAP= 3 NO. CONSTRAINT CONDS. PER CONSTRAINT POINT= 3 SYSTEM RANK=   35 NUMBER OF BLOCKS=  1

 NUMBER OF EQUATIONS ASSOCIATED WITH SEGMENT NO.  1
 EQUALS  35; NO. OF CONSTRAINT PTS. EQUALS  2
 BLOCK NUMBER=  1 LAST EQ. IN BLOCK=   35 LOWEST UNK IN BLOCK=    1. MAX. OFF-DIAGONAL WIDTH=    7

 ****************************************


 PRESSURE MULTIPLIER, P=   9.999871E-04, TEMPERATURE MULTIPLIER,TEMP =   0.000000E+00
 ANGULAR VELOCITY, OMEGA=   0.000000E+00

  NUMBER OF NEWTON-RAPHSON ITERATIONS REQUIRED FOR  CONVERGENCE = ITER =  1

 OUTPUT FOR LOAD STEP NO.  1

                         AXISYMMETRIC PRESTRESS DISTRIBUTION FOR SEGMENT 1

 POINT   STATION        W0         U0          BETA        UV          N10         N20         M10         M20
       (ARC LENGTH)   NORMAL   MERIDIONAL     MERID.      AXIAL       MERID.     CIRCUMF.     MERID.     CIRCUMF.
                      DISP.   DISPLACEMENT     ROT.       DISP.     RESULTANT   RESULTANT    MOMENT      MOMENT

    1   0.000E+00   7.022E-04   2.100E-26   8.674E-19  -7.022E-04   1.551E-03   1.551E-03  -2.012E-02  -2.012E-02

 ***** Axial displacement, UV *******
 ENDUV = -7.0221E-04
 ************************************************
    2   2.750E-01   7.016E-04   2.866E-10  -4.776E-06  -7.016E-04   1.497E-03   1.491E-03  -2.072E-02  -2.069E-02
    3   1.013E+00   6.933E-04   9.723E-10  -1.753E-05  -6.933E-04   1.446E-03   1.394E-03  -2.053E-02  -2.059E-02
    4   2.000E+00   6.676E-04   1.611E-09  -3.423E-05  -6.676E-04   1.376E-03   1.218E-03  -1.991E-02  -2.024E-02
    5   3.000E+00   6.250E-04   1.688E-09  -5.033E-05  -6.250E-04   1.278E-03   9.459E-04  -1.888E-02  -1.964E-02
    6   4.000E+00   5.669E-04   9.759E-10  -6.520E-05  -5.669E-04   1.151E-03   5.891E-04  -1.744E-02  -1.881E-02
    7   5.000E+00   4.947E-04  -6.642E-10  -7.842E-05  -4.947E-04   9.959E-04   1.659E-04  -1.558E-02  -1.774E-02
    8   6.000E+00   4.101E-04  -3.281E-09  -8.961E-05  -4.101E-04   8.187E-04  -3.014E-04  -1.331E-02  -1.644E-02
    9   7.000E+00   3.154E-04  -6.821E-09  -9.833E-05  -3.154E-04   6.239E-04  -7.874E-04  -1.063E-02  -1.489E-02
   10   8.000E+00   2.134E-04  -1.112E-08  -1.042E-04  -2.134E-04   4.177E-04  -1.265E-03  -7.536E-03  -1.311E-02
   11   8.988E+00   1.084E-04  -1.587E-08  -1.067E-04  -1.084E-04   2.090E-04  -1.703E-03  -4.014E-03  -1.110E-02
   12   9.725E+00   2.913E-05  -1.954E-08  -1.064E-04  -2.913E-05   5.660E-05  -1.993E-03  -7.988E-05  -9.137E-03
   13   1.000E+01  -1.869E-14  -2.092E-08  -1.055E-04   1.869E-14   2.956E-11  -2.092E-03  -2.165E-10  -8.789E-03

 ****** MAXIMUM EFFECTIVE STRESS IN ISOTROPIC WALL ******
 STRMAX=  0.0000E+00
 ******************************************************

                         AXISYMMETRIC PRESTRESS DISTRIBUTION FOR SEGMENT 1

 POINT    STATION       W0         U0       EPSILON 1  EPSILON 2   KAPPA 1      KAPPA 2 
       (ARC LENGTH)   NORMAL   MERIDIONAL    MERID.     CIRCUMF.    MERID.      CIRCUMF.
                       DISP.  DISPLACEMENT    STRAIN     STRAIN     CHANGES IN CURVATURE

    1   0.000E+00   7.022E-04   2.100E-26   1.086E-09   1.086E-09  -1.690E-05  -1.690E-05   0.000E+00   0.000E+00
    2   2.750E-01   7.016E-04   2.866E-10   1.049E-09   1.042E-09  -1.741E-05  -1.737E-05   0.000E+00   0.000E+00
    3   1.013E+00   6.933E-04   9.723E-10   1.028E-09   9.603E-10  -1.723E-05  -1.731E-05   0.000E+00   0.000E+00
    4   2.000E+00   6.676E-04   1.611E-09   1.011E-09   8.055E-10  -1.661E-05  -1.712E-05   0.000E+00   0.000E+00
    5   3.000E+00   6.250E-04   1.688E-09   9.946E-10   5.625E-10  -1.558E-05  -1.678E-05   0.000E+00   0.000E+00
    6   4.000E+00   5.669E-04   9.759E-10   9.739E-10   2.440E-10  -1.415E-05  -1.630E-05   0.000E+00   0.000E+00
    7   5.000E+00   4.947E-04  -6.642E-10   9.463E-10  -1.328E-10  -1.231E-05  -1.568E-05   0.000E+00   0.000E+00
    8   6.000E+00   4.101E-04  -3.281E-09   9.091E-10  -5.469E-10  -1.006E-05  -1.493E-05   0.000E+00   0.000E+00
    9   7.000E+00   3.154E-04  -6.821E-09   8.602E-10  -9.745E-10  -7.394E-06  -1.405E-05   0.000E+00   0.000E+00
   10   8.000E+00   2.134E-04  -1.112E-08   7.972E-10  -1.390E-09  -4.322E-06  -1.302E-05   0.000E+00   0.000E+00
   11   8.988E+00   1.084E-04  -1.587E-08   7.198E-10  -1.765E-09  -8.204E-07  -1.188E-05   0.000E+00   0.000E+00
   12   9.725E+00   2.913E-05  -1.954E-08   6.544E-10  -2.010E-09   3.194E-06  -1.094E-05   0.000E+00   0.000E+00
   13   1.000E+01  -1.869E-14  -2.092E-08   6.322E-10  -2.092E-09   3.188E-06  -1.055E-05   0.000E+00   0.000E+00

 ****** MAXIMUM EFFECTIVE STRESS IN ISOTROPIC WALL ******
 STRMAX=  0.0000E+00
 ******************************************************

 MERIDIONAL DISTRIBUTION OF SUPERPOSED QUANTITIES CORRESPONDING
 TO CIRCUMFERENTIAL STATION, THETA=   0.0000E+00 DEG.

 STRESS RESULTANTS OR STRESSES OR STRAINS AND
 CHANGES IN CURVATURE IN SEGMENT NUMBER     1     1     1     1     1
 **** RESULTS FROM APPLICATION OF LOAD SYSTEM "A" ****

 MATL.  LOCATION  IN  PANEL   WINDING   IN-PLANE STRESSES IN MATL COORDS.  MODE OF        EFFECTIVE   ALLOWABLE
 TYPE  SEG. NODE LAYER    Z    ANGLE     SIG1        SIG2        SIG12     FAILURE         STRESS      STRESS
   1    1     1    1 -5.00E-02   0.0 -1.2057E+01 -1.2057E+01  0.0000E+00   no failure   
   1    1     1    1 -3.00E-02   0.0 -7.2278E+00 -7.2278E+00  0.0000E+00   no failure   
   1    1     1    2 -3.00E-02   0.0 -7.2278E+00 -7.2278E+00  0.0000E+00   no failure   
   1    1     1    2  5.00E-02   0.0  1.2088E+01  1.2088E+01  0.0000E+00   no failure   
   1    1     2    1 -5.00E-02   0.0 -1.2416E+01 -1.2398E+01  0.0000E+00   no failure   
   1    1     2    1 -3.00E-02   0.0 -7.4435E+00 -7.4328E+00  0.0000E+00   no failure   
   1    1     2    2 -3.00E-02   0.0 -7.4435E+00 -7.4328E+00  0.0000E+00   no failure   
   1    1     2    2  5.00E-02   0.0  1.2446E+01  1.2428E+01  0.0000E+00   no failure   
   1    1     3    1 -5.00E-02   0.0 -1.2305E+01 -1.2338E+01  0.0000E+00   no failure   
   1    1     3    1 -3.00E-02   0.0 -7.3772E+00 -7.3971E+00  0.0000E+00   no failure   
   1    1     3    2 -3.00E-02   0.0 -7.3772E+00 -7.3971E+00  0.0000E+00   no failure   
   1    1     3    2  5.00E-02   0.0  1.2334E+01  1.2366E+01  0.0000E+00   no failure   
   1    1     4    1 -5.00E-02   0.0 -1.1934E+01 -1.2130E+01  0.0000E+00   no failure   
   1    1     4    1 -3.00E-02   0.0 -7.1546E+00 -7.2731E+00  0.0000E+00   no failure   
   1    1     4    2 -3.00E-02   0.0 -7.1546E+00 -7.2731E+00  0.0000E+00   no failure   
   1    1     4    2  5.00E-02   0.0  1.1961E+01  1.2154E+01  0.0000E+00   no failure   
   1    1     5    1 -5.00E-02   0.0 -1.1315E+01 -1.1777E+01  0.0000E+00   no failure   
   1    1     5    1 -3.00E-02   0.0 -6.7840E+00 -7.0624E+00  0.0000E+00   no failure   
   1    1     5    2 -3.00E-02   0.0 -6.7840E+00 -7.0624E+00  0.0000E+00   no failure   
   1    1     5    2  5.00E-02   0.0  1.1341E+01  1.1796E+01  0.0000E+00   no failure   
   1    1     6    1 -5.00E-02   0.0 -1.0450E+01 -1.1282E+01  0.0000E+00   no failure   
   1    1     6    1 -3.00E-02   0.0 -6.2655E+00 -6.7669E+00  0.0000E+00   no failure   
   1    1     6    2 -3.00E-02   0.0 -6.2655E+00 -6.7669E+00  0.0000E+00   no failure   
   1    1     6    2  5.00E-02   0.0  1.0473E+01  1.1294E+01  0.0000E+00   no failure   
   1    1     7    1 -5.00E-02   0.0 -9.3379E+00 -1.0645E+01  0.0000E+00   no failure   
   1    1     7    1 -3.00E-02   0.0 -5.5987E+00 -6.3864E+00  0.0000E+00   no failure   
   1    1     7    2 -3.00E-02   0.0 -5.5987E+00 -6.3864E+00  0.0000E+00   no failure   
   1    1     7    2  5.00E-02   0.0  9.3578E+00  1.0648E+01  0.0000E+00   no failure   
   1    1     8    1 -5.00E-02   0.0 -7.9784E+00 -9.8662E+00  0.0000E+00   no failure   
   1    1     8    1 -3.00E-02   0.0 -4.7838E+00 -5.9209E+00  0.0000E+00   no failure   
   1    1     8    2 -3.00E-02   0.0 -4.7838E+00 -5.9209E+00  0.0000E+00   no failure   
   1    1     8    2  5.00E-02   0.0  7.9948E+00  9.8601E+00  0.0000E+00   no failure   
   1    1     9    1 -5.00E-02   0.0 -6.3716E+00 -8.9448E+00  0.0000E+00   no failure   
   1    1     9    1 -3.00E-02   0.0 -3.8205E+00 -5.3700E+00  0.0000E+00   no failure   
   1    1     9    2 -3.00E-02   0.0 -3.8205E+00 -5.3700E+00  0.0000E+00   no failure   
   1    1     9    2  5.00E-02   0.0  6.3841E+00  8.9291E+00  0.0000E+00   no failure   
   1    1    10    1 -5.00E-02   0.0 -4.5174E+00 -7.8809E+00  0.0000E+00   no failure   
   1    1    10    1 -3.00E-02   0.0 -2.7088E+00 -4.7336E+00  0.0000E+00   no failure   
   1    1    10    2 -3.00E-02   0.0 -2.7088E+00 -4.7336E+00  0.0000E+00   no failure   
   1    1    10    2  5.00E-02   0.0  4.5258E+00  7.8556E+00  0.0000E+00   no failure   
   1    1    11    1 -5.00E-02   0.0 -2.4065E+00 -6.6784E+00  0.0000E+00   no failure   
   1    1    11    1 -3.00E-02   0.0 -1.4431E+00 -4.0138E+00  0.0000E+00   no failure   
   1    1    11    2 -3.00E-02   0.0 -1.4431E+00 -4.0138E+00  0.0000E+00   no failure   
   1    1    11    2  5.00E-02   0.0  2.4107E+00  6.6443E+00  0.0000E+00   no failure   
   1    1    12    1 -5.00E-02   0.0 -4.7359E-02 -5.5022E+00  0.0000E+00   no failure   
   1    1    12    1 -3.00E-02   0.0 -2.8189E-02 -3.3093E+00  0.0000E+00   no failure   
   1    1    12    2 -3.00E-02   0.0 -2.8189E-02 -3.3093E+00  0.0000E+00   no failure   
   1    1    12    2  5.00E-02   0.0  4.8491E-02  5.4624E+00  0.0000E+00   no failure   
   1    1    13    1 -5.00E-02   0.0  1.3227E-02 -5.2906E+00  0.0000E+00   no failure   
   1    1    13    1 -3.00E-02   0.0  7.9569E-03 -3.1827E+00  0.0000E+00   no failure   
   1    1    13    2 -3.00E-02   0.0  7.9569E-03 -3.1827E+00  0.0000E+00   no failure   
   1    1    13    2  5.00E-02   0.0 -1.3122E-02  5.2488E+00  0.0000E+00   no failure   

 ****** (ALLOWABLE STRESS)/(ACTUAL STRESS) ********
  1  8.0348E+02   fiber tension : matl=1 ,  A , seg=1 , node=2 , layer=2 ,z=0.
  2  8.0542E+02   fiber compres.: matl=1 ,  A , seg=1 , node=2 , layer=1 ,z=-0
  3  8.0465E+02   transv tension: matl=1 ,  A , seg=1 , node=2 , layer=2 ,z=0.
  4  8.0658E+02   transv compres: matl=1 ,  A , seg=1 , node=2 , layer=1 ,z=-0
 ****************************************************

 ****************************************


 PRESSURE MULTIPLIER, P=   1.000000E+00, TEMPERATURE MULTIPLIER,TEMP =   0.000000E+00
 ANGULAR VELOCITY, OMEGA=   0.000000E+00

  NUMBER OF NEWTON-RAPHSON ITERATIONS REQUIRED FOR  CONVERGENCE = ITER =  8

 OUTPUT FOR LOAD STEP NO.  2

                         AXISYMMETRIC PRESTRESS DISTRIBUTION FOR SEGMENT 1

 POINT   STATION        W0         U0          BETA        UV          N10         N20         M10         M20
       (ARC LENGTH)   NORMAL   MERIDIONAL     MERID.      AXIAL       MERID.     CIRCUMF.     MERID.     CIRCUMF.
                      DISP.   DISPLACEMENT     ROT.       DISP.     RESULTANT   RESULTANT    MOMENT      MOMENT

    1   0.000E+00   2.520E-01   0.000E+00   0.000E+00  -2.520E-01   1.614E+02   1.614E+02  -4.028E+00  -4.028E+00

 ***** Axial displacement, UV *******
 ENDUV = -2.5203E-01
 ************************************************
    2   2.750E-01   2.519E-01   3.041E-05  -1.129E-03  -2.519E-01   1.584E+02   1.581E+02  -4.954E+00  -4.907E+00
    3   1.013E+00   2.499E-01   1.069E-04  -4.350E-03  -2.499E-01   1.553E+02   1.521E+02  -5.269E+00  -5.161E+00
    4   2.000E+00   2.434E-01   1.903E-04  -8.887E-03  -2.434E-01   1.508E+02   1.404E+02  -5.544E+00  -5.366E+00
    5   3.000E+00   2.322E-01   2.313E-04  -1.379E-02  -2.322E-01   1.440E+02   1.203E+02  -5.923E+00  -5.608E+00
    6   4.000E+00   2.158E-01   2.001E-04  -1.910E-02  -2.158E-01   1.343E+02   9.031E+01  -6.376E+00  -5.893E+00
    7   5.000E+00   1.940E-01   6.152E-05  -2.484E-02  -1.940E-01   1.214E+02   4.871E+01  -6.818E+00  -6.186E+00
    8   6.000E+00   1.662E-01  -2.251E-04  -3.092E-02  -1.662E-01   1.047E+02  -6.119E+00  -7.085E+00  -6.420E+00
    9   7.000E+00   1.321E-01  -6.998E-04  -3.700E-02  -1.321E-01   8.394E+01  -7.479E+01  -6.917E+00  -6.479E+00
   10   8.000E+00   9.217E-02  -1.386E-03  -4.243E-02  -9.217E-02   5.905E+01  -1.555E+02  -5.940E+00  -6.202E+00
   11   8.988E+00   4.787E-02  -2.251E-03  -4.610E-02  -4.787E-02   3.083E+01  -2.412E+02  -3.707E+00  -5.387E+00
   12   9.725E+00   1.287E-02  -2.970E-03  -4.699E-02  -1.287E-02   8.618E+00  -3.028E+02  -1.207E-01  -4.063E+00
   13   1.000E+01  -4.343E-24  -3.246E-03  -4.663E-02   4.343E-24  -4.172E-07  -3.246E+02  -1.602E-07  -3.886E+00

 ****** MAXIMUM EFFECTIVE STRESS IN ISOTROPIC WALL ******
 STRMAX=  0.0000E+00
 ******************************************************

                         AXISYMMETRIC PRESTRESS DISTRIBUTION FOR SEGMENT 1

 POINT    STATION       W0         U0       EPSILON 1  EPSILON 2   KAPPA 1      KAPPA 2 
       (ARC LENGTH)   NORMAL   MERIDIONAL    MERID.     CIRCUMF.    MERID.      CIRCUMF.
                       DISP.  DISPLACEMENT    STRAIN     STRAIN     CHANGES IN CURVATURE

    1   0.000E+00   2.520E-01   0.000E+00   1.130E-04   1.130E-04  -3.384E-03  -3.384E-03   0.000E+00   0.000E+00
    2   2.750E-01   2.519E-01   3.041E-05   1.110E-04   1.106E-04  -4.178E-03  -4.106E-03   0.000E+00   0.000E+00
    3   1.013E+00   2.499E-01   1.069E-04   1.097E-04   1.055E-04  -4.465E-03  -4.296E-03   0.000E+00   0.000E+00
    4   2.000E+00   2.434E-01   1.903E-04   1.087E-04   9.515E-05  -4.721E-03  -4.444E-03   0.000E+00   0.000E+00
    5   3.000E+00   2.322E-01   2.313E-04   1.079E-04   7.710E-05  -5.089E-03  -4.597E-03   0.000E+00   0.000E+00
    6   4.000E+00   2.158E-01   2.001E-04   1.072E-04   5.002E-05  -5.530E-03  -4.776E-03   0.000E+00   0.000E+00
    7   5.000E+00   1.940E-01   6.152E-05   1.067E-04   1.230E-05  -5.954E-03  -4.969E-03   0.000E+00   0.000E+00
    8   6.000E+00   1.662E-01  -2.251E-04   1.065E-04  -3.752E-05  -6.191E-03  -5.153E-03   0.000E+00   0.000E+00
    9   7.000E+00   1.321E-01  -6.998E-04   1.064E-04  -9.998E-05  -5.967E-03  -5.285E-03   0.000E+00   0.000E+00
   10   8.000E+00   9.217E-02  -1.386E-03   1.057E-04  -1.733E-04  -4.896E-03  -5.304E-03   0.000E+00   0.000E+00
   11   8.988E+00   4.787E-02  -2.251E-03   1.032E-04  -2.504E-04  -2.510E-03  -5.129E-03   0.000E+00   0.000E+00
   12   9.725E+00   1.287E-02  -2.970E-03   9.945E-05  -3.054E-04   1.318E-03  -4.832E-03   0.000E+00   0.000E+00
   13   1.000E+01  -4.343E-24  -3.246E-03   9.811E-05  -3.246E-04   1.410E-03  -4.663E-03   0.000E+00   0.000E+00

 ****** MAXIMUM EFFECTIVE STRESS IN ISOTROPIC WALL ******
 STRMAX=  0.0000E+00
 ******************************************************

 MERIDIONAL DISTRIBUTION OF SUPERPOSED QUANTITIES CORRESPONDING
 TO CIRCUMFERENTIAL STATION, THETA=   0.0000E+00 DEG.

 STRESS RESULTANTS OR STRESSES OR STRAINS AND
 CHANGES IN CURVATURE IN SEGMENT NUMBER     1     1     1     1     1
 **** RESULTS FROM APPLICATION OF LOAD SYSTEM "A" ****

 MATL.  LOCATION  IN  PANEL   WINDING   IN-PLANE STRESSES IN MATL COORDS.  MODE OF        EFFECTIVE   ALLOWABLE
 TYPE  SEG. NODE LAYER    Z    ANGLE     SIG1        SIG2        SIG12     FAILURE         STRESS      STRESS
   1    1     1    1 -5.00E-02   0.0 -8.0239E+02 -8.0239E+02  0.0000E+00   no failure   
   1    1     1    1 -3.00E-02   0.0  1.6437E+02  1.6437E+02  0.0000E+00   no failure   
   1    1     1    2 -3.00E-02   0.0  1.6437E+02  1.6437E+02  0.0000E+00   no failure   
   1    1     1    2  5.00E-02   0.0  4.0314E+03  4.0314E+03  0.0000E+00   no failure   
   1    1     2    1 -5.00E-02   0.0 -1.3881E+03 -1.3634E+03  0.0000E+00   no failure   
   1    1     2    1 -3.00E-02   0.0 -1.9921E+02 -1.8558E+02  0.0000E+00   no failure   
   1    1     2    2 -3.00E-02   0.0 -1.9921E+02 -1.8558E+02  0.0000E+00   no failure   
   1    1     2    2  5.00E-02   0.0  4.5564E+03  4.5256E+03  0.0000E+00   no failure   
   1    1     3    1 -5.00E-02   0.0 -1.6082E+03 -1.5753E+03  0.0000E+00   no failure   
   1    1     3    1 -3.00E-02   0.0 -3.4367E+02 -3.3668E+02  0.0000E+00   no failure   
   1    1     3    2 -3.00E-02   0.0 -3.4367E+02 -3.3668E+02  0.0000E+00   no failure   
   1    1     3    2  5.00E-02   0.0  4.7144E+03  4.6178E+03  0.0000E+00   no failure   
   1    1     4    1 -5.00E-02   0.0 -1.8185E+03 -1.8159E+03  0.0000E+00   no failure   
   1    1     4    1 -3.00E-02   0.0 -4.8790E+02 -5.2794E+02  0.0000E+00   no failure   
   1    1     4    2 -3.00E-02   0.0 -4.8790E+02 -5.2794E+02  0.0000E+00   no failure   
   1    1     4    2  5.00E-02   0.0  4.8346E+03  4.6237E+03  0.0000E+00   no failure   
   1    1     5    1 -5.00E-02   0.0 -2.1141E+03 -2.1620E+03  0.0000E+00   no failure   
   1    1     5    1 -3.00E-02   0.0 -6.9255E+02 -8.1603E+02  0.0000E+00   no failure   
   1    1     5    2 -3.00E-02   0.0 -6.9255E+02 -8.1603E+02  0.0000E+00   no failure   
   1    1     5    2  5.00E-02   0.0  4.9938E+03  4.5678E+03  0.0000E+00   no failure   
   1    1     6    1 -5.00E-02   0.0 -2.4827E+03 -2.6324E+03  0.0000E+00   no failure   
   1    1     6    1 -3.00E-02   0.0 -9.5235E+02 -1.2182E+03  0.0000E+00   no failure   
   1    1     6    2 -3.00E-02   0.0 -9.5235E+02 -1.2182E+03  0.0000E+00   no failure   
   1    1     6    2  5.00E-02   0.0  5.1690E+03  4.4386E+03  0.0000E+00   no failure   
   1    1     7    1 -5.00E-02   0.0 -2.8771E+03 -3.2245E+03  0.0000E+00   no failure   
   1    1     7    1 -3.00E-02   0.0 -1.2408E+03 -1.7399E+03  0.0000E+00   no failure   
   1    1     7    2 -3.00E-02   0.0 -1.2408E+03 -1.7399E+03  0.0000E+00   no failure   
   1    1     7    2  5.00E-02   0.0  5.3041E+03  4.1987E+03  0.0000E+00   no failure   
   1    1     8    1 -5.00E-02   0.0 -3.2045E+03 -3.9130E+03  0.0000E+00   no failure   
   1    1     8    1 -3.00E-02   0.0 -1.5040E+03 -2.3723E+03  0.0000E+00   no failure   
   1    1     8    2 -3.00E-02   0.0 -1.5040E+03 -2.3723E+03  0.0000E+00   no failure   
   1    1     8    2  5.00E-02   0.0  5.2980E+03  3.7906E+03  0.0000E+00   no failure   
   1    1     9    1 -5.00E-02   0.0 -3.3105E+03 -4.6355E+03  0.0000E+00   no failure   
   1    1     9    1 -3.00E-02   0.0 -1.6505E+03 -3.0805E+03  0.0000E+00   no failure   
   1    1     9    2 -3.00E-02   0.0 -1.6505E+03 -3.0805E+03  0.0000E+00   no failure   
   1    1     9    2  5.00E-02   0.0  4.9893E+03  3.1396E+03  0.0000E+00   no failure   
   1    1    10    1 -5.00E-02   0.0 -2.9737E+03 -5.2764E+03  0.0000E+00   no failure   
   1    1    10    1 -3.00E-02   0.0 -1.5480E+03 -3.7880E+03  0.0000E+00   no failure   
   1    1    10    2 -3.00E-02   0.0 -1.5480E+03 -3.7880E+03  0.0000E+00   no failure   
   1    1    10    2  5.00E-02   0.0  4.1548E+03  2.1657E+03  0.0000E+00   no failure   
   1    1    11    1 -5.00E-02   0.0 -1.9161E+03 -5.6439E+03  0.0000E+00   no failure   
   1    1    11    1 -3.00E-02   0.0 -1.0264E+03 -4.3512E+03  0.0000E+00   no failure   
   1    1    11    2 -3.00E-02   0.0 -1.0264E+03 -4.3512E+03  0.0000E+00   no failure   
   1    1    11    2  5.00E-02   0.0  2.5327E+03  8.1999E+02  0.0000E+00   no failure   
   1    1    12    1 -5.00E-02   0.0  1.3753E+01 -5.4657E+03  0.0000E+00   no failure   
   1    1    12    1 -3.00E-02   0.0  4.2722E+01 -4.4906E+03  0.0000E+00   no failure   
   1    1    12    2 -3.00E-02   0.0  4.2722E+01 -4.4906E+03  0.0000E+00   no failure   
   1    1    12    2  5.00E-02   0.0  1.5860E+02 -5.9006E+02  0.0000E+00   no failure   
   1    1    13    1 -5.00E-02   0.0  1.4499E+01 -5.5728E+03  0.0000E+00   no failure   
   1    1    13    1 -3.00E-02   0.0  1.1943E+01 -4.6410E+03  0.0000E+00   no failure   
   1    1    13    2 -3.00E-02   0.0  1.1943E+01 -4.6410E+03  0.0000E+00   no failure   
   1    1    13    2  5.00E-02   0.0  1.7173E+00 -9.1374E+02  0.0000E+00   no failure   

 ****** (ALLOWABLE STRESS)/(ACTUAL STRESS) ********
  1  1.8853E+00   fiber tension : matl=1 ,  A , seg=1 , node=7 , layer=2 ,z=0.
  2  3.0207E+00   fiber compres.: matl=1 ,  A , seg=1 , node=9 , layer=1 ,z=-0
  3  2.1628E+00   transv tension: matl=1 ,  A , seg=1 , node=4 , layer=2 ,z=0.
  4  1.7718E+00   transv compres: matl=1 ,  A , seg=1 , node=11, layer=1 ,z=-0
 ****************************************************

 LOAD EXCEEDS MAXIMUM ALLOWABLE VALUE. CASE TERMINATED.
  ENTERING BOSOR4 POSTPROCESSOR...
