
 START READING DATA FOR THIS CASE

 Please provide a title (42 characters or less)...

 CYLINDER WITH THREE POINT LOADS                                        

 PLEASE PROVIDE DATA FOR SEGMENT NO.  1


 SEGMENT NO.  1 IS A CYLINDER OR CONE.
      END POINT COORDINATES (0.1005E+03,0.0000E+00) AND (0.1005E+03,0.2400E+03)

 MASS OF DISCRETE RINGS IN SEGMENT NO.  1 =   0.0000E+00


 LINE LOADS FOR LOAD SYSTEM "A", SEGMENT NO.  1...

 Next provide input for the circumferential variation
 of axial load V, radial load H, and meridional moment M in
 this segment. Note that all these three load components must
 have the same circumferential variation and this circumfer-
 ential variation must be the same for all the rings in this
 shell segment.


 THERMAL OR MECHANICAL LINE OR DISTRIBUTED LOADS FORTHE   1 SEGMENT.
 VALID FOR LOADS EXPRESSED IN FORM FS(S)*Y(THETA)


 CIRCUMFERENTIAL DISTRIBUTION OF AXIAL LINE LOADS V(K)
 RADIAL LINE LOADS,H(K), AND LINE MOMENTS M(K)


             INPUT LOAD DISTRIBUTION

 CIRC. STA   1 CIRC. COORD.(DEGREES) =  0.000E+00 INPUT LOAD VALUE= -0.100E+01 CIRC. COORD.=  0.000E+00 INPUT LOAD VALUE= -0.100E+01
 CIRC. STA   2 CIRC. COORD.(DEGREES) =  0.500E+01 INPUT LOAD VALUE=  0.000E+00 CIRC. COORD.= -0.500E+01 INPUT LOAD VALUE=  0.000E+00
 CIRC. STA   3 CIRC. COORD.(DEGREES) =  0.600E+02 INPUT LOAD VALUE=  0.000E+00 CIRC. COORD.= -0.600E+02 INPUT LOAD VALUE=  0.000E+00

      CALCULATED FOURIER HARMONICS OF LOAD

 WAVE NO.N=     0. CIRC. HARMONIC AMPLIT. A(N)=   -4.16667E-02. CIRC. DIST. Y(THETA)= A*COS(N*THETA)
 WAVE NO.N=    -3. CIRC. HARMONIC AMPLIT. A(N)=   -8.28583E-02. CIRC. DIST. Y(THETA)= A*COS(N*THETA)
 WAVE NO.N=    -6. CIRC. HARMONIC AMPLIT. A(N)=   -8.14468E-02. CIRC. DIST. Y(THETA)= A*COS(N*THETA)
 WAVE NO.N=    -9. CIRC. HARMONIC AMPLIT. A(N)=   -7.91368E-02. CIRC. DIST. Y(THETA)= A*COS(N*THETA)
 WAVE NO.N=   -12. CIRC. HARMONIC AMPLIT. A(N)=   -7.59909E-02. CIRC. DIST. Y(THETA)= A*COS(N*THETA)
 WAVE NO.N=   -15. CIRC. HARMONIC AMPLIT. A(N)=   -7.20934E-02. CIRC. DIST. Y(THETA)= A*COS(N*THETA)
 WAVE NO.N=   -18. CIRC. HARMONIC AMPLIT. A(N)=   -6.75475E-02. CIRC. DIST. Y(THETA)= A*COS(N*THETA)
 WAVE NO.N=   -21. CIRC. HARMONIC AMPLIT. A(N)=   -6.24710E-02. CIRC. DIST. Y(THETA)= A*COS(N*THETA)
 WAVE NO.N=   -24. CIRC. HARMONIC AMPLIT. A(N)=   -5.69932E-02. CIRC. DIST. Y(THETA)= A*COS(N*THETA)
 WAVE NO.N=   -27. CIRC. HARMONIC AMPLIT. A(N)=   -5.12492E-02. CIRC. DIST. Y(THETA)= A*COS(N*THETA)
 WAVE NO.N=   -30. CIRC. HARMONIC AMPLIT. A(N)=   -4.53763E-02. CIRC. DIST. Y(THETA)= A*COS(N*THETA)
 WAVE NO.N=   -33. CIRC. HARMONIC AMPLIT. A(N)=   -3.95087E-02. CIRC. DIST. Y(THETA)= A*COS(N*THETA)
 WAVE NO.N=   -36. CIRC. HARMONIC AMPLIT. A(N)=   -3.37737E-02. CIRC. DIST. Y(THETA)= A*COS(N*THETA)
 WAVE NO.N=   -39. CIRC. HARMONIC AMPLIT. A(N)=   -2.82873E-02. CIRC. DIST. Y(THETA)= A*COS(N*THETA)
 WAVE NO.N=   -42. CIRC. HARMONIC AMPLIT. A(N)=   -2.31512E-02. CIRC. DIST. Y(THETA)= A*COS(N*THETA)
 WAVE NO.N=   -45. CIRC. HARMONIC AMPLIT. A(N)=   -1.84497E-02. CIRC. DIST. Y(THETA)= A*COS(N*THETA)
 WAVE NO.N=   -48. CIRC. HARMONIC AMPLIT. A(N)=   -1.42483E-02. CIRC. DIST. Y(THETA)= A*COS(N*THETA)
 WAVE NO.N=   -51. CIRC. HARMONIC AMPLIT. A(N)=   -1.05920E-02. CIRC. DIST. Y(THETA)= A*COS(N*THETA)
 WAVE NO.N=   -54. CIRC. HARMONIC AMPLIT. A(N)=   -7.50527E-03. CIRC. DIST. Y(THETA)= A*COS(N*THETA)
 WAVE NO.N=   -57. CIRC. HARMONIC AMPLIT. A(N)=   -4.99262E-03. CIRC. DIST. Y(THETA)= A*COS(N*THETA)

 POINTERS TO CIRCUMFERENTIAL HARMONICS OF LOADING    1    0    0    0    0    0    0    0    0    0    0    0

                                         PHYSICAL PROPERTIES OF SEGMENT NO.   1

 ANALYSIS IS FOR A MONOCOQUE SHELL

 MODULUS OF ELASTICITY=  0.10800E+08   , POISSON RATIO= 0.33000E+00
 SHELL DENSITY =  0.00000E+00   , THERMAL EXP COEF.=  0.00000E+00


 SHELL WALL MASS OF SEGMENT NO.  1 =   0.0000E+00
 (DISCRETE RINGS NOT INCLUDED)


 ***************************************
 TOTAL FORCES AND MOMENTS FROM APPLIED LOADS. THE FORCES AND
 MOMENTS OCCUR AT THE ORIGIN OF THE GLOBAL X,Y,Z AXIS SYSTEM,
 WHICH IS LOCATED AT AXIAL STATION Z=0. NOTE THAT THE TOTAL
 FORCES AND MOMENTS ARE NOT APPLIED AT THE C.G. OF THE
 STRUCTURE, WHICH IS AT AXIAL LOCATION ZCM=  0.0000E+00, BUT
 THEY ARE APPLIED AT AXIAL STATION Z = 0.

 NOTE: IN ORDER FOR THE MASS PROPERTIES AND DYNAMIC REACTIONS
 TO BE PROPERLY COMPUTED, THE GEOMETRY OF EVERY SEGMENT IN
 THE ENTIRE STRUCTURE MUST BE EXPRESSED IN TERMS OF THE
 GLOBAL AXIAL COORDINATE, Z.  THAT IS, YOU MUST HAVE PROVIDED
 AS INPUT FOR EACH SEGMENT THE GLOBAL Z COORDINATES.

 TOTAL FORCES FROM LOAD SET A...
  X-DIRECTION (THETA=  0 DEG.), FX(1) =               0.0000E+00
  Y-DIRECTION (THETA=270 DEG.), FY(1) =               0.0000E+00
  Z-DIRECTION (AXIAL UPWARD)  , FZ(1) =               0.0000E+00
 TOTAL MOMENTS FROM LOAD SET A...
  ABOUT X-AXIS                , MX(1) =               0.0000E+00
  ABOUT Y-AXIS                , MY(1) =               0.0000E+00
  ABOUT Z-AXIS                , MZ(1) =               0.0000E+00


 TOTAL FORCES FROM LOAD SET B...
  X-DIRECTION (THETA=  0 DEG.), FX(2) =               0.0000E+00
  Y-DIRECTION (THETA=270 DEG.), FY(2) =               0.0000E+00
  Z-DIRECTION (AXIAL)         , FZ(2) =               0.0000E+00
 TOTAL MOMENTS FROM LOAD SET B...
  ABOUT X-AXIS                , MX(2) =               0.0000E+00
  ABOUT Y-AXIS                , MY(2) =               0.0000E+00
  ABOUT Z-AXIS                , MZ(2) =               0.0000E+00


 TOTAL MASS, LOCATION OF C.G., MASS MOMENTS OF INERTIA
   TOTAL MASS, M (e.g. lb-sec**2/in)          M =     0.0000E+00
   POLAR MASS MOMENT OF INERTIA,             IZ =     0.0000E+00
   MASS MOMENT OF INERTIA ABOUT C.G.        ICM =     0.0000E+00
   AXIAL POSITION OF THE C.G.               ZCM =     0.0000E+00


 ***************** TOTAL MASS *******************
 TOTMAS =  0.0000E+00
 ********************************************************
  CONSTRAINT CONDITIONS FOR SEGMENT NO. ISEG =           1
  Endpoint of this segment is at Nodal Point No.          54
  The current segment is Segment No. ISEG =           1

 LINEAR STATIC ANALYSIS FOR NON-SYMMETRIC LOADS


 ANALYSIS TYPE =   3, PRINT OPTION =  1, PLOT OPTION =  1, STRESS OPTION =  1
, PRESTRESS CALCULATION OPTION= 1

 NUMBER OF SHELL SEGMENTS =   1


 STRESS CALCULATED FOR CIRCUMFERENTIAL WAVES FROM       0 TO     -57 IN INCREMENTS OF      -3

 INITIAL BUCKLING OR VIBRATION WAVE NO.=      0, MINIMUM WAVE NO.=      0, MAXIMUM WAVE NO.=      0, INCREMENT=      1

    1 EIGENVALUES SOUGHT FOR EACH CIRCUMFERENTIAL WAVE NUMBER.


                                              CONSTRAINT CONDITION DATA FOLLOW

 SEG. POINT CONNECTED TO SEG. POINT     USTAR VSTAR WSTAR BETA     RADIAL DISC. D1(I)   AXIAL DISC. D2(I)

   1     1                 1     1        0     1     1     0      0.00000000E+00      0.00000000E+00
   1    52                 1    52        1     0     0     1      0.00000000E+00      0.00000000E+00

 CONSTRAINT CONDITIONS FOR STABILITY OR VIBRATION PROBLEM FOLLOW

 SEG. POINT CONNECTED TO SEG. POINT     USTAR VSTAR WSTAR BETA     RADIAL DISC. D1(I)   AXIAL DISC. D2(I)

   1     1                 1     1        0     1     1     0      0.00000000E+00      0.00000000E+00
   1    52                 1    52        1     0     0     1      0.00000000E+00      0.00000000E+00

 PRESSURE MULTIPLIER P =  0.0000E+00, INCREMENT DP=  0.0000E+00
 TEMPERATURE MULT.TEMP=  1.0000E+00, INCREMENT DTEMP=  0.0000E+00

 INITIAL LOAD, FSTART =  0.0000E+00, MAXIMUM LOAD, FMAX=  0.0000E+00
 STEP SIZE, DF=  0.0000E+00

 ANGULAR VELOCITY, OMEGA=   0.000E+00   INCREMENT IN OMEGA, DOMEGA=   0.000E+00

                                              RING PROPERTIES FOR RINGS IN SEGMENT  1

     STATION        ER         AREA        IY           IX       IXY         E1         E2         GJ         RM       RC

   54 0.2400E+03 0.5400E+07 0.3000E+01 0.2250E+01 0.2500E+00 0.0000E+00 0.2000E+01 0.0000E+00 0.1639E+07 0.0000E+00 0.1025E+03

           MECHANICAL LINE LOAD MULTIPLIERS FOR NONSYMMETRIC LOADING,  LOAD SYSTEM A
 AXIAL DISTRIBUTION OF MECHANICAL LINE LOAD MULTIPLIERS
 FOR ALL CIRCUMFERENTIAL WAVES, LOAD SYSTEM A

         STATION           AXIAL LOAD           SHEAR LOAD         RADIAL LOAD            MOMENT
           S(K)               V(K)               SHEAR(K)              H(K)               M(K)

      0.23999982E+03      0.00000000E+00      0.00000000E+00      0.10000000E+01      0.00000000E+00

                     THERMAL LINE LOAD MULTIPLIERS FOR NONSYMMETRIC LOADING, LOAD SYSTEM A

 AXIAL DISTRIBUTION OF THERMAL LINE LOAD MULTIPLIERS
 FOR ALL CIRCUMFERENTIAL WAVES, LOAD SYSTEM A

         STATION              TNR                   TMR                     TMRX

      0.23999982E+03      0.00000000E+00      0.00000000E+00      0.00000000E+00

           MECHANICAL LINE LOAD MULTIPLIERS FOR NONSYMMETRIC LOADING, LOAD SYSTEM B
 AXIAL DISTRIBUTION OF MECHANICAL LINE LOAD MULTIPLIERS
 FOR ALL CIRCUMFERENTIAL WAVES, LOAD SYSTEM B

         STATION           AXIAL LOAD           SHEAR LOAD         RADIAL LOAD            MOMENT
           S(K)               V(K)               SHEAR(K)              H(K)               M(K)

      0.23999982E+03      0.00000000E+00      0.00000000E+00      0.00000000E+00      0.00000000E+00

                     THERMAL LINE LOAD MULTIPLIERS FOR NONSYMMETRIC LOADING, LOAD SYSTEM B

 AXIAL DISTRIBUTION OF THERMAL LINE LOAD MULTIPLIERS
 FOR ALL CIRCUMFERENTIAL WAVES, LOAD SYSTEM B

         STATION              TNR                   TMR                     TMRX

      0.23999982E+03      0.00000000E+00      0.00000000E+00      0.00000000E+00

 GLOBAL (AXIAL,RADIAL) COORDINATES FOR ENTIRE MODEL.
 NUMBER OF FINITE ELEMENTS IN ENTIRE MODEL, I2=  54
 ELEMENT NO.   GLOBAL AXIAL COORDINATE   GLOBAL RADIAL COORD.
      1           0.00000000E+00           1.00500000E+02
      2           5.47717476E+00           1.00500000E+02
      3           2.01659622E+01           1.00500000E+02
      4           3.98339996E+01           1.00500000E+02
      5           5.97509995E+01           1.00500000E+02
      6           7.96679993E+01           1.00500000E+02
      7           9.95849991E+01           1.00500000E+02
      8           1.19501999E+02           1.00500000E+02
      9           1.39419006E+02           1.00500000E+02
     10           1.59335999E+02           1.00500000E+02
     11           1.79252991E+02           1.00500000E+02
     12           1.94439697E+02           1.00500000E+02
     13           2.00165833E+02           1.00500000E+02
     14           2.01161682E+02           1.00500000E+02
     15           2.02157532E+02           1.00500000E+02
     16           2.03153381E+02           1.00500000E+02
     17           2.04149231E+02           1.00500000E+02
     18           2.05145081E+02           1.00500000E+02
     19           2.06140930E+02           1.00500000E+02
     20           2.07136780E+02           1.00500000E+02
     21           2.08132629E+02           1.00500000E+02
     22           2.09128479E+02           1.00500000E+02
     23           2.10124329E+02           1.00500000E+02
     24           2.11120178E+02           1.00500000E+02
     25           2.12116028E+02           1.00500000E+02
     26           2.13111877E+02           1.00500000E+02
     27           2.14107727E+02           1.00500000E+02
     28           2.15103577E+02           1.00500000E+02
     29           2.16099426E+02           1.00500000E+02
     30           2.17095276E+02           1.00500000E+02
     31           2.18091125E+02           1.00500000E+02
     32           2.19086975E+02           1.00500000E+02
     33           2.20082825E+02           1.00500000E+02
     34           2.21078674E+02           1.00500000E+02
     35           2.22074524E+02           1.00500000E+02
     36           2.23070374E+02           1.00500000E+02
     37           2.24066223E+02           1.00500000E+02
     38           2.25062073E+02           1.00500000E+02
     39           2.26057922E+02           1.00500000E+02
     40           2.27053772E+02           1.00500000E+02
     41           2.28049622E+02           1.00500000E+02
     42           2.29045471E+02           1.00500000E+02
     43           2.30041321E+02           1.00500000E+02
     44           2.31037170E+02           1.00500000E+02
     45           2.32033020E+02           1.00500000E+02
     46           2.33028870E+02           1.00500000E+02
     47           2.34024719E+02           1.00500000E+02
     48           2.35020569E+02           1.00500000E+02
     49           2.36016418E+02           1.00500000E+02
     50           2.37012268E+02           1.00500000E+02
     51           2.38008118E+02           1.00500000E+02
     52           2.38991516E+02           1.00500000E+02
     53           2.39725937E+02           1.00500000E+02
     54           2.39999817E+02           1.00500000E+02

 AXISYMMETRIC PRESTRESS INPUT CONSTRAINT CONDITIONS FOLLOW

 CONSTRAINT NO.   1  SEGMENT NO.   1 POINT  1 CONNECTED TO SEGMENT NO.   1 POINT  1 TYPE OF CONSTRAINT = 1
 CONSTRAINT NO.   2  SEGMENT NO.   1 POINT 54 CONNECTED TO SEGMENT NO.   1 POINT 54 TYPE OF CONSTRAINT = 2

 LOCAL MATRIX DIMENSION= 5, OVERLAP= 3 NO. CONSTRAINT CONDS. PER CONSTRAINT POINT= 3 SYSTEM RANK=  117 NUMBER OF BLOCKS=  1

 NUMBER OF EQUATIONS ASSOCIATED WITH SEGMENT NO.  1
 EQUALS 117; NO. OF CONSTRAINT PTS. EQUALS  2
 BLOCK NUMBER=  1 LAST EQ. IN BLOCK=  117 LOWEST UNK IN BLOCK=    1. MAX. OFF-DIAGONAL WIDTH=    7

 STABILITY,VIBRATION OR NON-SYMMETRIC STRESS INPUT CONSTRAINT CONDITIONS FOLLOW

 CONSTRAINT NO.   1  SEGMENT NO.   1 POINT  1 CONNECTED TO SEGMENT NO.   1 POINT  1 TYPE OF CONSTRAINT = 1
 CONSTRAINT NO.   2  SEGMENT NO.   1 POINT 54 CONNECTED TO SEGMENT NO.   1 POINT 54 TYPE OF CONSTRAINT = 2

 LOCAL MATRIX DIMENSION= 7, OVERLAP= 4 NO. CONSTRAINT CONDS. PER CONSTRAINT POINT= 4 SYSTEM RANK=  174 NUMBER OF BLOCKS=  1

 NUMBER OF EQUATIONS ASSOCIATED WITH SEGMENT NO.  1
 EQUALS 174; NO. OF CONSTRAINT PTS. EQUALS  2
 BLOCK NUMBER=  1 LAST EQ. IN BLOCK=  174 LOWEST UNK IN BLOCK=    1. MAX. OFF-DIAGONAL WIDTH=   10

 PREBUCKLING STRESS RESULTANTS IN SHELL SEGMENT NO.  1
 FOR CIRCUMFERENTIAL ANGLE, THETAS =  0.0000E+00
           PREBUCKLING MEMBRANE STATE    PREBUCKLING MEMBRANE STATE
              FOR LOAD SYSTEM "A"          FOR LOAD SYSTEM "B"
               (EIGENPARAMETER)                 (CONSTANT)
 STATION   MERIDIONAL   CIRCUMFERENTIAL  MERIDIONAL   CIRCUMFERENTIAL
   NO.     RESULTANT      RESULTANT      RESULTANT    RESULTANT
     1  -2.955856E-11  -1.455191E-11   0.000000E+00   0.000000E+00
     2  -2.090014E-02   1.243346E-02   0.000000E+00   0.000000E+00
     3  -7.738768E-02   1.833849E-04   0.000000E+00   0.000000E+00
     4  -1.533324E-01   3.282394E-03   0.000000E+00   0.000000E+00
     5  -2.307712E-01   5.648924E-03   0.000000E+00   0.000000E+00
     6  -3.097793E-01   8.470152E-03   0.000000E+00   0.000000E+00
     7  -3.919241E-01   1.213589E-02   0.000000E+00   0.000000E+00
     8  -4.796422E-01   1.697276E-02   0.000000E+00   0.000000E+00
     9  -5.766859E-01   2.351876E-02   0.000000E+00   0.000000E+00
    10  -6.883612E-01   3.268172E-02   0.000000E+00   0.000000E+00
    11  -8.305424E-01   5.637120E-02   0.000000E+00   0.000000E+00
    12  -9.676749E-01   4.606777E-02   0.000000E+00   0.000000E+00
    13  -1.028524E+00   7.955000E-02   0.000000E+00   0.000000E+00
    14  -1.039926E+00   8.581354E-02   0.000000E+00   0.000000E+00
    15  -1.051563E+00   9.135332E-02   0.000000E+00   0.000000E+00
    16  -1.063465E+00   9.633724E-02   0.000000E+00   0.000000E+00
    17  -1.075660E+00   1.009071E-01   0.000000E+00   0.000000E+00
    18  -1.088169E+00   1.051777E-01   0.000000E+00   0.000000E+00
    19  -1.101014E+00   1.092366E-01   0.000000E+00   0.000000E+00
    20  -1.114214E+00   1.131436E-01   0.000000E+00   0.000000E+00
    21  -1.127785E+00   1.169313E-01   0.000000E+00   0.000000E+00
    22  -1.141744E+00   1.206042E-01   0.000000E+00   0.000000E+00
    23  -1.156104E+00   1.241396E-01   0.000000E+00   0.000000E+00
    24  -1.170882E+00   1.274872E-01   0.000000E+00   0.000000E+00
    25  -1.186090E+00   1.305703E-01   0.000000E+00   0.000000E+00
    26  -1.201743E+00   1.332859E-01   0.000000E+00   0.000000E+00
    27  -1.217855E+00   1.355065E-01   0.000000E+00   0.000000E+00
    28  -1.234439E+00   1.370821E-01   0.000000E+00   0.000000E+00
    29  -1.251512E+00   1.378436E-01   0.000000E+00   0.000000E+00
    30  -1.269087E+00   1.376069E-01   0.000000E+00   0.000000E+00
    31  -1.287182E+00   1.361797E-01   0.000000E+00   0.000000E+00
    32  -1.305817E+00   1.333700E-01   0.000000E+00   0.000000E+00
    33  -1.325011E+00   1.289972E-01   0.000000E+00   0.000000E+00
    34  -1.344793E+00   1.229073E-01   0.000000E+00   0.000000E+00
    35  -1.365193E+00   1.149918E-01   0.000000E+00   0.000000E+00
    36  -1.386257E+00   1.052120E-01   0.000000E+00   0.000000E+00
    37  -1.408037E+00   9.362980E-02   0.000000E+00   0.000000E+00
    38  -1.430611E+00   8.044598E-02   0.000000E+00   0.000000E+00
    39  -1.454081E+00   6.604809E-02   0.000000E+00   0.000000E+00
    40  -1.478593E+00   5.107077E-02   0.000000E+00   0.000000E+00
    41  -1.504348E+00   3.647082E-02   0.000000E+00   0.000000E+00
    42  -1.531631E+00   2.362229E-02   0.000000E+00   0.000000E+00
    43  -1.560845E+00   1.443810E-02   0.000000E+00   0.000000E+00
    44  -1.592568E+00   1.152675E-02   0.000000E+00   0.000000E+00
    45  -1.627630E+00   1.839998E-02   0.000000E+00   0.000000E+00
    46  -1.667231E+00   3.975178E-02   0.000000E+00   0.000000E+00
    47  -1.713129E+00   8.184426E-02   0.000000E+00   0.000000E+00
    48  -1.767916E+00   1.530523E-01   0.000000E+00   0.000000E+00
    49  -1.835456E+00   2.646545E-01   0.000000E+00   0.000000E+00
    50  -1.921576E+00   4.320095E-01   0.000000E+00   0.000000E+00
    51  -2.035172E+00   6.763402E-01   0.000000E+00   0.000000E+00
    52  -2.187286E+00   1.021519E+00   0.000000E+00   0.000000E+00
    53  -2.331289E+00   1.357822E+00   0.000000E+00   0.000000E+00
    54  -2.394382E+00   1.506345E+00   0.000000E+00   0.000000E+00

 HOOP FORCE IN DISCRETE RINGS AT CIRCUMFERENTIAL STATION THETA =  0.0000E+00
    RING NO.     RING FORCE FROM    RING FORCE FROM
                 LOAD SYSTEM "A"    LOAD SYSTEM "B"
                 (EIGENPARAMETER)     (CONSTANT)
         1     -1.86137848E+01      0.00000000E+00
  ENTERING BOSOR4 POSTPROCESSOR...

 MERIDIONAL DISTRIBUTION OF SUPERPOSED QUANTITIES
  CORRESPONDING TO CIRCUMFERENTIAL STATION, THETA=   0.0000E+00 DEG.

 STRESS RESULTANTS OR STRESSES OR STRAINS AND
 CHANGES IN CURVATURE IN SEGMENT NUMBER     1     1     1     1     1
 ****** RESULTS FROM APPLICATION OF LOAD SYSTEM "A" ******

 POINT  STATION     U         V         W      S1(IN)  S1(OUT)   TAU(IN)   S2(IN)   S2(OUT)   TAU(OUT)  SVON(IN)  SVON(OUT)
     (ARC LENGTH) MERID.   CIRCUMF.  NORMAL    MERID.     MERID.   IN-PLANE  CIRCUMF.  CIRCUMF.  IN-PLANE     VON MISES
                  DISP.  DISPLACEMENT DISP.    STRESS     STRESS    SHEAR    STRESS    STRESS     SHEAR    EFFECTIVE STRESS

    1  0.00E+00  1.34E-05  0.00E+00 -7.14E-21 -5.91E-03  2.15E-03  0.00E+00 -1.95E-03  7.11E-04  0.00E+00  5.22E-03  1.90E-03
    2  5.48E+00  1.34E-05  0.00E+00 -7.00E-06 -2.69E-02 -1.49E-02  0.00E+00  4.02E-02 -1.53E-02  0.00E+00  5.84E-02  1.51E-02
    3  2.02E+01  1.33E-05  0.00E+00 -2.62E-05 -3.38E-02 -1.21E-01  0.00E+00  1.26E-01 -1.26E-01  0.00E+00  1.46E-01  1.24E-01
    4  3.98E+01  1.31E-05  0.00E+00 -5.16E-05 -6.81E-02 -2.39E-01  0.00E+00  2.55E-01 -2.48E-01  0.00E+00  2.95E-01  2.44E-01
    5  5.98E+01  1.27E-05  0.00E+00 -7.72E-05 -1.01E-01 -3.61E-01  0.00E+00  3.90E-01 -3.79E-01  0.00E+00  4.49E-01  3.70E-01
    6  7.97E+01  1.22E-05  0.00E+00 -1.03E-04 -1.32E-01 -4.87E-01  0.00E+00  5.35E-01 -5.18E-01  0.00E+00  6.12E-01  5.03E-01
    7  9.96E+01  1.15E-05  0.00E+00 -1.28E-04 -1.63E-01 -6.21E-01  0.00E+00  6.93E-01 -6.69E-01  0.00E+00  7.87E-01  6.46E-01
    8  1.20E+02  1.07E-05  0.00E+00 -1.52E-04 -1.93E-01 -7.66E-01  0.00E+00  8.70E-01 -8.36E-01  0.00E+00  9.81E-01  8.03E-01
    9  1.39E+02  9.75E-06  0.00E+00 -1.77E-04 -2.26E-01 -9.28E-01  0.00E+00  1.07E+00 -1.03E+00  0.00E+00  1.20E+00  9.81E-01
   10  1.59E+02  8.56E-06  0.00E+00 -2.01E-04 -2.62E-01 -1.11E+00  0.00E+00  1.32E+00 -1.25E+00  0.00E+00  1.47E+00  1.19E+00
   11  1.79E+02  7.14E-06  0.00E+00 -2.25E-04 -3.13E-01 -1.35E+00  0.00E+00  1.64E+00 -1.52E+00  0.00E+00  1.81E+00  1.44E+00
   12  1.94E+02  5.88E-06  0.00E+00 -2.43E-04 -3.17E-01 -1.62E+00  0.00E+00  1.94E+00 -1.84E+00  0.00E+00  2.11E+00  1.74E+00
   13  2.00E+02  5.35E-06  0.00E+00 -2.50E-04 -4.24E-01 -1.63E+00  0.00E+00  2.07E+00 -1.91E+00  0.00E+00  2.31E+00  1.79E+00
   14  2.01E+02  5.26E-06  0.00E+00 -2.51E-04 -4.21E-01 -1.66E+00  0.00E+00  2.11E+00 -1.93E+00  0.00E+00  2.34E+00  1.81E+00
   15  2.02E+02  5.16E-06  0.00E+00 -2.52E-04 -4.18E-01 -1.69E+00  0.00E+00  2.14E+00 -1.96E+00  0.00E+00  2.38E+00  1.84E+00
   16  2.03E+02  5.06E-06  0.00E+00 -2.54E-04 -4.16E-01 -1.71E+00  0.00E+00  2.17E+00 -1.98E+00  0.00E+00  2.41E+00  1.86E+00
   17  2.04E+02  4.96E-06  0.00E+00 -2.55E-04 -4.15E-01 -1.74E+00  0.00E+00  2.21E+00 -2.00E+00  0.00E+00  2.44E+00  1.88E+00
   18  2.05E+02  4.85E-06  0.00E+00 -2.56E-04 -4.16E-01 -1.76E+00  0.00E+00  2.24E+00 -2.03E+00  0.00E+00  2.47E+00  1.91E+00
   19  2.06E+02  4.75E-06  0.00E+00 -2.57E-04 -4.17E-01 -1.78E+00  0.00E+00  2.27E+00 -2.05E+00  0.00E+00  2.51E+00  1.93E+00
   20  2.07E+02  4.64E-06  0.00E+00 -2.58E-04 -4.21E-01 -1.81E+00  0.00E+00  2.31E+00 -2.08E+00  0.00E+00  2.54E+00  1.96E+00
   21  2.08E+02  4.54E-06  0.00E+00 -2.60E-04 -4.25E-01 -1.83E+00  0.00E+00  2.34E+00 -2.11E+00  0.00E+00  2.58E+00  1.98E+00
   22  2.09E+02  4.43E-06  0.00E+00 -2.61E-04 -4.32E-01 -1.85E+00  0.00E+00  2.38E+00 -2.14E+00  0.00E+00  2.62E+00  2.01E+00
   23  2.10E+02  4.32E-06  0.00E+00 -2.62E-04 -4.39E-01 -1.87E+00  0.00E+00  2.41E+00 -2.17E+00  0.00E+00  2.66E+00  2.04E+00
   24  2.11E+02  4.21E-06  0.00E+00 -2.63E-04 -4.49E-01 -1.89E+00  0.00E+00  2.45E+00 -2.20E+00  0.00E+00  2.70E+00  2.06E+00
   25  2.12E+02  4.09E-06  0.00E+00 -2.64E-04 -4.60E-01 -1.91E+00  0.00E+00  2.49E+00 -2.23E+00  0.00E+00  2.75E+00  2.09E+00
   26  2.13E+02  3.98E-06  0.00E+00 -2.66E-04 -4.72E-01 -1.93E+00  0.00E+00  2.53E+00 -2.26E+00  0.00E+00  2.79E+00  2.11E+00
   27  2.14E+02  3.86E-06  0.00E+00 -2.67E-04 -4.86E-01 -1.95E+00  0.00E+00  2.56E+00 -2.29E+00  0.00E+00  2.84E+00  2.14E+00
   28  2.15E+02  3.75E-06  0.00E+00 -2.68E-04 -5.00E-01 -1.97E+00  0.00E+00  2.60E+00 -2.33E+00  0.00E+00  2.89E+00  2.17E+00
   29  2.16E+02  3.63E-06  0.00E+00 -2.69E-04 -5.16E-01 -1.99E+00  0.00E+00  2.64E+00 -2.37E+00  0.00E+00  2.94E+00  2.20E+00
   30  2.17E+02  3.51E-06  0.00E+00 -2.71E-04 -5.33E-01 -2.01E+00  0.00E+00  2.68E+00 -2.41E+00  0.00E+00  2.99E+00  2.23E+00
   31  2.18E+02  3.39E-06  0.00E+00 -2.72E-04 -5.50E-01 -2.02E+00  0.00E+00  2.72E+00 -2.45E+00  0.00E+00  3.04E+00  2.27E+00
   32  2.19E+02  3.26E-06  0.00E+00 -2.73E-04 -5.67E-01 -2.05E+00  0.00E+00  2.77E+00 -2.50E+00  0.00E+00  3.09E+00  2.31E+00
   33  2.20E+02  3.14E-06  0.00E+00 -2.75E-04 -5.83E-01 -2.07E+00  0.00E+00  2.81E+00 -2.55E+00  0.00E+00  3.14E+00  2.35E+00
   34  2.21E+02  3.01E-06  0.00E+00 -2.76E-04 -5.97E-01 -2.09E+00  0.00E+00  2.85E+00 -2.61E+00  0.00E+00  3.19E+00  2.39E+00
   35  2.22E+02  2.88E-06  0.00E+00 -2.78E-04 -6.09E-01 -2.12E+00  0.00E+00  2.90E+00 -2.67E+00  0.00E+00  3.25E+00  2.44E+00
   36  2.23E+02  2.75E-06  0.00E+00 -2.79E-04 -6.17E-01 -2.16E+00  0.00E+00  2.95E+00 -2.73E+00  0.00E+00  3.30E+00  2.50E+00
   37  2.24E+02  2.62E-06  0.00E+00 -2.81E-04 -6.19E-01 -2.20E+00  0.00E+00  3.00E+00 -2.81E+00  0.00E+00  3.35E+00  2.56E+00
   38  2.25E+02  2.49E-06  0.00E+00 -2.82E-04 -6.16E-01 -2.25E+00  0.00E+00  3.05E+00 -2.89E+00  0.00E+00  3.40E+00  2.63E+00
   39  2.26E+02  2.35E-06  0.00E+00 -2.84E-04 -6.03E-01 -2.30E+00  0.00E+00  3.11E+00 -2.98E+00  0.00E+00  3.45E+00  2.70E+00
   40  2.27E+02  2.21E-06  0.00E+00 -2.85E-04 -5.80E-01 -2.38E+00  0.00E+00  3.17E+00 -3.07E+00  0.00E+00  3.50E+00  2.79E+00
   41  2.28E+02  2.07E-06  0.00E+00 -2.87E-04 -5.44E-01 -2.46E+00  0.00E+00  3.25E+00 -3.17E+00  0.00E+00  3.55E+00  2.89E+00
   42  2.29E+02  1.93E-06  0.00E+00 -2.88E-04 -4.92E-01 -2.57E+00  0.00E+00  3.33E+00 -3.28E+00  0.00E+00  3.60E+00  2.99E+00
   43  2.30E+02  1.79E-06  0.00E+00 -2.90E-04 -4.22E-01 -2.70E+00  0.00E+00  3.43E+00 -3.40E+00  0.00E+00  3.66E+00  3.11E+00
   44  2.31E+02  1.64E-06  0.00E+00 -2.92E-04 -3.31E-01 -2.85E+00  0.00E+00  3.54E+00 -3.52E+00  0.00E+00  3.72E+00  3.24E+00
   45  2.32E+02  1.50E-06  0.00E+00 -2.93E-04 -2.16E-01 -3.04E+00  0.00E+00  3.68E+00 -3.64E+00  0.00E+00  3.79E+00  3.38E+00
   46  2.33E+02  1.34E-06  0.00E+00 -2.95E-04 -7.35E-02 -3.26E+00  0.00E+00  3.84E+00 -3.76E+00  0.00E+00  3.88E+00  3.54E+00
   47  2.34E+02  1.19E-06  0.00E+00 -2.96E-04  9.81E-02 -3.52E+00  0.00E+00  4.04E+00 -3.88E+00  0.00E+00  3.99E+00  3.71E+00
   48  2.35E+02  1.02E-06  0.00E+00 -2.98E-04  3.01E-01 -3.84E+00  0.00E+00  4.28E+00 -3.97E+00  0.00E+00  4.14E+00  3.91E+00
   49  2.36E+02  8.49E-07  0.00E+00 -2.99E-04  5.36E-01 -4.21E+00  0.00E+00  4.57E+00 -4.04E+00  0.00E+00  4.33E+00  4.13E+00
   50  2.37E+02  6.65E-07  0.00E+00 -3.00E-04  8.02E-01 -4.65E+00  0.00E+00  4.93E+00 -4.07E+00  0.00E+00  4.58E+00  4.39E+00
   51  2.38E+02  4.66E-07  0.00E+00 -3.01E-04  1.10E+00 -5.17E+00  0.00E+00  5.38E+00 -4.03E+00  0.00E+00  4.92E+00  4.70E+00
   52  2.39E+02  2.48E-07  0.00E+00 -3.02E-04  1.41E+00 -5.79E+00  0.00E+00  5.93E+00 -3.88E+00  0.00E+00  5.36E+00  5.11E+00
   53  2.40E+02  7.07E-08  0.00E+00 -3.02E-04  1.77E+00 -6.44E+00  0.00E+00  6.45E+00 -3.73E+00  0.00E+00  5.77E+00  5.60E+00
   54  2.40E+02  1.08E-20  0.00E+00 -3.02E-04  1.74E+00 -6.52E+00  0.00E+00  6.61E+00 -3.59E+00  0.00E+00  5.93E+00  5.65E+00

 MERIDIONAL DISTRIBUTION OF SUPERPOSED QUANTITIES
  CORRESPONDING TO CIRCUMFERENTIAL STATION, THETA=   1.0000E+01 DEG.

 STRESS RESULTANTS OR STRESSES OR STRAINS AND
 CHANGES IN CURVATURE IN SEGMENT NUMBER     1     1     1     1     1
 ****** RESULTS FROM APPLICATION OF LOAD SYSTEM "A" ******

 POINT  STATION     U         V         W      S1(IN)  S1(OUT)   TAU(IN)   S2(IN)   S2(OUT)   TAU(OUT)  SVON(IN)  SVON(OUT)
     (ARC LENGTH) MERID.   CIRCUMF.  NORMAL    MERID.     MERID.   IN-PLANE  CIRCUMF.  CIRCUMF.  IN-PLANE     VON MISES
                  DISP.  DISPLACEMENT DISP.    STRESS     STRESS    SHEAR    STRESS    STRESS     SHEAR    EFFECTIVE STRESS

    1  0.00E+00  1.15E-05 -5.67E-23 -6.19E-21 -5.28E-03  1.73E-03  1.33E-01 -1.74E-03  5.71E-04 -2.90E-03  2.30E-01  5.25E-03
    2  5.48E+00  1.15E-05  1.20E-06 -6.07E-06 -2.44E-02 -1.51E-02  1.35E-01  3.53E-02 -1.33E-02 -3.13E-03  2.39E-01  1.53E-02
    3  2.02E+01  1.15E-05  4.41E-06 -2.27E-05 -3.41E-02 -1.12E-01  1.37E-01  1.10E-01 -1.09E-01 -4.04E-03  2.71E-01  1.11E-01
    4  3.98E+01  1.13E-05  8.69E-06 -4.46E-05 -6.94E-02 -2.21E-01  1.39E-01  2.20E-01 -2.14E-01 -5.82E-03  3.56E-01  2.18E-01
    5  5.98E+01  1.09E-05  1.30E-05 -6.66E-05 -1.04E-01 -3.33E-01  1.43E-01  3.33E-01 -3.23E-01 -8.36E-03  4.67E-01  3.28E-01
    6  7.97E+01  1.04E-05  1.72E-05 -8.81E-05 -1.39E-01 -4.48E-01  1.50E-01  4.50E-01 -4.36E-01 -1.15E-02  5.94E-01  4.42E-01
    7  9.96E+01  9.83E-06  2.14E-05 -1.09E-04 -1.76E-01 -5.67E-01  1.61E-01  5.72E-01 -5.53E-01 -1.50E-02  7.33E-01  5.61E-01
    8  1.20E+02  9.06E-06  2.55E-05 -1.29E-04 -2.16E-01 -6.94E-01  1.77E-01  7.02E-01 -6.75E-01 -1.85E-02  8.85E-01  6.86E-01
    9  1.39E+02  8.12E-06  2.95E-05 -1.49E-04 -2.60E-01 -8.33E-01  2.00E-01  8.39E-01 -8.04E-01 -2.20E-02  1.05E+00  8.20E-01
   10  1.59E+02  7.00E-06  3.34E-05 -1.67E-04 -3.14E-01 -9.91E-01  2.36E-01  9.88E-01 -9.40E-01 -2.60E-02  1.25E+00  9.68E-01
   11  1.79E+02  5.66E-06  3.73E-05 -1.83E-04 -3.91E-01 -1.17E+00  3.01E-01  1.14E+00 -1.08E+00 -2.13E-02  1.47E+00  1.13E+00
   12  1.94E+02  4.49E-06  4.02E-05 -1.95E-04 -4.42E-01 -1.36E+00  3.63E-01  1.24E+00 -1.19E+00 -1.01E-02  1.64E+00  1.28E+00
   13  2.00E+02  4.01E-06  4.12E-05 -1.99E-04 -5.02E-01 -1.40E+00  3.87E-01  1.28E+00 -1.19E+00 -6.73E-03  1.73E+00  1.31E+00
   14  2.01E+02  3.92E-06  4.14E-05 -1.99E-04 -5.04E-01 -1.41E+00  3.96E-01  1.29E+00 -1.20E+00 -8.14E-03  1.74E+00  1.32E+00
   15  2.02E+02  3.83E-06  4.16E-05 -2.00E-04 -5.06E-01 -1.43E+00  4.05E-01  1.30E+00 -1.20E+00 -9.01E-03  1.76E+00  1.33E+00
   16  2.03E+02  3.74E-06  4.18E-05 -2.01E-04 -5.10E-01 -1.45E+00  4.14E-01  1.31E+00 -1.20E+00 -9.40E-03  1.77E+00  1.34E+00
   17  2.04E+02  3.65E-06  4.20E-05 -2.01E-04 -5.14E-01 -1.46E+00  4.24E-01  1.31E+00 -1.21E+00 -9.36E-03  1.79E+00  1.35E+00
   18  2.05E+02  3.55E-06  4.21E-05 -2.02E-04 -5.19E-01 -1.48E+00  4.34E-01  1.32E+00 -1.21E+00 -8.94E-03  1.80E+00  1.36E+00
   19  2.06E+02  3.46E-06  4.23E-05 -2.02E-04 -5.25E-01 -1.49E+00  4.44E-01  1.32E+00 -1.21E+00 -8.19E-03  1.82E+00  1.37E+00
   20  2.07E+02  3.36E-06  4.25E-05 -2.03E-04 -5.33E-01 -1.50E+00  4.54E-01  1.33E+00 -1.21E+00 -7.15E-03  1.83E+00  1.38E+00
   21  2.08E+02  3.27E-06  4.27E-05 -2.04E-04 -5.42E-01 -1.51E+00  4.64E-01  1.33E+00 -1.21E+00 -5.84E-03  1.85E+00  1.39E+00
   22  2.09E+02  3.17E-06  4.29E-05 -2.04E-04 -5.52E-01 -1.52E+00  4.75E-01  1.33E+00 -1.21E+00 -4.29E-03  1.87E+00  1.39E+00
   23  2.10E+02  3.07E-06  4.30E-05 -2.05E-04 -5.63E-01 -1.53E+00  4.85E-01  1.33E+00 -1.21E+00 -2.50E-03  1.88E+00  1.40E+00
   24  2.11E+02  2.97E-06  4.32E-05 -2.05E-04 -5.76E-01 -1.54E+00  4.96E-01  1.33E+00 -1.21E+00 -4.87E-04  1.90E+00  1.41E+00
   25  2.12E+02  2.87E-06  4.34E-05 -2.06E-04 -5.91E-01 -1.55E+00  5.07E-01  1.33E+00 -1.20E+00  1.77E-03  1.91E+00  1.41E+00
   26  2.13E+02  2.77E-06  4.36E-05 -2.06E-04 -6.07E-01 -1.56E+00  5.18E-01  1.32E+00 -1.20E+00  4.27E-03  1.93E+00  1.41E+00
   27  2.14E+02  2.67E-06  4.38E-05 -2.07E-04 -6.25E-01 -1.56E+00  5.29E-01  1.32E+00 -1.19E+00  7.06E-03  1.95E+00  1.41E+00
   28  2.15E+02  2.57E-06  4.39E-05 -2.07E-04 -6.44E-01 -1.56E+00  5.40E-01  1.31E+00 -1.19E+00  1.02E-02  1.96E+00  1.41E+00
   29  2.16E+02  2.46E-06  4.41E-05 -2.08E-04 -6.66E-01 -1.56E+00  5.52E-01  1.30E+00 -1.18E+00  1.37E-02  1.98E+00  1.41E+00
   30  2.17E+02  2.36E-06  4.43E-05 -2.08E-04 -6.89E-01 -1.56E+00  5.63E-01  1.29E+00 -1.17E+00  1.76E-02  1.99E+00  1.41E+00
   31  2.18E+02  2.25E-06  4.45E-05 -2.08E-04 -7.13E-01 -1.56E+00  5.74E-01  1.27E+00 -1.17E+00  2.21E-02  2.00E+00  1.41E+00
   32  2.19E+02  2.15E-06  4.46E-05 -2.09E-04 -7.39E-01 -1.56E+00  5.86E-01  1.25E+00 -1.16E+00  2.73E-02  2.01E+00  1.40E+00
   33  2.20E+02  2.04E-06  4.48E-05 -2.09E-04 -7.67E-01 -1.55E+00  5.96E-01  1.22E+00 -1.15E+00  3.33E-02  2.02E+00  1.40E+00
   34  2.21E+02  1.93E-06  4.50E-05 -2.10E-04 -7.95E-01 -1.55E+00  6.07E-01  1.19E+00 -1.15E+00  4.03E-02  2.03E+00  1.39E+00
   35  2.22E+02  1.82E-06  4.52E-05 -2.10E-04 -8.24E-01 -1.54E+00  6.17E-01  1.16E+00 -1.14E+00  4.84E-02  2.03E+00  1.39E+00
   36  2.23E+02  1.71E-06  4.53E-05 -2.11E-04 -8.52E-01 -1.53E+00  6.26E-01  1.12E+00 -1.14E+00  5.80E-02  2.03E+00  1.38E+00
   37  2.24E+02  1.60E-06  4.55E-05 -2.11E-04 -8.80E-01 -1.53E+00  6.35E-01  1.08E+00 -1.14E+00  6.93E-02  2.02E+00  1.38E+00
   38  2.25E+02  1.49E-06  4.57E-05 -2.12E-04 -9.06E-01 -1.52E+00  6.42E-01  1.03E+00 -1.14E+00  8.27E-02  2.01E+00  1.38E+00
   39  2.26E+02  1.38E-06  4.59E-05 -2.12E-04 -9.29E-01 -1.52E+00  6.49E-01  9.76E-01 -1.14E+00  9.84E-02  2.00E+00  1.38E+00
   40  2.27E+02  1.27E-06  4.60E-05 -2.13E-04 -9.49E-01 -1.51E+00  6.54E-01  9.16E-01 -1.15E+00  1.17E-01  1.97E+00  1.39E+00
   41  2.28E+02  1.16E-06  4.62E-05 -2.13E-04 -9.63E-01 -1.52E+00  6.58E-01  8.51E-01 -1.17E+00  1.38E-01  1.94E+00  1.40E+00
   42  2.29E+02  1.05E-06  4.64E-05 -2.14E-04 -9.70E-01 -1.52E+00  6.61E-01  7.80E-01 -1.19E+00  1.64E-01  1.90E+00  1.42E+00
   43  2.30E+02  9.45E-07  4.65E-05 -2.14E-04 -9.68E-01 -1.54E+00  6.62E-01  7.06E-01 -1.22E+00  1.93E-01  1.85E+00  1.44E+00
   44  2.31E+02  8.38E-07  4.67E-05 -2.15E-04 -9.56E-01 -1.56E+00  6.61E-01  6.27E-01 -1.26E+00  2.26E-01  1.79E+00  1.48E+00
   45  2.32E+02  7.32E-07  4.69E-05 -2.15E-04 -9.30E-01 -1.59E+00  6.59E-01  5.46E-01 -1.30E+00  2.64E-01  1.72E+00  1.54E+00
   46  2.33E+02  6.29E-07  4.70E-05 -2.16E-04 -8.88E-01 -1.63E+00  6.56E-01  4.63E-01 -1.36E+00  3.07E-01  1.64E+00  1.60E+00
   47  2.34E+02  5.28E-07  4.72E-05 -2.16E-04 -8.28E-01 -1.68E+00  6.51E-01  3.81E-01 -1.43E+00  3.53E-01  1.55E+00  1.69E+00
   48  2.35E+02  4.29E-07  4.74E-05 -2.17E-04 -7.46E-01 -1.75E+00  6.46E-01  3.01E-01 -1.51E+00  4.04E-01  1.46E+00  1.79E+00
   49  2.36E+02  3.35E-07  4.75E-05 -2.17E-04 -6.39E-01 -1.83E+00  6.41E-01  2.25E-01 -1.61E+00  4.56E-01  1.36E+00  1.90E+00
   50  2.37E+02  2.44E-07  4.77E-05 -2.17E-04 -5.01E-01 -1.94E+00  6.37E-01  1.59E-01 -1.72E+00  5.10E-01  1.25E+00  2.04E+00
   51  2.38E+02  1.58E-07  4.78E-05 -2.18E-04 -3.30E-01 -2.07E+00  6.35E-01  1.04E-01 -1.85E+00  5.63E-01  1.17E+00  2.20E+00
   52  2.39E+02  7.73E-08  4.80E-05 -2.18E-04 -1.19E-01 -2.22E+00  6.36E-01  6.61E-02 -2.00E+00  6.11E-01  1.11E+00  2.37E+00
   53  2.40E+02  2.04E-08  4.81E-05 -2.18E-04  1.17E-01 -2.41E+00  6.40E-01  6.91E-02 -2.13E+00  6.44E-01  1.11E+00  2.54E+00
   54  2.40E+02  9.17E-21  4.82E-05 -2.18E-04  1.43E-01 -2.42E+00  6.42E-01  5.09E-02 -2.16E+00  6.55E-01  1.12E+00  2.56E+00

 ****** MAX. NORMAL DISPLACEMENT, LOAD SET A ************
 WWWMAX(1)= -3.0182E-04, LOCATW(1)=1000*ISEG+I=  1054
 ********************************************************

 ****** MAX. EFF. STRESS IN ISOTROPIC WALL,LOAD A ******
 STRMAX(1)=  5.9335E+00, LOCATS(1)=1000*ISEG+I=  1054
 ******************************************************

 CIRCUMFERENTIAL VARIATION OF SUPERPOSED QUANTITIES AT POINT NO. 27
 SEGMENT NO.  1, MERIDIONAL STATION=  2.141E+02
 ****** RESULTS FROM APPLICATION OF LOAD SYSTEM "A" ******

 POINT  STATION     U         V         W      S1(IN)  S1(OUT)   TAU(IN)   S2(IN)   S2(OUT)   TAU(OUT)  SVON(IN)  SVON(OUT)
     (ARC LENGTH) MERID.   CIRCUMF.  NORMAL    MERID.     MERID.   IN-PLANE  CIRCUMF.  CIRCUMF.  IN-PLANE     VON MISES
                  DISP.  DISPLACEMENT DISP.    STRESS     STRESS    SHEAR    STRESS    STRESS     SHEAR    EFFECTIVE STRESS

    1  0.00E+00  3.86E-06  0.00E+00 -2.67E-04 -4.86E-01 -1.95E+00  0.00E+00  2.56E+00 -2.29E+00  0.00E+00  2.84E+00  2.14E+00
    2  2.00E+00  3.81E-06  9.46E-06 -2.64E-04 -4.94E-01 -1.94E+00  1.51E-01  2.50E+00 -2.24E+00 -3.58E-02  2.80E+00  2.10E+00
    3  4.00E+00  3.64E-06  1.87E-05 -2.56E-04 -5.19E-01 -1.90E+00  2.89E-01  2.33E+00 -2.08E+00 -5.82E-02  2.67E+00  2.00E+00
    4  6.00E+00  3.38E-06  2.76E-05 -2.44E-04 -5.53E-01 -1.83E+00  4.02E-01  2.05E+00 -1.83E+00 -5.85E-02  2.48E+00  1.83E+00
    5  8.00E+00  3.05E-06  3.60E-05 -2.27E-04 -5.91E-01 -1.71E+00  4.83E-01  1.70E+00 -1.53E+00 -3.52E-02  2.23E+00  1.63E+00
    6  1.00E+01  2.67E-06  4.38E-05 -2.07E-04 -6.25E-01 -1.56E+00  5.29E-01  1.32E+00 -1.19E+00  7.06E-03  1.95E+00  1.41E+00
    7  1.20E+01  2.26E-06  5.07E-05 -1.83E-04 -6.48E-01 -1.37E+00  5.42E-01  9.23E-01 -8.49E-01  5.99E-02  1.66E+00  1.20E+00
    8  1.40E+01  1.84E-06  5.68E-05 -1.58E-04 -6.56E-01 -1.14E+00  5.26E-01  5.45E-01 -5.19E-01  1.15E-01  1.38E+00  1.01E+00
    9  1.60E+01  1.42E-06  6.19E-05 -1.32E-04 -6.46E-01 -9.00E-01  4.90E-01  2.02E-01 -2.16E-01  1.64E-01  1.14E+00  8.62E-01
   10  1.80E+01  1.02E-06  6.62E-05 -1.05E-04 -6.18E-01 -6.52E-01  4.39E-01 -9.37E-02  4.91E-02  2.02E-01  9.54E-01  7.64E-01
   11  2.00E+01  6.44E-07  6.94E-05 -7.82E-05 -5.70E-01 -4.10E-01  3.82E-01 -3.36E-01  2.73E-01  2.29E-01  8.27E-01  7.15E-01
   12  2.20E+01  2.92E-07  7.17E-05 -5.18E-05 -5.06E-01 -1.81E-01  3.23E-01 -5.25E-01  4.53E-01  2.42E-01  7.61E-01  7.05E-01
   13  2.40E+01 -3.24E-08  7.31E-05 -2.64E-05 -4.28E-01  2.77E-02  2.66E-01 -6.64E-01  5.92E-01  2.45E-01  7.43E-01  7.17E-01
   14  2.60E+01 -3.28E-07  7.36E-05 -2.16E-06 -3.39E-01  2.14E-01  2.15E-01 -7.58E-01  6.92E-01  2.38E-01  7.56E-01  7.39E-01
   15  2.80E+01 -5.97E-07  7.32E-05  2.06E-05 -2.42E-01  3.77E-01  1.71E-01 -8.13E-01  7.59E-01  2.24E-01  7.82E-01  7.63E-01
   16  3.00E+01 -8.39E-07  7.21E-05  4.18E-05 -1.40E-01  5.16E-01  1.33E-01 -8.38E-01  7.96E-01  2.06E-01  8.11E-01  7.85E-01
   17  3.20E+01 -1.06E-06  7.03E-05  6.13E-05 -3.67E-02  6.34E-01  1.03E-01 -8.37E-01  8.10E-01  1.85E-01  8.39E-01  8.04E-01
   18  3.40E+01 -1.25E-06  6.78E-05  7.92E-05  6.60E-02  7.32E-01  7.90E-02 -8.18E-01  8.04E-01  1.63E-01  8.63E-01  8.20E-01
   19  3.60E+01 -1.43E-06  6.47E-05  9.53E-05  1.66E-01  8.14E-01  6.04E-02 -7.85E-01  7.83E-01  1.41E-01  8.86E-01  8.35E-01
   20  3.80E+01 -1.58E-06  6.10E-05  1.10E-04  2.61E-01  8.80E-01  4.63E-02 -7.43E-01  7.52E-01  1.20E-01  9.06E-01  8.50E-01
   21  4.00E+01 -1.72E-06  5.69E-05  1.23E-04  3.50E-01  9.35E-01  3.58E-02 -6.96E-01  7.14E-01  1.01E-01  9.25E-01  8.64E-01
   22  4.20E+01 -1.85E-06  5.24E-05  1.34E-04  4.32E-01  9.79E-01  2.80E-02 -6.47E-01  6.72E-01  8.36E-02  9.42E-01  8.79E-01
   23  4.40E+01 -1.95E-06  4.74E-05  1.44E-04  5.07E-01  1.01E+00  2.22E-02 -5.99E-01  6.29E-01  6.84E-02  9.59E-01  8.95E-01
   24  4.60E+01 -2.05E-06  4.22E-05  1.52E-04  5.73E-01  1.04E+00  1.79E-02 -5.53E-01  5.86E-01  5.52E-02  9.75E-01  9.11E-01
   25  4.80E+01 -2.13E-06  3.66E-05  1.60E-04  6.31E-01  1.07E+00  1.44E-02 -5.10E-01  5.47E-01  4.38E-02  9.90E-01  9.27E-01
   26  5.00E+01 -2.20E-06  3.09E-05  1.66E-04  6.80E-01  1.08E+00  1.16E-02 -4.73E-01  5.11E-01  3.40E-02  1.00E+00  9.42E-01
   27  5.20E+01 -2.25E-06  2.49E-05  1.70E-04  7.20E-01  1.10E+00  9.11E-03 -4.41E-01  4.80E-01  2.56E-02  1.02E+00  9.55E-01
   28  5.40E+01 -2.29E-06  1.88E-05  1.74E-04  7.52E-01  1.11E+00  6.78E-03 -4.16E-01  4.56E-01  1.82E-02  1.03E+00  9.67E-01
   29  5.60E+01 -2.32E-06  1.26E-05  1.77E-04  7.74E-01  1.12E+00  4.51E-03 -3.98E-01  4.38E-01  1.17E-02  1.03E+00  9.75E-01
   30  5.80E+01 -2.34E-06  6.32E-06  1.78E-04  7.87E-01  1.12E+00  2.25E-03 -3.87E-01  4.27E-01  5.72E-03  1.04E+00  9.80E-01
   31  6.00E+01 -2.35E-06  1.24E-10  1.79E-04  7.92E-01  1.12E+00 -9.90E-09 -3.83E-01  4.23E-01  1.18E-07  1.04E+00  9.82E-01

 CIRCUMFERENTIAL VARIATION OF SUPERPOSED QUANTITIES AT POINT NO. 54
 SEGMENT NO.  1, MERIDIONAL STATION=  2.400E+02
 ****** RESULTS FROM APPLICATION OF LOAD SYSTEM "A" ******

 POINT  STATION     U         V         W      S1(IN)  S1(OUT)   TAU(IN)   S2(IN)   S2(OUT)   TAU(OUT)  SVON(IN)  SVON(OUT)
     (ARC LENGTH) MERID.   CIRCUMF.  NORMAL    MERID.     MERID.   IN-PLANE  CIRCUMF.  CIRCUMF.  IN-PLANE     VON MISES
                  DISP.  DISPLACEMENT DISP.    STRESS     STRESS    SHEAR    STRESS    STRESS     SHEAR    EFFECTIVE STRESS

    1  0.00E+00  1.08E-20  0.00E+00 -3.02E-04  1.74E+00 -6.52E+00  0.00E+00  6.61E+00 -3.59E+00  0.00E+00  5.93E+00  5.65E+00
    2  2.00E+00  1.07E-20  1.12E-05 -2.97E-04  1.45E+00 -5.94E+00  7.55E-01  5.59E+00 -3.57E+00  7.70E-01  5.19E+00  5.35E+00
    3  4.00E+00  1.05E-20  2.17E-05 -2.85E-04  8.59E-01 -4.72E+00  1.04E+00  3.48E+00 -3.43E+00  1.06E+00  3.62E+00  4.61E+00
    4  6.00E+00  1.02E-20  3.15E-05 -2.67E-04  4.02E-01 -3.66E+00  9.40E-01  1.76E+00 -3.07E+00  9.59E-01  2.28E+00  3.78E+00
    5  8.00E+00  9.76E-21  4.03E-05 -2.44E-04  1.98E-01 -2.94E+00  7.74E-01  7.36E-01 -2.60E+00  7.90E-01  1.49E+00  3.10E+00
    6  1.00E+01  9.17E-21  4.82E-05 -2.18E-04  1.43E-01 -2.42E+00  6.42E-01  5.09E-02 -2.16E+00  6.55E-01  1.12E+00  2.56E+00
    7  1.20E+01  8.48E-21  5.51E-05 -1.90E-04  1.72E-01 -2.01E+00  5.17E-01 -4.31E-01 -1.77E+00  5.27E-01  1.04E+00  2.11E+00
    8  1.40E+01  7.69E-21  6.09E-05 -1.62E-04  2.56E-01 -1.69E+00  4.13E-01 -7.39E-01 -1.44E+00  4.21E-01  1.15E+00  1.74E+00
    9  1.60E+01  6.83E-21  6.58E-05 -1.33E-04  3.60E-01 -1.42E+00  3.29E-01 -9.62E-01 -1.15E+00  3.35E-01  1.31E+00  1.43E+00
   10  1.80E+01  5.89E-21  6.97E-05 -1.05E-04  4.71E-01 -1.19E+00  2.50E-01 -1.11E+00 -9.14E-01  2.55E-01  1.47E+00  1.17E+00
   11  2.00E+01  4.89E-21  7.25E-05 -7.69E-05  5.83E-01 -9.94E-01  1.87E-01 -1.18E+00 -7.10E-01  1.91E-01  1.59E+00  9.47E-01
   12  2.20E+01  3.83E-21  7.45E-05 -5.02E-05  6.83E-01 -8.13E-01  1.38E-01 -1.22E+00 -5.44E-01  1.40E-01  1.69E+00  7.58E-01
   13  2.40E+01  2.76E-21  7.55E-05 -2.47E-05  7.71E-01 -6.48E-01  9.13E-02 -1.23E+00 -4.07E-01  9.32E-02  1.76E+00  5.90E-01
   14  2.60E+01  1.69E-21  7.57E-05 -6.57E-07  8.49E-01 -5.00E-01  5.59E-02 -1.21E+00 -2.90E-01  5.71E-02  1.79E+00  4.46E-01
   15  2.80E+01  6.20E-22  7.50E-05  2.18E-05  9.10E-01 -3.56E-01  2.96E-02 -1.17E+00 -1.96E-01  3.02E-02  1.81E+00  3.13E-01
   16  3.00E+01 -4.29E-22  7.37E-05  4.27E-05  9.59E-01 -2.19E-01  4.72E-03 -1.13E+00 -1.19E-01  4.81E-03  1.81E+00  1.90E-01
   17  3.20E+01 -1.46E-21  7.16E-05  6.18E-05  9.99E-01 -9.40E-02 -1.29E-02 -1.07E+00 -5.28E-02 -1.32E-02  1.79E+00  8.47E-02
   18  3.40E+01 -2.45E-21  6.89E-05  7.94E-05  1.03E+00  2.93E-02 -2.41E-02 -1.01E+00 -1.26E-04 -2.45E-02  1.76E+00  5.17E-02
   19  3.60E+01 -3.42E-21  6.56E-05  9.53E-05  1.05E+00  1.47E-01 -3.54E-02 -9.48E-01  4.33E-02 -3.61E-02  1.73E+00  1.45E-01
   20  3.80E+01 -4.35E-21  6.19E-05  1.10E-04  1.06E+00  2.53E-01 -4.19E-02 -8.76E-01  8.14E-02 -4.27E-02  1.68E+00  2.36E-01
   21  4.00E+01 -5.25E-21  5.76E-05  1.22E-04  1.07E+00  3.56E-01 -4.35E-02 -8.12E-01  1.11E-01 -4.44E-02  1.64E+00  3.25E-01
   22  4.20E+01 -6.11E-21  5.29E-05  1.34E-04  1.07E+00  4.53E-01 -4.63E-02 -7.53E-01  1.36E-01 -4.72E-02  1.59E+00  4.11E-01
   23  4.40E+01 -6.92E-21  4.79E-05  1.44E-04  1.07E+00  5.38E-01 -4.60E-02 -6.88E-01  1.58E-01 -4.69E-02  1.54E+00  4.85E-01
   24  4.60E+01 -7.64E-21  4.26E-05  1.52E-04  1.07E+00  6.17E-01 -4.17E-02 -6.35E-01  1.76E-01 -4.26E-02  1.49E+00  5.55E-01
   25  4.80E+01 -8.27E-21  3.70E-05  1.59E-04  1.07E+00  6.88E-01 -3.93E-02 -5.89E-01  1.89E-01 -4.01E-02  1.45E+00  6.20E-01
   26  5.00E+01 -8.79E-21  3.12E-05  1.65E-04  1.06E+00  7.46E-01 -3.50E-02 -5.41E-01  2.02E-01 -3.57E-02  1.42E+00  6.71E-01
   27  5.20E+01 -9.21E-21  2.51E-05  1.70E-04  1.06E+00  7.96E-01 -2.74E-02 -5.05E-01  2.11E-01 -2.80E-02  1.38E+00  7.16E-01
   28  5.40E+01 -9.54E-21  1.90E-05  1.74E-04  1.06E+00  8.37E-01 -2.20E-02 -4.81E-01  2.17E-01 -2.25E-02  1.36E+00  7.53E-01
   29  5.60E+01 -9.78E-21  1.27E-05  1.77E-04  1.05E+00  8.63E-01 -1.58E-02 -4.55E-01  2.23E-01 -1.61E-02  1.34E+00  7.76E-01
   30  5.80E+01 -9.92E-21  6.37E-06  1.78E-04  1.05E+00  8.80E-01 -6.61E-03 -4.43E-01  2.26E-01 -6.74E-03  1.33E+00  7.92E-01
   31  6.00E+01 -9.96E-21  1.25E-10  1.79E-04  1.05E+00  8.88E-01 -1.35E-09 -4.43E-01  2.26E-01 -1.38E-09  1.33E+00  7.99E-01

                     FORCE, MOMENT, AND TORQUE RESULTANTS FOR RING NO.  1  (LOAD SYSTEM "A")

 STATION NO.    CIRC. ANGLE          HOOP FORCE    OUT-OF-PLANE MOMENT    IN-PLANE-MOMENT         TORQUE

      1        0.000000E+00       -1.861378E+01       -1.766600E-16        8.246739E+00        0.000000E+00
      2        1.999998E+00       -1.720618E+01        1.607764E-16        7.416612E+00       -1.353830E-14
      3        3.999997E+00       -1.392728E+01        8.206497E-16        5.589484E+00       -2.506804E-14
      4        5.999996E+00       -1.042655E+01        1.194304E-15        3.845623E+00       -3.386115E-14
      5        7.999994E+00       -7.462980E+00        1.074056E-15        2.534852E+00       -4.029304E-14
      6        9.999993E+00       -5.015338E+00        6.773276E-16        1.506270E+00       -4.482154E-14
      7        1.199999E+01       -3.011865E+00        2.815676E-16        6.885064E-01       -4.743858E-14
      8        1.399999E+01       -1.410925E+00       -5.482011E-18        5.977681E-02       -4.782884E-14
      9        1.599999E+01       -1.309593E-01       -2.775165E-16       -4.374532E-01       -4.580904E-14
     10        1.799999E+01        8.668705E-01       -6.876576E-16       -8.167046E-01       -4.164742E-14
     11        1.999999E+01        1.616832E+00       -1.193714E-15       -1.089488E+00       -3.589996E-14
     12        2.199999E+01        2.176040E+00       -1.522980E-15       -1.291009E+00       -2.885505E-14
     13        2.399998E+01        2.569058E+00       -1.517957E-15       -1.426319E+00       -2.035024E-14
     14        2.599998E+01        2.818407E+00       -1.416808E-15       -1.501186E+00       -1.039494E-14
     15        2.799998E+01        2.964279E+00       -1.573910E-15       -1.540222E+00        1.876709E-16
     16        2.999998E+01        3.021598E+00       -1.946541E-15       -1.545137E+00        1.014558E-14
     17        3.199998E+01        3.003105E+00       -2.144092E-15       -1.517578E+00        1.880283E-14
     18        3.399998E+01        2.937460E+00       -2.001102E-15       -1.475940E+00        2.625041E-14
     19        3.599998E+01        2.833233E+00       -1.780745E-15       -1.420352E+00        3.251687E-14
     20        3.799998E+01        2.696141E+00       -1.743309E-15       -1.349586E+00        3.705301E-14
     21        3.999997E+01        2.547187E+00       -1.804933E-15       -1.278117E+00        3.922111E-14
     22        4.199997E+01        2.391094E+00       -1.736147E-15       -1.205453E+00        3.893277E-14
     23        4.399997E+01        2.228765E+00       -1.496744E-15       -1.128338E+00        3.657219E-14
     24        4.599997E+01        2.076139E+00       -1.206290E-15       -1.058649E+00        3.252393E-14
     25        4.799997E+01        1.935720E+00       -8.642198E-16       -9.957969E-01        2.710905E-14
     26        4.999997E+01        1.805039E+00       -3.326370E-16       -9.350044E-01        2.091503E-14
     27        5.199997E+01        1.696512E+00        3.935677E-16       -8.862850E-01        1.477107E-14
     28        5.399997E+01        1.611349E+00        1.178629E-15       -8.492144E-01        9.329511E-15
     29        5.599996E+01        1.544481E+00        1.974002E-15       -8.177345E-01        4.983132E-15
     30        5.799996E+01        1.505616E+00        2.694259E-15       -8.003916E-01        1.970605E-15
     31        5.999996E+01        1.495117E+00        3.009325E-15       -7.970335E-01        3.856580E-20
