
 START READING DATA FOR THIS CASE

 Please provide a title (42 characters or less)...

 FREE HEMISPHERE VIBRATION                                              

 PLEASE PROVIDE DATA FOR SEGMENT NO.  1


 SEGMENT NO.  1 IS SPHERICAL OR TOROIDAL.
      END POINT COORDINATES (0.0000E+00,0.0000E+00) AND (0.1000E+03,0.1000E+03) AND CENTER (0.0000E+00,0.1000E+03)
 RADIUS =   1.0000E+02 ALPHA1 =   0.0000E+00
 ALPHA2 =  9.0000E+01  INCREASING ARC LENGTH ANTICLOCKWISE


 POINTERS TO CIRCUMFERENTIAL HARMONICS OF LOADING    0    0    0    0    0    0    0    0    0    0    0    0

                                         PHYSICAL PROPERTIES OF SEGMENT NO.   1

 ANALYSIS IS FOR A MONOCOQUE SHELL

 MODULUS OF ELASTICITY=  0.10000E+08   , POISSON RATIO= 0.30000E+00
 SHELL DENSITY =  0.25350E-03   , THERMAL EXP COEF.=  0.00000E+00


 SHELL WALL MASS OF SEGMENT NO.  1 =   1.5950E+01
 (DISCRETE RINGS NOT INCLUDED)


 ***************************************
 TOTAL FORCES AND MOMENTS FROM APPLIED LOADS. THE FORCES AND
 MOMENTS OCCUR AT THE ORIGIN OF THE GLOBAL X,Y,Z AXIS SYSTEM,
 WHICH IS LOCATED AT AXIAL STATION Z=0. NOTE THAT THE TOTAL
 FORCES AND MOMENTS ARE NOT APPLIED AT THE C.G. OF THE
 STRUCTURE, WHICH IS AT AXIAL LOCATION ZCM=  4.9983E+01, BUT
 THEY ARE APPLIED AT AXIAL STATION Z = 0.

 NOTE: IN ORDER FOR THE MASS PROPERTIES AND DYNAMIC REACTIONS
 TO BE PROPERLY COMPUTED, THE GEOMETRY OF EVERY SEGMENT IN
 THE ENTIRE STRUCTURE MUST BE EXPRESSED IN TERMS OF THE
 GLOBAL AXIAL COORDINATE, Z.  THAT IS, YOU MUST HAVE PROVIDED
 AS INPUT FOR EACH SEGMENT THE GLOBAL Z COORDINATES.

 TOTAL FORCES FROM LOAD SET A...
  X-DIRECTION (THETA=  0 DEG.), FX(1) =               0.0000E+00
  Y-DIRECTION (THETA=270 DEG.), FY(1) =               0.0000E+00
  Z-DIRECTION (AXIAL UPWARD)  , FZ(1) =               0.0000E+00
 TOTAL MOMENTS FROM LOAD SET A...
  ABOUT X-AXIS                , MX(1) =               0.0000E+00
  ABOUT Y-AXIS                , MY(1) =               0.0000E+00
  ABOUT Z-AXIS                , MZ(1) =               0.0000E+00


 TOTAL FORCES FROM LOAD SET B...
  X-DIRECTION (THETA=  0 DEG.), FX(2) =               0.0000E+00
  Y-DIRECTION (THETA=270 DEG.), FY(2) =               0.0000E+00
  Z-DIRECTION (AXIAL)         , FZ(2) =               0.0000E+00
 TOTAL MOMENTS FROM LOAD SET B...
  ABOUT X-AXIS                , MX(2) =               0.0000E+00
  ABOUT Y-AXIS                , MY(2) =               0.0000E+00
  ABOUT Z-AXIS                , MZ(2) =               0.0000E+00


 TOTAL MASS, LOCATION OF C.G., MASS MOMENTS OF INERTIA
   TOTAL MASS, M (e.g. lb-sec**2/in)          M =     1.5930E+01
   POLAR MASS MOMENT OF INERTIA,             IZ =     1.0618E+05
   MASS MOMENT OF INERTIA ABOUT C.G.        ICM =     6.6353E+04
   AXIAL POSITION OF THE C.G.               ZCM =     4.9983E+01


 ***************** TOTAL MASS *******************
 TOTMAS =  1.5930E+01
 ********************************************************
  CONSTRAINT CONDITIONS FOR SEGMENT NO. ISEG =           1
  Endpoint of this segment is at Nodal Point No.          33
  The current segment is Segment No. ISEG =           1

 VIBRATION ANALYSIS OF PRESTRESSED SHELLS. THE EIGEN-
 VALUE REPRESENTS THE FREQUENCY IN CPS. FREQUENCIES
 ARE OBTAINED FOR N0.LE.N.LE.NMAX.


 ANALYSIS TYPE =   2, PRINT OPTION =  1, PLOT OPTION =  0, STRESS OPTION =  0
, PRESTRESS CALCULATION OPTION= 1

 NUMBER OF SHELL SEGMENTS =   1


 STRESS CALCULATED FOR CIRCUMFERENTIAL WAVES FROM       0 TO       0 IN INCREMENTS OF       1

 INITIAL BUCKLING OR VIBRATION WAVE NO.=      2, MINIMUM WAVE NO.=      2, MAXIMUM WAVE NO.=      3, INCREMENT=      1

    2 EIGENVALUES SOUGHT FOR EACH CIRCUMFERENTIAL WAVE NUMBER.


                                              CONSTRAINT CONDITION DATA FOLLOW

 SEG. POINT CONNECTED TO SEG. POINT     USTAR VSTAR WSTAR BETA     RADIAL DISC. D1(I)   AXIAL DISC. D2(I)

   1     1                 1     1        0     0     0     0      0.00000000E+00      0.00000000E+00
   1    31                 1    31        0     0     0     0      0.00000000E+00      0.00000000E+00

 CONSTRAINT CONDITIONS FOR STABILITY OR VIBRATION PROBLEM FOLLOW

 SEG. POINT CONNECTED TO SEG. POINT     USTAR VSTAR WSTAR BETA     RADIAL DISC. D1(I)   AXIAL DISC. D2(I)

   1     1                 1     1        0     0     0     0      0.00000000E+00      0.00000000E+00
   1    31                 1    31        0     0     0     0      0.00000000E+00      0.00000000E+00

 PRESSURE MULTIPLIER P =  0.0000E+00, INCREMENT DP=  0.0000E+00
 TEMPERATURE MULT.TEMP=  1.0000E+00, INCREMENT DTEMP=  0.0000E+00

 INITIAL LOAD, FSTART =  0.0000E+00, MAXIMUM LOAD, FMAX=  0.0000E+00
 STEP SIZE, DF=  0.0000E+00

 ANGULAR VELOCITY, OMEGA=   0.000E+00   INCREMENT IN OMEGA, DOMEGA=   0.000E+00

 GLOBAL (AXIAL,RADIAL) COORDINATES FOR ENTIRE MODEL.
 NUMBER OF FINITE ELEMENTS IN ENTIRE MODEL, I2=  33
 ELEMENT NO.   GLOBAL AXIAL COORDINATE   GLOBAL RADIAL COORD.
      1           0.00000000E+00           0.00000000E+00
      2           1.03683472E-02           1.43984687E+00
      3           1.40495300E-01           5.29895401E+00
      4           5.47805786E-01           1.04528456E+01
      5           1.23116302E+00           1.56434479E+01
      6           2.18523407E+00           2.07911682E+01
      7           3.40740967E+00           2.58819046E+01
      8           4.89434814E+00           3.09017010E+01
      9           6.64195251E+00           3.58367958E+01
     10           8.64545441E+00           4.06736679E+01
     11           1.08993530E+01           4.53990555E+01
     12           1.33974609E+01           5.00000000E+01
     13           1.61329422E+01           5.44639053E+01
     14           1.90983047E+01           5.87785301E+01
     15           2.22854080E+01           6.29320450E+01
     16           2.56855164E+01           6.69130630E+01
     17           2.92893219E+01           7.07106781E+01
     18           3.30869370E+01           7.43144836E+01
     19           3.70679550E+01           7.77145996E+01
     20           4.12214699E+01           8.09016953E+01
     21           4.55360870E+01           8.38670502E+01
     22           4.99999924E+01           8.66025314E+01
     23           5.46009369E+01           8.91006470E+01
     24           5.93263168E+01           9.13545380E+01
     25           6.41631775E+01           9.33580322E+01
     26           6.90982819E+01           9.51056519E+01
     27           7.41180725E+01           9.65925827E+01
     28           7.92088242E+01           9.78147659E+01
     29           8.43565369E+01           9.87688370E+01
     30           8.95471573E+01           9.94521942E+01
     31           9.47010345E+01           9.98595047E+01
     32           9.85601501E+01           9.99896317E+01
     33           9.99999924E+01           1.00000000E+02

 AXISYMMETRIC PRESTRESS INPUT CONSTRAINT CONDITIONS FOLLOW

 CONSTRAINT NO.   1  SEGMENT NO.   1 POINT  1 CONNECTED TO SEGMENT NO.   1 POINT  1 TYPE OF CONSTRAINT = 1
 CONSTRAINT NO.   2  SEGMENT NO.   1 POINT 33 CONNECTED TO SEGMENT NO.   1 POINT 33 TYPE OF CONSTRAINT = 2

 LOCAL MATRIX DIMENSION= 5, OVERLAP= 3 NO. CONSTRAINT CONDS. PER CONSTRAINT POINT= 3 SYSTEM RANK=   75 NUMBER OF BLOCKS=  1

 NUMBER OF EQUATIONS ASSOCIATED WITH SEGMENT NO.  1
 EQUALS  75; NO. OF CONSTRAINT PTS. EQUALS  2
 BLOCK NUMBER=  1 LAST EQ. IN BLOCK=   75 LOWEST UNK IN BLOCK=    1. MAX. OFF-DIAGONAL WIDTH=    7

 STABILITY,VIBRATION OR NON-SYMMETRIC STRESS INPUT CONSTRAINT CONDITIONS FOLLOW

 CONSTRAINT NO.   1  SEGMENT NO.   1 POINT  1 CONNECTED TO SEGMENT NO.   1 POINT  1 TYPE OF CONSTRAINT = 1
 CONSTRAINT NO.   2  SEGMENT NO.   1 POINT 33 CONNECTED TO SEGMENT NO.   1 POINT 33 TYPE OF CONSTRAINT = 2

 LOCAL MATRIX DIMENSION= 7, OVERLAP= 4 NO. CONSTRAINT CONDS. PER CONSTRAINT POINT= 4 SYSTEM RANK=  111 NUMBER OF BLOCKS=  1

 NUMBER OF EQUATIONS ASSOCIATED WITH SEGMENT NO.  1
 EQUALS 111; NO. OF CONSTRAINT PTS. EQUALS  2
 BLOCK NUMBER=  1 LAST EQ. IN BLOCK=  111 LOWEST UNK IN BLOCK=    1. MAX. OFF-DIAGONAL WIDTH=   10

 ****************************************


 PRESSURE MULTIPLIER, P=   0.000000E+00, TEMPERATURE MULTIPLIER,TEMP =   1.000000E+00
 ANGULAR VELOCITY, OMEGA=   0.000000E+00

  NUMBER OF NEWTON-RAPHSON ITERATIONS REQUIRED FOR  CONVERGENCE = ITER =  1

 FIXED PART OF AXISYMMETRIC PRESTRESS STATE.
 THESE QUANTITIES ARE NOT MULTIPLIED BY EIGENVALUE.

 PRESTRESS-- MERIDIONAL RESULTANT, N10   CIRCUMFERENTIAL RESULTANT,N20  MERIDIONAL ROTATION, CHIO   FOR SEGMENT   1

       1                     0.00000000E+00                     0.00000000E+00                     0.00000000E+00
       2                     0.00000000E+00                     0.00000000E+00                     0.00000000E+00
       3                     0.00000000E+00                     0.00000000E+00                     0.00000000E+00
       4                     0.00000000E+00                     0.00000000E+00                     0.00000000E+00
       5                     0.00000000E+00                     0.00000000E+00                     0.00000000E+00
       6                     0.00000000E+00                     0.00000000E+00                     0.00000000E+00
       7                     0.00000000E+00                     0.00000000E+00                     0.00000000E+00
       8                     0.00000000E+00                     0.00000000E+00                     0.00000000E+00
       9                     0.00000000E+00                     0.00000000E+00                     0.00000000E+00
      10                     0.00000000E+00                     0.00000000E+00                     0.00000000E+00
      11                     0.00000000E+00                     0.00000000E+00                     0.00000000E+00
      12                     0.00000000E+00                     0.00000000E+00                     0.00000000E+00
      13                     0.00000000E+00                     0.00000000E+00                     0.00000000E+00
      14                     0.00000000E+00                     0.00000000E+00                     0.00000000E+00
      15                     0.00000000E+00                     0.00000000E+00                     0.00000000E+00
      16                     0.00000000E+00                     0.00000000E+00                     0.00000000E+00
      17                     0.00000000E+00                     0.00000000E+00                     0.00000000E+00
      18                     0.00000000E+00                     0.00000000E+00                     0.00000000E+00
      19                     0.00000000E+00                     0.00000000E+00                     0.00000000E+00
      20                     0.00000000E+00                     0.00000000E+00                     0.00000000E+00
      21                     0.00000000E+00                     0.00000000E+00                     0.00000000E+00
      22                     0.00000000E+00                     0.00000000E+00                     0.00000000E+00
      23                     0.00000000E+00                     0.00000000E+00                     0.00000000E+00
      24                     0.00000000E+00                     0.00000000E+00                     0.00000000E+00
      25                     0.00000000E+00                     0.00000000E+00                     0.00000000E+00
      26                     0.00000000E+00                     0.00000000E+00                     0.00000000E+00
      27                     0.00000000E+00                     0.00000000E+00                     0.00000000E+00
      28                     0.00000000E+00                     0.00000000E+00                     0.00000000E+00
      29                     0.00000000E+00                     0.00000000E+00                     0.00000000E+00
      30                     0.00000000E+00                     0.00000000E+00                     0.00000000E+00
      31                     0.00000000E+00                     0.00000000E+00                     0.00000000E+00
      32                     0.00000000E+00                     0.00000000E+00                     0.00000000E+00
      33                     0.00000000E+00                     0.00000000E+00                     0.00000000E+00

 VIBRATION FREQUENCIES (CPS) FOLLOW
 CIRCUMFERENTIAL WAVE NUMBER, N =       2

 EIGENVALUES =
    4.06726E+00    2.89995E+02

 VIBRATION FREQUENCIES (CPS) FOLLOW
 CIRCUMFERENTIAL WAVE NUMBER, N =       3

 EIGENVALUES =
    1.11768E+01    2.98806E+02

 **** CRITICAL EIGENVALUE AND WAVENUMBER ****
 EIGCRT=  4.0673E+00; NO. OF CIRC. WAVES, NWVCRT=    2
 ****************************************************

 ***** EIGENVALUES AND MODE SHAPES *****
  EIGENVALUE(CIRC. WAVES)
 =======================================
    4.0673E+00(   2)
    1.1177E+01(   3)
 =======================================
  ENTERING BOSOR4 POSTPROCESSOR...

 VIBRATION MODES FOLLOW

 CIRCUMFERENTIAL WAVE NUMBER, N =      2

 EIGENVALUES =
   4.067E+00   2.900E+02

 GENERALIZED MASS =
   3.068E+00   3.746E+00

 PARTICIPATION FACTORS=
   0.000E+00   0.000E+00

 MODE SHAPE FOR EIGENVALUE NO.  1 FOLLOWS

 VIBRATION MODE FOR SEGMENT  1

 POINT    STATION       U            V            W
        (ARC LENGTH)  MERID.      CIRCUMF.      NORMAL
                    DISPLACEMENT   DISP.    DISPLACEMENT

    1   0.000E+00   2.753E-21  -2.118E-21   1.306E-21
    2   1.440E+00   8.203E-06   5.791E-06   6.874E-05
    3   5.301E+00  -6.192E-06   2.698E-05   1.043E-03
    4   1.047E+01  -1.273E-04   1.492E-04   4.032E-03
    5   1.571E+01  -4.649E-04   4.874E-04   9.119E-03
    6   2.094E+01  -1.125E-03   1.150E-03   1.630E-02
    7   2.618E+01  -2.217E-03   2.247E-03   2.557E-02
    8   3.142E+01  -3.850E-03   3.885E-03   3.693E-02
    9   3.665E+01  -6.132E-03   6.172E-03   5.036E-02
   10   4.189E+01  -9.172E-03   9.217E-03   6.587E-02
   11   4.712E+01  -1.308E-02   1.313E-02   8.346E-02
   12   5.236E+01  -1.796E-02   1.802E-02   1.031E-01
   13   5.760E+01  -2.393E-02   2.399E-02   1.249E-01
   14   6.283E+01  -3.109E-02   3.115E-02   1.487E-01
   15   6.807E+01  -3.955E-02   3.962E-02   1.747E-01
   16   7.330E+01  -4.943E-02   4.950E-02   2.028E-01
   17   7.854E+01  -6.084E-02   6.092E-02   2.331E-01
   18   8.378E+01  -7.390E-02   7.397E-02   2.656E-01
   19   8.901E+01  -8.871E-02   8.879E-02   3.003E-01
   20   9.425E+01  -1.054E-01   1.055E-01   3.373E-01
   21   9.948E+01  -1.241E-01   1.242E-01   3.767E-01
   22   1.047E+02  -1.449E-01   1.450E-01   4.185E-01
   23   1.100E+02  -1.680E-01   1.680E-01   4.628E-01
   24   1.152E+02  -1.934E-01   1.935E-01   5.097E-01
   25   1.204E+02  -2.214E-01   2.215E-01   5.595E-01
   26   1.257E+02  -2.521E-01   2.522E-01   6.122E-01
   27   1.309E+02  -2.856E-01   2.857E-01   6.683E-01
   28   1.361E+02  -3.222E-01   3.222E-01   7.279E-01
   29   1.414E+02  -3.619E-01   3.619E-01   7.913E-01
   30   1.466E+02  -4.051E-01   4.050E-01   8.582E-01
   31   1.518E+02  -4.513E-01   4.511E-01   9.264E-01
   32   1.556E+02  -4.877E-01   4.876E-01   9.776E-01
   33   1.571E+02  -5.018E-01   5.018E-01   9.966E-01

 MODE SHAPE FOR EIGENVALUE NO.  2 FOLLOWS

 VIBRATION MODE FOR SEGMENT  1

 POINT    STATION       U            V            W
        (ARC LENGTH)  MERID.      CIRCUMF.      NORMAL
                    DISPLACEMENT   DISP.    DISPLACEMENT

    1   0.000E+00  -9.758E-19   1.193E-18  -1.578E-19
    2   1.440E+00   1.073E-02   1.073E-02   7.573E-04
    3   5.301E+00   3.906E-02   3.922E-02   1.152E-02
    4   1.047E+01   7.556E-02   7.665E-02   4.498E-02
    5   1.571E+01   1.095E-01   1.132E-01   1.003E-01
    6   2.094E+01   1.392E-01   1.477E-01   1.747E-01
    7   2.618E+01   1.633E-01   1.795E-01   2.646E-01
    8   3.142E+01   1.810E-01   2.081E-01   3.660E-01
    9   3.665E+01   1.916E-01   2.331E-01   4.739E-01
   10   4.189E+01   1.947E-01   2.539E-01   5.834E-01
   11   4.712E+01   1.903E-01   2.703E-01   6.893E-01
   12   5.236E+01   1.785E-01   2.820E-01   7.864E-01
   13   5.760E+01   1.600E-01   2.890E-01   8.701E-01
   14   6.283E+01   1.356E-01   2.911E-01   9.358E-01
   15   6.807E+01   1.064E-01   2.884E-01   9.801E-01
   16   7.330E+01   7.355E-02   2.812E-01   1.000E+00
   17   7.854E+01   3.864E-02   2.697E-01   9.936E-01
   18   8.378E+01   3.176E-03   2.542E-01   9.600E-01
   19   8.901E+01  -3.126E-02   2.351E-01   8.993E-01
   20   9.425E+01  -6.310E-02   2.130E-01   8.129E-01
   21   9.948E+01  -9.087E-02   1.885E-01   7.031E-01
   22   1.047E+02  -1.133E-01   1.621E-01   5.733E-01
   23   1.100E+02  -1.291E-01   1.345E-01   4.276E-01
   24   1.152E+02  -1.376E-01   1.064E-01   2.712E-01
   25   1.204E+02  -1.382E-01   7.839E-02   1.095E-01
   26   1.257E+02  -1.306E-01   5.121E-02  -5.194E-02
   27   1.309E+02  -1.148E-01   2.547E-02  -2.080E-01
   28   1.361E+02  -9.116E-02   1.780E-03  -3.544E-01
   29   1.414E+02  -6.005E-02  -1.929E-02  -4.889E-01
   30   1.466E+02  -2.196E-02  -3.721E-02  -6.116E-01
   31   1.518E+02   2.219E-02  -5.129E-02  -7.240E-01
   32   1.556E+02   5.885E-02  -5.952E-02  -8.053E-01
   33   1.571E+02   7.347E-02  -6.197E-02  -8.355E-01

 VIBRATION MODES FOLLOW

 CIRCUMFERENTIAL WAVE NUMBER, N =      3

 EIGENVALUES =
   1.118E+01   2.988E+02

 GENERALIZED MASS =
   1.710E+00   3.541E+00

 PARTICIPATION FACTORS=
   0.000E+00   0.000E+00

 MODE SHAPE FOR EIGENVALUE NO.  1 FOLLOWS

 VIBRATION MODE FOR SEGMENT  1

 POINT    STATION       U            V            W
        (ARC LENGTH)  MERID.      CIRCUMF.      NORMAL
                    DISPLACEMENT   DISP.    DISPLACEMENT

    1   0.000E+00  -1.456E-22  -8.603E-23  -8.673E-22
    2   1.440E+00   1.971E-07   1.984E-07   8.367E-07
    3   5.301E+00   1.290E-06   1.577E-06   2.772E-05
    4   1.047E+01  -9.183E-07   7.586E-06   1.836E-04
    5   1.571E+01  -1.806E-05   2.906E-05   6.204E-04
    6   2.094E+01  -6.901E-05   8.539E-05   1.492E-03
    7   2.618E+01  -1.806E-04   2.039E-04   2.957E-03
    8   3.142E+01  -3.880E-04   4.198E-04   5.174E-03
    9   3.665E+01  -7.348E-04   7.769E-04   8.307E-03
   10   4.189E+01  -1.273E-03   1.327E-03   1.252E-02
   11   4.712E+01  -2.065E-03   2.132E-03   1.800E-02
   12   5.236E+01  -3.180E-03   3.262E-03   2.493E-02
   13   5.760E+01  -4.701E-03   4.798E-03   3.351E-02
   14   6.283E+01  -6.719E-03   6.833E-03   4.395E-02
   15   6.807E+01  -9.337E-03   9.469E-03   5.649E-02
   16   7.330E+01  -1.267E-02   1.282E-02   7.138E-02
   17   7.854E+01  -1.686E-02   1.702E-02   8.890E-02
   18   8.378E+01  -2.203E-02   2.222E-02   1.093E-01
   19   8.901E+01  -2.836E-02   2.857E-02   1.331E-01
   20   9.425E+01  -3.603E-02   3.625E-02   1.604E-01
   21   9.948E+01  -4.523E-02   4.547E-02   1.919E-01
   22   1.047E+02  -5.620E-02   5.646E-02   2.279E-01
   23   1.100E+02  -6.919E-02   6.946E-02   2.689E-01
   24   1.152E+02  -8.448E-02   8.476E-02   3.158E-01
   25   1.204E+02  -1.024E-01   1.027E-01   3.691E-01
   26   1.257E+02  -1.233E-01   1.236E-01   4.300E-01
   27   1.309E+02  -1.476E-01   1.479E-01   4.995E-01
   28   1.361E+02  -1.758E-01   1.760E-01   5.791E-01
   29   1.414E+02  -2.085E-01   2.085E-01   6.696E-01
   30   1.466E+02  -2.463E-01   2.460E-01   7.710E-01
   31   1.518E+02  -2.889E-01   2.885E-01   8.793E-01
   32   1.556E+02  -3.239E-01   3.237E-01   9.629E-01
   33   1.571E+02  -3.377E-01   3.378E-01   9.943E-01

 MODE SHAPE FOR EIGENVALUE NO.  2 FOLLOWS

 VIBRATION MODE FOR SEGMENT  1

 POINT    STATION       U            V            W
        (ARC LENGTH)  MERID.      CIRCUMF.      NORMAL
                    DISPLACEMENT   DISP.    DISPLACEMENT

    1   0.000E+00   6.776E-21   3.388E-21   2.498E-20
    2   1.440E+00   3.678E-05   3.698E-05   2.517E-05
    3   5.301E+00   2.356E-03   2.364E-03   8.364E-04
    4   1.047E+01   9.022E-03   9.129E-03   5.613E-03
    5   1.571E+01   1.963E-02   2.014E-02   1.872E-02
    6   2.094E+01   3.333E-02   3.493E-02   4.372E-02
    7   2.618E+01   4.910E-02   5.291E-02   8.323E-02
    8   3.142E+01   6.570E-02   7.337E-02   1.386E-01
    9   3.665E+01   8.182E-02   9.549E-02   2.100E-01
   10   4.189E+01   9.611E-02   1.184E-01   2.958E-01
   11   4.712E+01   1.073E-01   1.411E-01   3.935E-01
   12   5.236E+01   1.144E-01   1.627E-01   4.991E-01
   13   5.760E+01   1.164E-01   1.824E-01   6.077E-01
   14   6.283E+01   1.129E-01   1.993E-01   7.136E-01
   15   6.807E+01   1.036E-01   2.127E-01   8.108E-01
   16   7.330E+01   8.880E-02   2.220E-01   8.933E-01
   17   7.854E+01   6.893E-02   2.267E-01   9.554E-01
   18   8.378E+01   4.492E-02   2.267E-01   9.923E-01
   19   8.901E+01   1.796E-02   2.219E-01   1.000E+00
   20   9.425E+01  -1.050E-02   2.123E-01   9.761E-01
   21   9.948E+01  -3.888E-02   1.983E-01   9.195E-01
   22   1.047E+02  -6.548E-02   1.804E-01   8.312E-01
   23   1.100E+02  -8.867E-02   1.591E-01   7.134E-01
   24   1.152E+02  -1.069E-01   1.354E-01   5.705E-01
   25   1.204E+02  -1.189E-01   1.100E-01   4.077E-01
   26   1.257E+02  -1.235E-01   8.393E-02   2.316E-01
   27   1.309E+02  -1.200E-01   5.825E-02   4.898E-02
   28   1.361E+02  -1.079E-01   3.399E-02  -1.337E-01
   29   1.414E+02  -8.712E-02   1.223E-02  -3.113E-01
   30   1.466E+02  -5.741E-02  -5.964E-03  -4.812E-01
   31   1.518E+02  -1.920E-02  -1.937E-02  -6.418E-01
   32   1.556E+02   1.455E-02  -2.631E-02  -7.593E-01
   33   1.571E+02   2.851E-02  -2.803E-02  -8.033E-01
