
 START READING DATA FOR THIS CASE

 Please provide a title (42 characters or less)...

 CONE HEATED ON AXIAL STRIP                                             

 PLEASE PROVIDE DATA FOR SEGMENT NO.  1


 SEGMENT NO.  1 IS A CYLINDER OR CONE.
      END POINT COORDINATES (0.6000E+01,0.0000E+00) AND (0.1200E+02,0.2735E+02)

 SURFACE LOADS FOR LOAD SYSTEM "A", SEGMENT NO.  1

 Next provide input for the circumferential variation
 of the temperature in this segment.


 THERMAL OR MECHANICAL LINE OR DISTRIBUTED LOADS FORTHE   1 SEGMENT.
 VALID FOR LOADS EXPRESSED IN FORM FS(S)*Y(THETA)


 CIRCUMFERENTIAL DISTRIBUTION OF TEMP COEFFICIENTS T1,T2, AND T3


             INPUT LOAD DISTRIBUTION

 CIRC. STA   1 CIRC. COORD.(DEGREES) =  0.000E+00 INPUT LOAD VALUE=  0.100E+01 CIRC. COORD.=  0.000E+00 INPUT LOAD VALUE=  0.100E+01
 CIRC. STA   2 CIRC. COORD.(DEGREES) =  0.286E+01 INPUT LOAD VALUE=  0.969E+00 CIRC. COORD.= -0.286E+01 INPUT LOAD VALUE=  0.969E+00
 CIRC. STA   3 CIRC. COORD.(DEGREES) =  0.573E+01 INPUT LOAD VALUE=  0.880E+00 CIRC. COORD.= -0.573E+01 INPUT LOAD VALUE=  0.880E+00
 CIRC. STA   4 CIRC. COORD.(DEGREES) =  0.859E+01 INPUT LOAD VALUE=  0.750E+00 CIRC. COORD.= -0.859E+01 INPUT LOAD VALUE=  0.750E+00
 CIRC. STA   5 CIRC. COORD.(DEGREES) =  0.115E+02 INPUT LOAD VALUE=  0.599E+00 CIRC. COORD.= -0.115E+02 INPUT LOAD VALUE=  0.599E+00
 CIRC. STA   6 CIRC. COORD.(DEGREES) =  0.143E+02 INPUT LOAD VALUE=  0.449E+00 CIRC. COORD.= -0.143E+02 INPUT LOAD VALUE=  0.449E+00
 CIRC. STA   7 CIRC. COORD.(DEGREES) =  0.172E+02 INPUT LOAD VALUE=  0.316E+00 CIRC. COORD.= -0.172E+02 INPUT LOAD VALUE=  0.316E+00
 CIRC. STA   8 CIRC. COORD.(DEGREES) =  0.201E+02 INPUT LOAD VALUE=  0.208E+00 CIRC. COORD.= -0.201E+02 INPUT LOAD VALUE=  0.208E+00
 CIRC. STA   9 CIRC. COORD.(DEGREES) =  0.229E+02 INPUT LOAD VALUE=  0.129E+00 CIRC. COORD.= -0.229E+02 INPUT LOAD VALUE=  0.129E+00
 CIRC. STA  10 CIRC. COORD.(DEGREES) =  0.258E+02 INPUT LOAD VALUE=  0.749E-01 CIRC. COORD.= -0.258E+02 INPUT LOAD VALUE=  0.749E-01
 CIRC. STA  11 CIRC. COORD.(DEGREES) =  0.286E+02 INPUT LOAD VALUE=  0.408E-01 CIRC. COORD.= -0.286E+02 INPUT LOAD VALUE=  0.408E-01
 CIRC. STA  12 CIRC. COORD.(DEGREES) =  0.344E+02 INPUT LOAD VALUE=  0.997E-02 CIRC. COORD.= -0.344E+02 INPUT LOAD VALUE=  0.997E-02
 CIRC. STA  13 CIRC. COORD.(DEGREES) =  0.401E+02 INPUT LOAD VALUE=  0.119E-02 CIRC. COORD.= -0.401E+02 INPUT LOAD VALUE=  0.119E-02
 CIRC. STA  14 CIRC. COORD.(DEGREES) =  0.573E+02 INPUT LOAD VALUE=  0.000E+00 CIRC. COORD.= -0.573E+02 INPUT LOAD VALUE=  0.000E+00
 CIRC. STA  15 CIRC. COORD.(DEGREES) =  0.180E+03 INPUT LOAD VALUE=  0.000E+00 CIRC. COORD.= -0.180E+03 INPUT LOAD VALUE=  0.000E+00

      CALCULATED FOURIER HARMONICS OF LOAD

 WAVE NO.N=     0. CIRC. HARMONIC AMPLIT. A(N)=    7.89555E-02. CIRC. DIST. Y(THETA)= A*COS(N*THETA)
 WAVE NO.N=    -1. CIRC. HARMONIC AMPLIT. A(N)=    1.54786E-01. CIRC. DIST. Y(THETA)= A*COS(N*THETA)
 WAVE NO.N=    -2. CIRC. HARMONIC AMPLIT. A(N)=    1.45788E-01. CIRC. DIST. Y(THETA)= A*COS(N*THETA)
 WAVE NO.N=    -3. CIRC. HARMONIC AMPLIT. A(N)=    1.31968E-01. CIRC. DIST. Y(THETA)= A*COS(N*THETA)
 WAVE NO.N=    -4. CIRC. HARMONIC AMPLIT. A(N)=    1.14840E-01. CIRC. DIST. Y(THETA)= A*COS(N*THETA)
 WAVE NO.N=    -5. CIRC. HARMONIC AMPLIT. A(N)=    9.60975E-02. CIRC. DIST. Y(THETA)= A*COS(N*THETA)
 WAVE NO.N=    -6. CIRC. HARMONIC AMPLIT. A(N)=    7.73416E-02. CIRC. DIST. Y(THETA)= A*COS(N*THETA)
 WAVE NO.N=    -7. CIRC. HARMONIC AMPLIT. A(N)=    5.98725E-02. CIRC. DIST. Y(THETA)= A*COS(N*THETA)
 WAVE NO.N=    -8. CIRC. HARMONIC AMPLIT. A(N)=    4.45802E-02. CIRC. DIST. Y(THETA)= A*COS(N*THETA)
 WAVE NO.N=    -9. CIRC. HARMONIC AMPLIT. A(N)=    3.19263E-02. CIRC. DIST. Y(THETA)= A*COS(N*THETA)
 WAVE NO.N=   -10. CIRC. HARMONIC AMPLIT. A(N)=    2.19944E-02. CIRC. DIST. Y(THETA)= A*COS(N*THETA)
 WAVE NO.N=   -11. CIRC. HARMONIC AMPLIT. A(N)=    1.45807E-02. CIRC. DIST. Y(THETA)= A*COS(N*THETA)
 WAVE NO.N=   -12. CIRC. HARMONIC AMPLIT. A(N)=    9.30171E-03. CIRC. DIST. Y(THETA)= A*COS(N*THETA)
 WAVE NO.N=   -13. CIRC. HARMONIC AMPLIT. A(N)=    5.69930E-03. CIRC. DIST. Y(THETA)= A*COS(N*THETA)
 WAVE NO.N=   -14. CIRC. HARMONIC AMPLIT. A(N)=    3.32902E-03. CIRC. DIST. Y(THETA)= A*COS(N*THETA)
 WAVE NO.N=   -15. CIRC. HARMONIC AMPLIT. A(N)=    1.81940E-03. CIRC. DIST. Y(THETA)= A*COS(N*THETA)
 WAVE NO.N=   -16. CIRC. HARMONIC AMPLIT. A(N)=    8.95697E-04. CIRC. DIST. Y(THETA)= A*COS(N*THETA)
 WAVE NO.N=   -17. CIRC. HARMONIC AMPLIT. A(N)=    3.71486E-04. CIRC. DIST. Y(THETA)= A*COS(N*THETA)
 WAVE NO.N=   -18. CIRC. HARMONIC AMPLIT. A(N)=    1.20935E-04. CIRC. DIST. Y(THETA)= A*COS(N*THETA)
 WAVE NO.N=   -19. CIRC. HARMONIC AMPLIT. A(N)=    4.93254E-05. CIRC. DIST. Y(THETA)= A*COS(N*THETA)

              OUTPUT EXPANSION OF LOAD


 POINTERS TO CIRCUMFERENTIAL HARMONICS OF LOADING    0    0    0    0    0    0    0    0    1    0    0    0

                                         PHYSICAL PROPERTIES OF SEGMENT NO.   1

 ANALYSIS IS FOR A MONOCOQUE SHELL

 MODULUS OF ELASTICITY=  0.26900E+08   , POISSON RATIO= 0.30000E+00
 SHELL DENSITY =  0.00000E+00   , THERMAL EXP COEF.=  0.11900E-04


 SHELL WALL MASS OF SEGMENT NO.  1 =   0.0000E+00
 (DISCRETE RINGS NOT INCLUDED)


 ***************************************
 TOTAL FORCES AND MOMENTS FROM APPLIED LOADS. THE FORCES AND
 MOMENTS OCCUR AT THE ORIGIN OF THE GLOBAL X,Y,Z AXIS SYSTEM,
 WHICH IS LOCATED AT AXIAL STATION Z=0. NOTE THAT THE TOTAL
 FORCES AND MOMENTS ARE NOT APPLIED AT THE C.G. OF THE
 STRUCTURE, WHICH IS AT AXIAL LOCATION ZCM=  0.0000E+00, BUT
 THEY ARE APPLIED AT AXIAL STATION Z = 0.

 NOTE: IN ORDER FOR THE MASS PROPERTIES AND DYNAMIC REACTIONS
 TO BE PROPERLY COMPUTED, THE GEOMETRY OF EVERY SEGMENT IN
 THE ENTIRE STRUCTURE MUST BE EXPRESSED IN TERMS OF THE
 GLOBAL AXIAL COORDINATE, Z.  THAT IS, YOU MUST HAVE PROVIDED
 AS INPUT FOR EACH SEGMENT THE GLOBAL Z COORDINATES.

 TOTAL FORCES FROM LOAD SET A...
  X-DIRECTION (THETA=  0 DEG.), FX(1) =               0.0000E+00
  Y-DIRECTION (THETA=270 DEG.), FY(1) =               0.0000E+00
  Z-DIRECTION (AXIAL UPWARD)  , FZ(1) =               0.0000E+00
 TOTAL MOMENTS FROM LOAD SET A...
  ABOUT X-AXIS                , MX(1) =               0.0000E+00
  ABOUT Y-AXIS                , MY(1) =               0.0000E+00
  ABOUT Z-AXIS                , MZ(1) =               0.0000E+00


 TOTAL FORCES FROM LOAD SET B...
  X-DIRECTION (THETA=  0 DEG.), FX(2) =               0.0000E+00
  Y-DIRECTION (THETA=270 DEG.), FY(2) =               0.0000E+00
  Z-DIRECTION (AXIAL)         , FZ(2) =               0.0000E+00
 TOTAL MOMENTS FROM LOAD SET B...
  ABOUT X-AXIS                , MX(2) =               0.0000E+00
  ABOUT Y-AXIS                , MY(2) =               0.0000E+00
  ABOUT Z-AXIS                , MZ(2) =               0.0000E+00


 TOTAL MASS, LOCATION OF C.G., MASS MOMENTS OF INERTIA
   TOTAL MASS, M (e.g. lb-sec**2/in)          M =     0.0000E+00
   POLAR MASS MOMENT OF INERTIA,             IZ =     0.0000E+00
   MASS MOMENT OF INERTIA ABOUT C.G.        ICM =     0.0000E+00
   AXIAL POSITION OF THE C.G.               ZCM =     0.0000E+00


 ***************** TOTAL MASS *******************
 TOTMAS =  0.0000E+00
 ********************************************************

 NONSYMMETRIC DISTRIBUTED MECHANICAL AND THERMAL LOAD COMPONENTS FOLLOW. AXIAL DISTRIBUTIONS. LOAD SET A
                          AXIAL DISTRIBUTION OF LOAD COMPONENTS FOR ALL CIRCUMFERENTIAL HARMONICS
       STATION           PU           PV           PW              TN1         TN2          TM1          TM2        


                                         LOAD COMPONENTS FOR SEGMENT NO.   1

    1   0.0000E+00   0.0000E+00   0.0000E+00   0.0000E+00  -4.8199E+02  -4.8199E+02   0.0000E+00   0.0000E+00
    2   4.0244E-02   0.0000E+00   0.0000E+00   0.0000E+00  -4.8367E+02  -4.8367E+02  -1.0647E-07  -1.0647E-07
    3   1.4817E-01   0.0000E+00   0.0000E+00   0.0000E+00  -4.8815E+02  -4.8815E+02  -7.9855E-08  -7.9855E-08
    4   2.9268E-01   0.0000E+00   0.0000E+00   0.0000E+00  -4.9415E+02  -4.9415E+02   0.0000E+00   0.0000E+00
    5   4.3903E-01   0.0000E+00   0.0000E+00   0.0000E+00  -5.0022E+02  -5.0022E+02  -1.0647E-07  -1.0647E-07
    6   5.8537E-01   0.0000E+00   0.0000E+00   0.0000E+00  -5.0630E+02  -5.0630E+02   0.0000E+00   0.0000E+00
    7   7.3171E-01   0.0000E+00   0.0000E+00   0.0000E+00  -5.1237E+02  -5.1237E+02   0.0000E+00   0.0000E+00
    8   8.7805E-01   0.0000E+00   0.0000E+00   0.0000E+00  -5.1845E+02  -5.1845E+02   0.0000E+00   0.0000E+00
    9   1.0244E+00   0.0000E+00   0.0000E+00   0.0000E+00  -5.2452E+02  -5.2452E+02   2.6618E-08   2.6618E-08
   10   1.1707E+00   0.0000E+00   0.0000E+00   0.0000E+00  -5.3060E+02  -5.3060E+02  -2.6618E-08  -2.6618E-08
   11   1.3171E+00   0.0000E+00   0.0000E+00   0.0000E+00  -5.3667E+02  -5.3667E+02   7.9855E-08   7.9855E-08
   12   1.4634E+00   0.0000E+00   0.0000E+00   0.0000E+00  -5.4275E+02  -5.4275E+02   2.6618E-08   2.6618E-08
   13   1.6098E+00   0.0000E+00   0.0000E+00   0.0000E+00  -5.4883E+02  -5.4883E+02  -5.3237E-08  -5.3237E-08
   14   1.7561E+00   0.0000E+00   0.0000E+00   0.0000E+00  -5.5490E+02  -5.5490E+02   0.0000E+00   0.0000E+00
   15   1.9024E+00   0.0000E+00   0.0000E+00   0.0000E+00  -5.6098E+02  -5.6098E+02  -2.6618E-08  -2.6618E-08
   16   2.0488E+00   0.0000E+00   0.0000E+00   0.0000E+00  -5.6705E+02  -5.6705E+02  -1.0647E-07  -1.0647E-07
   17   2.1951E+00   0.0000E+00   0.0000E+00   0.0000E+00  -5.7296E+02  -5.7296E+02  -7.9855E-08  -7.9855E-08
   18   2.3415E+00   0.0000E+00   0.0000E+00   0.0000E+00  -5.7887E+02  -5.7887E+02  -1.3309E-07  -1.3309E-07
   19   2.4878E+00   0.0000E+00   0.0000E+00   0.0000E+00  -5.8477E+02  -5.8477E+02   7.9855E-08   7.9855E-08
   20   2.6342E+00   0.0000E+00   0.0000E+00   0.0000E+00  -5.9068E+02  -5.9068E+02  -5.3237E-08  -5.3237E-08
   21   2.7805E+00   0.0000E+00   0.0000E+00   0.0000E+00  -5.9659E+02  -5.9659E+02   0.0000E+00   0.0000E+00
   22   2.9268E+00   0.0000E+00   0.0000E+00   0.0000E+00  -6.0249E+02  -6.0249E+02   0.0000E+00   0.0000E+00
   23   3.0732E+00   0.0000E+00   0.0000E+00   0.0000E+00  -6.1135E+02  -6.1135E+02  -5.3237E-08  -5.3237E-08
   24   3.2195E+00   0.0000E+00   0.0000E+00   0.0000E+00  -6.2021E+02  -6.2021E+02   2.6618E-08   2.6618E-08
   25   3.3659E+00   0.0000E+00   0.0000E+00   0.0000E+00  -6.2907E+02  -6.2907E+02   1.0647E-07   1.0647E-07
   26   3.5122E+00   0.0000E+00   0.0000E+00   0.0000E+00  -6.3793E+02  -6.3793E+02   7.9855E-08   7.9855E-08
   27   3.6585E+00   0.0000E+00   0.0000E+00   0.0000E+00  -6.7337E+02  -6.7337E+02  -5.3237E-08  -5.3237E-08
   28   3.8049E+00   0.0000E+00   0.0000E+00   0.0000E+00  -7.0881E+02  -7.0881E+02  -5.3237E-08  -5.3237E-08
   29   3.9512E+00   0.0000E+00   0.0000E+00   0.0000E+00  -7.4426E+02  -7.4426E+02  -2.6618E-08  -2.6618E-08
   30   4.1890E+00   0.0000E+00   0.0000E+00   0.0000E+00  -7.6513E+02  -7.6513E+02   0.0000E+00   0.0000E+00
   31   4.6098E+00   0.0000E+00   0.0000E+00   0.0000E+00  -8.0207E+02  -8.0207E+02  -5.3237E-08  -5.3237E-08
   32   5.1220E+00   0.0000E+00   0.0000E+00   0.0000E+00  -8.4703E+02  -8.4703E+02  -5.3237E-08  -5.3237E-08
   33   5.6342E+00   0.0000E+00   0.0000E+00   0.0000E+00  -8.4172E+02  -8.4172E+02   0.0000E+00   0.0000E+00
   34   6.1464E+00   0.0000E+00   0.0000E+00   0.0000E+00  -8.3640E+02  -8.3640E+02   0.0000E+00   0.0000E+00
   35   6.6585E+00   0.0000E+00   0.0000E+00   0.0000E+00  -8.2577E+02  -8.2577E+02  -5.3237E-08  -5.3237E-08
   36   7.1707E+00   0.0000E+00   0.0000E+00   0.0000E+00  -8.1514E+02  -8.1514E+02   5.3237E-08   5.3237E-08
   37   7.6829E+00   0.0000E+00   0.0000E+00   0.0000E+00  -8.0451E+02  -8.0451E+02   1.0647E-07   1.0647E-07
   38   8.1951E+00   0.0000E+00   0.0000E+00   0.0000E+00  -7.9387E+02  -7.9387E+02   0.0000E+00   0.0000E+00
   39   8.7073E+00   0.0000E+00   0.0000E+00   0.0000E+00  -7.7514E+02  -7.7514E+02   1.0647E-07   1.0647E-07
   40   9.2195E+00   0.0000E+00   0.0000E+00   0.0000E+00  -7.5641E+02  -7.5641E+02   1.0647E-07   1.0647E-07
   41   9.7317E+00   0.0000E+00   0.0000E+00   0.0000E+00  -7.3767E+02  -7.3767E+02  -1.3309E-07  -1.3309E-07
   42   1.0244E+01   0.0000E+00   0.0000E+00   0.0000E+00  -7.1894E+02  -7.1894E+02   1.0647E-07   1.0647E-07
   43   1.0756E+01   0.0000E+00   0.0000E+00   0.0000E+00  -7.0021E+02  -7.0021E+02   5.3237E-08   5.3237E-08
   44   1.1268E+01   0.0000E+00   0.0000E+00   0.0000E+00  -6.8147E+02  -6.8147E+02  -7.9855E-08  -7.9855E-08
   45   1.1780E+01   0.0000E+00   0.0000E+00   0.0000E+00  -6.6274E+02  -6.6274E+02   2.6618E-08   2.6618E-08
   46   1.2293E+01   0.0000E+00   0.0000E+00   0.0000E+00  -6.5255E+02  -6.5255E+02  -2.6618E-08  -2.6618E-08
   47   1.2805E+01   0.0000E+00   0.0000E+00   0.0000E+00  -6.4236E+02  -6.4236E+02   0.0000E+00   0.0000E+00
   48   1.3317E+01   0.0000E+00   0.0000E+00   0.0000E+00  -6.3217E+02  -6.3217E+02   0.0000E+00   0.0000E+00
   49   1.3829E+01   0.0000E+00   0.0000E+00   0.0000E+00  -6.2199E+02  -6.2199E+02   2.6618E-08   2.6618E-08
   50   1.4341E+01   0.0000E+00   0.0000E+00   0.0000E+00  -6.1180E+02  -6.1180E+02   5.3237E-08   5.3237E-08
   51   1.4854E+01   0.0000E+00   0.0000E+00   0.0000E+00  -6.0161E+02  -6.0161E+02   7.9855E-08   7.9855E-08
   52   1.5366E+01   0.0000E+00   0.0000E+00   0.0000E+00  -5.9142E+02  -5.9142E+02   5.3237E-08   5.3237E-08
   53   1.5878E+01   0.0000E+00   0.0000E+00   0.0000E+00  -5.8123E+02  -5.8123E+02   5.3237E-08   5.3237E-08
   54   1.6390E+01   0.0000E+00   0.0000E+00   0.0000E+00  -5.8017E+02  -5.8017E+02   5.3237E-08   5.3237E-08
   55   1.6902E+01   0.0000E+00   0.0000E+00   0.0000E+00  -5.7910E+02  -5.7910E+02  -2.6618E-08  -2.6618E-08
   56   1.7415E+01   0.0000E+00   0.0000E+00   0.0000E+00  -5.7804E+02  -5.7804E+02   5.3237E-08   5.3237E-08
   57   1.7927E+01   0.0000E+00   0.0000E+00   0.0000E+00  -5.7698E+02  -5.7698E+02  -2.6618E-08  -2.6618E-08
   58   1.8439E+01   0.0000E+00   0.0000E+00   0.0000E+00  -5.8070E+02  -5.8070E+02  -2.6618E-08  -2.6618E-08
   59   1.8951E+01   0.0000E+00   0.0000E+00   0.0000E+00  -5.8442E+02  -5.8442E+02  -5.3237E-08  -5.3237E-08
   60   1.9463E+01   0.0000E+00   0.0000E+00   0.0000E+00  -5.8814E+02  -5.8814E+02  -5.3237E-08  -5.3237E-08
   61   1.9976E+01   0.0000E+00   0.0000E+00   0.0000E+00  -5.9186E+02  -5.9186E+02   5.3237E-08   5.3237E-08
   62   2.0488E+01   0.0000E+00   0.0000E+00   0.0000E+00  -5.9434E+02  -5.9434E+02   0.0000E+00   0.0000E+00
   63   2.1000E+01   0.0000E+00   0.0000E+00   0.0000E+00  -5.9682E+02  -5.9682E+02  -5.3237E-08  -5.3237E-08
   64   2.1512E+01   0.0000E+00   0.0000E+00   0.0000E+00  -5.8903E+02  -5.8903E+02   0.0000E+00   0.0000E+00
   65   2.2024E+01   0.0000E+00   0.0000E+00   0.0000E+00  -5.8123E+02  -5.8123E+02   5.3237E-08   5.3237E-08
   66   2.2451E+01   0.0000E+00   0.0000E+00   0.0000E+00  -5.6203E+02  -5.6203E+02  -5.3237E-08  -5.3237E-08
   67   2.2707E+01   0.0000E+00   0.0000E+00   0.0000E+00  -5.5051E+02  -5.5051E+02   2.6618E-08   2.6618E-08
   68   2.2878E+01   0.0000E+00   0.0000E+00   0.0000E+00  -5.4283E+02  -5.4283E+02  -5.3237E-08  -5.3237E-08
   69   2.3049E+01   0.0000E+00   0.0000E+00   0.0000E+00  -5.3516E+02  -5.3516E+02   2.6618E-08   2.6618E-08
   70   2.3220E+01   0.0000E+00   0.0000E+00   0.0000E+00  -5.1256E+02  -5.1256E+02   0.0000E+00   0.0000E+00
   71   2.3390E+01   0.0000E+00   0.0000E+00   0.0000E+00  -4.8997E+02  -4.8997E+02  -2.6618E-08  -2.6618E-08
   72   2.3561E+01   0.0000E+00   0.0000E+00   0.0000E+00  -4.6737E+02  -4.6737E+02   2.6618E-08   2.6618E-08
   73   2.3732E+01   0.0000E+00   0.0000E+00   0.0000E+00  -4.4478E+02  -4.4478E+02  -2.6618E-08  -2.6618E-08
   74   2.3903E+01   0.0000E+00   0.0000E+00   0.0000E+00  -4.2219E+02  -4.2219E+02   0.0000E+00   0.0000E+00
   75   2.4073E+01   0.0000E+00   0.0000E+00   0.0000E+00  -3.9959E+02  -3.9959E+02   2.6618E-08   2.6618E-08
   76   2.4244E+01   0.0000E+00   0.0000E+00   0.0000E+00  -3.7700E+02  -3.7700E+02   0.0000E+00   0.0000E+00
   77   2.4415E+01   0.0000E+00   0.0000E+00   0.0000E+00  -3.5441E+02  -3.5441E+02  -2.6618E-08  -2.6618E-08
   78   2.4586E+01   0.0000E+00   0.0000E+00   0.0000E+00  -3.4259E+02  -3.4259E+02   2.6618E-08   2.6618E-08
   79   2.4756E+01   0.0000E+00   0.0000E+00   0.0000E+00  -3.3078E+02  -3.3078E+02  -1.3309E-08  -1.3309E-08
   80   2.4927E+01   0.0000E+00   0.0000E+00   0.0000E+00  -3.1897E+02  -3.1897E+02   3.9928E-08   3.9928E-08
   81   2.5098E+01   0.0000E+00   0.0000E+00   0.0000E+00  -3.0715E+02  -3.0715E+02   0.0000E+00   0.0000E+00
   82   2.5269E+01   0.0000E+00   0.0000E+00   0.0000E+00  -2.9534E+02  -2.9534E+02  -2.6618E-08  -2.6618E-08
   83   2.5439E+01   0.0000E+00   0.0000E+00   0.0000E+00  -2.8353E+02  -2.8353E+02  -5.3237E-08  -5.3237E-08
   84   2.5610E+01   0.0000E+00   0.0000E+00   0.0000E+00  -2.7171E+02  -2.7171E+02   0.0000E+00   0.0000E+00
   85   2.5781E+01   0.0000E+00   0.0000E+00   0.0000E+00  -2.5990E+02  -2.5990E+02   0.0000E+00   0.0000E+00
   86   2.5952E+01   0.0000E+00   0.0000E+00   0.0000E+00  -2.4809E+02  -2.4809E+02  -3.9928E-08  -3.9928E-08
   87   2.6122E+01   0.0000E+00   0.0000E+00   0.0000E+00  -2.3923E+02  -2.3923E+02  -5.3237E-08  -5.3237E-08
   88   2.6293E+01   0.0000E+00   0.0000E+00   0.0000E+00  -2.3036E+02  -2.3036E+02   0.0000E+00   0.0000E+00
   89   2.6464E+01   0.0000E+00   0.0000E+00   0.0000E+00  -2.2150E+02  -2.2150E+02   0.0000E+00   0.0000E+00
   90   2.6635E+01   0.0000E+00   0.0000E+00   0.0000E+00  -2.1264E+02  -2.1264E+02   0.0000E+00   0.0000E+00
   91   2.6805E+01   0.0000E+00   0.0000E+00   0.0000E+00  -2.0378E+02  -2.0378E+02   1.3309E-08   1.3309E-08
   92   2.6976E+01   0.0000E+00   0.0000E+00   0.0000E+00  -1.9492E+02  -1.9492E+02  -1.3309E-08  -1.3309E-08
   93   2.7147E+01   0.0000E+00   0.0000E+00   0.0000E+00  -1.8606E+02  -1.8606E+02  -6.6546E-09  -6.6546E-09
   94   2.7318E+01   0.0000E+00   0.0000E+00   0.0000E+00  -1.7720E+02  -1.7720E+02  -1.3309E-08  -1.3309E-08
   95   2.7489E+01   0.0000E+00   0.0000E+00   0.0000E+00  -1.6834E+02  -1.6834E+02  -1.3309E-08  -1.3309E-08
   96   2.7659E+01   0.0000E+00   0.0000E+00   0.0000E+00  -1.5948E+02  -1.5948E+02   1.9964E-08   1.9964E-08
   97   2.7828E+01   0.0000E+00   0.0000E+00   0.0000E+00  -1.5073E+02  -1.5073E+02   0.0000E+00   0.0000E+00
   98   2.7954E+01   0.0000E+00   0.0000E+00   0.0000E+00  -1.4420E+02  -1.4420E+02  -1.3309E-08  -1.3309E-08
   99   2.8001E+01   0.0000E+00   0.0000E+00   0.0000E+00  -1.4176E+02  -1.4176E+02  -2.6618E-08  -2.6618E-08

 NONSYMMETRIC DISTRIBUTED MECHANICAL AND THERMAL LOAD COMPONENTS FOLLOW. AXIAL DISTRIBUTIONS. LOAD SET B
                          AXIAL DISTRIBUTION OF LOAD COMPONENTS FOR ALL CIRCUMFERENTIAL HARMONICS
       STATION           PU           PV           PW              TN1         TN2          TM1          TM2        


                                         LOAD COMPONENTS FOR SEGMENT NO.   1

    1   0.0000E+00   0.0000E+00   0.0000E+00   0.0000E+00   0.0000E+00   0.0000E+00   0.0000E+00   0.0000E+00
    2   4.0244E-02   0.0000E+00   0.0000E+00   0.0000E+00   0.0000E+00   0.0000E+00   0.0000E+00   0.0000E+00
    3   1.4817E-01   0.0000E+00   0.0000E+00   0.0000E+00   0.0000E+00   0.0000E+00   0.0000E+00   0.0000E+00
    4   2.9268E-01   0.0000E+00   0.0000E+00   0.0000E+00   0.0000E+00   0.0000E+00   0.0000E+00   0.0000E+00
    5   4.3903E-01   0.0000E+00   0.0000E+00   0.0000E+00   0.0000E+00   0.0000E+00   0.0000E+00   0.0000E+00
    6   5.8537E-01   0.0000E+00   0.0000E+00   0.0000E+00   0.0000E+00   0.0000E+00   0.0000E+00   0.0000E+00
    7   7.3171E-01   0.0000E+00   0.0000E+00   0.0000E+00   0.0000E+00   0.0000E+00   0.0000E+00   0.0000E+00
    8   8.7805E-01   0.0000E+00   0.0000E+00   0.0000E+00   0.0000E+00   0.0000E+00   0.0000E+00   0.0000E+00
    9   1.0244E+00   0.0000E+00   0.0000E+00   0.0000E+00   0.0000E+00   0.0000E+00   0.0000E+00   0.0000E+00
   10   1.1707E+00   0.0000E+00   0.0000E+00   0.0000E+00   0.0000E+00   0.0000E+00   0.0000E+00   0.0000E+00
   11   1.3171E+00   0.0000E+00   0.0000E+00   0.0000E+00   0.0000E+00   0.0000E+00   0.0000E+00   0.0000E+00
   12   1.4634E+00   0.0000E+00   0.0000E+00   0.0000E+00   0.0000E+00   0.0000E+00   0.0000E+00   0.0000E+00
   13   1.6098E+00   0.0000E+00   0.0000E+00   0.0000E+00   0.0000E+00   0.0000E+00   0.0000E+00   0.0000E+00
   14   1.7561E+00   0.0000E+00   0.0000E+00   0.0000E+00   0.0000E+00   0.0000E+00   0.0000E+00   0.0000E+00
   15   1.9024E+00   0.0000E+00   0.0000E+00   0.0000E+00   0.0000E+00   0.0000E+00   0.0000E+00   0.0000E+00
   16   2.0488E+00   0.0000E+00   0.0000E+00   0.0000E+00   0.0000E+00   0.0000E+00   0.0000E+00   0.0000E+00
   17   2.1951E+00   0.0000E+00   0.0000E+00   0.0000E+00   0.0000E+00   0.0000E+00   0.0000E+00   0.0000E+00
   18   2.3415E+00   0.0000E+00   0.0000E+00   0.0000E+00   0.0000E+00   0.0000E+00   0.0000E+00   0.0000E+00
   19   2.4878E+00   0.0000E+00   0.0000E+00   0.0000E+00   0.0000E+00   0.0000E+00   0.0000E+00   0.0000E+00
   20   2.6342E+00   0.0000E+00   0.0000E+00   0.0000E+00   0.0000E+00   0.0000E+00   0.0000E+00   0.0000E+00
   21   2.7805E+00   0.0000E+00   0.0000E+00   0.0000E+00   0.0000E+00   0.0000E+00   0.0000E+00   0.0000E+00
   22   2.9268E+00   0.0000E+00   0.0000E+00   0.0000E+00   0.0000E+00   0.0000E+00   0.0000E+00   0.0000E+00
   23   3.0732E+00   0.0000E+00   0.0000E+00   0.0000E+00   0.0000E+00   0.0000E+00   0.0000E+00   0.0000E+00
   24   3.2195E+00   0.0000E+00   0.0000E+00   0.0000E+00   0.0000E+00   0.0000E+00   0.0000E+00   0.0000E+00
   25   3.3659E+00   0.0000E+00   0.0000E+00   0.0000E+00   0.0000E+00   0.0000E+00   0.0000E+00   0.0000E+00
   26   3.5122E+00   0.0000E+00   0.0000E+00   0.0000E+00   0.0000E+00   0.0000E+00   0.0000E+00   0.0000E+00
   27   3.6585E+00   0.0000E+00   0.0000E+00   0.0000E+00   0.0000E+00   0.0000E+00   0.0000E+00   0.0000E+00
   28   3.8049E+00   0.0000E+00   0.0000E+00   0.0000E+00   0.0000E+00   0.0000E+00   0.0000E+00   0.0000E+00
   29   3.9512E+00   0.0000E+00   0.0000E+00   0.0000E+00   0.0000E+00   0.0000E+00   0.0000E+00   0.0000E+00
   30   4.1890E+00   0.0000E+00   0.0000E+00   0.0000E+00   0.0000E+00   0.0000E+00   0.0000E+00   0.0000E+00
   31   4.6098E+00   0.0000E+00   0.0000E+00   0.0000E+00   0.0000E+00   0.0000E+00   0.0000E+00   0.0000E+00
   32   5.1220E+00   0.0000E+00   0.0000E+00   0.0000E+00   0.0000E+00   0.0000E+00   0.0000E+00   0.0000E+00
   33   5.6342E+00   0.0000E+00   0.0000E+00   0.0000E+00   0.0000E+00   0.0000E+00   0.0000E+00   0.0000E+00
   34   6.1464E+00   0.0000E+00   0.0000E+00   0.0000E+00   0.0000E+00   0.0000E+00   0.0000E+00   0.0000E+00
   35   6.6585E+00   0.0000E+00   0.0000E+00   0.0000E+00   0.0000E+00   0.0000E+00   0.0000E+00   0.0000E+00
   36   7.1707E+00   0.0000E+00   0.0000E+00   0.0000E+00   0.0000E+00   0.0000E+00   0.0000E+00   0.0000E+00
   37   7.6829E+00   0.0000E+00   0.0000E+00   0.0000E+00   0.0000E+00   0.0000E+00   0.0000E+00   0.0000E+00
   38   8.1951E+00   0.0000E+00   0.0000E+00   0.0000E+00   0.0000E+00   0.0000E+00   0.0000E+00   0.0000E+00
   39   8.7073E+00   0.0000E+00   0.0000E+00   0.0000E+00   0.0000E+00   0.0000E+00   0.0000E+00   0.0000E+00
   40   9.2195E+00   0.0000E+00   0.0000E+00   0.0000E+00   0.0000E+00   0.0000E+00   0.0000E+00   0.0000E+00
   41   9.7317E+00   0.0000E+00   0.0000E+00   0.0000E+00   0.0000E+00   0.0000E+00   0.0000E+00   0.0000E+00
   42   1.0244E+01   0.0000E+00   0.0000E+00   0.0000E+00   0.0000E+00   0.0000E+00   0.0000E+00   0.0000E+00
   43   1.0756E+01   0.0000E+00   0.0000E+00   0.0000E+00   0.0000E+00   0.0000E+00   0.0000E+00   0.0000E+00
   44   1.1268E+01   0.0000E+00   0.0000E+00   0.0000E+00   0.0000E+00   0.0000E+00   0.0000E+00   0.0000E+00
   45   1.1780E+01   0.0000E+00   0.0000E+00   0.0000E+00   0.0000E+00   0.0000E+00   0.0000E+00   0.0000E+00
   46   1.2293E+01   0.0000E+00   0.0000E+00   0.0000E+00   0.0000E+00   0.0000E+00   0.0000E+00   0.0000E+00
   47   1.2805E+01   0.0000E+00   0.0000E+00   0.0000E+00   0.0000E+00   0.0000E+00   0.0000E+00   0.0000E+00
   48   1.3317E+01   0.0000E+00   0.0000E+00   0.0000E+00   0.0000E+00   0.0000E+00   0.0000E+00   0.0000E+00
   49   1.3829E+01   0.0000E+00   0.0000E+00   0.0000E+00   0.0000E+00   0.0000E+00   0.0000E+00   0.0000E+00
   50   1.4341E+01   0.0000E+00   0.0000E+00   0.0000E+00   0.0000E+00   0.0000E+00   0.0000E+00   0.0000E+00
   51   1.4854E+01   0.0000E+00   0.0000E+00   0.0000E+00   0.0000E+00   0.0000E+00   0.0000E+00   0.0000E+00
   52   1.5366E+01   0.0000E+00   0.0000E+00   0.0000E+00   0.0000E+00   0.0000E+00   0.0000E+00   0.0000E+00
   53   1.5878E+01   0.0000E+00   0.0000E+00   0.0000E+00   0.0000E+00   0.0000E+00   0.0000E+00   0.0000E+00
   54   1.6390E+01   0.0000E+00   0.0000E+00   0.0000E+00   0.0000E+00   0.0000E+00   0.0000E+00   0.0000E+00
   55   1.6902E+01   0.0000E+00   0.0000E+00   0.0000E+00   0.0000E+00   0.0000E+00   0.0000E+00   0.0000E+00
   56   1.7415E+01   0.0000E+00   0.0000E+00   0.0000E+00   0.0000E+00   0.0000E+00   0.0000E+00   0.0000E+00
   57   1.7927E+01   0.0000E+00   0.0000E+00   0.0000E+00   0.0000E+00   0.0000E+00   0.0000E+00   0.0000E+00
   58   1.8439E+01   0.0000E+00   0.0000E+00   0.0000E+00   0.0000E+00   0.0000E+00   0.0000E+00   0.0000E+00
   59   1.8951E+01   0.0000E+00   0.0000E+00   0.0000E+00   0.0000E+00   0.0000E+00   0.0000E+00   0.0000E+00
   60   1.9463E+01   0.0000E+00   0.0000E+00   0.0000E+00   0.0000E+00   0.0000E+00   0.0000E+00   0.0000E+00
   61   1.9976E+01   0.0000E+00   0.0000E+00   0.0000E+00   0.0000E+00   0.0000E+00   0.0000E+00   0.0000E+00
   62   2.0488E+01   0.0000E+00   0.0000E+00   0.0000E+00   0.0000E+00   0.0000E+00   0.0000E+00   0.0000E+00
   63   2.1000E+01   0.0000E+00   0.0000E+00   0.0000E+00   0.0000E+00   0.0000E+00   0.0000E+00   0.0000E+00
   64   2.1512E+01   0.0000E+00   0.0000E+00   0.0000E+00   0.0000E+00   0.0000E+00   0.0000E+00   0.0000E+00
   65   2.2024E+01   0.0000E+00   0.0000E+00   0.0000E+00   0.0000E+00   0.0000E+00   0.0000E+00   0.0000E+00
   66   2.2451E+01   0.0000E+00   0.0000E+00   0.0000E+00   0.0000E+00   0.0000E+00   0.0000E+00   0.0000E+00
   67   2.2707E+01   0.0000E+00   0.0000E+00   0.0000E+00   0.0000E+00   0.0000E+00   0.0000E+00   0.0000E+00
   68   2.2878E+01   0.0000E+00   0.0000E+00   0.0000E+00   0.0000E+00   0.0000E+00   0.0000E+00   0.0000E+00
   69   2.3049E+01   0.0000E+00   0.0000E+00   0.0000E+00   0.0000E+00   0.0000E+00   0.0000E+00   0.0000E+00
   70   2.3220E+01   0.0000E+00   0.0000E+00   0.0000E+00   0.0000E+00   0.0000E+00   0.0000E+00   0.0000E+00
   71   2.3390E+01   0.0000E+00   0.0000E+00   0.0000E+00   0.0000E+00   0.0000E+00   0.0000E+00   0.0000E+00
   72   2.3561E+01   0.0000E+00   0.0000E+00   0.0000E+00   0.0000E+00   0.0000E+00   0.0000E+00   0.0000E+00
   73   2.3732E+01   0.0000E+00   0.0000E+00   0.0000E+00   0.0000E+00   0.0000E+00   0.0000E+00   0.0000E+00
   74   2.3903E+01   0.0000E+00   0.0000E+00   0.0000E+00   0.0000E+00   0.0000E+00   0.0000E+00   0.0000E+00
   75   2.4073E+01   0.0000E+00   0.0000E+00   0.0000E+00   0.0000E+00   0.0000E+00   0.0000E+00   0.0000E+00
   76   2.4244E+01   0.0000E+00   0.0000E+00   0.0000E+00   0.0000E+00   0.0000E+00   0.0000E+00   0.0000E+00
   77   2.4415E+01   0.0000E+00   0.0000E+00   0.0000E+00   0.0000E+00   0.0000E+00   0.0000E+00   0.0000E+00
   78   2.4586E+01   0.0000E+00   0.0000E+00   0.0000E+00   0.0000E+00   0.0000E+00   0.0000E+00   0.0000E+00
   79   2.4756E+01   0.0000E+00   0.0000E+00   0.0000E+00   0.0000E+00   0.0000E+00   0.0000E+00   0.0000E+00
   80   2.4927E+01   0.0000E+00   0.0000E+00   0.0000E+00   0.0000E+00   0.0000E+00   0.0000E+00   0.0000E+00
   81   2.5098E+01   0.0000E+00   0.0000E+00   0.0000E+00   0.0000E+00   0.0000E+00   0.0000E+00   0.0000E+00
   82   2.5269E+01   0.0000E+00   0.0000E+00   0.0000E+00   0.0000E+00   0.0000E+00   0.0000E+00   0.0000E+00
   83   2.5439E+01   0.0000E+00   0.0000E+00   0.0000E+00   0.0000E+00   0.0000E+00   0.0000E+00   0.0000E+00
   84   2.5610E+01   0.0000E+00   0.0000E+00   0.0000E+00   0.0000E+00   0.0000E+00   0.0000E+00   0.0000E+00
   85   2.5781E+01   0.0000E+00   0.0000E+00   0.0000E+00   0.0000E+00   0.0000E+00   0.0000E+00   0.0000E+00
   86   2.5952E+01   0.0000E+00   0.0000E+00   0.0000E+00   0.0000E+00   0.0000E+00   0.0000E+00   0.0000E+00
   87   2.6122E+01   0.0000E+00   0.0000E+00   0.0000E+00   0.0000E+00   0.0000E+00   0.0000E+00   0.0000E+00
   88   2.6293E+01   0.0000E+00   0.0000E+00   0.0000E+00   0.0000E+00   0.0000E+00   0.0000E+00   0.0000E+00
   89   2.6464E+01   0.0000E+00   0.0000E+00   0.0000E+00   0.0000E+00   0.0000E+00   0.0000E+00   0.0000E+00
   90   2.6635E+01   0.0000E+00   0.0000E+00   0.0000E+00   0.0000E+00   0.0000E+00   0.0000E+00   0.0000E+00
   91   2.6805E+01   0.0000E+00   0.0000E+00   0.0000E+00   0.0000E+00   0.0000E+00   0.0000E+00   0.0000E+00
   92   2.6976E+01   0.0000E+00   0.0000E+00   0.0000E+00   0.0000E+00   0.0000E+00   0.0000E+00   0.0000E+00
   93   2.7147E+01   0.0000E+00   0.0000E+00   0.0000E+00   0.0000E+00   0.0000E+00   0.0000E+00   0.0000E+00
   94   2.7318E+01   0.0000E+00   0.0000E+00   0.0000E+00   0.0000E+00   0.0000E+00   0.0000E+00   0.0000E+00
   95   2.7489E+01   0.0000E+00   0.0000E+00   0.0000E+00   0.0000E+00   0.0000E+00   0.0000E+00   0.0000E+00
   96   2.7659E+01   0.0000E+00   0.0000E+00   0.0000E+00   0.0000E+00   0.0000E+00   0.0000E+00   0.0000E+00
   97   2.7828E+01   0.0000E+00   0.0000E+00   0.0000E+00   0.0000E+00   0.0000E+00   0.0000E+00   0.0000E+00
   98   2.7954E+01   0.0000E+00   0.0000E+00   0.0000E+00   0.0000E+00   0.0000E+00   0.0000E+00   0.0000E+00
   99   2.8001E+01   0.0000E+00   0.0000E+00   0.0000E+00   0.0000E+00   0.0000E+00   0.0000E+00   0.0000E+00
  CONSTRAINT CONDITIONS FOR SEGMENT NO. ISEG =           1
  Endpoint of this segment is at Nodal Point No.          99
  The current segment is Segment No. ISEG =           1

 BUCKLING OF A NONSYMMETRICALLY LOADED SHELL.
 PREBUCKLING STATE CALCULATED FROM LINEAR THEORY 
 FOR HARMONICS N0 THRU NMAX. PRESTRESS N10,N20 AND 
 PREBUCKLING ROTATIONS BETA0 IN THE STABILITY EQUA-
 TIONS ARE THOSE CORRESPONDING TO CIRCUMFERENTIAL
 LOCATION THETAS, AND ARE ASSUMED AXISYMMETRIC IN THE
 STABILITY PART OF THE PROGRAM. BUCKLING LOADS CAL-
 CULATED FOR WAVES N0B THRU NMAXB IN INCREMENTS OF
 INCRB FROM LINEAR THEORY.


 ANALYSIS TYPE =   4, PRINT OPTION =  1, PLOT OPTION =  1, STRESS OPTION =  0
, PRESTRESS CALCULATION OPTION= 1

 NUMBER OF SHELL SEGMENTS =   1


 STRESS CALCULATED FOR CIRCUMFERENTIAL WAVES FROM       0 TO     -19 IN INCREMENTS OF      -1

 INITIAL BUCKLING OR VIBRATION WAVE NO.=     20, MINIMUM WAVE NO.=     20, MAXIMUM WAVE NO.=     20, INCREMENT=      1

    3 EIGENVALUES SOUGHT FOR EACH CIRCUMFERENTIAL WAVE NUMBER.


                                              CONSTRAINT CONDITION DATA FOLLOW

 SEG. POINT CONNECTED TO SEG. POINT     USTAR VSTAR WSTAR BETA     RADIAL DISC. D1(I)   AXIAL DISC. D2(I)

   1     1                 1     1        1     1     1     1      0.00000000E+00      0.00000000E+00
   1    97                 1    97        1     1     1     1      0.00000000E+00      0.00000000E+00

 CONSTRAINT CONDITIONS FOR STABILITY OR VIBRATION PROBLEM FOLLOW

 SEG. POINT CONNECTED TO SEG. POINT     USTAR VSTAR WSTAR BETA     RADIAL DISC. D1(I)   AXIAL DISC. D2(I)

   1     1                 1     1        1     1     1     1      0.00000000E+00      0.00000000E+00
   1    97                 1    97        1     1     1     1      0.00000000E+00      0.00000000E+00

 PRESSURE MULTIPLIER P =  0.0000E+00, INCREMENT DP=  0.0000E+00
 TEMPERATURE MULT.TEMP=  1.0000E+00, INCREMENT DTEMP=  0.0000E+00

 INITIAL LOAD, FSTART =  0.0000E+00, MAXIMUM LOAD, FMAX=  0.0000E+00
 STEP SIZE, DF=  0.0000E+00

 ANGULAR VELOCITY, OMEGA=   0.000E+00   INCREMENT IN OMEGA, DOMEGA=   0.000E+00

 GLOBAL (AXIAL,RADIAL) COORDINATES FOR ENTIRE MODEL.
 NUMBER OF FINITE ELEMENTS IN ENTIRE MODEL, I2=  99
 ELEMENT NO.   GLOBAL AXIAL COORDINATE   GLOBAL RADIAL COORD.
      1           0.00000000E+00           6.00000000E+00
      2           3.93092446E-02           6.00862360E+00
      3           1.44729480E-01           6.03175020E+00
      4           2.85885364E-01           6.06271601E+00
      5           4.28828031E-01           6.09407425E+00
      6           5.71770728E-01           6.12543249E+00
      7           7.14713395E-01           6.15679026E+00
      8           8.57656062E-01           6.18814850E+00
      9           1.00059879E+00           6.21950674E+00
     10           1.14354157E+00           6.25086451E+00
     11           1.28648436E+00           6.28222275E+00
     12           1.42942715E+00           6.31358099E+00
     13           1.57236981E+00           6.34493876E+00
     14           1.71531260E+00           6.37629700E+00
     15           1.85825527E+00           6.40765524E+00
     16           2.00119781E+00           6.43901348E+00
     17           2.14414048E+00           6.47037125E+00
     18           2.28708315E+00           6.50172949E+00
     19           2.43002582E+00           6.53308725E+00
     20           2.57296848E+00           6.56444550E+00
     21           2.71591091E+00           6.59580374E+00
     22           2.85885358E+00           6.62716150E+00
     23           3.00179648E+00           6.65851974E+00
     24           3.14473891E+00           6.68987799E+00
     25           3.28768158E+00           6.72123575E+00
     26           3.43062401E+00           6.75259399E+00
     27           3.57356691E+00           6.78395176E+00
     28           3.71650958E+00           6.81531000E+00
     29           3.85945201E+00           6.84666824E+00
     30           4.09173346E+00           6.89762497E+00
     31           4.50269270E+00           6.98777914E+00
     32           5.00299072E+00           7.09753227E+00
     33           5.50328875E+00           7.20728493E+00
     34           6.00358629E+00           7.31703806E+00
     35           6.50388432E+00           7.42679119E+00
     36           7.00418234E+00           7.53654385E+00
     37           7.50448036E+00           7.64629698E+00
     38           8.00477886E+00           7.75605011E+00
     39           8.50507641E+00           7.86580276E+00
     40           9.00537395E+00           7.97555590E+00
     41           9.50567150E+00           8.08530807E+00
     42           1.00059690E+01           8.19506168E+00
     43           1.05062666E+01           8.30481434E+00
     44           1.10065641E+01           8.41456795E+00
     45           1.15068617E+01           8.52432060E+00
     46           1.20071592E+01           8.63407326E+00
     47           1.25074568E+01           8.74382591E+00
     48           1.30077543E+01           8.85357857E+00
     49           1.35080519E+01           8.96333122E+00
     50           1.40083494E+01           9.07308483E+00
     51           1.45086470E+01           9.18283749E+00
     52           1.50089445E+01           9.29259014E+00
     53           1.55092421E+01           9.40234375E+00
     54           1.60095406E+01           9.51209641E+00
     55           1.65098400E+01           9.62184906E+00
     56           1.70101376E+01           9.73160267E+00
     57           1.75104351E+01           9.84135532E+00
     58           1.80107346E+01           9.95110893E+00
     59           1.85110321E+01           1.00608616E+01
     60           1.90113297E+01           1.01706142E+01
     61           1.95116310E+01           1.02803679E+01
     62           2.00119286E+01           1.03901215E+01
     63           2.05122280E+01           1.04998741E+01
     64           2.10125256E+01           1.06096268E+01
     65           2.15128250E+01           1.07193804E+01
     66           2.19297466E+01           1.08108425E+01
     67           2.21799107E+01           1.08657227E+01
     68           2.23467007E+01           1.09023123E+01
     69           2.25134888E+01           1.09389019E+01
     70           2.26802788E+01           1.09754906E+01
     71           2.28470669E+01           1.10120802E+01
     72           2.30138569E+01           1.10486698E+01
     73           2.31806450E+01           1.10852594E+01
     74           2.33474350E+01           1.11218491E+01
     75           2.35142250E+01           1.11584377E+01
     76           2.36810131E+01           1.11950274E+01
     77           2.38478031E+01           1.12316170E+01
     78           2.40145912E+01           1.12682056E+01
     79           2.41813812E+01           1.13047953E+01
     80           2.43481693E+01           1.13413849E+01
     81           2.45149593E+01           1.13779745E+01
     82           2.46817474E+01           1.14145641E+01
     83           2.48485374E+01           1.14511528E+01
     84           2.50153255E+01           1.14877424E+01
     85           2.51821156E+01           1.15243320E+01
     86           2.53489037E+01           1.15609207E+01
     87           2.55156937E+01           1.15975113E+01
     88           2.56824837E+01           1.16341000E+01
     89           2.58492737E+01           1.16706896E+01
     90           2.60160618E+01           1.17072792E+01
     91           2.61828518E+01           1.17438679E+01
     92           2.63496418E+01           1.17804585E+01
     93           2.65164299E+01           1.18170471E+01
     94           2.66832199E+01           1.18536358E+01
     95           2.68500080E+01           1.18902264E+01
     96           2.70167980E+01           1.19268150E+01
     97           2.71814995E+01           1.19629478E+01
     98           2.73045082E+01           1.19899321E+01
     99           2.73503761E+01           1.19999943E+01

 AXISYMMETRIC PRESTRESS INPUT CONSTRAINT CONDITIONS FOLLOW

 CONSTRAINT NO.   1  SEGMENT NO.   1 POINT  1 CONNECTED TO SEGMENT NO.   1 POINT  1 TYPE OF CONSTRAINT = 1
 CONSTRAINT NO.   2  SEGMENT NO.   1 POINT 99 CONNECTED TO SEGMENT NO.   1 POINT 99 TYPE OF CONSTRAINT = 2

 LOCAL MATRIX DIMENSION= 5, OVERLAP= 3 NO. CONSTRAINT CONDS. PER CONSTRAINT POINT= 3 SYSTEM RANK=  207 NUMBER OF BLOCKS=  1

 NUMBER OF EQUATIONS ASSOCIATED WITH SEGMENT NO.  1
 EQUALS 207; NO. OF CONSTRAINT PTS. EQUALS  2
 BLOCK NUMBER=  1 LAST EQ. IN BLOCK=  207 LOWEST UNK IN BLOCK=    1. MAX. OFF-DIAGONAL WIDTH=    7

 STABILITY,VIBRATION OR NON-SYMMETRIC STRESS INPUT CONSTRAINT CONDITIONS FOLLOW

 CONSTRAINT NO.   1  SEGMENT NO.   1 POINT  1 CONNECTED TO SEGMENT NO.   1 POINT  1 TYPE OF CONSTRAINT = 1
 CONSTRAINT NO.   2  SEGMENT NO.   1 POINT 99 CONNECTED TO SEGMENT NO.   1 POINT 99 TYPE OF CONSTRAINT = 2

 LOCAL MATRIX DIMENSION= 7, OVERLAP= 4 NO. CONSTRAINT CONDS. PER CONSTRAINT POINT= 4 SYSTEM RANK=  309 NUMBER OF BLOCKS=  1

 NUMBER OF EQUATIONS ASSOCIATED WITH SEGMENT NO.  1
 EQUALS 309; NO. OF CONSTRAINT PTS. EQUALS  2
 BLOCK NUMBER=  1 LAST EQ. IN BLOCK=  309 LOWEST UNK IN BLOCK=    1. MAX. OFF-DIAGONAL WIDTH=   10

 PREBUCKLING STRESS RESULTANTS IN SHELL SEGMENT NO.  1
 FOR CIRCUMFERENTIAL ANGLE, THETAS =  0.0000E+00
           PREBUCKLING MEMBRANE STATE    PREBUCKLING MEMBRANE STATE
              FOR LOAD SYSTEM "A"          FOR LOAD SYSTEM "B"
               (EIGENPARAMETER)                 (CONSTANT)
 STATION   MERIDIONAL   CIRCUMFERENTIAL  MERIDIONAL   CIRCUMFERENTIAL
   NO.     RESULTANT      RESULTANT      RESULTANT    RESULTANT
     1  -5.257275E+02  -4.931968E+02   0.000000E+00   0.000000E+00
     2  -5.284229E+02  -4.769252E+02   0.000000E+00   0.000000E+00
     3  -5.332810E+02  -3.334112E+02   0.000000E+00   0.000000E+00
     4  -5.361960E+02  -1.570250E+02   0.000000E+00   0.000000E+00
     5  -5.362155E+02  -4.565452E+01   0.000000E+00   0.000000E+00
     6  -5.350555E+02   3.302744E+00   0.000000E+00   0.000000E+00
     7  -5.336549E+02   1.569420E+01   0.000000E+00   0.000000E+00
     8  -5.323523E+02   1.302206E+01   0.000000E+00   0.000000E+00
     9  -5.311957E+02   7.165376E+00   0.000000E+00   0.000000E+00
    10  -5.301367E+02   2.689201E+00   0.000000E+00   0.000000E+00
    11  -5.291213E+02   3.400128E-01   0.000000E+00   0.000000E+00
    12  -5.281146E+02  -4.946797E-01   0.000000E+00   0.000000E+00
    13  -5.271015E+02  -5.740826E-01   0.000000E+00   0.000000E+00
    14  -5.260777E+02  -4.082345E-01   0.000000E+00   0.000000E+00
    15  -5.250447E+02  -2.485025E-01   0.000000E+00   0.000000E+00
    16  -5.240042E+02  -1.866865E-01   0.000000E+00   0.000000E+00
    17  -5.229583E+02  -1.256526E-01   0.000000E+00   0.000000E+00
    18  -5.219073E+02  -1.675442E-01   0.000000E+00   0.000000E+00
    19  -5.208521E+02  -2.932338E-01   0.000000E+00   0.000000E+00
    20  -5.197916E+02  -4.651535E-01   0.000000E+00   0.000000E+00
    21  -5.187251E+02  -5.718474E-01   0.000000E+00   0.000000E+00
    22  -5.176519E+02  -3.525447E-01   0.000000E+00   0.000000E+00
    23  -5.165729E+02  -1.405685E+00   0.000000E+00   0.000000E+00
    24  -5.154840E+02  -1.125519E+00   0.000000E+00   0.000000E+00
    25  -5.143838E+02   1.612461E+00   0.000000E+00   0.000000E+00
    26  -5.132935E+02   8.412126E+00   0.000000E+00   0.000000E+00
    27  -5.122606E+02   1.680490E+00   0.000000E+00   0.000000E+00
    28  -5.112746E+02  -2.873737E+00   0.000000E+00   0.000000E+00
    29  -5.102664E+02  -8.849305E+00   0.000000E+00   0.000000E+00
    30  -5.084411E+02  -4.713963E-01   0.000000E+00   0.000000E+00
    31  -5.050100E+02   1.773405E-01   0.000000E+00   0.000000E+00
    32  -5.006444E+02  -1.824709E+00   0.000000E+00   0.000000E+00
    33  -4.959845E+02  -3.070414E-01   0.000000E+00   0.000000E+00
    34  -4.910634E+02  -8.395050E-01   0.000000E+00   0.000000E+00
    35  -4.859541E+02  -6.861911E-01   0.000000E+00   0.000000E+00
    36  -4.806841E+02  -6.839070E-01   0.000000E+00   0.000000E+00
    37  -4.752941E+02  -5.835550E-01   0.000000E+00   0.000000E+00
    38  -4.698120E+02  -8.347846E-01   0.000000E+00   0.000000E+00
    39  -4.642600E+02  -5.028955E-01   0.000000E+00   0.000000E+00
    40  -4.586721E+02  -5.254532E-01   0.000000E+00   0.000000E+00
    41  -4.530819E+02  -4.906226E-01   0.000000E+00   0.000000E+00
    42  -4.475095E+02  -4.479200E-01   0.000000E+00   0.000000E+00
    43  -4.419736E+02  -4.228893E-01   0.000000E+00   0.000000E+00
    44  -4.364882E+02  -4.727585E-01   0.000000E+00   0.000000E+00
    45  -4.310685E+02  -9.124780E-02   0.000000E+00   0.000000E+00
    46  -4.257314E+02  -4.221988E-01   0.000000E+00   0.000000E+00
    47  -4.204763E+02  -3.261510E-01   0.000000E+00   0.000000E+00
    48  -4.152977E+02  -3.010649E-01   0.000000E+00   0.000000E+00
    49  -4.101986E+02  -2.924813E-01   0.000000E+00   0.000000E+00
    50  -4.051787E+02  -2.861833E-01   0.000000E+00   0.000000E+00
    51  -4.002368E+02  -3.023796E-01   0.000000E+00   0.000000E+00
    52  -3.953686E+02  -4.023932E-01   0.000000E+00   0.000000E+00
    53  -3.905738E+02   3.134345E-02   0.000000E+00   0.000000E+00
    54  -3.858567E+02  -4.108418E-01   0.000000E+00   0.000000E+00
    55  -3.812061E+02  -3.368426E-01   0.000000E+00   0.000000E+00
    56  -3.766070E+02  -3.855358E-01   0.000000E+00   0.000000E+00
    57  -3.720567E+02  -1.558015E-01   0.000000E+00   0.000000E+00
    58  -3.675531E+02  -4.148810E-01   0.000000E+00   0.000000E+00
    59  -3.630871E+02  -3.732516E-01   0.000000E+00   0.000000E+00
    60  -3.586489E+02  -3.593735E-01   0.000000E+00   0.000000E+00
    61  -3.542346E+02  -4.067276E-01   0.000000E+00   0.000000E+00
    62  -3.498410E+02  -2.188319E-01   0.000000E+00   0.000000E+00
    63  -3.454644E+02  -7.652867E-01   0.000000E+00   0.000000E+00
    64  -3.410979E+02  -4.350629E-03   0.000000E+00   0.000000E+00
    65  -3.367479E+02  -7.999591E-01   0.000000E+00   0.000000E+00
    66  -3.331431E+02   7.973106E-01   0.000000E+00   0.000000E+00
    67  -3.309893E+02   5.101376E-01   0.000000E+00   0.000000E+00
    68  -3.295634E+02  -1.056210E+00   0.000000E+00   0.000000E+00
    69  -3.281407E+02  -4.860065E+00   0.000000E+00   0.000000E+00
    70  -3.267050E+02  -1.202749E+00   0.000000E+00   0.000000E+00
    71  -3.252557E+02   2.265510E-01   0.000000E+00   0.000000E+00
    72  -3.238098E+02   3.657505E-01   0.000000E+00   0.000000E+00
    73  -3.223726E+02  -4.354826E-02   0.000000E+00   0.000000E+00
    74  -3.209445E+02  -4.690216E-01   0.000000E+00   0.000000E+00
    75  -3.195234E+02  -4.405943E-01   0.000000E+00   0.000000E+00
    76  -3.181086E+02   5.937840E-01   0.000000E+00   0.000000E+00
    77  -3.167034E+02   3.278229E+00   0.000000E+00   0.000000E+00
    78  -3.153193E+02   5.603697E-01   0.000000E+00   0.000000E+00
    79  -3.139568E+02  -5.807629E-01   0.000000E+00   0.000000E+00
    80  -3.126043E+02  -8.432379E-01   0.000000E+00   0.000000E+00
    81  -3.112576E+02  -7.546497E-01   0.000000E+00   0.000000E+00
    82  -3.099161E+02  -6.101800E-01   0.000000E+00   0.000000E+00
    83  -3.085806E+02  -5.065283E-01   0.000000E+00   0.000000E+00
    84  -3.072518E+02  -3.864466E-01   0.000000E+00   0.000000E+00
    85  -3.059308E+02  -6.803761E-02   0.000000E+00   0.000000E+00
    86  -3.046186E+02   7.259690E-01   0.000000E+00   0.000000E+00
    87  -3.033183E+02   2.297798E-01   0.000000E+00   0.000000E+00
    88  -3.020307E+02   5.857230E-01   0.000000E+00   0.000000E+00
    89  -3.007545E+02   1.819879E+00   0.000000E+00   0.000000E+00
    90  -2.994918E+02   3.810635E+00   0.000000E+00   0.000000E+00
    91  -2.982494E+02   5.958533E+00   0.000000E+00   0.000000E+00
    92  -2.970365E+02   6.656118E+00   0.000000E+00   0.000000E+00
    93  -2.958618E+02   2.714016E+00   0.000000E+00   0.000000E+00
    94  -2.947238E+02  -1.084001E+01   0.000000E+00   0.000000E+00
    95  -2.935938E+02  -3.977028E+01   0.000000E+00   0.000000E+00
    96  -2.923904E+02  -8.718054E+01   0.000000E+00   0.000000E+00
    97  -2.909761E+02  -1.454960E+02   0.000000E+00   0.000000E+00
    98  -2.896948E+02  -1.827563E+02   0.000000E+00   0.000000E+00
    99  -2.891376E+02  -1.854114E+02   0.000000E+00   0.000000E+00

 BUCKLING LOADS FOLLOW
 CIRCUMFERENTIAL WAVE NUMBER, N =      20

 EIGENVALUES =
    1.12702E+00    1.15107E+00    1.18409E+00

 **** CRITICAL EIGENVALUE AND WAVENUMBER ****
 EIGCRT=  1.1270E+00; NO. OF CIRC. WAVES, NWVCRT=   20
 ****************************************************

 ***** EIGENVALUES AND MODE SHAPES *****
  EIGENVALUE(CIRC. WAVES)
 =======================================
    1.1270E+00(  20)
 =======================================
  ENTERING BOSOR4 POSTPROCESSOR...

 MERIDIONAL DISTRIBUTION OF SUPERPOSED QUANTITIES
  CORRESPONDING TO CIRCUMFERENTIAL STATION, THETA=   0.0000E+00 DEG.

 STRESS RESULTANTS OR STRESSES OR STRAINS AND
 CHANGES IN CURVATURE IN SEGMENT NUMBER     1     1     1     1     1
 ****** RESULTS FROM APPLICATION OF LOAD SYSTEM "A" ******

 POINT    STATION       U           V           W        N1         N2         N12          M1         M2        MT
       (ARC LENGTH)   MERID.     CIRCUMF.     NORMAL    MERID.    CIRCUMF.    IN-PLANE     MERID.     CIRCUMF.     TWISTING
                      DISP.    DISPLACEMENT   DISP.     RESULTANT RESULTANT    SHEAR       MOMENT      MOMENT      MOMENT

    1   0.000E+00  -1.304E-19   0.000E+00  -2.527E-19  -5.257E+02  -4.932E+02   0.000E+00   2.066E+00   6.197E-01   0.000E+00
    2   4.024E-02  -4.647E-06   0.000E+00   1.634E-04  -5.284E+02  -4.769E+02   0.000E+00   1.804E+00   5.427E-01   0.000E+00
    3   1.482E-01  -2.492E-05   0.000E+00   2.150E-03  -5.333E+02  -3.334E+02   0.000E+00   1.548E-01   4.105E-02   0.000E+00
    4   2.927E-01  -6.639E-05   0.000E+00   4.702E-03  -5.362E+02  -1.570E+02   0.000E+00  -3.864E-01  -1.331E-01   0.000E+00
    5   4.390E-01  -1.225E-04   0.000E+00   6.395E-03  -5.362E+02  -4.565E+01   0.000E+00  -3.833E-01  -1.408E-01   0.000E+00
    6   5.854E-01  -1.853E-04   0.000E+00   7.214E-03  -5.351E+02   3.303E+00   0.000E+00  -2.322E-01  -9.944E-02   0.000E+00
    7   7.317E-01  -2.494E-04   0.000E+00   7.513E-03  -5.337E+02   1.569E+01   0.000E+00  -9.913E-02  -6.054E-02   0.000E+00
    8   8.781E-01  -3.121E-04   0.000E+00   7.604E-03  -5.324E+02   1.302E+01   0.000E+00  -2.311E-02  -3.744E-02   0.000E+00
    9   1.024E+00  -3.724E-04   0.000E+00   7.665E-03  -5.312E+02   7.165E+00   0.000E+00   7.210E-03  -2.776E-02   0.000E+00
   10   1.171E+00  -4.303E-04   0.000E+00   7.765E-03  -5.301E+02   2.689E+00   0.000E+00   1.278E-02  -2.569E-02   0.000E+00
   11   1.317E+00  -4.860E-04   0.000E+00   7.919E-03  -5.291E+02   3.400E-01   0.000E+00   9.077E-03  -2.671E-02   0.000E+00
   12   1.463E+00  -5.397E-04   0.000E+00   8.116E-03  -5.281E+02  -4.947E-01   0.000E+00   4.015E-03  -2.844E-02   0.000E+00
   13   1.610E+00  -5.915E-04   0.000E+00   8.345E-03  -5.271E+02  -5.741E-01   0.000E+00   3.243E-04  -3.000E-02   0.000E+00
   14   1.756E+00  -6.414E-04   0.000E+00   8.598E-03  -5.261E+02  -4.082E-01   0.000E+00  -1.795E-03  -3.129E-02   0.000E+00
   15   1.902E+00  -6.895E-04   0.000E+00   8.871E-03  -5.250E+02  -2.485E-01   0.000E+00  -2.933E-03  -3.247E-02   0.000E+00
   16   2.049E+00  -7.358E-04   0.000E+00   9.161E-03  -5.240E+02  -1.867E-01   0.000E+00  -3.642E-03  -3.367E-02   0.000E+00
   17   2.195E+00  -7.803E-04   0.000E+00   9.468E-03  -5.230E+02  -1.257E-01   0.000E+00  -4.144E-03  -3.495E-02   0.000E+00
   18   2.341E+00  -8.230E-04   0.000E+00   9.791E-03  -5.219E+02  -1.675E-01   0.000E+00  -4.659E-03  -3.639E-02   0.000E+00
   19   2.488E+00  -8.638E-04   0.000E+00   1.013E-02  -5.209E+02  -2.932E-01   0.000E+00  -5.077E-03  -3.793E-02   0.000E+00
   20   2.634E+00  -9.028E-04   0.000E+00   1.048E-02  -5.198E+02  -4.652E-01   0.000E+00  -5.023E-03  -3.947E-02   0.000E+00
   21   2.780E+00  -9.400E-04   0.000E+00   1.086E-02  -5.187E+02  -5.718E-01   0.000E+00  -3.979E-03  -4.085E-02   0.000E+00
   22   2.927E+00  -9.753E-04   0.000E+00   1.125E-02  -5.177E+02  -3.525E-01   0.000E+00  -1.630E-03  -4.199E-02   0.000E+00
   23   3.073E+00  -1.008E-03   0.000E+00   1.167E-02  -5.166E+02  -1.406E+00   0.000E+00   1.323E-03  -4.311E-02   0.000E+00
   24   3.220E+00  -1.039E-03   0.000E+00   1.213E-02  -5.155E+02  -1.126E+00   0.000E+00   8.184E-03  -4.325E-02   0.000E+00
   25   3.366E+00  -1.067E-03   0.000E+00   1.265E-02  -5.144E+02   1.612E+00   0.000E+00   1.810E-02  -4.273E-02   0.000E+00
   26   3.512E+00  -1.093E-03   0.000E+00   1.324E-02  -5.133E+02   8.412E+00   0.000E+00   2.260E-02  -4.417E-02   0.000E+00
   27   3.659E+00  -1.114E-03   0.000E+00   1.392E-02  -5.123E+02   1.680E+00   0.000E+00   6.935E-04  -5.398E-02   0.000E+00
   28   3.805E+00  -1.124E-03   0.000E+00   1.465E-02  -5.113E+02  -2.874E+00   0.000E+00  -2.710E-02  -6.582E-02   0.000E+00
   29   3.951E+00  -1.126E-03   0.000E+00   1.536E-02  -5.103E+02  -8.849E+00   0.000E+00  -4.741E-02  -7.538E-02   0.000E+00
   30   4.189E+00  -1.114E-03   0.000E+00   1.638E-02  -5.084E+02  -4.714E-01   0.000E+00  -3.959E-02  -7.800E-02   0.000E+00
   31   4.610E+00  -1.072E-03   0.000E+00   1.793E-02  -5.050E+02   1.773E-01   0.000E+00  -3.025E-02  -8.236E-02   0.000E+00
   32   5.122E+00  -9.843E-04   0.000E+00   1.969E-02  -5.006E+02  -1.825E+00   0.000E+00  -5.048E-02  -9.567E-02   0.000E+00
   33   5.634E+00  -8.741E-04   0.000E+00   2.076E-02  -4.960E+02  -3.070E-01   0.000E+00  -3.415E-02  -9.421E-02   0.000E+00
   34   6.146E+00  -7.627E-04   0.000E+00   2.165E-02  -4.911E+02  -8.395E-01   0.000E+00  -3.508E-02  -9.630E-02   0.000E+00
   35   6.659E+00  -6.519E-04   0.000E+00   2.234E-02  -4.860E+02  -6.862E-01   0.000E+00  -3.307E-02  -9.618E-02   0.000E+00
   36   7.171E+00  -5.439E-04   0.000E+00   2.290E-02  -4.807E+02  -6.839E-01   0.000E+00  -3.243E-02  -9.559E-02   0.000E+00
   37   7.683E+00  -4.385E-04   0.000E+00   2.334E-02  -4.753E+02  -5.836E-01   0.000E+00  -3.209E-02  -9.441E-02   0.000E+00
   38   8.195E+00  -3.354E-04   0.000E+00   2.367E-02  -4.698E+02  -8.348E-01   0.000E+00  -3.438E-02  -9.347E-02   0.000E+00
   39   8.707E+00  -2.381E-04   0.000E+00   2.379E-02  -4.643E+02  -5.029E-01   0.000E+00  -3.003E-02  -8.977E-02   0.000E+00
   40   9.220E+00  -1.500E-04   0.000E+00   2.382E-02  -4.587E+02  -5.255E-01   0.000E+00  -2.834E-02  -8.652E-02   0.000E+00
   41   9.732E+00  -7.112E-05   0.000E+00   2.377E-02  -4.531E+02  -4.906E-01   0.000E+00  -2.693E-02  -8.319E-02   0.000E+00
   42   1.024E+01  -1.390E-06   0.000E+00   2.366E-02  -4.475E+02  -4.479E-01   0.000E+00  -2.551E-02  -7.981E-02   0.000E+00
   43   1.076E+01   5.913E-05   0.000E+00   2.350E-02  -4.420E+02  -4.229E-01   0.000E+00  -2.414E-02  -7.648E-02   0.000E+00
   44   1.127E+01   1.104E-04   0.000E+00   2.331E-02  -4.365E+02  -4.728E-01   0.000E+00  -2.242E-02  -7.315E-02   0.000E+00
   45   1.178E+01   1.523E-04   0.000E+00   2.309E-02  -4.311E+02  -9.125E-02   0.000E+00  -1.769E-02  -6.911E-02   0.000E+00
   46   1.229E+01   1.884E-04   0.000E+00   2.298E-02  -4.257E+02  -4.222E-01   0.000E+00  -2.034E-02  -6.782E-02   0.000E+00
   47   1.280E+01   2.224E-04   0.000E+00   2.286E-02  -4.205E+02  -3.262E-01   0.000E+00  -2.005E-02  -6.592E-02   0.000E+00
   48   1.332E+01   2.541E-04   0.000E+00   2.274E-02  -4.153E+02  -3.011E-01   0.000E+00  -1.943E-02  -6.411E-02   0.000E+00
   49   1.383E+01   2.833E-04   0.000E+00   2.261E-02  -4.102E+02  -2.925E-01   0.000E+00  -1.889E-02  -6.252E-02   0.000E+00
   50   1.434E+01   3.100E-04   0.000E+00   2.248E-02  -4.052E+02  -2.862E-01   0.000E+00  -1.842E-02  -6.113E-02   0.000E+00
   51   1.485E+01   3.342E-04   0.000E+00   2.234E-02  -4.002E+02  -3.024E-01   0.000E+00  -1.804E-02  -5.994E-02   0.000E+00
   52   1.537E+01   3.557E-04   0.000E+00   2.220E-02  -3.954E+02  -4.024E-01   0.000E+00  -1.718E-02  -5.878E-02   0.000E+00
   53   1.588E+01   3.743E-04   0.000E+00   2.208E-02  -3.906E+02   3.134E-02   0.000E+00  -1.295E-02  -5.679E-02   0.000E+00
   54   1.639E+01   3.940E-04   0.000E+00   2.208E-02  -3.859E+02  -4.108E-01   0.000E+00  -1.702E-02  -5.774E-02   0.000E+00
   55   1.690E+01   4.186E-04   0.000E+00   2.210E-02  -3.812E+02  -3.368E-01   0.000E+00  -1.777E-02  -5.785E-02   0.000E+00
   56   1.741E+01   4.479E-04   0.000E+00   2.210E-02  -3.766E+02  -3.855E-01   0.000E+00  -1.770E-02  -5.777E-02   0.000E+00
   57   1.793E+01   4.820E-04   0.000E+00   2.208E-02  -3.721E+02  -1.558E-01   0.000E+00  -1.582E-02  -5.714E-02   0.000E+00
   58   1.844E+01   5.227E-04   0.000E+00   2.212E-02  -3.676E+02  -4.149E-01   0.000E+00  -1.837E-02  -5.793E-02   0.000E+00
   59   1.895E+01   5.722E-04   0.000E+00   2.211E-02  -3.631E+02  -3.733E-01   0.000E+00  -1.908E-02  -5.807E-02   0.000E+00
   60   1.946E+01   6.303E-04   0.000E+00   2.206E-02  -3.586E+02  -3.594E-01   0.000E+00  -1.948E-02  -5.792E-02   0.000E+00
   61   1.998E+01   6.970E-04   0.000E+00   2.194E-02  -3.542E+02  -4.067E-01   0.000E+00  -2.026E-02  -5.761E-02   0.000E+00
   62   2.049E+01   7.718E-04   0.000E+00   2.173E-02  -3.498E+02  -2.188E-01   0.000E+00  -2.049E-02  -5.679E-02   0.000E+00
   63   2.100E+01   8.542E-04   0.000E+00   2.141E-02  -3.455E+02  -7.653E-01   0.000E+00  -2.504E-02  -5.686E-02   0.000E+00
   64   2.151E+01   9.396E-04   0.000E+00   2.084E-02  -3.411E+02  -4.351E-03   0.000E+00  -2.072E-02  -5.357E-02   0.000E+00
   65   2.202E+01   1.024E-03   0.000E+00   2.012E-02  -3.367E+02  -8.000E-01   0.000E+00  -2.576E-02  -5.259E-02   0.000E+00
   66   2.245E+01   1.089E-03   0.000E+00   1.927E-02  -3.331E+02   7.973E-01   0.000E+00  -2.100E-02  -4.848E-02   0.000E+00
   67   2.271E+01   1.123E-03   0.000E+00   1.870E-02  -3.310E+02   5.101E-01   0.000E+00  -2.809E-02  -4.882E-02   0.000E+00
   68   2.288E+01   1.144E-03   0.000E+00   1.826E-02  -3.296E+02  -1.056E+00   0.000E+00  -3.482E-02  -4.955E-02   0.000E+00
   69   2.305E+01   1.163E-03   0.000E+00   1.776E-02  -3.281E+02  -4.860E+00   0.000E+00  -3.976E-02  -4.963E-02   0.000E+00
   70   2.322E+01   1.179E-03   0.000E+00   1.717E-02  -3.267E+02  -1.203E+00   0.000E+00  -3.305E-02  -4.605E-02   0.000E+00
   71   2.339E+01   1.188E-03   0.000E+00   1.651E-02  -3.253E+02   2.266E-01   0.000E+00  -2.418E-02  -4.168E-02   0.000E+00
   72   2.356E+01   1.192E-03   0.000E+00   1.581E-02  -3.238E+02   3.658E-01   0.000E+00  -1.672E-02  -3.764E-02   0.000E+00
   73   2.373E+01   1.190E-03   0.000E+00   1.509E-02  -3.224E+02  -4.355E-02   0.000E+00  -1.090E-02  -3.405E-02   0.000E+00
   74   2.390E+01   1.181E-03   0.000E+00   1.436E-02  -3.209E+02  -4.690E-01   0.000E+00  -5.560E-03  -3.061E-02   0.000E+00
   75   2.407E+01   1.167E-03   0.000E+00   1.366E-02  -3.195E+02  -4.406E-01   0.000E+00   4.873E-04  -2.697E-02   0.000E+00
   76   2.424E+01   1.148E-03   0.000E+00   1.298E-02  -3.181E+02   5.938E-01   0.000E+00   7.264E-03  -2.317E-02   0.000E+00
   77   2.441E+01   1.122E-03   0.000E+00   1.235E-02  -3.167E+02   3.278E+00   0.000E+00   1.224E-02  -2.001E-02   0.000E+00
   78   2.459E+01   1.091E-03   0.000E+00   1.178E-02  -3.153E+02   5.604E-01   0.000E+00   8.699E-03  -1.953E-02   0.000E+00
   79   2.476E+01   1.058E-03   0.000E+00   1.127E-02  -3.140E+02  -5.808E-01   0.000E+00   3.588E-03  -1.966E-02   0.000E+00
   80   2.493E+01   1.023E-03   0.000E+00   1.078E-02  -3.126E+02  -8.432E-01   0.000E+00  -2.336E-04  -1.950E-02   0.000E+00
   81   2.510E+01   9.844E-04   0.000E+00   1.032E-02  -3.113E+02  -7.546E-01   0.000E+00  -2.131E-03  -1.883E-02   0.000E+00
   82   2.527E+01   9.431E-04   0.000E+00   9.873E-03  -3.099E+02  -6.102E-01   0.000E+00  -2.338E-03  -1.772E-02   0.000E+00
   83   2.544E+01   8.991E-04   0.000E+00   9.433E-03  -3.086E+02  -5.065E-01   0.000E+00  -1.211E-03  -1.626E-02   0.000E+00
   84   2.561E+01   8.521E-04   0.000E+00   9.007E-03  -3.073E+02  -3.864E-01   0.000E+00   1.012E-03  -1.452E-02   0.000E+00
   85   2.578E+01   8.024E-04   0.000E+00   8.599E-03  -3.059E+02  -6.804E-02   0.000E+00   4.061E-03  -1.260E-02   0.000E+00
   86   2.595E+01   7.497E-04   0.000E+00   8.218E-03  -3.046E+02   7.260E-01   0.000E+00   7.185E-03  -1.072E-02   0.000E+00
   87   2.612E+01   6.946E-04   0.000E+00   7.874E-03  -3.033E+02   2.298E-01   0.000E+00   8.472E-03  -9.479E-03   0.000E+00
   88   2.629E+01   6.375E-04   0.000E+00   7.569E-03  -3.020E+02   5.857E-01   0.000E+00   9.174E-03  -8.505E-03   0.000E+00
   89   2.646E+01   5.784E-04   0.000E+00   7.305E-03  -3.008E+02   1.820E+00   0.000E+00   8.441E-03  -8.055E-03   0.000E+00
   90   2.663E+01   5.170E-04   0.000E+00   7.080E-03  -2.995E+02   3.811E+00   0.000E+00   3.279E-03  -9.030E-03   0.000E+00
   91   2.681E+01   4.533E-04   0.000E+00   6.875E-03  -2.982E+02   5.959E+00   0.000E+00  -1.115E-02  -1.288E-02   0.000E+00
   92   2.698E+01   3.875E-04   0.000E+00   6.644E-03  -2.970E+02   6.656E+00   0.000E+00  -4.006E-02  -2.114E-02   0.000E+00
   93   2.715E+01   3.198E-04   0.000E+00   6.296E-03  -2.959E+02   2.714E+00   0.000E+00  -8.525E-02  -3.427E-02   0.000E+00
   94   2.732E+01   2.512E-04   0.000E+00   5.686E-03  -2.947E+02  -1.084E+01   0.000E+00  -1.374E-01  -4.933E-02   0.000E+00
   95   2.749E+01   1.830E-04   0.000E+00   4.648E-03  -2.936E+02  -3.977E+01   0.000E+00  -1.644E-01  -5.644E-02   0.000E+00
   96   2.766E+01   1.176E-04   0.000E+00   3.095E-03  -2.924E+02  -8.718E+01   0.000E+00  -9.729E-02  -3.466E-02   0.000E+00
   97   2.783E+01   5.736E-05   0.000E+00   1.258E-03  -2.910E+02  -1.455E+02   0.000E+00   1.787E-01   5.063E-02   0.000E+00
   98   2.795E+01   1.515E-05   0.000E+00   9.484E-05  -2.897E+02  -1.828E+02   0.000E+00   7.750E-01   2.318E-01   0.000E+00
   99   2.800E+01   7.334E-17   0.000E+00   6.425E-17  -2.891E+02  -1.854E+02   0.000E+00   8.512E-01   2.554E-01   0.000E+00

 ****** MAX. NORMAL DISPLACEMENT, LOAD SET A ************
 WWWMAX(1)=  2.3818E-02, LOCATW(1)=1000*ISEG+I=  1040
 ********************************************************

 ****** MAX. EFF. STRESS IN ISOTROPIC WALL,LOAD A ******
 STRMAX(1)=  0.0000E+00, LOCATS(1)=1000*ISEG+I=     0
 ******************************************************

 CIRCUMFERENTIAL VARIATION OF SUPERPOSED QUANTITIES AT POINT NO. 67
 SEGMENT NO.  1, MERIDIONAL STATION=  2.271E+01
 ****** RESULTS FROM APPLICATION OF LOAD SYSTEM "A" ******

 POINT    STATION       U           V           W        N1         N2         N12          M1         M2        MT
       (ARC LENGTH)   MERID.     CIRCUMF.     NORMAL    MERID.    CIRCUMF.    IN-PLANE     MERID.     CIRCUMF.     TWISTING
                      DISP.    DISPLACEMENT   DISP.     RESULTANT RESULTANT    SHEAR       MOMENT      MOMENT      MOMENT

    1   0.000E+00   1.123E-03   0.000E+00   1.870E-02  -3.310E+02   5.101E-01   0.000E+00  -2.809E-02  -4.882E-02   0.000E+00
    2   3.000E+00   1.097E-03  -3.041E-04   1.793E-02  -3.200E+02   5.371E-01  -9.889E-01  -2.613E-02  -4.448E-02  -2.867E-03
    3   6.000E+00   1.020E-03  -5.741E-04   1.576E-02  -2.893E+02   6.038E-01  -1.668E+00  -2.074E-02  -3.263E-02  -5.225E-03
    4   9.000E+00   9.027E-04  -7.818E-04   1.258E-02  -2.445E+02   6.744E-01  -1.833E+00  -1.328E-02  -1.639E-02  -6.692E-03
    5   1.200E+01   7.577E-04  -9.090E-04   8.914E-03  -1.932E+02   7.081E-01  -1.450E+00  -5.487E-03   2.631E-04  -7.106E-03
    6   1.500E+01   6.002E-04  -9.505E-04   5.319E-03  -1.427E+02   6.768E-01  -6.495E-01   1.049E-03   1.373E-02  -6.536E-03
    7   1.800E+01   4.444E-04  -9.132E-04   2.231E-03  -9.859E+01   5.768E-01   3.328E-01   5.337E-03   2.182E-02  -5.240E-03
    8   2.100E+01   3.022E-04  -8.140E-04  -8.665E-05  -6.364E+01   4.284E-01   1.246E+00   7.139E-03   2.411E-02  -3.565E-03
    9   2.400E+01   1.814E-04  -6.752E-04  -1.562E-03  -3.818E+01   2.659E-01   1.902E+00   6.877E-03   2.171E-02  -1.854E-03
   10   2.700E+01   8.625E-05  -5.199E-04  -2.281E-03  -2.090E+01   1.228E-01   2.217E+00   5.334E-03   1.654E-02  -3.693E-04
   11   3.000E+01   1.721E-05  -3.682E-04  -2.419E-03  -9.820E+00   2.079E-02   2.211E+00   3.336E-03   1.057E-02   7.395E-04
   12   3.300E+01  -2.782E-05  -2.344E-04  -2.181E-03  -3.078E+00  -3.487E-02   1.966E+00   1.506E-03   5.265E-03   1.433E-03
   13   3.600E+01  -5.263E-05  -1.266E-04  -1.751E-03   7.570E-01  -5.243E-02   1.592E+00   1.689E-04   1.360E-03   1.750E-03
   14   3.900E+01  -6.180E-05  -4.686E-05  -1.265E-03   2.650E+00  -4.656E-02   1.183E+00  -6.151E-04  -1.051E-03   1.773E-03
   15   4.200E+01  -6.001E-05   6.371E-06  -8.072E-04   3.257E+00  -3.142E-02   8.057E-01  -9.483E-04  -2.253E-03   1.595E-03
   16   4.500E+01  -5.148E-05   3.720E-05  -4.232E-04   3.069E+00  -1.646E-02   4.972E-01  -9.879E-04  -2.648E-03   1.301E-03
   17   4.800E+01  -3.976E-05   5.052E-05  -1.289E-04   2.477E+00  -5.759E-03   2.711E-01  -8.735E-04  -2.582E-03   9.604E-04
   18   5.100E+01  -2.754E-05   5.122E-05   7.629E-05   1.776E+00   3.967E-04   1.267E-01  -6.992E-04  -2.287E-03   6.234E-04
   19   5.400E+01  -1.665E-05   4.366E-05   2.013E-04   1.151E+00   3.336E-03   5.494E-02  -5.166E-04  -1.889E-03   3.240E-04
   20   5.700E+01  -8.127E-06   3.154E-05   2.591E-04   6.813E-01   4.461E-03   4.155E-02  -3.493E-04  -1.453E-03   8.181E-05
   21   6.000E+01  -2.372E-06   1.786E-05   2.646E-04   3.730E-01   4.653E-03   6.943E-02  -2.067E-04  -1.016E-03  -9.470E-05
   22   6.300E+01   7.191E-07   4.897E-06   2.329E-04   1.994E-01   4.335E-03   1.207E-01  -9.194E-05  -6.067E-04  -2.060E-04
   23   6.600E+01   1.571E-06  -5.805E-06   1.785E-04   1.289E-01   3.732E-03   1.789E-01  -4.629E-06  -2.481E-04  -2.586E-04
   24   6.900E+01   7.847E-07  -1.340E-05   1.143E-04   1.361E-01   3.026E-03   2.312E-01   5.764E-05   4.302E-05  -2.634E-04
   25   7.200E+01  -9.939E-07  -1.765E-05   5.071E-05   1.999E-01   2.376E-03   2.692E-01   9.811E-05   2.574E-04  -2.327E-04
   26   7.500E+01  -3.166E-06  -1.884E-05  -4.259E-06   2.980E-01   1.858E-03   2.893E-01   1.197E-04   3.919E-04  -1.798E-04
   27   7.800E+01  -5.248E-06  -1.758E-05  -4.567E-05   4.046E-01   1.439E-03   2.915E-01   1.244E-04   4.488E-04  -1.170E-04
   28   8.100E+01  -6.901E-06  -1.463E-05  -7.131E-05   4.935E-01   1.011E-03   2.782E-01   1.141E-04   4.358E-04  -5.467E-05
   29   8.400E+01  -7.941E-06  -1.080E-05  -8.152E-05   5.449E-01   4.817E-04   2.532E-01   9.138E-05   3.665E-04  -1.055E-06
   30   8.700E+01  -8.323E-06  -6.806E-06  -7.864E-05   5.515E-01  -1.406E-04   2.207E-01   6.053E-05   2.605E-04   3.874E-05
   31   9.000E+01  -8.109E-06  -3.204E-06  -6.635E-05   5.201E-01  -7.284E-04   1.849E-01   2.760E-05   1.415E-04   6.264E-05
   32   9.300E+01  -7.434E-06  -3.542E-07  -4.881E-05   4.666E-01  -1.101E-03   1.496E-01  -1.222E-06   3.204E-05   7.139E-05
   33   9.600E+01  -6.464E-06   1.571E-06  -2.991E-05   4.070E-01  -1.141E-03   1.181E-01  -2.151E-05  -5.147E-05   6.782E-05
   34   9.900E+01  -5.365E-06   2.567E-06  -1.262E-05   3.505E-01  -8.832E-04   9.274E-02  -3.196E-05  -1.025E-04   5.586E-05
   35   1.020E+02  -4.279E-06   2.760E-06   1.183E-06   2.973E-01  -4.996E-04   7.433E-02  -3.425E-05  -1.238E-04   3.958E-05
   36   1.050E+02  -3.312E-06   2.356E-06   1.065E-05   2.448E-01  -1.860E-04   6.243E-02  -3.141E-05  -1.230E-04   2.241E-05
   37   1.080E+02  -2.526E-06   1.593E-06   1.577E-05   1.934E-01  -3.557E-05   5.561E-02  -2.601E-05  -1.081E-04   6.835E-06
   38   1.110E+02  -1.949E-06   6.952E-07   1.701E-05   1.494E-01   2.987E-06   5.213E-02  -1.920E-05  -8.435E-05  -5.572E-06
   39   1.140E+02  -1.574E-06  -1.638E-07   1.523E-05   1.205E-01   5.205E-05   5.061E-02  -1.126E-05  -5.499E-05  -1.401E-05
   40   1.170E+02  -1.372E-06  -8.695E-07   1.144E-05   1.095E-01   1.804E-04   5.013E-02  -2.742E-06  -2.361E-05  -1.828E-05
   41   1.200E+02  -1.298E-06  -1.364E-06   6.758E-06   1.106E-01   3.377E-04   5.009E-02   4.901E-06   4.645E-06  -1.879E-05
   42   1.230E+02  -1.305E-06  -1.631E-06   2.173E-06   1.133E-01   4.041E-04   4.987E-02   9.851E-06   2.446E-05  -1.641E-05
   43   1.260E+02  -1.349E-06  -1.683E-06  -1.613E-06   1.101E-01   3.070E-04   4.878E-02   1.119E-05   3.318E-05  -1.235E-05
   44   1.290E+02  -1.396E-06  -1.560E-06  -4.272E-06   1.014E-01   9.912E-05   4.632E-02   9.640E-06   3.249E-05  -7.766E-06
   45   1.320E+02  -1.423E-06  -1.314E-06  -5.794E-06   9.369E-02  -7.897E-05   4.251E-02   7.079E-06   2.707E-05  -3.533E-06
   46   1.350E+02  -1.419E-06  -1.009E-06  -6.340E-06   9.217E-02  -1.164E-04   3.789E-02   5.141E-06   2.132E-05  -7.716E-08
   47   1.380E+02  -1.379E-06  -7.052E-07  -6.110E-06   9.574E-02  -2.576E-05   3.320E-02   4.156E-06   1.666E-05   2.483E-06
   48   1.410E+02  -1.308E-06  -4.427E-07  -5.280E-06   9.749E-02   7.441E-05   2.894E-02   3.237E-06   1.168E-05   4.147E-06
   49   1.440E+02  -1.211E-06  -2.400E-07  -4.038E-06   9.109E-02   7.029E-05   2.513E-02   1.438E-06   4.717E-06   4.896E-06
   50   1.470E+02  -1.101E-06  -9.811E-08  -2.628E-06   7.699E-02  -4.271E-05   2.152E-02  -1.128E-06  -3.586E-06   4.728E-06
   51   1.500E+02  -9.889E-07  -9.866E-09  -1.335E-06   6.226E-02  -1.589E-04   1.797E-02  -3.268E-06  -1.026E-05   3.792E-06
   52   1.530E+02  -8.847E-07   3.135E-08  -3.864E-07   5.454E-02  -1.632E-04   1.467E-02  -3.755E-06  -1.239E-05   2.432E-06
   53   1.560E+02  -7.954E-07   3.099E-08   1.441E-07   5.520E-02  -4.072E-05   1.200E-02  -2.489E-06  -9.780E-06   1.073E-06
   54   1.590E+02  -7.238E-07  -5.890E-10   3.309E-07   5.855E-02   1.071E-04   1.014E-02  -6.321E-07  -5.240E-06   2.454E-08
   55   1.620E+02  -6.698E-07  -4.543E-08   3.159E-07   5.722E-02   1.548E-04   8.857E-03   3.707E-07  -2.264E-06  -6.412E-07
   56   1.650E+02  -6.316E-07  -8.248E-08   2.046E-07   4.906E-02   6.826E-05   7.655E-03   3.777E-08  -2.137E-06  -1.041E-06
   57   1.680E+02  -6.073E-07  -9.720E-08   5.983E-09   3.921E-02  -6.478E-05   6.134E-03  -7.853E-07  -3.076E-06  -1.302E-06
   58   1.710E+02  -5.943E-07  -8.735E-08  -2.980E-07   3.508E-02  -1.160E-04   4.300E-03  -8.087E-07  -2.237E-06  -1.417E-06
   59   1.740E+02  -5.893E-07  -6.147E-08  -6.667E-07   3.929E-02  -3.615E-05   2.506E-03   4.339E-07   1.345E-06  -1.263E-06
   60   1.770E+02  -5.884E-07  -3.058E-08  -9.847E-07   4.724E-02   1.011E-04   1.079E-03   2.136E-06   5.735E-06  -7.594E-07
   61   1.800E+02  -5.886E-07  -1.314E-10  -1.112E-06   5.115E-02   1.674E-04   3.050E-07   2.925E-06   7.713E-06  -8.828E-10

 BUCKLING LOADS AND MODES FOLLOW

 CIRCUMFERENTIAL WAVE NUMBER, N =     20

 EIGENVALUES =
   1.127E+00   1.151E+00   1.184E+00

 MODE SHAPE FOR EIGENVALUE NO.  1 FOLLOWS

 BUCKLING MODE FOR SEGMENT  1

 POINT    STATION       U            V            W
        (ARC LENGTH)  MERID.      CIRCUMF.      NORMAL
                    DISPLACEMENT   DISP.    DISPLACEMENT

    1   0.000E+00   8.172E-21  -1.479E-23  -4.079E-22
    2   4.024E-02   3.883E-08  -2.871E-08  -9.545E-08
    3   1.482E-01   1.281E-07  -1.664E-07  -1.284E-06
    4   2.927E-01   2.117E-07  -4.784E-07  -5.793E-06
    5   4.390E-01   2.325E-07  -9.693E-07  -1.407E-05
    6   5.854E-01   1.649E-07  -1.621E-06  -2.611E-05
    7   7.317E-01  -1.254E-08  -2.380E-06  -4.136E-05
    8   8.781E-01  -3.127E-07  -3.145E-06  -5.829E-05
    9   1.024E+00  -7.336E-07  -3.760E-06  -7.406E-05
   10   1.171E+00  -1.253E-06  -4.032E-06  -8.460E-05
   11   1.317E+00  -1.822E-06  -3.742E-06  -8.512E-05
   12   1.463E+00  -2.369E-06  -2.689E-06  -7.085E-05
   13   1.610E+00  -2.795E-06  -7.278E-07  -3.790E-05
   14   1.756E+00  -2.988E-06   2.188E-06   1.589E-05
   15   1.902E+00  -2.831E-06   5.962E-06   9.004E-05
   16   2.049E+00  -2.227E-06   1.032E-05   1.806E-04
   17   2.195E+00  -1.114E-06   1.479E-05   2.793E-04
   18   2.341E+00   5.043E-07   1.873E-05   3.737E-04
   19   2.488E+00   2.549E-06   2.135E-05   4.472E-04
   20   2.634E+00   4.852E-06   2.182E-05   4.804E-04
   21   2.780E+00   7.163E-06   1.940E-05   4.543E-04
   22   2.927E+00   9.172E-06   1.361E-05   3.534E-04
   23   3.073E+00   1.056E-05   4.429E-06   1.705E-04
   24   3.220E+00   1.103E-05  -7.592E-06  -8.829E-05
   25   3.366E+00   1.042E-05  -2.126E-05  -4.002E-04
   26   3.512E+00   8.676E-06  -3.481E-05  -7.250E-04
   27   3.659E+00   5.932E-06  -4.624E-05  -1.008E-03
   28   3.805E+00   2.413E-06  -5.370E-05  -1.187E-03
   29   3.951E+00  -1.657E-06  -5.618E-05  -1.212E-03
   30   4.189E+00  -9.112E-06  -5.008E-05  -9.723E-04
   31   4.610E+00  -2.018E-05  -2.340E-05  -4.556E-04
   32   5.122E+00  -2.627E-05   2.857E-05   5.362E-04
   33   5.634E+00  -1.860E-05   9.269E-05   1.790E-03
   34   6.146E+00   6.387E-06   1.406E-04   2.767E-03
   35   6.659E+00   4.490E-05   1.300E-04   2.624E-03
   36   7.171E+00   8.170E-05   2.577E-05   6.332E-04
   37   7.683E+00   9.227E-05  -1.704E-04  -3.221E-03
   38   8.195E+00   5.320E-05  -3.968E-04  -7.767E-03
   39   8.707E+00  -4.277E-05  -5.354E-04  -1.067E-02
   40   9.220E+00  -1.737E-04  -4.525E-04  -9.241E-03
   41   9.732E+00  -2.864E-04  -6.739E-05  -1.766E-03
   42   1.024E+01  -3.113E-04   5.769E-04   1.102E-02
   43   1.076E+01  -1.914E-04   1.280E-03   2.524E-02
   44   1.127E+01   8.347E-05   1.721E-03   3.444E-02
   45   1.178E+01   4.531E-04   1.564E-03   3.185E-02
   46   1.229E+01   7.895E-04   6.178E-04   1.340E-02
   47   1.280E+01   9.308E-04  -1.031E-03  -1.943E-02
   48   1.332E+01   7.411E-04  -2.957E-03  -5.832E-02
   49   1.383E+01   1.753E-04  -4.472E-03  -8.946E-02
   50   1.434E+01  -6.756E-04  -4.823E-03  -9.758E-02
   51   1.485E+01  -1.583E-03  -3.476E-03  -7.160E-02
   52   1.537E+01  -2.231E-03  -3.773E-04  -1.000E-02
   53   1.588E+01  -2.312E-03   3.907E-03   7.616E-02
   54   1.639E+01  -1.637E-03   8.244E-03   1.643E-01
   55   1.690E+01  -2.265E-04   1.120E-02   2.254E-01
   56   1.741E+01   1.657E-03   1.147E-02   2.326E-01
   57   1.793E+01   3.547E-03   8.299E-03   1.702E-01
   58   1.844E+01   4.882E-03   1.839E-03   4.099E-02
   59   1.895E+01   5.160E-03  -6.768E-03  -1.326E-01
   60   1.946E+01   4.088E-03  -1.557E-02  -3.112E-01
   61   1.998E+01   1.696E-03  -2.222E-02  -4.472E-01
   62   2.049E+01  -1.647E-03  -2.462E-02  -4.972E-01
   63   2.100E+01  -5.282E-03  -2.142E-02  -4.343E-01
   64   2.151E+01  -8.357E-03  -1.239E-02  -2.571E-01
   65   2.202E+01  -9.757E-03   1.966E-03   8.481E-03
   66   2.245E+01  -8.723E-03   1.758E-02   2.548E-01
   67   2.271E+01  -6.865E-03   2.855E-02   5.886E-01
   68   2.288E+01  -5.347E-03   3.540E-02   7.977E-01
   69   2.305E+01  -3.629E-03   4.040E-02   9.412E-01
   70   2.322E+01  -1.748E-03   4.293E-02   1.000E+00
   71   2.339E+01   2.222E-04   4.279E-02   9.754E-01
   72   2.356E+01   2.178E-03   4.025E-02   8.835E-01
   73   2.373E+01   4.005E-03   3.585E-02   7.486E-01
   74   2.390E+01   5.594E-03   3.026E-02   5.954E-01
   75   2.407E+01   6.863E-03   2.412E-02   4.441E-01
   76   2.424E+01   7.761E-03   1.796E-02   3.077E-01
   77   2.441E+01   8.272E-03   1.212E-02   1.913E-01
   78   2.459E+01   8.413E-03   6.800E-03   9.398E-02
   79   2.476E+01   8.225E-03   2.047E-03   1.139E-02
   80   2.493E+01   7.761E-03  -2.143E-03  -6.146E-02
   81   2.510E+01   7.084E-03  -5.792E-03  -1.279E-01
   82   2.527E+01   6.253E-03  -8.900E-03  -1.888E-01
   83   2.544E+01   5.325E-03  -1.144E-02  -2.423E-01
   84   2.561E+01   4.349E-03  -1.335E-02  -2.854E-01
   85   2.578E+01   3.367E-03  -1.458E-02  -3.144E-01
   86   2.595E+01   2.417E-03  -1.510E-02  -3.267E-01
   87   2.612E+01   1.532E-03  -1.492E-02  -3.216E-01
   88   2.629E+01   7.384E-04  -1.410E-02  -3.002E-01
   89   2.646E+01   6.055E-05  -1.276E-02  -2.655E-01
   90   2.663E+01  -4.844E-04  -1.104E-02  -2.221E-01
   91   2.681E+01  -8.851E-04  -9.109E-03  -1.749E-01
   92   2.698E+01  -1.137E-03  -7.138E-03  -1.288E-01
   93   2.715E+01  -1.241E-03  -5.269E-03  -8.731E-02
   94   2.732E+01  -1.207E-03  -3.614E-03  -5.315E-02
   95   2.749E+01  -1.049E-03  -2.246E-03  -2.756E-02
   96   2.766E+01  -7.821E-04  -1.197E-03  -1.080E-02
   97   2.783E+01  -4.304E-04  -4.732E-04  -2.254E-03
   98   2.795E+01  -1.242E-04  -9.955E-05  -1.672E-04
   99   2.800E+01   1.040E-16  -1.192E-17   6.196E-17

 MODE SHAPE FOR EIGENVALUE NO.  2 FOLLOWS

 BUCKLING MODE FOR SEGMENT  1

 POINT    STATION       U            V            W
        (ARC LENGTH)  MERID.      CIRCUMF.      NORMAL
                    DISPLACEMENT   DISP.    DISPLACEMENT

    1   0.000E+00  -1.012E-20   3.094E-22   8.061E-20
    2   4.024E-02  -6.584E-08   3.175E-07   9.423E-07
    3   1.482E-01  -1.233E-07   1.338E-06   1.260E-05
    4   2.927E-01   2.123E-08   3.003E-06   4.472E-05
    5   4.390E-01   4.639E-07   4.911E-06   8.743E-05
    6   5.854E-01   1.213E-06   6.670E-06   1.302E-04
    7   7.317E-01   2.237E-06   7.796E-06   1.635E-04
    8   8.781E-01   3.436E-06   7.761E-06   1.767E-04
    9   1.024E+00   4.644E-06   6.057E-06   1.586E-04
   10   1.171E+00   5.634E-06   2.284E-06   9.842E-05
   11   1.317E+00   6.138E-06  -3.729E-06  -1.074E-05
   12   1.463E+00   5.883E-06  -1.181E-05  -1.692E-04
   13   1.610E+00   4.631E-06  -2.136E-05  -3.684E-04
   14   1.756E+00   2.232E-06  -3.129E-05  -5.888E-04
   15   1.902E+00  -1.316E-06  -4.006E-05  -8.007E-04
   16   2.049E+00  -5.828E-06  -4.583E-05  -9.648E-04
   17   2.195E+00  -1.090E-05  -4.664E-05  -1.037E-03
   18   2.341E+00  -1.593E-05  -4.074E-05  -9.731E-04
   19   2.488E+00  -2.014E-05  -2.701E-05  -7.388E-04
   20   2.634E+00  -2.272E-05  -5.286E-06  -3.181E-04
   21   2.780E+00  -2.287E-05   2.324E-05   2.771E-04
   22   2.927E+00  -2.006E-05   5.590E-05   9.996E-04
   23   3.073E+00  -1.406E-05   8.861E-05   1.766E-03
   24   3.220E+00  -5.142E-06   1.163E-04   2.460E-03
   25   3.366E+00   5.944E-06   1.335E-04   2.950E-03
   26   3.512E+00   1.800E-05   1.357E-04   3.108E-03
   27   3.659E+00   2.957E-05   1.200E-04   2.837E-03
   28   3.805E+00   3.923E-05   8.640E-05   2.092E-03
   29   3.951E+00   4.596E-05   3.859E-05   9.225E-04
   30   4.189E+00   4.982E-05  -4.205E-05  -1.231E-03
   31   4.610E+00   3.375E-05  -1.476E-04  -2.922E-03
   32   5.122E+00  -1.143E-05  -2.077E-04  -4.111E-03
   33   5.634E+00  -6.739E-05  -1.618E-04  -3.268E-03
   34   6.146E+00  -1.089E-04   1.151E-05   7.702E-05
   35   6.659E+00  -1.047E-04   2.813E-04   5.400E-03
   36   7.171E+00  -3.118E-05   5.410E-04   1.065E-02
   37   7.683E+00   1.075E-04   6.247E-04   1.255E-02
   38   8.195E+00   2.660E-04   3.763E-04   7.892E-03
   39   8.707E+00   3.624E-04  -2.491E-04  -4.384E-03
   40   9.220E+00   3.087E-04  -1.101E-03  -2.144E-02
   41   9.732E+00   5.765E-05  -1.824E-03  -3.629E-02
   42   1.024E+01  -3.541E-04  -1.969E-03  -3.984E-02
   43   1.076E+01  -7.907E-04  -1.184E-03  -2.482E-02
   44   1.127E+01  -1.049E-03   5.597E-04   9.720E-03
   45   1.178E+01  -9.327E-04   2.839E-03   5.561E-02
   46   1.229E+01  -3.485E-04   4.822E-03   9.631E-02
   47   1.280E+01   6.200E-04   5.515E-03   1.116E-01
   48   1.332E+01   1.697E-03   4.161E-03   8.578E-02
   49   1.383E+01   2.479E-03   6.229E-04   1.549E-02
   50   1.434E+01   2.567E-03  -4.393E-03  -8.556E-02
   51   1.485E+01   1.727E-03  -9.411E-03  -1.879E-01
   52   1.537E+01   1.089E-05  -1.258E-02  -2.538E-01
   53   1.588E+01  -2.199E-03  -1.229E-02  -2.502E-01
   54   1.639E+01  -4.269E-03  -7.778E-03  -1.611E-01
   55   1.690E+01  -5.485E-03   4.450E-04   4.166E-03
   56   1.741E+01  -5.280E-03   1.056E-02   2.091E-01
   57   1.793E+01  -3.436E-03   1.981E-02   3.980E-01
   58   1.844E+01  -2.011E-04   2.528E-02   5.114E-01
   59   1.895E+01   3.731E-03   2.470E-02   5.026E-01
   60   1.946E+01   7.378E-03   1.727E-02   3.540E-01
   61   1.998E+01   9.723E-03   3.956E-03   8.517E-02
   62   2.049E+01   9.987E-03  -1.257E-02  -2.499E-01
   63   2.100E+01   7.817E-03  -2.863E-02  -5.736E-01
   64   2.151E+01   3.260E-03  -4.070E-02  -8.071E-01
   65   2.202E+01  -3.202E-03  -4.590E-02  -9.121E-01
   66   2.245E+01  -8.957E-03  -4.321E-02  -9.413E-01
   67   2.271E+01  -1.198E-02  -3.670E-02  -8.402E-01
   68   2.288E+01  -1.352E-02  -2.911E-02  -6.939E-01
   69   2.305E+01  -1.459E-02  -1.948E-02  -4.791E-01
   70   2.322E+01  -1.514E-02  -8.339E-03  -2.119E-01
   71   2.339E+01  -1.515E-02   3.514E-03   7.994E-02
   72   2.356E+01  -1.460E-02   1.513E-02   3.641E-01
   73   2.373E+01  -1.353E-02   2.563E-02   6.115E-01
   74   2.390E+01  -1.197E-02   3.431E-02   8.018E-01
   75   2.407E+01  -1.002E-02   4.077E-02   9.265E-01
   76   2.424E+01  -7.783E-03   4.490E-02   9.889E-01
   77   2.441E+01  -5.376E-03   4.684E-02   1.000E+00
   78   2.459E+01  -2.935E-03   4.690E-02   9.744E-01
   79   2.476E+01  -5.864E-04   4.541E-02   9.245E-01
   80   2.493E+01   1.562E-03   4.270E-02   8.588E-01
   81   2.510E+01   3.429E-03   3.904E-02   7.816E-01
   82   2.527E+01   4.957E-03   3.464E-02   6.940E-01
   83   2.544E+01   6.118E-03   2.967E-02   5.956E-01
   84   2.561E+01   6.905E-03   2.432E-02   4.866E-01
   85   2.578E+01   7.333E-03   1.878E-02   3.691E-01
   86   2.595E+01   7.431E-03   1.328E-02   2.479E-01
   87   2.612E+01   7.240E-03   8.103E-03   1.304E-01
   88   2.629E+01   6.809E-03   3.515E-03   2.530E-02
   89   2.646E+01   6.192E-03  -2.474E-04  -5.921E-02
   90   2.663E+01   5.442E-03  -3.020E-03  -1.169E-01
   91   2.681E+01   4.612E-03  -4.742E-03  -1.453E-01
   92   2.698E+01   3.751E-03  -5.471E-03  -1.459E-01
   93   2.715E+01   2.901E-03  -5.365E-03  -1.246E-01
   94   2.732E+01   2.098E-03  -4.654E-03  -9.015E-02
   95   2.749E+01   1.375E-03  -3.592E-03  -5.274E-02
   96   2.766E+01   7.638E-04  -2.393E-03  -2.194E-02
   97   2.783E+01   3.047E-04  -1.203E-03  -4.288E-03
   98   2.795E+01   6.158E-05  -3.263E-04  -3.140E-04
   99   2.800E+01  -5.718E-17   1.833E-17   2.121E-17

 MODE SHAPE FOR EIGENVALUE NO.  3 FOLLOWS

 BUCKLING MODE FOR SEGMENT  1

 POINT    STATION       U            V            W
        (ARC LENGTH)  MERID.      CIRCUMF.      NORMAL
                    DISPLACEMENT   DISP.    DISPLACEMENT

    1   0.000E+00   8.905E-21  -1.172E-21  -4.066E-19
    2   4.024E-02  -2.938E-07   2.055E-07   4.695E-07
    3   1.482E-01  -9.608E-07   1.235E-06   6.383E-06
    4   2.927E-01  -1.553E-06   3.656E-06   3.712E-05
    5   4.390E-01  -1.620E-06   7.591E-06   1.024E-04
    6   5.854E-01  -9.627E-07   1.290E-05   2.046E-04
    7   7.317E-01   5.575E-07   1.899E-05   3.379E-04
    8   8.781E-01   2.973E-06   2.477E-05   4.833E-04
    9   1.024E+00   6.151E-06   2.864E-05   6.073E-04
   10   1.171E+00   9.755E-06   2.873E-05   6.653E-04
   11   1.317E+00   1.325E-05   2.328E-05   6.105E-04
   12   1.463E+00   1.593E-05   1.110E-05   4.052E-04
   13   1.610E+00   1.704E-05  -7.958E-06   3.346E-05
   14   1.756E+00   1.587E-05  -3.261E-05  -4.897E-04
   15   1.902E+00   1.195E-05  -6.005E-05  -1.112E-03
   16   2.049E+00   5.207E-06  -8.606E-05  -1.745E-03
   17   2.195E+00  -3.958E-06  -1.055E-04  -2.273E-03
   18   2.341E+00  -1.461E-05  -1.133E-04  -2.566E-03
   19   2.488E+00  -2.536E-05  -1.052E-04  -2.509E-03
   20   2.634E+00  -3.455E-05  -7.900E-05  -2.027E-03
   21   2.780E+00  -4.051E-05  -3.554E-05  -1.111E-03
   22   2.927E+00  -4.186E-05   2.100E-05   1.640E-04
   23   3.073E+00  -3.787E-05   8.326E-05   1.636E-03
   24   3.220E+00  -2.857E-05   1.416E-04   3.075E-03
   25   3.366E+00  -1.492E-05   1.860E-04   4.220E-03
   26   3.512E+00   1.354E-06   2.077E-04   4.834E-03
   27   3.659E+00   1.805E-05   2.014E-04   4.750E-03
   28   3.805E+00   3.298E-05   1.672E-04   3.913E-03
   29   3.951E+00   4.451E-05   1.109E-04   2.431E-03
   30   4.189E+00   5.461E-05   1.261E-05  -3.374E-04
   31   4.610E+00   4.492E-05  -1.126E-04  -2.314E-03
   32   5.122E+00   5.548E-06  -1.852E-04  -3.693E-03
   33   5.634E+00  -4.185E-05  -1.598E-04  -3.203E-03
   34   6.146E+00  -7.615E-05  -3.683E-05  -8.104E-04
   35   6.659E+00  -7.765E-05   1.519E-04   2.923E-03
   36   7.171E+00  -3.380E-05   3.332E-04   6.587E-03
   37   7.683E+00   5.086E-05   4.039E-04   8.128E-03
   38   8.195E+00   1.478E-04   2.718E-04   5.655E-03
   39   8.707E+00   2.087E-04  -8.569E-05  -1.389E-03
   40   9.220E+00   1.842E-04  -5.759E-04  -1.125E-02
   41   9.732E+00   4.984E-05  -9.940E-04  -1.985E-02
   42   1.024E+01  -1.704E-04  -1.090E-03  -2.213E-02
   43   1.076E+01  -4.001E-04  -6.821E-04  -1.429E-02
   44   1.127E+01  -5.317E-04   2.238E-04   3.764E-03
   45   1.178E+01  -4.691E-04   1.382E-03   2.722E-02
   46   1.229E+01  -1.766E-04   2.352E-03   4.724E-02
   47   1.280E+01   2.892E-04   2.648E-03   5.384E-02
   48   1.332E+01   7.825E-04   1.943E-03   4.019E-02
   49   1.383E+01   1.111E-03   2.503E-04   6.288E-03
   50   1.434E+01   1.105E-03  -2.016E-03  -3.969E-02
   51   1.485E+01   6.914E-04  -4.130E-03  -8.305E-02
   52   1.537E+01  -6.365E-05  -5.283E-03  -1.072E-01
   53   1.588E+01  -9.601E-04  -4.878E-03  -9.980E-02
   54   1.639E+01  -1.718E-03  -2.774E-03  -5.766E-02
   55   1.690E+01  -2.066E-03   6.143E-04   1.106E-02
   56   1.741E+01  -1.837E-03   4.396E-03   8.827E-02
   57   1.793E+01  -1.027E-03   7.457E-03   1.511E-01
   58   1.844E+01   1.856E-04   8.800E-03   1.792E-01
   59   1.895E+01   1.491E-03   7.863E-03   1.607E-01
   60   1.946E+01   2.533E-03   4.712E-03   9.676E-02
   61   1.998E+01   3.010E-03   3.683E-05   1.652E-03
   62   2.049E+01   2.760E-03  -5.039E-03  -1.017E-01
   63   2.100E+01   1.821E-03  -9.224E-03  -1.885E-01
   64   2.151E+01   5.057E-04  -1.123E-02  -2.373E-01
   65   2.202E+01  -5.421E-04  -9.954E-03  -2.261E-01
   66   2.245E+01  -8.177E-04  -6.446E-03  -1.494E-01
   67   2.271E+01  -7.920E-04  -3.719E-03   3.768E-03
   68   2.288E+01  -1.008E-03  -2.827E-03   8.552E-02
   69   2.305E+01  -1.450E-03  -3.578E-03   9.634E-02
   70   2.322E+01  -2.107E-03  -6.127E-03   1.567E-02
   71   2.339E+01  -2.921E-03  -9.962E-03  -1.450E-01
   72   2.356E+01  -3.801E-03  -1.397E-02  -3.427E-01
   73   2.373E+01  -4.644E-03  -1.670E-02  -5.143E-01
   74   2.390E+01  -5.349E-03  -1.679E-02  -5.964E-01
   75   2.407E+01  -5.836E-03  -1.340E-02  -5.450E-01
   76   2.424E+01  -6.045E-03  -6.496E-03  -3.509E-01
   77   2.441E+01  -5.941E-03   3.089E-03  -4.369E-02
   78   2.459E+01  -5.511E-03   1.381E-02   3.157E-01
   79   2.476E+01  -4.768E-03   2.378E-02   6.520E-01
   80   2.493E+01  -3.744E-03   3.128E-02   8.953E-01
   81   2.510E+01  -2.498E-03   3.512E-02   1.000E+00
   82   2.527E+01  -1.114E-03   3.488E-02   9.552E-01
   83   2.544E+01   3.036E-04   3.102E-02   7.847E-01
   84   2.561E+01   1.638E-03   2.462E-02   5.383E-01
   85   2.578E+01   2.775E-03   1.710E-02   2.759E-01
   86   2.595E+01   3.618E-03   9.863E-03   5.143E-02
   87   2.612E+01   4.109E-03   3.962E-03  -9.985E-02
   88   2.629E+01   4.235E-03  -4.797E-05  -1.672E-01
   89   2.646E+01   4.030E-03  -2.136E-03  -1.622E-01
   90   2.663E+01   3.572E-03  -2.675E-03  -1.116E-01
   91   2.681E+01   2.961E-03  -2.243E-03  -4.596E-02
   92   2.698E+01   2.299E-03  -1.423E-03   9.440E-03
   93   2.715E+01   1.675E-03  -6.517E-04   4.075E-02
   94   2.732E+01   1.146E-03  -1.520E-04   4.655E-02
   95   2.749E+01   7.328E-04   5.191E-05   3.474E-02
   96   2.766E+01   4.263E-04   6.145E-05   1.713E-02
   97   2.783E+01   1.975E-04   1.427E-05   4.100E-03
   98   2.795E+01   5.145E-05  -3.866E-06   3.037E-04
   99   2.800E+01   1.328E-17  -5.959E-19   2.877E-17
