
 START READING DATA FOR THIS CASE

 Please provide a title (42 characters or less)...

 SPHERICAL CAP BUCKLING, INDIC = -2                                     

 PLEASE PROVIDE DATA FOR SEGMENT NO.  1


 SEGMENT NO.  1 IS SPHERICAL OR TOROIDAL.
      END POINT COORDINATES (0.0000E+00,0.5447E+01) AND (0.1044E+03,0.0000E+00) AND CENTER (0.0000E+00,-.9946E+03)
 RADIUS =  1.0000E+03  ALPHA1 =  1.8000E+02
 ALPHA2 =  1.7401E+02  INCREASING ARC LENGTH CLOCKWISE


 SURFACE LOADS FOR LOAD SYSTEM "A", SEGMENT NO.  1

 POINTERS TO CIRCUMFERENTIAL HARMONICS OF LOADING    0    0    0    0    0    0    1    0    0    0    0    0

                                         PHYSICAL PROPERTIES OF SEGMENT NO.   1

 ANALYSIS IS FOR A MONOCOQUE SHELL

 MODULUS OF ELASTICITY=  0.30000E+08   , POISSON RATIO= 0.30000E+00
 SHELL DENSITY =  0.00000E+00   , THERMAL EXP COEF.=  0.00000E+00


 SHELL WALL MASS OF SEGMENT NO.  1 =   0.0000E+00
 (DISCRETE RINGS NOT INCLUDED)


 ***************************************
 TOTAL FORCES AND MOMENTS FROM APPLIED LOADS. THE FORCES AND
 MOMENTS OCCUR AT THE ORIGIN OF THE GLOBAL X,Y,Z AXIS SYSTEM,
 WHICH IS LOCATED AT AXIAL STATION Z=0. NOTE THAT THE TOTAL
 FORCES AND MOMENTS ARE NOT APPLIED AT THE C.G. OF THE
 STRUCTURE, WHICH IS AT AXIAL LOCATION ZCM=  0.0000E+00, BUT
 THEY ARE APPLIED AT AXIAL STATION Z = 0.

 NOTE: IN ORDER FOR THE MASS PROPERTIES AND DYNAMIC REACTIONS
 TO BE PROPERLY COMPUTED, THE GEOMETRY OF EVERY SEGMENT IN
 THE ENTIRE STRUCTURE MUST BE EXPRESSED IN TERMS OF THE
 GLOBAL AXIAL COORDINATE, Z.  THAT IS, YOU MUST HAVE PROVIDED
 AS INPUT FOR EACH SEGMENT THE GLOBAL Z COORDINATES.

 TOTAL FORCES FROM LOAD SET A...
  X-DIRECTION (THETA=  0 DEG.), FX(1) =               0.0000E+00
  Y-DIRECTION (THETA=270 DEG.), FY(1) =               0.0000E+00
  Z-DIRECTION (AXIAL UPWARD)  , FZ(1) =               0.0000E+00
 TOTAL MOMENTS FROM LOAD SET A...
  ABOUT X-AXIS                , MX(1) =               0.0000E+00
  ABOUT Y-AXIS                , MY(1) =               0.0000E+00
  ABOUT Z-AXIS                , MZ(1) =               0.0000E+00


 TOTAL FORCES FROM LOAD SET B...
  X-DIRECTION (THETA=  0 DEG.), FX(2) =               0.0000E+00
  Y-DIRECTION (THETA=270 DEG.), FY(2) =               0.0000E+00
  Z-DIRECTION (AXIAL)         , FZ(2) =               0.0000E+00
 TOTAL MOMENTS FROM LOAD SET B...
  ABOUT X-AXIS                , MX(2) =               0.0000E+00
  ABOUT Y-AXIS                , MY(2) =               0.0000E+00
  ABOUT Z-AXIS                , MZ(2) =               0.0000E+00


 TOTAL MASS, LOCATION OF C.G., MASS MOMENTS OF INERTIA
   TOTAL MASS, M (e.g. lb-sec**2/in)          M =     0.0000E+00
   POLAR MASS MOMENT OF INERTIA,             IZ =     0.0000E+00
   MASS MOMENT OF INERTIA ABOUT C.G.        ICM =     0.0000E+00
   AXIAL POSITION OF THE C.G.               ZCM =     0.0000E+00


 ***************** TOTAL MASS *******************
 TOTMAS =  0.0000E+00
 ********************************************************
  CONSTRAINT CONDITIONS FOR SEGMENT NO. ISEG =           1
  Endpoint of this segment is at Nodal Point No.          22
  The current segment is Segment No. ISEG =           1

 STABILITY ANALYSIS WITH PLOT OF STABILITY DETERMIN-
 ANT. NONLINEAR PREBUCKLING EFFECTS ARE INCLUDED. INDIC IS
 CHANGED TO -1 WHEN DET CHANGES SIGN OR WHEN IT IS PERCEIVED
 THAT MULTIPLE ROOTS HAVE BEEN SKIPPED FROM ONE LOAD STEP TO
 THE NEXT. CALCULATIONS TERMINATE WHEN THE LOAD EXCEEDS THE
 MAXIMUM ALLOWABLE VALUE, OR WHEN THE CORRECTION FACTOR IS
 LESS THAN ERR, OR WHEN THE PREBUCKLING SOLUTION FAILS TO
 CONVERGE.


 ANALYSIS TYPE =  -2, PRINT OPTION =  1, PLOT OPTION =  1, STRESS OPTION =  0
, PRESTRESS CALCULATION OPTION= 1

 NUMBER OF SHELL SEGMENTS =   1


 STRESS CALCULATED FOR CIRCUMFERENTIAL WAVES FROM       0 TO       0 IN INCREMENTS OF       1

 INITIAL BUCKLING OR VIBRATION WAVE NO.=      2, MINIMUM WAVE NO.=      0, MAXIMUM WAVE NO.=     10, INCREMENT=      1

    1 EIGENVALUES SOUGHT FOR EACH CIRCUMFERENTIAL WAVE NUMBER.


                                              CONSTRAINT CONDITION DATA FOLLOW

 SEG. POINT CONNECTED TO SEG. POINT     USTAR VSTAR WSTAR BETA     RADIAL DISC. D1(I)   AXIAL DISC. D2(I)

   1     1                 1     1        0     0     0     0      0.00000000E+00      0.00000000E+00
   1    20                 1    20        1     1     1     1      0.00000000E+00      0.00000000E+00

 CONSTRAINT CONDITIONS FOR STABILITY OR VIBRATION PROBLEM FOLLOW

 SEG. POINT CONNECTED TO SEG. POINT     USTAR VSTAR WSTAR BETA     RADIAL DISC. D1(I)   AXIAL DISC. D2(I)

   1     1                 1     1        0     0     0     0      0.00000000E+00      0.00000000E+00
   1    20                 1    20        1     1     1     1      0.00000000E+00      0.00000000E+00

 PRESSURE MULTIPLIER P =  1.8000E+01, INCREMENT DP=  4.0000E+00
 TEMPERATURE MULT.TEMP=  0.0000E+00, INCREMENT DTEMP=  0.0000E+00

 INITIAL LOAD, FSTART =  1.0000E+00, MAXIMUM LOAD, FMAX=  5.0010E+00
 STEP SIZE, DF=  1.0000E+00

 ANGULAR VELOCITY, OMEGA=   0.000E+00   INCREMENT IN OMEGA, DOMEGA=   0.000E+00

 GLOBAL (AXIAL,RADIAL) COORDINATES FOR ENTIRE MODEL.
 NUMBER OF FINITE ELEMENTS IN ENTIRE MODEL, I2=  22
 ELEMENT NO.   GLOBAL AXIAL COORDINATE   GLOBAL RADIAL COORD.
      1           5.44700003E+00           0.00000000E+00
      2           5.44586182E+00           1.51370263E+00
      3           5.43145752E+00           5.57341814E+00
      4           5.38641357E+00           1.10089464E+01
      5           5.31066895E+00           1.65132847E+01
      6           5.20465088E+00           2.20168858E+01
      7           5.06829834E+00           2.75198193E+01
      8           4.90167236E+00           3.30219193E+01
      9           4.70477295E+00           3.85230141E+01
     10           4.47753906E+00           4.40231857E+01
     11           4.22009277E+00           4.95217857E+01
     12           3.93237305E+00           5.50188789E+01
     13           3.61444092E+00           6.05143089E+01
     14           3.26623535E+00           6.60081482E+01
     15           2.88775635E+00           7.14997406E+01
     16           2.47912598E+00           7.69891739E+01
     17           2.04022217E+00           8.24762650E+01
     18           1.57116699E+00           8.79608688E+01
     19           1.07183838E+00           9.34430389E+01
     20           5.49255371E-01           9.88535767E+01
     21           1.39770508E-01           1.02892609E+02
     22          -1.71508789E-02           1.04398247E+02

 AXISYMMETRIC PRESTRESS INPUT CONSTRAINT CONDITIONS FOLLOW

 CONSTRAINT NO.   1  SEGMENT NO.   1 POINT  1 CONNECTED TO SEGMENT NO.   1 POINT  1 TYPE OF CONSTRAINT = 1
 CONSTRAINT NO.   2  SEGMENT NO.   1 POINT 22 CONNECTED TO SEGMENT NO.   1 POINT 22 TYPE OF CONSTRAINT = 2

 LOCAL MATRIX DIMENSION= 5, OVERLAP= 3 NO. CONSTRAINT CONDS. PER CONSTRAINT POINT= 3 SYSTEM RANK=   53 NUMBER OF BLOCKS=  1

 NUMBER OF EQUATIONS ASSOCIATED WITH SEGMENT NO.  1
 EQUALS  53; NO. OF CONSTRAINT PTS. EQUALS  2
 BLOCK NUMBER=  1 LAST EQ. IN BLOCK=   53 LOWEST UNK IN BLOCK=    1. MAX. OFF-DIAGONAL WIDTH=    7

 STABILITY,VIBRATION OR NON-SYMMETRIC STRESS INPUT CONSTRAINT CONDITIONS FOLLOW

 CONSTRAINT NO.   1  SEGMENT NO.   1 POINT  1 CONNECTED TO SEGMENT NO.   1 POINT  1 TYPE OF CONSTRAINT = 1
 CONSTRAINT NO.   2  SEGMENT NO.   1 POINT 22 CONNECTED TO SEGMENT NO.   1 POINT 22 TYPE OF CONSTRAINT = 2

 LOCAL MATRIX DIMENSION= 7, OVERLAP= 4 NO. CONSTRAINT CONDS. PER CONSTRAINT POINT= 4 SYSTEM RANK=   78 NUMBER OF BLOCKS=  1

 NUMBER OF EQUATIONS ASSOCIATED WITH SEGMENT NO.  1
 EQUALS  78; NO. OF CONSTRAINT PTS. EQUALS  2
 BLOCK NUMBER=  1 LAST EQ. IN BLOCK=   78 LOWEST UNK IN BLOCK=    1. MAX. OFF-DIAGONAL WIDTH=   10

 ****************************************


 PRESSURE MULTIPLIER, P=   1.800000E+01, TEMPERATURE MULTIPLIER,TEMP =   0.000000E+00
 ANGULAR VELOCITY, OMEGA=   0.000000E+00

  NUMBER OF NEWTON-RAPHSON ITERATIONS REQUIRED FOR  CONVERGENCE = ITER =  3

 NUMBER OF CIRCUMFERENTIAL WAVES =      2      2      2      2

 ANALYSIS TYPE (INDIC) =-2
 NEWTON-RAPHSON ITERATIONS REQUIRED FOR LAST PRESTRESS SOLUTION = 3

 VALUE OF STABILITY DETERMINANT =  3.5913E+01
 TIMES TEN TO THE        300TH POWER

 PRESSURE, TEMPERATURE RISE, ANGULAR VELOCITY AND LINE LOADS FOLLOW...

 PRESSURE MULTIPLIER =   1.800000E+01, TEMPERATURE MULTIPLIER =   0.000000E+00
  ANGULAR VELOCITY=   0.000000E+00

 LINE LOADS FOLLOW


 ****************************************


 PRESSURE MULTIPLIER, P=   2.200000E+01, TEMPERATURE MULTIPLIER,TEMP =   0.000000E+00
 ANGULAR VELOCITY, OMEGA=   0.000000E+00

  NUMBER OF NEWTON-RAPHSON ITERATIONS REQUIRED FOR  CONVERGENCE = ITER =  2

 NUMBER OF CIRCUMFERENTIAL WAVES =      2      2      2      2

 ANALYSIS TYPE (INDIC) =-2
 NEWTON-RAPHSON ITERATIONS REQUIRED FOR LAST PRESTRESS SOLUTION = 2

 VALUE OF STABILITY DETERMINANT =  2.4703E+01
 TIMES TEN TO THE        300TH POWER

 PRESSURE, TEMPERATURE RISE, ANGULAR VELOCITY AND LINE LOADS FOLLOW...

 PRESSURE MULTIPLIER =   2.200000E+01, TEMPERATURE MULTIPLIER =   0.000000E+00
  ANGULAR VELOCITY=   0.000000E+00

 LINE LOADS FOLLOW


 ****************************************


 PRESSURE MULTIPLIER, P=   2.600000E+01, TEMPERATURE MULTIPLIER,TEMP =   0.000000E+00
 ANGULAR VELOCITY, OMEGA=   0.000000E+00

  NUMBER OF NEWTON-RAPHSON ITERATIONS REQUIRED FOR  CONVERGENCE = ITER =  2

 NUMBER OF CIRCUMFERENTIAL WAVES =      2      2      2      2

 ANALYSIS TYPE (INDIC) =-2
 NEWTON-RAPHSON ITERATIONS REQUIRED FOR LAST PRESTRESS SOLUTION = 2

 VALUE OF STABILITY DETERMINANT =  1.2803E+01
 TIMES TEN TO THE        300TH POWER

 PRESSURE, TEMPERATURE RISE, ANGULAR VELOCITY AND LINE LOADS FOLLOW...

 PRESSURE MULTIPLIER =   2.600000E+01, TEMPERATURE MULTIPLIER =   0.000000E+00
  ANGULAR VELOCITY=   0.000000E+00

 LINE LOADS FOLLOW


 ****************************************


 PRESSURE MULTIPLIER, P=   3.000000E+01, TEMPERATURE MULTIPLIER,TEMP =   0.000000E+00
 ANGULAR VELOCITY, OMEGA=   0.000000E+00

  NUMBER OF NEWTON-RAPHSON ITERATIONS REQUIRED FOR  CONVERGENCE = ITER =  3

 NUMBER OF CIRCUMFERENTIAL WAVES =      2      2      2      2

 ANALYSIS TYPE (INDIC) =-2
 NEWTON-RAPHSON ITERATIONS REQUIRED FOR LAST PRESTRESS SOLUTION = 3

 VALUE OF STABILITY DETERMINANT = -1.0310E+01
 TIMES TEN TO THE        300TH POWER

 PRESSURE, TEMPERATURE RISE, ANGULAR VELOCITY AND LINE LOADS FOLLOW...

 PRESSURE MULTIPLIER =   3.000000E+01, TEMPERATURE MULTIPLIER =   0.000000E+00
  ANGULAR VELOCITY=   0.000000E+00

 LINE LOADS FOLLOW


 BIFURCATION BUCKLING EIGENVALUE(S) DETECTED BETWEEN
 SECOND-TO-LAST AND LAST LOAD STEPS FOR N =      2 CIRCUMFER-
 ENTIAL WAVES.  ANALYSIS TYPE (INDIC) IS NOW BEING CHANGED
 FROM INDIC = -2  TO  INDIC = -1  .

 A SEARCH FOR THE MINIMUM BIFURCATION BUCKLING LOAD WILL NOW
 BE CONDUCTED IN THE RANGE NMINB =      0 TO NMAXB =     10
 IN INCREMENTS OF INCRB =      1   CIRCUMFERENTIAL WAVES.


 ****************************************


 PRESSURE MULTIPLIER, P=   2.821578E+01, TEMPERATURE MULTIPLIER,TEMP =   0.000000E+00
 ANGULAR VELOCITY, OMEGA=   0.000000E+00

  NUMBER OF NEWTON-RAPHSON ITERATIONS REQUIRED FOR  CONVERGENCE = ITER =  2

 ****************************************


 PRESSURE MULTIPLIER, P=   3.000000E+01, TEMPERATURE MULTIPLIER,TEMP =   0.000000E+00
 ANGULAR VELOCITY, OMEGA=   0.000000E+00

  NUMBER OF NEWTON-RAPHSON ITERATIONS REQUIRED FOR  CONVERGENCE = ITER =  2

 NUMBER OF CIRCUMFERENTIAL WAVES =      2      2      2      2 EIGENVALUE= -5.2449E-02

 NUMBER OF CIRCUMFERENTIAL WAVES =      3      3      3      3 EIGENVALUE=  1.4977E+00

 NUMBER OF CIRCUMFERENTIAL WAVES =      1      1      1      1 EIGENVALUE=  3.4822E+00

 ****************************************


 PRESSURE MULTIPLIER, P=   2.812220E+01, TEMPERATURE MULTIPLIER,TEMP =   0.000000E+00
 ANGULAR VELOCITY, OMEGA=   0.000000E+00

  NUMBER OF NEWTON-RAPHSON ITERATIONS REQUIRED FOR  CONVERGENCE = ITER =  2

 ****************************************


 PRESSURE MULTIPLIER, P=   2.815032E+01, TEMPERATURE MULTIPLIER,TEMP =   0.000000E+00
 ANGULAR VELOCITY, OMEGA=   0.000000E+00

  NUMBER OF NEWTON-RAPHSON ITERATIONS REQUIRED FOR  CONVERGENCE = ITER =  1

 NUMBER OF CIRCUMFERENTIAL WAVES =      2      2      2      2 EIGENVALUE=  1.4278E+00

 ANALYSIS TYPE (INDIC) =-1
 NEWTON-RAPHSON ITERATIONS REQUIRED FOR LAST PRESTRESS SOLUTION = 1

 PRESSURE, TEMPERATURE RISE, ANGULAR VELOCITY AND LINE LOADS FOLLOW...

 PRESSURE MULTIPLIER =   2.815032E+01, TEMPERATURE MULTIPLIER =   0.000000E+00
  ANGULAR VELOCITY=   0.000000E+00

 LINE LOADS FOLLOW

  ENTERING BOSOR4 POSTPROCESSOR...

 ANALYSIS TYPE (INDIC) =-1
 NEWTON-RAPHSON ITERATIONS REQUIRED FOR LAST PRESTRESS SOLUTION = 1

 PRESSURE, TEMPERATURE RISE, ANGULAR VELOCITY, AND LINE LOADS FOLLOW...

 PRESSURE MULTIPLIER    (LOAD SYSTEM "A") =   2.815032E+01
 TEMPERATURE MULTIPLIER (LOAD SYSTEM "A") =   0.000000E+00
 ANGULAR VELOCITY, OMEGA                  =   0.000000E+00

                PREBUCKLING DISPLACEMENTS AND STRESS RESULTANTS CORRESPONDING TO CRITICAL LOAD

                         AXISYMMETRIC PRESTRESS DISTRIBUTION FOR SEGMENT 1

 POINT   STATION        W0         U0          BETA      UV          N10         N20         M10         M20
       (ARC LENGTH)   NORMAL   MERIDIONAL     MERID.      AXIAL       MERID.     CIRCUMF.     MERID.     CIRCUMF.
                      DISP.   DISPLACEMENT     ROT.       DISP.     RESULTANT   RESULTANT    MOMENT      MOMENT

    1   0.000E+00   4.428E-01   1.219E-09  -7.847E-17  -4.428E-01  -1.394E+04  -1.394E+04   1.583E+03   1.583E+03

 ***** Axial displacement, UV *******
 ENDUV = -4.4284E-01
 ************************************************
    2   1.514E+00   4.433E-01   1.771E-04   6.346E-04  -4.433E-01  -1.398E+04  -1.398E+04   1.491E+03   1.495E+03
    3   5.573E+00   4.493E-01   6.588E-04   2.220E-03  -4.493E-01  -1.406E+04  -1.415E+04   1.364E+03   1.405E+03
    4   1.101E+01   4.670E-01   1.339E-03   4.076E-03  -4.669E-01  -1.423E+04  -1.463E+04   1.148E+03   1.270E+03
    5   1.651E+01   4.940E-01   2.111E-03   5.466E-03  -4.940E-01  -1.448E+04  -1.533E+04   8.170E+02   1.073E+03
    6   2.202E+01   5.271E-01   3.010E-03   6.167E-03  -5.270E-01  -1.479E+04  -1.615E+04   3.860E+02   8.158E+02
    7   2.752E+01   5.619E-01   4.069E-03   6.024E-03  -5.618E-01  -1.514E+04  -1.696E+04  -1.168E+02   5.120E+02
    8   3.303E+01   5.934E-01   5.306E-03   4.953E-03  -5.932E-01  -1.550E+04  -1.763E+04  -6.489E+02   1.801E+02
    9   3.853E+01   6.164E-01   6.696E-03   2.958E-03  -6.162E-01  -1.584E+04  -1.803E+04  -1.156E+03  -1.549E+02
   10   4.404E+01   6.259E-01   8.165E-03   1.548E-04  -6.256E-01  -1.611E+04  -1.805E+04  -1.576E+03  -4.640E+02
   11   4.954E+01   6.180E-01   9.582E-03  -3.228E-03  -6.177E-01  -1.630E+04  -1.763E+04  -1.851E+03  -7.180E+02
   12   5.505E+01   5.902E-01   1.078E-02  -6.864E-03  -5.899E-01  -1.639E+04  -1.676E+04  -1.935E+03  -8.919E+02
   13   6.055E+01   5.423E-01   1.156E-02  -1.037E-02  -5.420E-01  -1.636E+04  -1.546E+04  -1.804E+03  -9.688E+02
   14   6.606E+01   4.760E-01   1.179E-02  -1.333E-02  -4.757E-01  -1.622E+04  -1.380E+04  -1.463E+03  -9.426E+02
   15   7.156E+01   3.954E-01   1.137E-02  -1.539E-02  -3.952E-01  -1.596E+04  -1.189E+04  -9.387E+02  -8.185E+02
   16   7.707E+01   3.064E-01   1.031E-02  -1.626E-02  -3.063E-01  -1.560E+04  -9.863E+03  -2.813E+02  -6.110E+02
   17   8.257E+01   2.162E-01   8.714E-03  -1.576E-02  -2.162E-01  -1.515E+04  -7.872E+03   4.516E+02  -3.407E+02
   18   8.807E+01   1.328E-01   6.721E-03  -1.382E-02  -1.328E-01  -1.464E+04  -6.090E+03   1.203E+03  -3.041E+01
   19   9.358E+01   6.400E-02   4.510E-03  -1.047E-02  -6.414E-02  -1.410E+04  -4.707E+03   1.922E+03   2.979E+02
   20   9.902E+01   1.788E-02   2.266E-03  -5.891E-03  -1.802E-02  -1.356E+04  -3.920E+03   2.570E+03   6.228E+02
   21   1.031E+02   1.324E-03   6.068E-04  -1.746E-03  -1.379E-03  -1.318E+04  -3.818E+03   3.152E+03   9.034E+02
   22   1.046E+02   4.294E-18   4.506E-19   1.400E-20  -4.317E-18  -1.305E+04  -3.914E+03   3.207E+03   9.622E+02

 ****** MAXIMUM EFFECTIVE STRESS IN ISOTROPIC WALL ******
 STRMAX=  0.0000E+00
 ******************************************************

 BUCKLING MODE FOR      2 CIRCUMFERENTIAL WAVES

 BUCKLING MODE FOR SEGMENT  1

 POINT    STATION       U            V            W
        (ARC LENGTH)  MERID.      CIRCUMF.      NORMAL
                    DISPLACEMENT   DISP.    DISPLACEMENT

    1   0.000E+00   2.846E-19   5.421E-20   1.820E-19
    2   1.514E+00  -9.386E-04  -9.398E-04   2.104E-03
    3   5.573E+00  -3.396E-03  -3.421E-03   3.175E-02
    4   1.101E+01  -6.492E-03  -6.687E-03   1.198E-01
    5   1.651E+01  -9.179E-03  -9.908E-03   2.565E-01
    6   2.202E+01  -1.110E-02  -1.296E-02   4.244E-01
    7   2.752E+01  -1.191E-02  -1.569E-02   6.023E-01
    8   3.303E+01  -1.133E-02  -1.791E-02   7.676E-01
    9   3.853E+01  -9.317E-03  -1.944E-02   8.990E-01
   10   4.404E+01  -6.113E-03  -2.013E-02   9.798E-01
   11   4.954E+01  -2.284E-03  -1.992E-02   1.000E+00
   12   5.505E+01   1.428E-03  -1.886E-02   9.581E-01
   13   6.055E+01   4.313E-03  -1.713E-02   8.612E-01
   14   6.606E+01   5.917E-03  -1.495E-02   7.235E-01
   15   7.156E+01   6.169E-03  -1.255E-02   5.636E-01
   16   7.707E+01   5.357E-03  -1.014E-02   4.014E-01
   17   8.257E+01   3.976E-03  -7.831E-03   2.549E-01
   18   8.807E+01   2.522E-03  -5.685E-03   1.373E-01
   19   9.358E+01   1.333E-03  -3.693E-03   5.595E-02
   20   9.902E+01   5.284E-04  -1.838E-03   1.225E-02
   21   1.031E+02   1.165E-04  -4.944E-04   8.966E-04
   22   1.046E+02   1.090E-17   3.351E-18   2.183E-17
