
 START READING DATA FOR THIS CASE

 Please provide a title (42 characters or less)...

 LATERAL BASE EXCITATION OF PRESSURIZED LONG CYLINDER                   

 PLEASE PROVIDE DATA FOR SEGMENT NO.  1


 SEGMENT NO.  1 IS A CYLINDER OR CONE.
      END POINT COORDINATES (0.1000E+01,0.0000E+00) AND (0.1000E+01,0.1000E+03)

 SURFACE LOADS FOR LOAD SYSTEM "A", SEGMENT NO.  1

 Next provide input for the circumferential variation
 of axial component of traction PT and the normal pressure
 PN.   Note that both of these two distributed load components
 must have the same circumferential variation.


 THERMAL OR MECHANICAL LINE OR DISTRIBUTED LOADS FORTHE   1 SEGMENT.
 VALID FOR LOADS EXPRESSED IN FORM FS(S)*Y(THETA)


 CIRCUMFERENTIAL DISTRIBUTION OF TANG. PRESSURE PT AND NORMAL PRESSURE PN


             INPUT LOAD DISTRIBUTION

 CIRC. STA   1 CIRC. COORD.(DEGREES) =  0.000E+00 INPUT LOAD VALUE=  0.100E+01 CIRC. COORD.=  0.000E+00 INPUT LOAD VALUE=  0.100E+01
 CIRC. STA   2 CIRC. COORD.(DEGREES) =  0.180E+03 INPUT LOAD VALUE=  0.100E+01 CIRC. COORD.= -0.180E+03 INPUT LOAD VALUE=  0.100E+01

      CALCULATED FOURIER HARMONICS OF LOAD

 WAVE NO.N=    -1. CIRC. HARMONIC AMPLIT. A(N)=   -5.56551E-08. CIRC. DIST. Y(THETA)= A*COS(N*THETA)
 WAVE NO.N=     0. CIRC. HARMONIC AMPLIT. A(N)=    1.00000E+00. CIRC. DIST. Y(THETA)= A*COS(N*THETA)

 POINTERS TO CIRCUMFERENTIAL HARMONICS OF LOADING    0    0    0    0    0    0    1    0    0    0    0    0

                                         PHYSICAL PROPERTIES OF SEGMENT NO.   1

 ANALYSIS IS FOR A MONOCOQUE SHELL

 MODULUS OF ELASTICITY=  0.10000E+08   , POISSON RATIO= 0.30000E+00
 SHELL DENSITY =  0.25000E-03   , THERMAL EXP COEF.=  0.00000E+00


 SHELL WALL MASS OF SEGMENT NO.  1 =   1.5734E-02
 (DISCRETE RINGS NOT INCLUDED)


 ***************************************
 TOTAL FORCES AND MOMENTS FROM APPLIED LOADS. THE FORCES AND
 MOMENTS OCCUR AT THE ORIGIN OF THE GLOBAL X,Y,Z AXIS SYSTEM,
 WHICH IS LOCATED AT AXIAL STATION Z=0. NOTE THAT THE TOTAL
 FORCES AND MOMENTS ARE NOT APPLIED AT THE C.G. OF THE
 STRUCTURE, WHICH IS AT AXIAL LOCATION ZCM=  5.0000E+01, BUT
 THEY ARE APPLIED AT AXIAL STATION Z = 0.

 NOTE: IN ORDER FOR THE MASS PROPERTIES AND DYNAMIC REACTIONS
 TO BE PROPERLY COMPUTED, THE GEOMETRY OF EVERY SEGMENT IN
 THE ENTIRE STRUCTURE MUST BE EXPRESSED IN TERMS OF THE
 GLOBAL AXIAL COORDINATE, Z.  THAT IS, YOU MUST HAVE PROVIDED
 AS INPUT FOR EACH SEGMENT THE GLOBAL Z COORDINATES.

 TOTAL FORCES FROM LOAD SET A...
  X-DIRECTION (THETA=  0 DEG.), FX(1) =              -1.7485E-02
  Y-DIRECTION (THETA=270 DEG.), FY(1) =               0.0000E+00
  Z-DIRECTION (AXIAL UPWARD)  , FZ(1) =               0.0000E+00
 TOTAL MOMENTS FROM LOAD SET A...
  ABOUT X-AXIS                , MX(1) =               0.0000E+00
  ABOUT Y-AXIS                , MY(1) =              -8.7423E-01
  ABOUT Z-AXIS                , MZ(1) =               0.0000E+00


 TOTAL FORCES FROM LOAD SET B...
  X-DIRECTION (THETA=  0 DEG.), FX(2) =               0.0000E+00
  Y-DIRECTION (THETA=270 DEG.), FY(2) =               0.0000E+00
  Z-DIRECTION (AXIAL)         , FZ(2) =               0.0000E+00
 TOTAL MOMENTS FROM LOAD SET B...
  ABOUT X-AXIS                , MX(2) =               0.0000E+00
  ABOUT Y-AXIS                , MY(2) =               0.0000E+00
  ABOUT Z-AXIS                , MZ(2) =               0.0000E+00


 TOTAL MASS, LOCATION OF C.G., MASS MOMENTS OF INERTIA
   TOTAL MASS, M (e.g. lb-sec**2/in)          M =     1.5708E-02
   POLAR MASS MOMENT OF INERTIA,             IZ =     1.5708E-02
   MASS MOMENT OF INERTIA ABOUT C.G.        ICM =     1.3084E+01
   AXIAL POSITION OF THE C.G.               ZCM =     5.0000E+01


 ***************** TOTAL MASS *******************
 TOTMAS =  1.5708E-02
 ********************************************************
  CONSTRAINT CONDITIONS FOR SEGMENT NO. ISEG =           1
  Endpoint of this segment is at Nodal Point No.          33
  The current segment is Segment No. ISEG =           1

 LINEAR STATIC ANALYSIS FOR NON-SYMMETRIC LOADS


 ANALYSIS TYPE =   3, PRINT OPTION =  1, PLOT OPTION =  0, STRESS OPTION =  0
, PRESTRESS CALCULATION OPTION= 1

 NUMBER OF SHELL SEGMENTS =   1


 STRESS CALCULATED FOR CIRCUMFERENTIAL WAVES FROM      -1 TO       0 IN INCREMENTS OF       1

 INITIAL BUCKLING OR VIBRATION WAVE NO.=      0, MINIMUM WAVE NO.=      0, MAXIMUM WAVE NO.=      0, INCREMENT=      1

    1 EIGENVALUES SOUGHT FOR EACH CIRCUMFERENTIAL WAVE NUMBER.


                                              CONSTRAINT CONDITION DATA FOLLOW

 SEG. POINT CONNECTED TO SEG. POINT     USTAR VSTAR WSTAR BETA     RADIAL DISC. D1(I)   AXIAL DISC. D2(I)

   1     1                 1     1        1     1     1     1      0.00000000E+00      0.00000000E+00

 CONSTRAINT CONDITIONS FOR STABILITY OR VIBRATION PROBLEM FOLLOW

 SEG. POINT CONNECTED TO SEG. POINT     USTAR VSTAR WSTAR BETA     RADIAL DISC. D1(I)   AXIAL DISC. D2(I)

   1     1                 1     1        1     1     1     1      0.00000000E+00      0.00000000E+00

 PRESSURE MULTIPLIER P =  0.0000E+00, INCREMENT DP=  0.0000E+00
 TEMPERATURE MULT.TEMP=  1.0000E+00, INCREMENT DTEMP=  0.0000E+00

 INITIAL LOAD, FSTART =  0.0000E+00, MAXIMUM LOAD, FMAX=  0.0000E+00
 STEP SIZE, DF=  0.0000E+00

 ANGULAR VELOCITY, OMEGA=   0.000E+00   INCREMENT IN OMEGA, DOMEGA=   0.000E+00

 HARMONIC FORCING AT AN ANGULAR FREQUENCY, OMEGDR=   1.000E-04

 ACCELERATION OF GRAVITY, GRAVTY=   3.860E+02
 LATERAL COMPONENT OF BASE EXCITATION, GLATRL=   2.000E+00
 AXIAL COMPONENT OF BASE EXCITATION,   GAXIAL=   0.000E+00


 GLOBAL (AXIAL,RADIAL) COORDINATES FOR ENTIRE MODEL.
 NUMBER OF FINITE ELEMENTS IN ENTIRE MODEL, I2=  33
 ELEMENT NO.   GLOBAL AXIAL COORDINATE   GLOBAL RADIAL COORD.
      1           0.00000000E+00           1.00000000E+00
      2           9.16666627E-01           1.00000000E+00
      3           3.37500000E+00           1.00000000E+00
      4           6.66666603E+00           1.00000000E+00
      5           1.00000000E+01           1.00000000E+00
      6           1.33333321E+01           1.00000000E+00
      7           1.66666660E+01           1.00000000E+00
      8           2.00000000E+01           1.00000000E+00
      9           2.33333359E+01           1.00000000E+00
     10           2.66666679E+01           1.00000000E+00
     11           3.00000019E+01           1.00000000E+00
     12           3.33333359E+01           1.00000000E+00
     13           3.66666679E+01           1.00000000E+00
     14           4.00000000E+01           1.00000000E+00
     15           4.33333282E+01           1.00000000E+00
     16           4.66666641E+01           1.00000000E+00
     17           4.99999962E+01           1.00000000E+00
     18           5.33333282E+01           1.00000000E+00
     19           5.66666603E+01           1.00000000E+00
     20           5.99999886E+01           1.00000000E+00
     21           6.33333244E+01           1.00000000E+00
     22           6.66666565E+01           1.00000000E+00
     23           6.99999924E+01           1.00000000E+00
     24           7.33333282E+01           1.00000000E+00
     25           7.66666641E+01           1.00000000E+00
     26           8.00000000E+01           1.00000000E+00
     27           8.33333435E+01           1.00000000E+00
     28           8.66666718E+01           1.00000000E+00
     29           9.00000076E+01           1.00000000E+00
     30           9.33333435E+01           1.00000000E+00
     31           9.66250076E+01           1.00000000E+00
     32           9.90833435E+01           1.00000000E+00
     33           1.00000008E+02           1.00000000E+00

 AXISYMMETRIC PRESTRESS INPUT CONSTRAINT CONDITIONS FOLLOW

 CONSTRAINT NO.   1  SEGMENT NO.   1 POINT  1 CONNECTED TO SEGMENT NO.   1 POINT  1 TYPE OF CONSTRAINT = 1

 LOCAL MATRIX DIMENSION= 5, OVERLAP= 3 NO. CONSTRAINT CONDS. PER CONSTRAINT POINT= 3 SYSTEM RANK=   72 NUMBER OF BLOCKS=  1

 NUMBER OF EQUATIONS ASSOCIATED WITH SEGMENT NO.  1
 EQUALS  72; NO. OF CONSTRAINT PTS. EQUALS  1
 BLOCK NUMBER=  1 LAST EQ. IN BLOCK=   72 LOWEST UNK IN BLOCK=    1. MAX. OFF-DIAGONAL WIDTH=    7

 STABILITY,VIBRATION OR NON-SYMMETRIC STRESS INPUT CONSTRAINT CONDITIONS FOLLOW

 CONSTRAINT NO.   1  SEGMENT NO.   1 POINT  1 CONNECTED TO SEGMENT NO.   1 POINT  1 TYPE OF CONSTRAINT = 1

 LOCAL MATRIX DIMENSION= 7, OVERLAP= 4 NO. CONSTRAINT CONDS. PER CONSTRAINT POINT= 4 SYSTEM RANK=  107 NUMBER OF BLOCKS=  1

 NUMBER OF EQUATIONS ASSOCIATED WITH SEGMENT NO.  1
 EQUALS 107; NO. OF CONSTRAINT PTS. EQUALS  1
 BLOCK NUMBER=  1 LAST EQ. IN BLOCK=  107 LOWEST UNK IN BLOCK=    1. MAX. OFF-DIAGONAL WIDTH=   10

 PREBUCKLING STRESS RESULTANTS IN SHELL SEGMENT NO.  1
 FOR CIRCUMFERENTIAL ANGLE, THETAS =  0.0000E+00
           PREBUCKLING MEMBRANE STATE    PREBUCKLING MEMBRANE STATE
              FOR LOAD SYSTEM "A"          FOR LOAD SYSTEM "B"
               (EIGENPARAMETER)                 (CONSTANT)
 STATION   MERIDIONAL   CIRCUMFERENTIAL  MERIDIONAL   CIRCUMFERENTIAL
   NO.     RESULTANT      RESULTANT      RESULTANT    RESULTANT
     1   1.914485E+02   5.743454E+01   0.000000E+00   0.000000E+00
     2   1.890145E+02   9.885954E+02   0.000000E+00   0.000000E+00
     3   1.804737E+02   1.000428E+03   0.000000E+00   0.000000E+00
     4   1.682619E+02   9.999913E+02   0.000000E+00   0.000000E+00
     5   1.564783E+02   9.999808E+02   0.000000E+00   0.000000E+00
     6   1.451067E+02   9.999804E+02   0.000000E+00   0.000000E+00
     7   1.341634E+02   9.999804E+02   0.000000E+00   0.000000E+00
     8   1.236492E+02   9.999804E+02   0.000000E+00   0.000000E+00
     9   1.135642E+02   9.999804E+02   0.000000E+00   0.000000E+00
    10   1.039083E+02   9.999804E+02   0.000000E+00   0.000000E+00
    11   9.468159E+01   9.999804E+02   0.000000E+00   0.000000E+00
    12   8.588403E+01   9.999804E+02   0.000000E+00   0.000000E+00
    13   7.751560E+01   9.999804E+02   0.000000E+00   0.000000E+00
    14   6.957634E+01   9.999804E+02   0.000000E+00   0.000000E+00
    15   6.206622E+01   9.999804E+02   0.000000E+00   0.000000E+00
    16   5.498525E+01   9.999804E+02   0.000000E+00   0.000000E+00
    17   4.833343E+01   9.999804E+02   0.000000E+00   0.000000E+00
    18   4.211076E+01   9.999804E+02   0.000000E+00   0.000000E+00
    19   3.631724E+01   9.999804E+02   0.000000E+00   0.000000E+00
    20   3.095287E+01   9.999804E+02   0.000000E+00   0.000000E+00
    21   2.601765E+01   9.999804E+02   0.000000E+00   0.000000E+00
    22   2.151158E+01   9.999804E+02   0.000000E+00   0.000000E+00
    23   1.743465E+01   9.999804E+02   0.000000E+00   0.000000E+00
    24   1.378688E+01   9.999804E+02   0.000000E+00   0.000000E+00
    25   1.056826E+01   9.999804E+02   0.000000E+00   0.000000E+00
    26   7.778789E+00   9.999804E+02   0.000000E+00   0.000000E+00
    27   5.418465E+00   9.999804E+02   0.000000E+00   0.000000E+00
    28   3.487292E+00   9.999804E+02   0.000000E+00   0.000000E+00
    29   1.985267E+00   9.999804E+02   0.000000E+00   0.000000E+00
    30   9.123959E-01   9.999804E+02   0.000000E+00   0.000000E+00
    31   2.713935E-01   9.999804E+02   0.000000E+00   0.000000E+00
    32   2.991251E-02   9.999805E+02   0.000000E+00   0.000000E+00
    33  -1.164153E-10   9.999788E+02   0.000000E+00   0.000000E+00
  ENTERING BOSOR4 POSTPROCESSOR...

 MERIDIONAL DISTRIBUTION OF SUPERPOSED QUANTITIES
  CORRESPONDING TO CIRCUMFERENTIAL STATION, THETA=   0.0000E+00 DEG.

 STRESS RESULTANTS OR STRESSES OR STRAINS AND
 CHANGES IN CURVATURE IN SEGMENT NUMBER     1     1     1     1     1
 ****** RESULTS FROM APPLICATION OF LOAD SYSTEM "A" ******

 POINT    STATION       U           V           W        N1         N2         N12          M1         M2        MT
       (ARC LENGTH)   MERID.     CIRCUMF.     NORMAL    MERID.    CIRCUMF.    IN-PLANE     MERID.     CIRCUMF.     TWISTING
                      DISP.    DISPLACEMENT   DISP.     RESULTANT RESULTANT    SHEAR       MOMENT      MOMENT      MOMENT

    1   0.000E+00   1.178E-20   0.000E+00  -1.028E-19   1.914E+02   5.743E+01   0.000E+00   1.266E+01   3.797E+00   0.000E+00
    2   9.167E-01  -7.513E-05   0.000E+00   7.825E-04   1.890E+02   9.886E+02   0.000E+00  -7.129E-01  -1.679E-01   0.000E+00
    3   3.375E+00  -3.592E-04   0.000E+00  -3.791E-04   1.805E+02   1.000E+03   0.000E+00  -1.945E-01  -1.320E-02   0.000E+00
    4   6.667E+00  -7.732E-04   0.000E+00  -3.411E-03   1.683E+02   1.000E+03   0.000E+00  -1.395E-01   2.400E-04   0.000E+00
    5   1.000E+01  -1.232E-03   0.000E+00  -8.327E-03   1.565E+02   1.000E+03   0.000E+00  -1.304E-01   1.148E-05   0.000E+00
    6   1.333E+01  -1.729E-03   0.000E+00  -1.498E-02   1.451E+02   1.000E+03   0.000E+00  -1.209E-01   1.117E-05   0.000E+00
    7   1.667E+01  -2.264E-03   0.000E+00  -2.325E-02   1.342E+02   1.000E+03   0.000E+00  -1.118E-01   1.115E-05   0.000E+00
    8   2.000E+01  -2.834E-03   0.000E+00  -3.300E-02   1.236E+02   1.000E+03   0.000E+00  -1.031E-01   1.115E-05   0.000E+00
    9   2.333E+01  -3.439E-03   0.000E+00  -4.414E-02   1.136E+02   1.000E+03   0.000E+00  -9.465E-02   1.115E-05   0.000E+00
   10   2.667E+01  -4.076E-03   0.000E+00  -5.653E-02   1.039E+02   1.000E+03   0.000E+00  -8.661E-02   1.115E-05   0.000E+00
   11   3.000E+01  -4.745E-03   0.000E+00  -7.008E-02   9.468E+01   1.000E+03   0.000E+00  -7.892E-02   1.115E-05   0.000E+00
   12   3.333E+01  -5.444E-03   0.000E+00  -8.468E-02   8.588E+01   1.000E+03   0.000E+00  -7.159E-02   1.115E-05   0.000E+00
   13   3.667E+01  -6.172E-03   0.000E+00  -1.002E-01   7.752E+01   1.000E+03   0.000E+00  -6.461E-02   1.115E-05   0.000E+00
   14   4.000E+01  -6.927E-03   0.000E+00  -1.167E-01   6.958E+01   1.000E+03   0.000E+00  -5.800E-02   1.115E-05   0.000E+00
   15   4.333E+01  -7.707E-03   0.000E+00  -1.338E-01   6.207E+01   1.000E+03   0.000E+00  -5.174E-02   1.115E-05   0.000E+00
   16   4.667E+01  -8.512E-03   0.000E+00  -1.517E-01   5.499E+01   1.000E+03   0.000E+00  -4.584E-02   1.115E-05   0.000E+00
   17   5.000E+01  -9.340E-03   0.000E+00  -1.702E-01   4.833E+01   1.000E+03   0.000E+00  -4.029E-02   1.115E-05   0.000E+00
   18   5.333E+01  -1.019E-02   0.000E+00  -1.892E-01   4.211E+01   1.000E+03   0.000E+00  -3.511E-02   1.115E-05   0.000E+00
   19   5.667E+01  -1.106E-02   0.000E+00  -2.087E-01   3.632E+01   1.000E+03   0.000E+00  -3.028E-02   1.115E-05   0.000E+00
   20   6.000E+01  -1.195E-02   0.000E+00  -2.286E-01   3.095E+01   1.000E+03   0.000E+00  -2.581E-02   1.115E-05   0.000E+00
   21   6.333E+01  -1.285E-02   0.000E+00  -2.489E-01   2.602E+01   1.000E+03   0.000E+00  -2.170E-02   1.115E-05   0.000E+00
   22   6.667E+01  -1.377E-02   0.000E+00  -2.694E-01   2.151E+01   1.000E+03   0.000E+00  -1.794E-02   1.115E-05   0.000E+00
   23   7.000E+01  -1.471E-02   0.000E+00  -2.902E-01   1.743E+01   1.000E+03   0.000E+00  -1.455E-02   1.115E-05   0.000E+00
   24   7.333E+01  -1.566E-02   0.000E+00  -3.112E-01   1.379E+01   1.000E+03   0.000E+00  -1.151E-02   1.115E-05   0.000E+00
   25   7.667E+01  -1.661E-02   0.000E+00  -3.323E-01   1.057E+01   1.000E+03   0.000E+00  -8.824E-03   1.115E-05   0.000E+00
   26   8.000E+01  -1.758E-02   0.000E+00  -3.535E-01   7.779E+00   1.000E+03   0.000E+00  -6.499E-03   1.115E-05   0.000E+00
   27   8.333E+01  -1.856E-02   0.000E+00  -3.748E-01   5.418E+00   1.000E+03   0.000E+00  -4.532E-03   1.115E-05   0.000E+00
   28   8.667E+01  -1.955E-02   0.000E+00  -3.962E-01   3.487E+00   1.000E+03   0.000E+00  -2.923E-03   1.115E-05   0.000E+00
   29   9.000E+01  -2.054E-02   0.000E+00  -4.177E-01   1.985E+00   1.000E+03   0.000E+00  -1.671E-03   1.115E-05   0.000E+00
   30   9.333E+01  -2.153E-02   0.000E+00  -4.391E-01   9.124E-01   1.000E+03   0.000E+00  -7.756E-04   1.165E-05   0.000E+00
   31   9.663E+01  -2.252E-02   0.000E+00  -4.603E-01   2.714E-01   1.000E+03   0.000E+00  -2.490E-04   9.375E-06   0.000E+00
   32   9.908E+01  -2.326E-02   0.000E+00  -4.761E-01   2.991E-02   1.000E+03   0.000E+00  -8.211E-05  -9.767E-07   0.000E+00
   33   1.000E+02  -2.353E-02   0.000E+00  -4.820E-01  -1.164E-10   1.000E+03   0.000E+00   2.912E-11   1.759E-05   0.000E+00

 MERIDIONAL DISTRIBUTION OF SUPERPOSED QUANTITIES
  CORRESPONDING TO CIRCUMFERENTIAL STATION, THETA=   9.0000E+01 DEG.

 STRESS RESULTANTS OR STRESSES OR STRAINS AND
 CHANGES IN CURVATURE IN SEGMENT NUMBER     1     1     1     1     1
 ****** RESULTS FROM APPLICATION OF LOAD SYSTEM "A" ******

 POINT    STATION       U           V           W        N1         N2         N12          M1         M2        MT
       (ARC LENGTH)   MERID.     CIRCUMF.     NORMAL    MERID.    CIRCUMF.    IN-PLANE     MERID.     CIRCUMF.     TWISTING
                      DISP.    DISPLACEMENT   DISP.     RESULTANT RESULTANT    SHEAR       MOMENT      MOMENT      MOMENT

    1   0.000E+00   1.041E-19  -3.981E-20  -2.237E-19  -3.119E-05  -9.357E-06  -3.416E+00   1.449E+01   4.346E+00   2.279E-03
    2   9.167E-01  -2.468E-04   1.494E-04   9.870E-04  -2.768E-07   9.870E+02   2.784E+00  -5.898E-01  -1.769E-01  -7.272E-02
    3   3.375E+00  -9.813E-04   1.325E-03   1.000E-03  -2.940E-05   1.000E+03   3.828E+00  -6.861E-02  -2.058E-02  -2.308E-02
    4   6.667E+00  -1.969E-03   4.361E-03   1.000E-03  -5.793E-05   1.000E+03   3.595E+00  -3.895E-04  -1.169E-04   5.722E-03
    5   1.000E+01  -2.969E-03   9.280E-03   1.000E-03  -2.549E-05   1.000E+03   3.476E+00   2.822E-07   7.830E-08   6.855E-03
    6   1.333E+01  -3.969E-03   1.594E-02   1.000E-03  -2.364E-05   1.000E+03   3.347E+00   2.260E-08   8.673E-10   6.604E-03
    7   1.667E+01  -4.969E-03   2.421E-02   1.000E-03  -2.186E-05   1.000E+03   3.219E+00   1.822E-08  -2.372E-12   6.350E-03
    8   2.000E+01  -5.969E-03   3.397E-02   1.000E-03  -2.015E-05   1.000E+03   3.090E+00   1.679E-08  -1.824E-12   6.096E-03
    9   2.333E+01  -6.969E-03   4.510E-02   1.000E-03  -1.850E-05   1.000E+03   2.961E+00   1.542E-08  -1.817E-12   5.842E-03
   10   2.667E+01  -7.969E-03   5.750E-02   1.000E-03  -1.693E-05   1.000E+03   2.832E+00   1.411E-08  -1.817E-12   5.588E-03
   11   3.000E+01  -8.969E-03   7.105E-02   1.000E-03  -1.543E-05   1.000E+03   2.704E+00   1.286E-08  -1.817E-12   5.334E-03
   12   3.333E+01  -9.969E-03   8.565E-02   1.000E-03  -1.399E-05   1.000E+03   2.575E+00   1.166E-08  -1.816E-12   5.080E-03
   13   3.667E+01  -1.097E-02   1.012E-01   1.000E-03  -1.263E-05   1.000E+03   2.446E+00   1.053E-08  -1.817E-12   4.826E-03
   14   4.000E+01  -1.197E-02   1.176E-01   1.000E-03  -1.134E-05   1.000E+03   2.317E+00   9.449E-09  -1.817E-12   4.572E-03
   15   4.333E+01  -1.297E-02   1.348E-01   1.000E-03  -1.011E-05   1.000E+03   2.189E+00   8.429E-09  -1.816E-12   4.318E-03
   16   4.667E+01  -1.397E-02   1.527E-01   1.000E-03  -8.958E-06   1.000E+03   2.060E+00   7.468E-09  -1.817E-12   4.064E-03
   17   5.000E+01  -1.497E-02   1.712E-01   1.000E-03  -7.875E-06   1.000E+03   1.931E+00   6.565E-09  -1.816E-12   3.810E-03
   18   5.333E+01  -1.597E-02   1.902E-01   1.000E-03  -6.861E-06   1.000E+03   1.802E+00   5.720E-09  -1.817E-12   3.556E-03
   19   5.667E+01  -1.697E-02   2.097E-01   1.000E-03  -5.917E-06   1.000E+03   1.674E+00   4.933E-09  -1.817E-12   3.302E-03
   20   6.000E+01  -1.797E-02   2.296E-01   1.000E-03  -5.043E-06   1.000E+03   1.545E+00   4.205E-09  -1.817E-12   3.048E-03
   21   6.333E+01  -1.897E-02   2.499E-01   1.000E-03  -4.239E-06   1.000E+03   1.416E+00   3.535E-09  -1.817E-12   2.794E-03
   22   6.667E+01  -1.997E-02   2.704E-01   1.000E-03  -3.505E-06   1.000E+03   1.287E+00   2.923E-09  -1.817E-12   2.540E-03
   23   7.000E+01  -2.097E-02   2.912E-01   1.000E-03  -2.840E-06   1.000E+03   1.159E+00   2.370E-09  -1.817E-12   2.286E-03
   24   7.333E+01  -2.197E-02   3.122E-01   1.000E-03  -2.246E-06   1.000E+03   1.030E+00   1.875E-09  -1.817E-12   2.032E-03
   25   7.667E+01  -2.297E-02   3.333E-01   1.000E-03  -1.722E-06   1.000E+03   9.012E-01   1.438E-09  -1.817E-12   1.778E-03
   26   8.000E+01  -2.397E-02   3.545E-01   1.000E-03  -1.267E-06   1.000E+03   7.725E-01   1.059E-09  -1.817E-12   1.524E-03
   27   8.333E+01  -2.497E-02   3.758E-01   1.000E-03  -8.828E-07   1.000E+03   6.437E-01   7.384E-10  -1.817E-12   1.270E-03
   28   8.667E+01  -2.597E-02   3.972E-01   1.000E-03  -5.682E-07   1.000E+03   5.150E-01   4.762E-10  -1.817E-12   1.016E-03
   29   9.000E+01  -2.697E-02   4.187E-01   1.000E-03  -3.234E-07   1.000E+03   3.862E-01   2.723E-10  -1.817E-12   7.620E-04
   30   9.333E+01  -2.797E-02   4.401E-01   1.000E-03  -1.486E-07   1.000E+03   2.575E-01   1.264E-10  -1.898E-12   5.099E-04
   31   9.663E+01  -2.896E-02   4.613E-01   1.000E-03  -4.422E-08   1.000E+03   1.304E-01   4.056E-11  -1.529E-12   2.544E-04
   32   9.908E+01  -2.969E-02   4.771E-01   1.000E-03  -4.873E-09   1.000E+03   3.555E-02   1.334E-11   1.472E-13   3.703E-05
   33   1.000E+02  -2.997E-02   4.830E-01   1.000E-03   1.897E-17   1.000E+03   1.709E-03   1.270E-14  -2.862E-12  -4.932E-05

 ****** MAX. NORMAL DISPLACEMENT, LOAD SET A ************
 WWWMAX(1)= -4.8202E-01, LOCATW(1)=1000*ISEG+I=  1033
 ********************************************************

 ****** MAX. EFF. STRESS IN ISOTROPIC WALL,LOAD A ******
 STRMAX(1)=  0.0000E+00, LOCATS(1)=1000*ISEG+I=     0
 ******************************************************

 CIRCUMFERENTIAL VARIATION OF SUPERPOSED QUANTITIES AT POINT NO. 33
 SEGMENT NO.  1, MERIDIONAL STATION=  1.000E+02
 ****** RESULTS FROM APPLICATION OF LOAD SYSTEM "A" ******

 POINT    STATION       U           V           W        N1         N2         N12          M1         M2        MT
       (ARC LENGTH)   MERID.     CIRCUMF.     NORMAL    MERID.    CIRCUMF.    IN-PLANE     MERID.     CIRCUMF.     TWISTING
                      DISP.    DISPLACEMENT   DISP.     RESULTANT RESULTANT    SHEAR       MOMENT      MOMENT      MOMENT

    1   0.000E+00  -2.353E-02   0.000E+00  -4.820E-01  -1.164E-10   1.000E+03   0.000E+00   2.912E-11   1.759E-05   0.000E+00
    2   9.000E+00  -2.361E-02   7.556E-02  -4.761E-01  -1.150E-10   1.000E+03   2.673E-04   2.876E-11   1.738E-05  -7.715E-06
    3   1.800E+01  -2.385E-02   1.493E-01  -4.584E-01  -1.107E-10   1.000E+03   5.280E-04   2.769E-11   1.673E-05  -1.524E-05
    4   2.700E+01  -2.423E-02   2.193E-01  -4.294E-01  -1.037E-10   1.000E+03   7.757E-04   2.594E-11   1.568E-05  -2.239E-05
    5   3.600E+01  -2.476E-02   2.839E-01  -3.898E-01  -9.418E-11   1.000E+03   1.004E-03   2.356E-11   1.423E-05  -2.899E-05
    6   4.500E+01  -2.542E-02   3.415E-01  -3.405E-01  -8.232E-11   1.000E+03   1.208E-03   2.059E-11   1.244E-05  -3.487E-05
    7   5.400E+01  -2.618E-02   3.908E-01  -2.829E-01  -6.843E-11   1.000E+03   1.382E-03   1.712E-11   1.034E-05  -3.990E-05
    8   6.300E+01  -2.705E-02   4.304E-01  -2.183E-01  -5.285E-11   1.000E+03   1.522E-03   1.323E-11   7.987E-06  -4.394E-05
    9   7.200E+01  -2.798E-02   4.594E-01  -1.483E-01  -3.597E-11   1.000E+03   1.625E-03   9.006E-12   5.436E-06  -4.690E-05
   10   8.100E+01  -2.896E-02   4.771E-01  -7.456E-02  -1.821E-11   1.000E+03   1.688E-03   4.566E-12   2.752E-06  -4.871E-05
   11   9.000E+01  -2.997E-02   4.830E-01   9.993E-04  -1.614E-16   1.000E+03   1.709E-03   1.275E-14   2.440E-11  -4.932E-05
   12   9.900E+01  -3.098E-02   4.771E-01   7.656E-02   1.821E-11   1.000E+03   1.688E-03  -4.540E-12  -2.752E-06  -4.871E-05
   13   1.080E+02  -3.196E-02   4.594E-01   1.503E-01   3.597E-11   1.000E+03   1.625E-03  -8.981E-12  -5.436E-06  -4.690E-05
   14   1.170E+02  -3.289E-02   4.304E-01   2.203E-01   5.285E-11   1.000E+03   1.522E-03  -1.320E-11  -7.987E-06  -4.394E-05
   15   1.260E+02  -3.375E-02   3.908E-01   2.849E-01   6.843E-11   1.000E+03   1.382E-03  -1.709E-11  -1.034E-05  -3.990E-05
   16   1.350E+02  -3.452E-02   3.415E-01   3.425E-01   8.232E-11   1.000E+03   1.208E-03  -2.057E-11  -1.244E-05  -3.487E-05
   17   1.440E+02  -3.518E-02   2.839E-01   3.918E-01   9.418E-11   1.000E+03   1.004E-03  -2.353E-11  -1.423E-05  -2.899E-05
   18   1.530E+02  -3.571E-02   2.193E-01   4.314E-01   1.037E-10   1.000E+03   7.757E-04  -2.592E-11  -1.568E-05  -2.239E-05
   19   1.620E+02  -3.609E-02   1.493E-01   4.604E-01   1.107E-10   1.000E+03   5.280E-04  -2.767E-11  -1.673E-05  -1.524E-05
   20   1.710E+02  -3.633E-02   7.556E-02   4.781E-01   1.150E-10   1.000E+03   2.673E-04  -2.873E-11  -1.738E-05  -7.715E-06
   21   1.800E+02  -3.641E-02   1.455E-06   4.840E-01   1.164E-10   1.000E+03   5.146E-09  -2.909E-11  -1.759E-05  -1.485E-10
