
 START READING DATA FOR THIS CASE

 Please provide a title (42 characters or less)...

VIB. LONG CYL. WITH INT. PRESSURE, RESPONSE TO LATERAL BASE MOTION      

 PLEASE PROVIDE DATA FOR SEGMENT NO.  1


 SEGMENT NO.  1 IS A CYLINDER OR CONE.
      END POINT COORDINATES (0.1000E+02,0.0000E+00) AND (0.1000E+02,0.2000E+03)

 MASS OF DISCRETE RINGS IN SEGMENT NO.  1 =   0.0000E+00


 SURFACE LOADS FOR LOAD SYSTEM "B", SEGMENT NO.  1

 POINTERS TO CIRCUMFERENTIAL HARMONICS OF LOADING    0    0    0    0    0    0    0    0    0    1    0    0

                                         PHYSICAL PROPERTIES OF SEGMENT NO.   1

 ANALYSIS IS FOR A MONOCOQUE SHELL

 MODULUS OF ELASTICITY=  0.10000E+08   , POISSON RATIO= 0.00000E+00
 SHELL DENSITY =  0.25000E-03   , THERMAL EXP COEF.=  0.00000E+00


 SHELL WALL MASS OF SEGMENT NO.  1 =   6.2895E-01
 (DISCRETE RINGS NOT INCLUDED)


 ***************************************
 TOTAL FORCES AND MOMENTS FROM APPLIED LOADS. THE FORCES AND
 MOMENTS OCCUR AT THE ORIGIN OF THE GLOBAL X,Y,Z AXIS SYSTEM,
 WHICH IS LOCATED AT AXIAL STATION Z=0. NOTE THAT THE TOTAL
 FORCES AND MOMENTS ARE NOT APPLIED AT THE C.G. OF THE
 STRUCTURE, WHICH IS AT AXIAL LOCATION ZCM=  1.0000E+02, BUT
 THEY ARE APPLIED AT AXIAL STATION Z = 0.

 NOTE: IN ORDER FOR THE MASS PROPERTIES AND DYNAMIC REACTIONS
 TO BE PROPERLY COMPUTED, THE GEOMETRY OF EVERY SEGMENT IN
 THE ENTIRE STRUCTURE MUST BE EXPRESSED IN TERMS OF THE
 GLOBAL AXIAL COORDINATE, Z.  THAT IS, YOU MUST HAVE PROVIDED
 AS INPUT FOR EACH SEGMENT THE GLOBAL Z COORDINATES.

 TOTAL FORCES FROM LOAD SET A...
  X-DIRECTION (THETA=  0 DEG.), FX(1) =               0.0000E+00
  Y-DIRECTION (THETA=270 DEG.), FY(1) =               0.0000E+00
  Z-DIRECTION (AXIAL UPWARD)  , FZ(1) =               0.0000E+00
 TOTAL MOMENTS FROM LOAD SET A...
  ABOUT X-AXIS                , MX(1) =               0.0000E+00
  ABOUT Y-AXIS                , MY(1) =               0.0000E+00
  ABOUT Z-AXIS                , MZ(1) =               0.0000E+00


 TOTAL FORCES FROM LOAD SET B...
  X-DIRECTION (THETA=  0 DEG.), FX(2) =               0.0000E+00
  Y-DIRECTION (THETA=270 DEG.), FY(2) =               0.0000E+00
  Z-DIRECTION (AXIAL)         , FZ(2) =               0.0000E+00
 TOTAL MOMENTS FROM LOAD SET B...
  ABOUT X-AXIS                , MX(2) =               0.0000E+00
  ABOUT Y-AXIS                , MY(2) =               0.0000E+00
  ABOUT Z-AXIS                , MZ(2) =               0.0000E+00


 TOTAL MASS, LOCATION OF C.G., MASS MOMENTS OF INERTIA
   TOTAL MASS, M (e.g. lb-sec**2/in)          M =     6.2832E-01
   POLAR MASS MOMENT OF INERTIA,             IZ =     6.2832E+01
   MASS MOMENT OF INERTIA ABOUT C.G.        ICM =     2.1234E+03
   AXIAL POSITION OF THE C.G.               ZCM =     1.0000E+02


 ***************** TOTAL MASS *******************
 TOTMAS =  6.2832E-01
 ********************************************************
  CONSTRAINT CONDITIONS FOR SEGMENT NO. ISEG =           1
  Endpoint of this segment is at Nodal Point No.          53
  The current segment is Segment No. ISEG =           1

 VIBRATION ANALYSIS OF PRESTRESSED SHELLS. THE EIGEN-
 VALUE REPRESENTS THE FREQUENCY IN CPS. FREQUENCIES
 ARE OBTAINED FOR N0.LE.N.LE.NMAX.


 ANALYSIS TYPE =   2, PRINT OPTION =  1, PLOT OPTION =  0, STRESS OPTION =  0
, PRESTRESS CALCULATION OPTION= 1

 NUMBER OF SHELL SEGMENTS =   1


 STRESS CALCULATED FOR CIRCUMFERENTIAL WAVES FROM       0 TO       0 IN INCREMENTS OF       1

 INITIAL BUCKLING OR VIBRATION WAVE NO.=      1, MINIMUM WAVE NO.=      1, MAXIMUM WAVE NO.=      1, INCREMENT=      1

    5 EIGENVALUES SOUGHT FOR EACH CIRCUMFERENTIAL WAVE NUMBER.


                                              CONSTRAINT CONDITION DATA FOLLOW

 SEG. POINT CONNECTED TO SEG. POINT     USTAR VSTAR WSTAR BETA     RADIAL DISC. D1(I)   AXIAL DISC. D2(I)

   1     1                 1     1        0     1     1     1      0.00000000E+00      0.00000000E+00
   1    51                 1    51        1     0     0     1      0.00000000E+00      0.00000000E+00

 CONSTRAINT CONDITIONS FOR STABILITY OR VIBRATION PROBLEM FOLLOW

 SEG. POINT CONNECTED TO SEG. POINT     USTAR VSTAR WSTAR BETA     RADIAL DISC. D1(I)   AXIAL DISC. D2(I)

   1     1                 1     1        1     1     1     1      0.00000000E+00      0.00000000E+00
   1    51                 1    51        0     0     0     0      0.00000000E+00      0.00000000E+00

 PRESSURE MULTIPLIER P =  0.0000E+00, INCREMENT DP=  0.0000E+00
 TEMPERATURE MULT.TEMP=  1.0000E+00, INCREMENT DTEMP=  0.0000E+00

 INITIAL LOAD, FSTART =  0.0000E+00, MAXIMUM LOAD, FMAX=  0.0000E+00
 STEP SIZE, DF=  0.0000E+00

 ANGULAR VELOCITY, OMEGA=   0.000E+00   INCREMENT IN OMEGA, DOMEGA=   0.000E+00

                                              RING PROPERTIES FOR RINGS IN SEGMENT  1

     STATION        ER         AREA        IY           IX       IXY         E1         E2         GJ         RM       RC

    1 0.0000E+00 0.0000E+00 0.0000E+00 0.0000E+00 0.0000E+00 0.0000E+00 0.0000E+00 0.0000E+00 0.0000E+00 0.0000E+00 0.1000E+02

                               MECHANICAL AND THERMAL LINE LOADS FOR SYMMETRIC LOADING

         STATION           AXIAL LOAD          RADIAL LOAD                MOMENT      THERMAL HOOP STRESS    THERMAL MOMENT

           S(K)               V(K)                 H(K)                     M(K)              TNR(K)              TMR(K)

      0.00000000E+00      0.50000000E+03      0.00000000E+00      0.00000000E+00      0.00000000E+00      0.00000000E+00

                                              SYMMETRIC LINE LOAD INCREMENTS

           S(K)              DV(K)                DH(K)                   DM(K)             DTNR(K)             DTMR(K)

      0.00000000E+00      0.00000000E+00      0.00000000E+00      0.00000000E+00      0.00000000E+00      0.00000000E+00

 GLOBAL (AXIAL,RADIAL) COORDINATES FOR ENTIRE MODEL.
 NUMBER OF FINITE ELEMENTS IN ENTIRE MODEL, I2=  53
 ELEMENT NO.   GLOBAL AXIAL COORDINATE   GLOBAL RADIAL COORD.
      1           0.00000000E+00           1.00000000E+01
      2           2.00000003E-01           1.00000000E+01
      3           7.36363590E-01           1.00000000E+01
      4           1.45454550E+00           1.00000000E+01
      5           2.18181825E+00           1.00000000E+01
      6           2.90909100E+00           1.00000000E+01
      7           3.63636374E+00           1.00000000E+01
      8           4.36363649E+00           1.00000000E+01
      9           5.09090900E+00           1.00000000E+01
     10           5.81818199E+00           1.00000000E+01
     11           6.54545450E+00           1.00000000E+01
     12           7.27272844E+00           1.00000000E+01
     13           8.00000095E+00           1.00000000E+01
     14           8.72727394E+00           1.00000000E+01
     15           9.45454693E+00           1.00000000E+01
     16           1.01818199E+01           1.00000000E+01
     17           1.09090929E+01           1.00000000E+01
     18           1.16363659E+01           1.00000000E+01
     19           1.23636389E+01           1.00000000E+01
     20           1.30909119E+01           1.00000000E+01
     21           1.38181849E+01           1.00000000E+01
     22           1.45454578E+01           1.00000000E+01
     23           1.52727308E+01           1.00000000E+01
     24           1.60000038E+01           1.00000000E+01
     25           1.67272758E+01           1.00000000E+01
     26           1.74545479E+01           1.00000000E+01
     27           1.98181839E+01           1.00000000E+01
     28           2.54545479E+01           1.00000000E+01
     29           3.27272758E+01           1.00000000E+01
     30           4.00000038E+01           1.00000000E+01
     31           4.72727280E+01           1.00000000E+01
     32           5.45454597E+01           1.00000000E+01
     33           6.18181877E+01           1.00000000E+01
     34           6.90909119E+01           1.00000000E+01
     35           7.63636398E+01           1.00000000E+01
     36           8.36363678E+01           1.00000000E+01
     37           9.09090881E+01           1.00000000E+01
     38           9.81818237E+01           1.00000000E+01
     39           1.05454552E+02           1.00000000E+01
     40           1.12727272E+02           1.00000000E+01
     41           1.20000008E+02           1.00000000E+01
     42           1.27272736E+02           1.00000000E+01
     43           1.34545456E+02           1.00000000E+01
     44           1.41818176E+02           1.00000000E+01
     45           1.49090897E+02           1.00000000E+01
     46           1.56363617E+02           1.00000000E+01
     47           1.63636337E+02           1.00000000E+01
     48           1.70909058E+02           1.00000000E+01
     49           1.78181778E+02           1.00000000E+01
     50           1.85454498E+02           1.00000000E+01
     51           1.92636322E+02           1.00000000E+01
     52           1.97999954E+02           1.00000000E+01
     53           1.99999954E+02           1.00000000E+01

 AXISYMMETRIC PRESTRESS INPUT CONSTRAINT CONDITIONS FOLLOW

 CONSTRAINT NO.   1  SEGMENT NO.   1 POINT  1 CONNECTED TO SEGMENT NO.   1 POINT  1 TYPE OF CONSTRAINT = 1
 CONSTRAINT NO.   2  SEGMENT NO.   1 POINT 53 CONNECTED TO SEGMENT NO.   1 POINT 53 TYPE OF CONSTRAINT = 2

 LOCAL MATRIX DIMENSION= 5, OVERLAP= 3 NO. CONSTRAINT CONDS. PER CONSTRAINT POINT= 3 SYSTEM RANK=  115 NUMBER OF BLOCKS=  1

 NUMBER OF EQUATIONS ASSOCIATED WITH SEGMENT NO.  1
 EQUALS 115; NO. OF CONSTRAINT PTS. EQUALS  2
 BLOCK NUMBER=  1 LAST EQ. IN BLOCK=  115 LOWEST UNK IN BLOCK=    1. MAX. OFF-DIAGONAL WIDTH=    7

 STABILITY,VIBRATION OR NON-SYMMETRIC STRESS INPUT CONSTRAINT CONDITIONS FOLLOW

 CONSTRAINT NO.   1  SEGMENT NO.   1 POINT  1 CONNECTED TO SEGMENT NO.   1 POINT  1 TYPE OF CONSTRAINT = 1
 CONSTRAINT NO.   2  SEGMENT NO.   1 POINT 53 CONNECTED TO SEGMENT NO.   1 POINT 53 TYPE OF CONSTRAINT = 2

 LOCAL MATRIX DIMENSION= 7, OVERLAP= 4 NO. CONSTRAINT CONDS. PER CONSTRAINT POINT= 4 SYSTEM RANK=  171 NUMBER OF BLOCKS=  1

 NUMBER OF EQUATIONS ASSOCIATED WITH SEGMENT NO.  1
 EQUALS 171; NO. OF CONSTRAINT PTS. EQUALS  2
 BLOCK NUMBER=  1 LAST EQ. IN BLOCK=  171 LOWEST UNK IN BLOCK=    1. MAX. OFF-DIAGONAL WIDTH=   10

 ****************************************


 PRESSURE MULTIPLIER, P=   0.000000E+00, TEMPERATURE MULTIPLIER,TEMP =   1.000000E+00
 ANGULAR VELOCITY, OMEGA=   0.000000E+00

 RING NO.   1, AXIAL LOAD/LENGTH =   0.500000E+03
 RADIAL LOAD/LENGTH =   0.000000E+00, MOMENT/LENGTH =   0.000000E+00


 ****************************************

  NUMBER OF NEWTON-RAPHSON ITERATIONS REQUIRED FOR  CONVERGENCE = ITER =  2

 FIXED PART OF AXISYMMETRIC PRESTRESS STATE.
 THESE QUANTITIES ARE NOT MULTIPLIED BY EIGENVALUE.

 PRESTRESS-- MERIDIONAL RESULTANT, N10   CIRCUMFERENTIAL RESULTANT,N20  MERIDIONAL ROTATION, CHIO   FOR SEGMENT   1

       1                     5.00000031E+02                     6.34934856E-20                    -1.35525272E-20
       2                     5.00000031E+02                     2.75753803E+01                     1.35801814E-03
       3                     5.00000031E+02                     3.61411469E+02                     2.60503823E-03
       4                     5.00000031E+02                     7.40146423E+02                     2.04333989E-03
       5                     5.00000031E+02                     9.51101929E+02                     9.77428514E-04
       6                     5.00000031E+02                     1.02448926E+03                     2.75317783E-04
       7                     5.00000031E+02                     1.03119434E+03                    -1.99979713E-05
       8                     5.00000031E+02                     1.01867169E+03                    -8.26104078E-05
       9                     5.00000031E+02                     1.00716229E+03                    -6.03354456E-05
      10                     5.00000031E+02                     1.00111963E+03                    -2.75594848E-05
      11                     5.00000031E+02                     9.99144958E+02                    -7.10219865E-06
      12                     5.00000031E+02                     9.99053467E+02                     1.08518316E-06
      13                     5.00000031E+02                     9.99460571E+02                     2.58030218E-06
      14                     5.00000031E+02                     9.99804138E+02                     1.77275945E-06
      15                     5.00000031E+02                     9.99976318E+02                     7.72590681E-07
      16                     5.00000031E+02                     1.00002893E+03                     1.79355339E-07
      17                     5.00000031E+02                     1.00002856E+03                    -4.60025475E-08
      18                     5.00000031E+02                     1.00001550E+03                    -7.98378466E-08
      19                     5.00000031E+02                     1.00000531E+03                    -5.18356380E-08
      20                     5.00000031E+02                     1.00000043E+03                    -2.15253113E-08
      21                     5.00000031E+02                     9.99999023E+02                    -4.40302461E-09
      22                     5.00000031E+02                     9.99999146E+02                     1.75353954E-09
      23                     5.00000031E+02                     9.99999573E+02                     2.45975373E-09
      24                     5.00000031E+02                     9.99999817E+02                     1.52614732E-09
      25                     5.00000031E+02                     9.99999939E+02                     6.12429329E-10
      26                     5.00000031E+02                     1.00000006E+03                     8.53997845E-11
      27                     5.00000031E+02                     1.00000006E+03                    -5.19459718E-11
      28                     5.00000031E+02                     9.99999939E+02                    -8.95006291E-12
      29                     5.00000031E+02                     9.99999939E+02                     5.82735899E-14
      30                     5.00000031E+02                     9.99999939E+02                     3.65918233E-17
      31                     5.00000031E+02                     9.99999939E+02                     0.00000000E+00
      32                     5.00000031E+02                     9.99999939E+02                     0.00000000E+00
      33                     5.00000031E+02                     9.99999939E+02                     0.00000000E+00
      34                     5.00000031E+02                     9.99999939E+02                     0.00000000E+00
      35                     5.00000031E+02                     9.99999939E+02                     0.00000000E+00
      36                     5.00000031E+02                     9.99999939E+02                     0.00000000E+00
      37                     5.00000031E+02                     9.99999939E+02                     0.00000000E+00
      38                     5.00000031E+02                     9.99999939E+02                     0.00000000E+00
      39                     5.00000031E+02                     9.99999939E+02                     0.00000000E+00
      40                     5.00000031E+02                     9.99999939E+02                     0.00000000E+00
      41                     5.00000031E+02                     9.99999939E+02                     0.00000000E+00
      42                     5.00000031E+02                     9.99999939E+02                     0.00000000E+00
      43                     5.00000031E+02                     9.99999939E+02                     0.00000000E+00
      44                     5.00000031E+02                     9.99999939E+02                     0.00000000E+00
      45                     5.00000031E+02                     9.99999939E+02                     0.00000000E+00
      46                     5.00000031E+02                     9.99999939E+02                     0.00000000E+00
      47                     5.00000031E+02                     9.99999939E+02                     0.00000000E+00
      48                     5.00000031E+02                     9.99999939E+02                     0.00000000E+00
      49                     5.00000031E+02                     9.99999939E+02                     0.00000000E+00
      50                     5.00000031E+02                     9.99999939E+02                     5.42101086E-20
      51                     5.00000031E+02                     9.99999939E+02                     1.24683250E-18
      52                     5.00000031E+02                     9.99999939E+02                     6.07153217E-18
      53                     5.00000031E+02                     9.99999939E+02                     8.67361738E-19

 HOOP FORCE IN DISCRETE RING NO.   1 =      0.00000000E+00

 VIBRATION FREQUENCIES (CPS) FOLLOW
 CIRCUMFERENTIAL WAVE NUMBER, N =       1

 EIGENVALUES =
    2.03425E+01    1.14011E+02    2.89239E+02    5.07502E+02    7.50741E+02

 **** CRITICAL EIGENVALUE AND WAVENUMBER ****
 EIGCRT=  2.0342E+01; NO. OF CIRC. WAVES, NWVCRT=    1
 ****************************************************

 ***** EIGENVALUES AND MODE SHAPES *****
  EIGENVALUE(CIRC. WAVES)
 =======================================
    2.0342E+01(   1)
 =======================================
  ENTERING BOSOR4 POSTPROCESSOR...

 VIBRATION MODES FOLLOW

 CIRCUMFERENTIAL WAVE NUMBER, N =      1

 EIGENVALUES =
   2.034E+01   1.140E+02   2.892E+02   5.075E+02   7.507E+02

 GENERALIZED MASS =
   1.611E-01   1.707E-01   1.873E-01   2.036E-01   2.154E-01

 PARTICIPATION FACTORS=
   7.765E-01   4.222E-01   2.421E-01   1.673E-01   1.258E-01

 MODE SHAPE FOR EIGENVALUE NO.  1 FOLLOWS

 VIBRATION MODE FOR SEGMENT  1

 POINT    STATION       U            V            W
        (ARC LENGTH)  MERID.      CIRCUMF.      NORMAL
                    DISPLACEMENT   DISP.    DISPLACEMENT

    1   0.000E+00  -2.372E-20   1.271E-21  -1.310E-20
    2   2.000E-01  -1.771E-04   2.896E-05   6.889E-06
    3   7.364E-01  -6.509E-04   1.244E-04   9.100E-05
    4   1.455E+00  -1.283E-03   2.868E-04   3.025E-04
    5   2.182E+00  -1.920E-03   4.969E-04   5.496E-04
    6   2.909E+00  -2.553E-03   7.527E-04   8.052E-04
    7   3.636E+00  -3.182E-03   1.054E-03   1.086E-03
    8   4.364E+00  -3.808E-03   1.400E-03   1.412E-03
    9   5.091E+00  -4.431E-03   1.792E-03   1.791E-03
   10   5.818E+00  -5.050E-03   2.229E-03   2.223E-03
   11   6.545E+00  -5.666E-03   2.711E-03   2.705E-03
   12   7.273E+00  -6.279E-03   3.237E-03   3.233E-03
   13   8.000E+00  -6.888E-03   3.808E-03   3.805E-03
   14   8.727E+00  -7.494E-03   4.423E-03   4.421E-03
   15   9.455E+00  -8.097E-03   5.082E-03   5.081E-03
   16   1.018E+01  -8.696E-03   5.785E-03   5.783E-03
   17   1.091E+01  -9.292E-03   6.531E-03   6.530E-03
   18   1.164E+01  -9.885E-03   7.321E-03   7.319E-03
   19   1.236E+01  -1.047E-02   8.153E-03   8.152E-03
   20   1.309E+01  -1.106E-02   9.028E-03   9.027E-03
   21   1.382E+01  -1.164E-02   9.946E-03   9.944E-03
   22   1.455E+01  -1.222E-02   1.091E-02   1.090E-02
   23   1.527E+01  -1.280E-02   1.191E-02   1.190E-02
   24   1.600E+01  -1.337E-02   1.295E-02   1.295E-02
   25   1.673E+01  -1.394E-02   1.404E-02   1.404E-02
   26   1.745E+01  -1.450E-02   1.516E-02   1.518E-02
   27   1.982E+01  -1.631E-02   1.925E-02   1.925E-02
   28   2.545E+01  -2.046E-02   3.067E-02   3.067E-02
   29   3.273E+01  -2.557E-02   4.832E-02   4.832E-02
   30   4.000E+01  -3.034E-02   6.957E-02   6.957E-02
   31   4.727E+01  -3.478E-02   9.415E-02   9.416E-02
   32   5.455E+01  -3.889E-02   1.218E-01   1.218E-01
   33   6.182E+01  -4.268E-02   1.524E-01   1.524E-01
   34   6.909E+01  -4.614E-02   1.856E-01   1.856E-01
   35   7.636E+01  -4.929E-02   2.211E-01   2.211E-01
   36   8.364E+01  -5.213E-02   2.588E-01   2.589E-01
   37   9.091E+01  -5.467E-02   2.985E-01   2.985E-01
   38   9.818E+01  -5.691E-02   3.399E-01   3.399E-01
   39   1.055E+02  -5.887E-02   3.827E-01   3.827E-01
   40   1.127E+02  -6.055E-02   4.269E-01   4.269E-01
   41   1.200E+02  -6.198E-02   4.721E-01   4.721E-01
   42   1.273E+02  -6.316E-02   5.183E-01   5.183E-01
   43   1.345E+02  -6.411E-02   5.652E-01   5.652E-01
   44   1.418E+02  -6.485E-02   6.126E-01   6.127E-01
   45   1.491E+02  -6.539E-02   6.605E-01   6.605E-01
   46   1.564E+02  -6.576E-02   7.086E-01   7.087E-01
   47   1.636E+02  -6.598E-02   7.569E-01   7.570E-01
   48   1.709E+02  -6.607E-02   8.053E-01   8.053E-01
   49   1.782E+02  -6.605E-02   8.536E-01   8.536E-01
   50   1.855E+02  -6.595E-02   9.017E-01   9.018E-01
   51   1.926E+02  -6.580E-02   9.491E-01   9.492E-01
   52   1.980E+02  -6.567E-02   9.844E-01   9.845E-01
   53   2.000E+02  -6.562E-02   9.976E-01   9.976E-01

 MODE SHAPE FOR EIGENVALUE NO.  2 FOLLOWS

 VIBRATION MODE FOR SEGMENT  1

 POINT    STATION       U            V            W
        (ARC LENGTH)  MERID.      CIRCUMF.      NORMAL
                    DISPLACEMENT   DISP.    DISPLACEMENT

    1   0.000E+00   8.809E-20   1.220E-19   2.587E-19
    2   2.000E-01   9.507E-04  -4.887E-04  -9.207E-05
    3   7.364E-01   3.479E-03  -1.896E-03  -1.225E-03
    4   1.455E+00   6.819E-03  -3.967E-03  -3.668E-03
    5   2.182E+00   1.014E-02  -6.307E-03  -6.404E-03
    6   2.909E+00   1.339E-02  -8.886E-03  -9.117E-03
    7   3.636E+00   1.658E-02  -1.170E-02  -1.188E-02
    8   4.364E+00   1.971E-02  -1.474E-02  -1.483E-02
    9   5.091E+00   2.277E-02  -1.800E-02  -1.803E-02
   10   5.818E+00   2.577E-02  -2.148E-02  -2.148E-02
   11   6.545E+00   2.871E-02  -2.518E-02  -2.518E-02
   12   7.273E+00   3.159E-02  -2.908E-02  -2.910E-02
   13   8.000E+00   3.440E-02  -3.320E-02  -3.323E-02
   14   8.727E+00   3.716E-02  -3.752E-02  -3.755E-02
   15   9.455E+00   3.984E-02  -4.203E-02  -4.207E-02
   16   1.018E+01   4.247E-02  -4.673E-02  -4.679E-02
   17   1.091E+01   4.503E-02  -5.163E-02  -5.168E-02
   18   1.164E+01   4.753E-02  -5.670E-02  -5.677E-02
   19   1.236E+01   4.997E-02  -6.195E-02  -6.203E-02
   20   1.309E+01   5.235E-02  -6.738E-02  -6.746E-02
   21   1.382E+01   5.466E-02  -7.298E-02  -7.306E-02
   22   1.455E+01   5.691E-02  -7.874E-02  -7.882E-02
   23   1.527E+01   5.910E-02  -8.465E-02  -8.475E-02
   24   1.600E+01   6.123E-02  -9.073E-02  -9.083E-02
   25   1.673E+01   6.329E-02  -9.695E-02  -9.709E-02
   26   1.745E+01   6.530E-02  -1.033E-01  -1.035E-01
   27   1.982E+01   7.115E-02  -1.254E-01  -1.255E-01
   28   2.545E+01   8.252E-02  -1.825E-01  -1.827E-01
   29   3.273E+01   9.254E-02  -2.623E-01  -2.626E-01
   30   4.000E+01   9.675E-02  -3.466E-01  -3.470E-01
   31   4.727E+01   9.545E-02  -4.310E-01  -4.315E-01
   32   5.455E+01   8.901E-02  -5.114E-01  -5.121E-01
   33   6.182E+01   7.791E-02  -5.841E-01  -5.848E-01
   34   6.909E+01   6.269E-02  -6.456E-01  -6.464E-01
   35   7.636E+01   4.398E-02  -6.930E-01  -6.939E-01
   36   8.364E+01   2.243E-02  -7.239E-01  -7.248E-01
   37   9.091E+01  -1.248E-03  -7.364E-01  -7.374E-01
   38   9.818E+01  -2.631E-02  -7.292E-01  -7.302E-01
   39   1.055E+02  -5.203E-02  -7.016E-01  -7.025E-01
   40   1.127E+02  -7.769E-02  -6.534E-01  -6.543E-01
   41   1.200E+02  -1.026E-01  -5.851E-01  -5.858E-01
   42   1.273E+02  -1.261E-01  -4.975E-01  -4.982E-01
   43   1.345E+02  -1.478E-01  -3.922E-01  -3.927E-01
   44   1.418E+02  -1.670E-01  -2.710E-01  -2.714E-01
   45   1.491E+02  -1.836E-01  -1.360E-01  -1.362E-01
   46   1.564E+02  -1.973E-01   1.032E-02   1.033E-02
   47   1.636E+02  -2.080E-01   1.655E-01   1.657E-01
   48   1.709E+02  -2.157E-01   3.269E-01   3.273E-01
   49   1.782E+02  -2.209E-01   4.921E-01   4.928E-01
   50   1.855E+02  -2.237E-01   6.589E-01   6.598E-01
   51   1.926E+02  -2.249E-01   8.233E-01   8.244E-01
   52   1.980E+02  -2.251E-01   9.453E-01   9.465E-01
   53   2.000E+02  -2.251E-01   9.905E-01   9.918E-01

 MODE SHAPE FOR EIGENVALUE NO.  3 FOLLOWS

 VIBRATION MODE FOR SEGMENT  1

 POINT    STATION       U            V            W
        (ARC LENGTH)  MERID.      CIRCUMF.      NORMAL
                    DISPLACEMENT   DISP.    DISPLACEMENT

    1   0.000E+00  -2.290E-18  -9.622E-19  -2.072E-18
    2   2.000E-01  -2.201E-03   1.930E-03   3.471E-04
    3   7.364E-01  -8.016E-03   7.333E-03   4.629E-03
    4   1.455E+00  -1.562E-02   1.500E-02   1.347E-02
    5   2.182E+00  -2.307E-02   2.332E-02   2.325E-02
    6   2.909E+00  -3.026E-02   3.218E-02   3.280E-02
    7   3.636E+00  -3.719E-02   4.153E-02   4.226E-02
    8   4.364E+00  -4.386E-02   5.138E-02   5.201E-02
    9   5.091E+00  -5.028E-02   6.168E-02   6.224E-02
   10   5.818E+00  -5.646E-02   7.243E-02   7.301E-02
   11   6.545E+00  -6.237E-02   8.361E-02   8.426E-02
   12   7.273E+00  -6.804E-02   9.520E-02   9.595E-02
   13   8.000E+00  -7.345E-02   1.072E-01   1.080E-01
   14   8.727E+00  -7.862E-02   1.195E-01   1.205E-01
   15   9.455E+00  -8.353E-02   1.322E-01   1.333E-01
   16   1.018E+01  -8.819E-02   1.452E-01   1.464E-01
   17   1.091E+01  -9.261E-02   1.585E-01   1.598E-01
   18   1.164E+01  -9.677E-02   1.721E-01   1.735E-01
   19   1.236E+01  -1.007E-01   1.860E-01   1.875E-01
   20   1.309E+01  -1.044E-01   2.001E-01   2.017E-01
   21   1.382E+01  -1.078E-01   2.144E-01   2.162E-01
   22   1.455E+01  -1.110E-01   2.289E-01   2.308E-01
   23   1.527E+01  -1.139E-01   2.437E-01   2.457E-01
   24   1.600E+01  -1.166E-01   2.585E-01   2.607E-01
   25   1.673E+01  -1.190E-01   2.735E-01   2.759E-01
   26   1.745E+01  -1.213E-01   2.887E-01   2.912E-01
   27   1.982E+01  -1.260E-01   3.385E-01   3.412E-01
   28   2.545E+01  -1.280E-01   4.554E-01   4.592E-01
   29   3.273E+01  -1.148E-01   5.953E-01   6.003E-01
   30   4.000E+01  -8.434E-02   7.091E-01   7.150E-01
   31   4.727E+01  -4.067E-02   7.836E-01   7.901E-01
   32   5.455E+01   1.129E-02   8.099E-01   8.166E-01
   33   6.182E+01   6.632E-02   7.832E-01   7.898E-01
   34   6.909E+01   1.192E-01   7.039E-01   7.097E-01
   35   7.636E+01   1.650E-01   5.765E-01   5.813E-01
   36   8.364E+01   1.996E-01   4.100E-01   4.134E-01
   37   9.091E+01   2.197E-01   2.165E-01   2.183E-01
   38   9.818E+01   2.232E-01   1.071E-02   1.080E-02
   39   1.055E+02   2.094E-01  -1.916E-01  -1.932E-01
   40   1.127E+02   1.790E-01  -3.745E-01  -3.776E-01
   41   1.200E+02   1.338E-01  -5.235E-01  -5.279E-01
   42   1.273E+02   7.683E-02  -6.264E-01  -6.316E-01
   43   1.345E+02   1.192E-02  -6.742E-01  -6.799E-01
   44   1.418E+02  -5.660E-02  -6.620E-01  -6.675E-01
   45   1.491E+02  -1.243E-01  -5.889E-01  -5.938E-01
   46   1.564E+02  -1.869E-01  -4.584E-01  -4.622E-01
   47   1.636E+02  -2.410E-01  -2.776E-01  -2.799E-01
   48   1.709E+02  -2.840E-01  -5.674E-02  -5.722E-02
   49   1.782E+02  -3.148E-01   1.918E-01   1.934E-01
   50   1.855E+02  -3.336E-01   4.549E-01   4.587E-01
   51   1.926E+02  -3.425E-01   7.169E-01   7.229E-01
   52   1.980E+02  -3.449E-01   9.091E-01   9.167E-01
   53   2.000E+02  -3.451E-01   9.792E-01   9.872E-01

 MODE SHAPE FOR EIGENVALUE NO.  4 FOLLOWS

 VIBRATION MODE FOR SEGMENT  1

 POINT    STATION       U            V            W
        (ARC LENGTH)  MERID.      CIRCUMF.      NORMAL
                    DISPLACEMENT   DISP.    DISPLACEMENT

    1   0.000E+00  -4.066E-19   1.057E-18   3.147E-18
    2   2.000E-01   3.304E-03  -4.440E-03  -7.884E-04
    3   7.364E-01   1.196E-02  -1.669E-02  -1.053E-02
    4   1.455E+00   2.313E-02  -3.374E-02  -3.019E-02
    5   2.182E+00   3.386E-02  -5.182E-02  -5.179E-02
    6   2.909E+00   4.398E-02  -7.065E-02  -7.270E-02
    7   3.636E+00   5.350E-02  -9.015E-02  -9.306E-02
    8   4.364E+00   6.243E-02  -1.103E-01  -1.135E-01
    9   5.091E+00   7.078E-02  -1.310E-01  -1.345E-01
   10   5.818E+00   7.854E-02  -1.522E-01  -1.561E-01
   11   6.545E+00   8.572E-02  -1.738E-01  -1.783E-01
   12   7.273E+00   9.231E-02  -1.959E-01  -2.009E-01
   13   8.000E+00   9.833E-02  -2.183E-01  -2.239E-01
   14   8.727E+00   1.038E-01  -2.410E-01  -2.473E-01
   15   9.455E+00   1.087E-01  -2.640E-01  -2.708E-01
   16   1.018E+01   1.130E-01  -2.871E-01  -2.946E-01
   17   1.091E+01   1.167E-01  -3.104E-01  -3.185E-01
   18   1.164E+01   1.199E-01  -3.338E-01  -3.424E-01
   19   1.236E+01   1.225E-01  -3.572E-01  -3.665E-01
   20   1.309E+01   1.246E-01  -3.805E-01  -3.904E-01
   21   1.382E+01   1.262E-01  -4.038E-01  -4.144E-01
   22   1.455E+01   1.272E-01  -4.270E-01  -4.382E-01
   23   1.527E+01   1.277E-01  -4.500E-01  -4.618E-01
   24   1.600E+01   1.277E-01  -4.728E-01  -4.852E-01
   25   1.673E+01   1.272E-01  -4.953E-01  -5.083E-01
   26   1.745E+01   1.262E-01  -5.175E-01  -5.309E-01
   27   1.982E+01   1.182E-01  -5.846E-01  -5.997E-01
   28   2.545E+01   8.261E-02  -7.156E-01  -7.343E-01
   29   3.273E+01   1.351E-02  -8.195E-01  -8.409E-01
   30   4.000E+01  -7.293E-02  -8.236E-01  -8.451E-01
   31   4.727E+01  -1.598E-01  -7.212E-01  -7.401E-01
   32   5.455E+01  -2.313E-01  -5.234E-01  -5.370E-01
   33   6.182E+01  -2.745E-01  -2.562E-01  -2.629E-01
   34   6.909E+01  -2.814E-01   4.264E-02   4.375E-02
   35   7.636E+01  -2.499E-01   3.304E-01   3.390E-01
   36   8.364E+01  -1.838E-01   5.653E-01   5.801E-01
   37   9.091E+01  -9.263E-02   7.135E-01   7.322E-01
   38   9.818E+01   1.031E-02   7.538E-01   7.735E-01
   39   1.055E+02   1.097E-01   6.810E-01   6.987E-01
   40   1.127E+02   1.905E-01   5.069E-01   5.202E-01
   41   1.200E+02   2.405E-01   2.588E-01   2.655E-01
   42   1.273E+02   2.516E-01  -2.523E-02  -2.589E-02
   43   1.345E+02   2.215E-01  -3.010E-01  -3.089E-01
   44   1.418E+02   1.536E-01  -5.255E-01  -5.392E-01
   45   1.491E+02   5.663E-02  -6.626E-01  -6.799E-01
   46   1.564E+02  -5.680E-02  -6.887E-01  -7.067E-01
   47   1.636E+02  -1.725E-01  -5.956E-01  -6.111E-01
   48   1.709E+02  -2.767E-01  -3.916E-01  -4.019E-01
   49   1.782E+02  -3.588E-01  -9.981E-02  -1.024E-01
   50   1.855E+02  -4.132E-01   2.463E-01   2.527E-01
   51   1.926E+02  -4.406E-01   6.044E-01   6.201E-01
   52   1.980E+02  -4.489E-01   8.653E-01   8.879E-01
   53   2.000E+02  -4.495E-01   9.584E-01   9.829E-01

 MODE SHAPE FOR EIGENVALUE NO.  5 FOLLOWS

 VIBRATION MODE FOR SEGMENT  1

 POINT    STATION       U            V            W
        (ARC LENGTH)  MERID.      CIRCUMF.      NORMAL
                    DISPLACEMENT   DISP.    DISPLACEMENT

    1   0.000E+00   7.589E-19  -8.023E-18   5.359E-18
    2   2.000E-01  -3.937E-03   7.671E-03   1.375E-03
    3   7.364E-01  -1.414E-02   2.866E-02   1.838E-02
    4   1.455E+00  -2.708E-02   5.752E-02   5.231E-02
    5   2.182E+00  -3.916E-02   8.766E-02   8.946E-02
    6   2.909E+00  -5.019E-02   1.186E-01   1.252E-01
    7   3.636E+00  -6.018E-02   1.501E-01   1.596E-01
    8   4.364E+00  -6.914E-02   1.822E-01   1.934E-01
    9   5.091E+00  -7.710E-02   2.146E-01   2.275E-01
   10   5.818E+00  -8.405E-02   2.473E-01   2.619E-01
   11   6.545E+00  -9.001E-02   2.802E-01   2.966E-01
   12   7.273E+00  -9.498E-02   3.131E-01   3.315E-01
   13   8.000E+00  -9.898E-02   3.460E-01   3.663E-01
   14   8.727E+00  -1.020E-01   3.787E-01   4.010E-01
   15   9.455E+00  -1.041E-01   4.112E-01   4.354E-01
   16   1.018E+01  -1.053E-01   4.433E-01   4.693E-01
   17   1.091E+01  -1.055E-01   4.748E-01   5.028E-01
   18   1.164E+01  -1.049E-01   5.058E-01   5.356E-01
   19   1.236E+01  -1.033E-01   5.362E-01   5.677E-01
   20   1.309E+01  -1.010E-01   5.657E-01   5.989E-01
   21   1.382E+01  -9.781E-02   5.943E-01   6.293E-01
   22   1.455E+01  -9.383E-02   6.220E-01   6.586E-01
   23   1.527E+01  -8.909E-02   6.485E-01   6.868E-01
   24   1.600E+01  -8.361E-02   6.740E-01   7.138E-01
   25   1.673E+01  -7.742E-02   6.982E-01   7.392E-01
   26   1.745E+01  -7.056E-02   7.210E-01   7.628E-01
   27   1.982E+01  -4.236E-02   7.792E-01   8.250E-01
   28   2.545E+01   3.966E-02   8.435E-01   8.932E-01
   29   3.273E+01   1.556E-01   7.865E-01   8.328E-01
   30   4.000E+01   2.558E-01   5.609E-01   5.939E-01
   31   4.727E+01   3.094E-01   2.150E-01   2.277E-01
   32   5.455E+01   2.988E-01  -1.712E-01  -1.813E-01
   33   6.182E+01   2.233E-01  -5.070E-01  -5.369E-01
   34   6.909E+01   9.895E-02  -7.127E-01  -7.547E-01
   35   7.636E+01  -4.567E-02  -7.397E-01  -7.833E-01
   36   8.364E+01  -1.765E-01  -5.826E-01  -6.169E-01
   37   9.091E+01  -2.627E-01  -2.804E-01  -2.969E-01
   38   9.818E+01  -2.841E-01   9.266E-02   9.811E-02
   39   1.055E+02  -2.361E-01   4.454E-01   4.717E-01
   40   1.127E+02  -1.312E-01   6.920E-01   7.327E-01
   41   1.200E+02   4.005E-03   7.724E-01   8.179E-01
   42   1.273E+02   1.356E-01   6.680E-01   7.073E-01
   43   1.345E+02   2.302E-01   4.052E-01   4.291E-01
   44   1.418E+02   2.627E-01   5.002E-02   5.296E-02
   45   1.491E+02   2.230E-01  -3.086E-01  -3.267E-01
   46   1.564E+02   1.173E-01  -5.795E-01  -6.137E-01
   47   1.636E+02  -3.323E-02  -6.920E-01  -7.328E-01
   48   1.709E+02  -1.983E-01  -6.118E-01  -6.478E-01
   49   1.782E+02  -3.466E-01  -3.491E-01  -3.697E-01
   50   1.855E+02  -4.546E-01   4.509E-02   4.771E-02
   51   1.926E+02  -5.132E-01   4.876E-01   5.163E-01
   52   1.980E+02  -5.317E-01   8.123E-01   8.601E-01
   53   2.000E+02  -5.334E-01   9.255E-01   9.788E-01
