csh /home/progs/bin/updateobj gfortran "-Dx86_64 -Dlinux -fcray-pointer -fno-automatic -g -O" /home/progs/bigbosor4/sources/addbosor4.src /home/progs/bigbosor4/objects.x86_64/addbosor4.a
------------------------------------------
Executing updateobj.
Using temporary directory: /home/progs/temp/26233
Splitting source file: /home/progs/bigbosor4/sources/addbosor4.src
b4read.f
mesh.f
outax.f
outin1.f
readit.f
blowup.f
constr.f
rfirst.f
rfirst1.f
wrcon.f
b4main.f
b4outm.f
outfim.f
out2m.f
outlom.f
varfix.f
nonout.f
b4post.f
b4out.f
outfin.f
out2.f
outlod.f
outbuc.f
outnon.f
super.f
outpee.f
angle.f
arcdrw.f
curv.f
geom.f
geom1.f
geom2.f
geom3.f
geom4.f
geom5.f
geomtr.f
geomty.f
gmfind.f
imperf.f
shell.f
splico.f
spline.f
rzlg.f
rgdata.f
rstiff.f
zeroit.f
loadre.f
lineld.f
loadrd.f
outcc.f
outhm.f
four.f
gety.f
fcoef.f
distl.f
getpst.f
getfs.f
lodpos.f
lodmch.f
lodsto.f
fdynam.f
pdynam.f
walls.f
wallcf.f
cfb1.f
findth.f
funct.f
cfb2.f
cfb3.f
cfb4.f
inprop.f
cfbl.f
contra.f
rtrsf.f
neutax.f
cshift.f
cfb5.f
cfb6.f
cfb7.f
cfb8.f
ingrat.f
stiff.f
cfb9.f
rfive.f
outin2.f
outll.f
zglobe.f
skilin.f
sort.f
getiw.f
getblk.f
pre.f
loads.f
unload.f
pre1.f
apreb.f
prests.f
pgetc.f
getwwp.f
pgetb.f
fillbp.f
pre2.f
preb.f
plocal.f
outpre.f
arrays.f
astab.f
stabil.f
spring.f
getwwd.f
getc.f
getpb5.f
getrnt.f
getrot.f
getb1.f
getp.f
srhs.f
gete.f
getd.f
getg.f
rrhs.f
fillb.f
masdrv.f
rmasdv.f
ringdr.f
founda.f
buckle.f
vec.f
eband2.f
add2.f
ortho2.f
stocm1.f
stocm2.f
getcm1.f
getcm2.f
mode1.f
mode.f
ifind.f
local.f
ringf.f
spose.f
resfac.f
idgasp.f
ls: No match.
Process each .f file with fpp.
Preprocessing add2.F to add2.f
Compiling add2.f source file with flags: -Dx86_64 -Dlinux -fcray-pointer -fno-automatic -g -O
Preprocessing angle.F to angle.f
Compiling angle.f source file with flags: -Dx86_64 -Dlinux -fcray-pointer -fno-automatic -g -O
Preprocessing apreb.F to apreb.f
Compiling apreb.f source file with flags: -Dx86_64 -Dlinux -fcray-pointer -fno-automatic -g -O
Preprocessing arcdrw.F to arcdrw.f
Compiling arcdrw.f source file with flags: -Dx86_64 -Dlinux -fcray-pointer -fno-automatic -g -O
Preprocessing arrays.F to arrays.f
Compiling arrays.f source file with flags: -Dx86_64 -Dlinux -fcray-pointer -fno-automatic -g -O
Preprocessing astab.F to astab.f
Compiling astab.f source file with flags: -Dx86_64 -Dlinux -fcray-pointer -fno-automatic -g -O
Preprocessing b4main.F to b4main.f
Compiling b4main.f source file with flags: -Dx86_64 -Dlinux -fcray-pointer -fno-automatic -g -O
Preprocessing b4out.F to b4out.f
Compiling b4out.f source file with flags: -Dx86_64 -Dlinux -fcray-pointer -fno-automatic -g -O
Preprocessing b4outm.F to b4outm.f
Compiling b4outm.f source file with flags: -Dx86_64 -Dlinux -fcray-pointer -fno-automatic -g -O
Preprocessing b4post.F to b4post.f
Compiling b4post.f source file with flags: -Dx86_64 -Dlinux -fcray-pointer -fno-automatic -g -O
Preprocessing b4read.F to b4read.f
Compiling b4read.f source file with flags: -Dx86_64 -Dlinux -fcray-pointer -fno-automatic -g -O
Preprocessing blowup.F to blowup.f
Compiling blowup.f source file with flags: -Dx86_64 -Dlinux -fcray-pointer -fno-automatic -g -O
Preprocessing buckle.F to buckle.f
Compiling buckle.f source file with flags: -Dx86_64 -Dlinux -fcray-pointer -fno-automatic -g -O
Preprocessing cfb1.F to cfb1.f
Compiling cfb1.f source file with flags: -Dx86_64 -Dlinux -fcray-pointer -fno-automatic -g -O
Preprocessing cfb2.F to cfb2.f
Compiling cfb2.f source file with flags: -Dx86_64 -Dlinux -fcray-pointer -fno-automatic -g -O
Preprocessing cfb3.F to cfb3.f
Compiling cfb3.f source file with flags: -Dx86_64 -Dlinux -fcray-pointer -fno-automatic -g -O
Preprocessing cfb4.F to cfb4.f
Compiling cfb4.f source file with flags: -Dx86_64 -Dlinux -fcray-pointer -fno-automatic -g -O
Preprocessing cfb5.F to cfb5.f
Compiling cfb5.f source file with flags: -Dx86_64 -Dlinux -fcray-pointer -fno-automatic -g -O
Preprocessing cfb6.F to cfb6.f
Compiling cfb6.f source file with flags: -Dx86_64 -Dlinux -fcray-pointer -fno-automatic -g -O
Preprocessing cfb7.F to cfb7.f
Compiling cfb7.f source file with flags: -Dx86_64 -Dlinux -fcray-pointer -fno-automatic -g -O
Preprocessing cfb8.F to cfb8.f
Compiling cfb8.f source file with flags: -Dx86_64 -Dlinux -fcray-pointer -fno-automatic -g -O
Preprocessing cfb9.F to cfb9.f
Compiling cfb9.f source file with flags: -Dx86_64 -Dlinux -fcray-pointer -fno-automatic -g -O
Preprocessing cfbl.F to cfbl.f
Compiling cfbl.f source file with flags: -Dx86_64 -Dlinux -fcray-pointer -fno-automatic -g -O
Preprocessing constr.F to constr.f
Compiling constr.f source file with flags: -Dx86_64 -Dlinux -fcray-pointer -fno-automatic -g -O
Preprocessing contra.F to contra.f
Compiling contra.f source file with flags: -Dx86_64 -Dlinux -fcray-pointer -fno-automatic -g -O
Preprocessing cshift.F to cshift.f
Compiling cshift.f source file with flags: -Dx86_64 -Dlinux -fcray-pointer -fno-automatic -g -O
Preprocessing curv.F to curv.f
Compiling curv.f source file with flags: -Dx86_64 -Dlinux -fcray-pointer -fno-automatic -g -O
Preprocessing distl.F to distl.f
Compiling distl.f source file with flags: -Dx86_64 -Dlinux -fcray-pointer -fno-automatic -g -O
Preprocessing eband2.F to eband2.f
Compiling eband2.f source file with flags: -Dx86_64 -Dlinux -fcray-pointer -fno-automatic -g -O
Preprocessing fcoef.F to fcoef.f
Compiling fcoef.f source file with flags: -Dx86_64 -Dlinux -fcray-pointer -fno-automatic -g -O
Preprocessing fdynam.F to fdynam.f
Compiling fdynam.f source file with flags: -Dx86_64 -Dlinux -fcray-pointer -fno-automatic -g -O
Preprocessing fillb.F to fillb.f
Compiling fillb.f source file with flags: -Dx86_64 -Dlinux -fcray-pointer -fno-automatic -g -O
Preprocessing fillbp.F to fillbp.f
Compiling fillbp.f source file with flags: -Dx86_64 -Dlinux -fcray-pointer -fno-automatic -g -O
Preprocessing findth.F to findth.f
Compiling findth.f source file with flags: -Dx86_64 -Dlinux -fcray-pointer -fno-automatic -g -O
Preprocessing founda.F to founda.f
Compiling founda.f source file with flags: -Dx86_64 -Dlinux -fcray-pointer -fno-automatic -g -O
Preprocessing four.F to four.f
Compiling four.f source file with flags: -Dx86_64 -Dlinux -fcray-pointer -fno-automatic -g -O
Preprocessing funct.F to funct.f
Compiling funct.f source file with flags: -Dx86_64 -Dlinux -fcray-pointer -fno-automatic -g -O
Preprocessing geom.F to geom.f
Compiling geom.f source file with flags: -Dx86_64 -Dlinux -fcray-pointer -fno-automatic -g -O
Preprocessing geom1.F to geom1.f
Compiling geom1.f source file with flags: -Dx86_64 -Dlinux -fcray-pointer -fno-automatic -g -O
Preprocessing geom2.F to geom2.f
Compiling geom2.f source file with flags: -Dx86_64 -Dlinux -fcray-pointer -fno-automatic -g -O
Preprocessing geom3.F to geom3.f
Compiling geom3.f source file with flags: -Dx86_64 -Dlinux -fcray-pointer -fno-automatic -g -O
Preprocessing geom4.F to geom4.f
Compiling geom4.f source file with flags: -Dx86_64 -Dlinux -fcray-pointer -fno-automatic -g -O
Preprocessing geom5.F to geom5.f
Compiling geom5.f source file with flags: -Dx86_64 -Dlinux -fcray-pointer -fno-automatic -g -O
Preprocessing geomtr.F to geomtr.f
Compiling geomtr.f source file with flags: -Dx86_64 -Dlinux -fcray-pointer -fno-automatic -g -O
Preprocessing geomty.F to geomty.f
Compiling geomty.f source file with flags: -Dx86_64 -Dlinux -fcray-pointer -fno-automatic -g -O
Preprocessing getb1.F to getb1.f
Compiling getb1.f source file with flags: -Dx86_64 -Dlinux -fcray-pointer -fno-automatic -g -O
Preprocessing getblk.F to getblk.f
Compiling getblk.f source file with flags: -Dx86_64 -Dlinux -fcray-pointer -fno-automatic -g -O
Preprocessing getc.F to getc.f
Compiling getc.f source file with flags: -Dx86_64 -Dlinux -fcray-pointer -fno-automatic -g -O
Preprocessing getcm1.F to getcm1.f
Compiling getcm1.f source file with flags: -Dx86_64 -Dlinux -fcray-pointer -fno-automatic -g -O
Preprocessing getcm2.F to getcm2.f
Compiling getcm2.f source file with flags: -Dx86_64 -Dlinux -fcray-pointer -fno-automatic -g -O
Preprocessing getd.F to getd.f
Compiling getd.f source file with flags: -Dx86_64 -Dlinux -fcray-pointer -fno-automatic -g -O
Preprocessing gete.F to gete.f
Compiling gete.f source file with flags: -Dx86_64 -Dlinux -fcray-pointer -fno-automatic -g -O
Preprocessing getfs.F to getfs.f
Compiling getfs.f source file with flags: -Dx86_64 -Dlinux -fcray-pointer -fno-automatic -g -O
Preprocessing getg.F to getg.f
Compiling getg.f source file with flags: -Dx86_64 -Dlinux -fcray-pointer -fno-automatic -g -O
Preprocessing getiw.F to getiw.f
Compiling getiw.f source file with flags: -Dx86_64 -Dlinux -fcray-pointer -fno-automatic -g -O
Preprocessing getp.F to getp.f
Compiling getp.f source file with flags: -Dx86_64 -Dlinux -fcray-pointer -fno-automatic -g -O
Preprocessing getpb5.F to getpb5.f
Compiling getpb5.f source file with flags: -Dx86_64 -Dlinux -fcray-pointer -fno-automatic -g -O
Preprocessing getpst.F to getpst.f
Compiling getpst.f source file with flags: -Dx86_64 -Dlinux -fcray-pointer -fno-automatic -g -O
Preprocessing getrnt.F to getrnt.f
Compiling getrnt.f source file with flags: -Dx86_64 -Dlinux -fcray-pointer -fno-automatic -g -O
Preprocessing getrot.F to getrot.f
Compiling getrot.f source file with flags: -Dx86_64 -Dlinux -fcray-pointer -fno-automatic -g -O
Preprocessing getwwd.F to getwwd.f
Compiling getwwd.f source file with flags: -Dx86_64 -Dlinux -fcray-pointer -fno-automatic -g -O
Preprocessing getwwp.F to getwwp.f
Compiling getwwp.f source file with flags: -Dx86_64 -Dlinux -fcray-pointer -fno-automatic -g -O
Preprocessing gety.F to gety.f
Compiling gety.f source file with flags: -Dx86_64 -Dlinux -fcray-pointer -fno-automatic -g -O
Preprocessing gmfind.F to gmfind.f
Compiling gmfind.f source file with flags: -Dx86_64 -Dlinux -fcray-pointer -fno-automatic -g -O
Preprocessing idgasp.F to idgasp.f
Compiling idgasp.f source file with flags: -Dx86_64 -Dlinux -fcray-pointer -fno-automatic -g -O
Preprocessing ifind.F to ifind.f
Compiling ifind.f source file with flags: -Dx86_64 -Dlinux -fcray-pointer -fno-automatic -g -O
Preprocessing imperf.F to imperf.f
Compiling imperf.f source file with flags: -Dx86_64 -Dlinux -fcray-pointer -fno-automatic -g -O
Preprocessing ingrat.F to ingrat.f
Compiling ingrat.f source file with flags: -Dx86_64 -Dlinux -fcray-pointer -fno-automatic -g -O
Preprocessing inprop.F to inprop.f
Compiling inprop.f source file with flags: -Dx86_64 -Dlinux -fcray-pointer -fno-automatic -g -O
Preprocessing lineld.F to lineld.f
Compiling lineld.f source file with flags: -Dx86_64 -Dlinux -fcray-pointer -fno-automatic -g -O
Preprocessing loadrd.F to loadrd.f
Compiling loadrd.f source file with flags: -Dx86_64 -Dlinux -fcray-pointer -fno-automatic -g -O
Preprocessing loadre.F to loadre.f
Compiling loadre.f source file with flags: -Dx86_64 -Dlinux -fcray-pointer -fno-automatic -g -O
Preprocessing loads.F to loads.f
Compiling loads.f source file with flags: -Dx86_64 -Dlinux -fcray-pointer -fno-automatic -g -O
Preprocessing local.F to local.f
Compiling local.f source file with flags: -Dx86_64 -Dlinux -fcray-pointer -fno-automatic -g -O
Preprocessing lodmch.F to lodmch.f
Compiling lodmch.f source file with flags: -Dx86_64 -Dlinux -fcray-pointer -fno-automatic -g -O
Preprocessing lodpos.F to lodpos.f
Compiling lodpos.f source file with flags: -Dx86_64 -Dlinux -fcray-pointer -fno-automatic -g -O
Preprocessing lodsto.F to lodsto.f
Compiling lodsto.f source file with flags: -Dx86_64 -Dlinux -fcray-pointer -fno-automatic -g -O
Preprocessing masdrv.F to masdrv.f
Compiling masdrv.f source file with flags: -Dx86_64 -Dlinux -fcray-pointer -fno-automatic -g -O
Preprocessing mesh.F to mesh.f
Compiling mesh.f source file with flags: -Dx86_64 -Dlinux -fcray-pointer -fno-automatic -g -O
Preprocessing mode.F to mode.f
Compiling mode.f source file with flags: -Dx86_64 -Dlinux -fcray-pointer -fno-automatic -g -O
Preprocessing mode1.F to mode1.f
Compiling mode1.f source file with flags: -Dx86_64 -Dlinux -fcray-pointer -fno-automatic -g -O
Preprocessing neutax.F to neutax.f
Compiling neutax.f source file with flags: -Dx86_64 -Dlinux -fcray-pointer -fno-automatic -g -O
Preprocessing nonout.F to nonout.f
Compiling nonout.f source file with flags: -Dx86_64 -Dlinux -fcray-pointer -fno-automatic -g -O
Preprocessing ortho2.F to ortho2.f
Compiling ortho2.f source file with flags: -Dx86_64 -Dlinux -fcray-pointer -fno-automatic -g -O
Preprocessing out2.F to out2.f
Compiling out2.f source file with flags: -Dx86_64 -Dlinux -fcray-pointer -fno-automatic -g -O
Preprocessing out2m.F to out2m.f
Compiling out2m.f source file with flags: -Dx86_64 -Dlinux -fcray-pointer -fno-automatic -g -O
Preprocessing outax.F to outax.f
Compiling outax.f source file with flags: -Dx86_64 -Dlinux -fcray-pointer -fno-automatic -g -O
Preprocessing outbuc.F to outbuc.f
Compiling outbuc.f source file with flags: -Dx86_64 -Dlinux -fcray-pointer -fno-automatic -g -O
Preprocessing outcc.F to outcc.f
Compiling outcc.f source file with flags: -Dx86_64 -Dlinux -fcray-pointer -fno-automatic -g -O
Preprocessing outfim.F to outfim.f
Compiling outfim.f source file with flags: -Dx86_64 -Dlinux -fcray-pointer -fno-automatic -g -O
Preprocessing outfin.F to outfin.f
Compiling outfin.f source file with flags: -Dx86_64 -Dlinux -fcray-pointer -fno-automatic -g -O
Preprocessing outhm.F to outhm.f
Compiling outhm.f source file with flags: -Dx86_64 -Dlinux -fcray-pointer -fno-automatic -g -O
Preprocessing outin1.F to outin1.f
Compiling outin1.f source file with flags: -Dx86_64 -Dlinux -fcray-pointer -fno-automatic -g -O
Preprocessing outin2.F to outin2.f
Compiling outin2.f source file with flags: -Dx86_64 -Dlinux -fcray-pointer -fno-automatic -g -O
Preprocessing outll.F to outll.f
Compiling outll.f source file with flags: -Dx86_64 -Dlinux -fcray-pointer -fno-automatic -g -O
Preprocessing outlod.F to outlod.f
Compiling outlod.f source file with flags: -Dx86_64 -Dlinux -fcray-pointer -fno-automatic -g -O
Preprocessing outlom.F to outlom.f
Compiling outlom.f source file with flags: -Dx86_64 -Dlinux -fcray-pointer -fno-automatic -g -O
Preprocessing outnon.F to outnon.f
Compiling outnon.f source file with flags: -Dx86_64 -Dlinux -fcray-pointer -fno-automatic -g -O
Preprocessing outpee.F to outpee.f
Compiling outpee.f source file with flags: -Dx86_64 -Dlinux -fcray-pointer -fno-automatic -g -O
Preprocessing outpre.F to outpre.f
Compiling outpre.f source file with flags: -Dx86_64 -Dlinux -fcray-pointer -fno-automatic -g -O
Preprocessing pdynam.F to pdynam.f
Compiling pdynam.f source file with flags: -Dx86_64 -Dlinux -fcray-pointer -fno-automatic -g -O
Preprocessing pgetb.F to pgetb.f
Compiling pgetb.f source file with flags: -Dx86_64 -Dlinux -fcray-pointer -fno-automatic -g -O
Preprocessing pgetc.F to pgetc.f
Compiling pgetc.f source file with flags: -Dx86_64 -Dlinux -fcray-pointer -fno-automatic -g -O
Preprocessing plocal.F to plocal.f
Compiling plocal.f source file with flags: -Dx86_64 -Dlinux -fcray-pointer -fno-automatic -g -O
Preprocessing pre.F to pre.f
Compiling pre.f source file with flags: -Dx86_64 -Dlinux -fcray-pointer -fno-automatic -g -O
Preprocessing pre1.F to pre1.f
Compiling pre1.f source file with flags: -Dx86_64 -Dlinux -fcray-pointer -fno-automatic -g -O
Preprocessing pre2.F to pre2.f
Compiling pre2.f source file with flags: -Dx86_64 -Dlinux -fcray-pointer -fno-automatic -g -O
Preprocessing preb.F to preb.f
Compiling preb.f source file with flags: -Dx86_64 -Dlinux -fcray-pointer -fno-automatic -g -O
Preprocessing prests.F to prests.f
Compiling prests.f source file with flags: -Dx86_64 -Dlinux -fcray-pointer -fno-automatic -g -O
Preprocessing readit.F to readit.f
Compiling readit.f source file with flags: -Dx86_64 -Dlinux -fcray-pointer -fno-automatic -g -O
Preprocessing resfac.F to resfac.f
Compiling resfac.f source file with flags: -Dx86_64 -Dlinux -fcray-pointer -fno-automatic -g -O
Preprocessing rfirst.F to rfirst.f
Compiling rfirst.f source file with flags: -Dx86_64 -Dlinux -fcray-pointer -fno-automatic -g -O
Preprocessing rfirst1.F to rfirst1.f
Compiling rfirst1.f source file with flags: -Dx86_64 -Dlinux -fcray-pointer -fno-automatic -g -O
Preprocessing rfive.F to rfive.f
Compiling rfive.f source file with flags: -Dx86_64 -Dlinux -fcray-pointer -fno-automatic -g -O
Preprocessing rgdata.F to rgdata.f
Compiling rgdata.f source file with flags: -Dx86_64 -Dlinux -fcray-pointer -fno-automatic -g -O
Preprocessing ringdr.F to ringdr.f
Compiling ringdr.f source file with flags: -Dx86_64 -Dlinux -fcray-pointer -fno-automatic -g -O
Preprocessing ringf.F to ringf.f
Compiling ringf.f source file with flags: -Dx86_64 -Dlinux -fcray-pointer -fno-automatic -g -O
Preprocessing rmasdv.F to rmasdv.f
Compiling rmasdv.f source file with flags: -Dx86_64 -Dlinux -fcray-pointer -fno-automatic -g -O
Preprocessing rrhs.F to rrhs.f
Compiling rrhs.f source file with flags: -Dx86_64 -Dlinux -fcray-pointer -fno-automatic -g -O
Preprocessing rstiff.F to rstiff.f
Compiling rstiff.f source file with flags: -Dx86_64 -Dlinux -fcray-pointer -fno-automatic -g -O
Preprocessing rtrsf.F to rtrsf.f
Compiling rtrsf.f source file with flags: -Dx86_64 -Dlinux -fcray-pointer -fno-automatic -g -O
Preprocessing rzlg.F to rzlg.f
Compiling rzlg.f source file with flags: -Dx86_64 -Dlinux -fcray-pointer -fno-automatic -g -O
Preprocessing shell.F to shell.f
Compiling shell.f source file with flags: -Dx86_64 -Dlinux -fcray-pointer -fno-automatic -g -O
Preprocessing skilin.F to skilin.f
Compiling skilin.f source file with flags: -Dx86_64 -Dlinux -fcray-pointer -fno-automatic -g -O
Preprocessing sort.F to sort.f
Compiling sort.f source file with flags: -Dx86_64 -Dlinux -fcray-pointer -fno-automatic -g -O
Preprocessing splico.F to splico.f
Compiling splico.f source file with flags: -Dx86_64 -Dlinux -fcray-pointer -fno-automatic -g -O
Preprocessing spline.F to spline.f
Compiling spline.f source file with flags: -Dx86_64 -Dlinux -fcray-pointer -fno-automatic -g -O
Preprocessing spose.F to spose.f
Compiling spose.f source file with flags: -Dx86_64 -Dlinux -fcray-pointer -fno-automatic -g -O
Preprocessing spring.F to spring.f
Compiling spring.f source file with flags: -Dx86_64 -Dlinux -fcray-pointer -fno-automatic -g -O
Preprocessing srhs.F to srhs.f
Compiling srhs.f source file with flags: -Dx86_64 -Dlinux -fcray-pointer -fno-automatic -g -O
Preprocessing stabil.F to stabil.f
Compiling stabil.f source file with flags: -Dx86_64 -Dlinux -fcray-pointer -fno-automatic -g -O
Preprocessing stiff.F to stiff.f
Compiling stiff.f source file with flags: -Dx86_64 -Dlinux -fcray-pointer -fno-automatic -g -O
Preprocessing stocm1.F to stocm1.f
Compiling stocm1.f source file with flags: -Dx86_64 -Dlinux -fcray-pointer -fno-automatic -g -O
Preprocessing stocm2.F to stocm2.f
Compiling stocm2.f source file with flags: -Dx86_64 -Dlinux -fcray-pointer -fno-automatic -g -O
Preprocessing super.F to super.f
Compiling super.f source file with flags: -Dx86_64 -Dlinux -fcray-pointer -fno-automatic -g -O
Preprocessing unload.F to unload.f
Compiling unload.f source file with flags: -Dx86_64 -Dlinux -fcray-pointer -fno-automatic -g -O
Preprocessing varfix.F to varfix.f
Compiling varfix.f source file with flags: -Dx86_64 -Dlinux -fcray-pointer -fno-automatic -g -O
Preprocessing vec.F to vec.f
Compiling vec.f source file with flags: -Dx86_64 -Dlinux -fcray-pointer -fno-automatic -g -O
Preprocessing wallcf.F to wallcf.f
Compiling wallcf.f source file with flags: -Dx86_64 -Dlinux -fcray-pointer -fno-automatic -g -O
Preprocessing walls.F to walls.f
Compiling walls.f source file with flags: -Dx86_64 -Dlinux -fcray-pointer -fno-automatic -g -O
Preprocessing wrcon.F to wrcon.f
Compiling wrcon.f source file with flags: -Dx86_64 -Dlinux -fcray-pointer -fno-automatic -g -O
Preprocessing zeroit.F to zeroit.f
Compiling zeroit.f source file with flags: -Dx86_64 -Dlinux -fcray-pointer -fno-automatic -g -O
Preprocessing zglobe.F to zglobe.f
Compiling zglobe.f source file with flags: -Dx86_64 -Dlinux -fcray-pointer -fno-automatic -g -O
Archiving all *.o files to: /home/progs/bigbosor4/objects.x86_64/addbosor4.a
ar: creating /home/progs/bigbosor4/objects.x86_64/addbosor4.a
a - add2.o
a - angle.o
a - apreb.o
a - arcdrw.o
a - arrays.o
a - astab.o
a - b4main.o
a - b4out.o
a - b4outm.o
a - b4post.o
a - b4read.o
a - blowup.o
a - buckle.o
a - cfb1.o
a - cfb2.o
a - cfb3.o
a - cfb4.o
a - cfb5.o
a - cfb6.o
a - cfb7.o
a - cfb8.o
a - cfb9.o
a - cfbl.o
a - constr.o
a - contra.o
a - cshift.o
a - curv.o
a - distl.o
a - eband2.o
a - fcoef.o
a - fdynam.o
a - fillb.o
a - fillbp.o
a - findth.o
a - founda.o
a - four.o
a - funct.o
a - geom.o
a - geom1.o
a - geom2.o
a - geom3.o
a - geom4.o
a - geom5.o
a - geomtr.o
a - geomty.o
a - getb1.o
a - getblk.o
a - getc.o
a - getcm1.o
a - getcm2.o
a - getd.o
a - gete.o
a - getfs.o
a - getg.o
a - getiw.o
a - getp.o
a - getpb5.o
a - getpst.o
a - getrnt.o
a - getrot.o
a - getwwd.o
a - getwwp.o
a - gety.o
a - gmfind.o
a - idgasp.o
a - ifind.o
a - imperf.o
a - ingrat.o
a - inprop.o
a - lineld.o
a - loadrd.o
a - loadre.o
a - loads.o
a - local.o
a - lodmch.o
a - lodpos.o
a - lodsto.o
a - masdrv.o
a - mesh.o
a - mode.o
a - mode1.o
a - neutax.o
a - nonout.o
a - ortho2.o
a - out2.o
a - out2m.o
a - outax.o
a - outbuc.o
a - outcc.o
a - outfim.o
a - outfin.o
a - outhm.o
a - outin1.o
a - outin2.o
a - outll.o
a - outlod.o
a - outlom.o
a - outnon.o
a - outpee.o
a - outpre.o
a - pdynam.o
a - pgetb.o
a - pgetc.o
a - plocal.o
a - pre.o
a - pre1.o
a - pre2.o
a - preb.o
a - prests.o
a - readit.o
a - resfac.o
a - rfirst.o
a - rfirst1.o
a - rfive.o
a - rgdata.o
a - ringdr.o
a - ringf.o
a - rmasdv.o
a - rrhs.o
a - rstiff.o
a - rtrsf.o
a - rzlg.o
a - shell.o
a - skilin.o
a - sort.o
a - splico.o
a - spline.o
a - spose.o
a - spring.o
a - srhs.o
a - stabil.o
a - stiff.o
a - stocm1.o
a - stocm2.o
a - super.o
a - unload.o
a - varfix.o
a - vec.o
a - wallcf.o
a - walls.o
a - wrcon.o
a - zeroit.o
a - zglobe.o
Remove temporary directory: /home/progs/temp/26233
Exiting updateobj.
------------------------------------------
csh /home/progs/bin/updatelib /home/progs/bigbosor4/libraries.x86_64/bigbosor4.a /home/progs/bigbosor4/objects.x86_64/addbosor4.a
------------------------------------------
Executing updatelib.
Using temporary directory: /home/progs/temp/26985
Now extracting *.o files from /home/progs/bigbosor4/objects.x86_64/addbosor4.a into directory /home/progs/temp/26985
x - add2.o
x - angle.o
x - apreb.o
x - arcdrw.o
x - arrays.o
x - astab.o
x - b4main.o
x - b4out.o
x - b4outm.o
x - b4post.o
x - b4read.o
x - blowup.o
x - buckle.o
x - cfb1.o
x - cfb2.o
x - cfb3.o
x - cfb4.o
x - cfb5.o
x - cfb6.o
x - cfb7.o
x - cfb8.o
x - cfb9.o
x - cfbl.o
x - constr.o
x - contra.o
x - cshift.o
x - curv.o
x - distl.o
x - eband2.o
x - fcoef.o
x - fdynam.o
x - fillb.o
x - fillbp.o
x - findth.o
x - founda.o
x - four.o
x - funct.o
x - geom.o
x - geom1.o
x - geom2.o
x - geom3.o
x - geom4.o
x - geom5.o
x - geomtr.o
x - geomty.o
x - getb1.o
x - getblk.o
x - getc.o
x - getcm1.o
x - getcm2.o
x - getd.o
x - gete.o
x - getfs.o
x - getg.o
x - getiw.o
x - getp.o
x - getpb5.o
x - getpst.o
x - getrnt.o
x - getrot.o
x - getwwd.o
x - getwwp.o
x - gety.o
x - gmfind.o
x - idgasp.o
x - ifind.o
x - imperf.o
x - ingrat.o
x - inprop.o
x - lineld.o
x - loadrd.o
x - loadre.o
x - loads.o
x - local.o
x - lodmch.o
x - lodpos.o
x - lodsto.o
x - masdrv.o
x - mesh.o
x - mode.o
x - mode1.o
x - neutax.o
x - nonout.o
x - ortho2.o
x - out2.o
x - out2m.o
x - outax.o
x - outbuc.o
x - outcc.o
x - outfim.o
x - outfin.o
x - outhm.o
x - outin1.o
x - outin2.o
x - outll.o
x - outlod.o
x - outlom.o
x - outnon.o
x - outpee.o
x - outpre.o
x - pdynam.o
x - pgetb.o
x - pgetc.o
x - plocal.o
x - pre.o
x - pre1.o
x - pre2.o
x - preb.o
x - prests.o
x - readit.o
x - resfac.o
x - rfirst.o
x - rfirst1.o
x - rfive.o
x - rgdata.o
x - ringdr.o
x - ringf.o
x - rmasdv.o
x - rrhs.o
x - rstiff.o
x - rtrsf.o
x - rzlg.o
x - shell.o
x - skilin.o
x - sort.o
x - splico.o
x - spline.o
x - spose.o
x - spring.o
x - srhs.o
x - stabil.o
x - stiff.o
x - stocm1.o
x - stocm2.o
x - super.o
x - unload.o
x - varfix.o
x - vec.o
x - wallcf.o
x - walls.o
x - wrcon.o
x - zeroit.o
x - zglobe.o
Now archiving all *.o files into /home/progs/bigbosor4/libraries.x86_64/bigbosor4.a
r - add2.o
r - angle.o
r - apreb.o
r - arcdrw.o
r - arrays.o
r - astab.o
r - b4main.o
r - b4out.o
r - b4outm.o
r - b4post.o
r - b4read.o
r - blowup.o
r - buckle.o
r - cfb1.o
r - cfb2.o
r - cfb3.o
r - cfb4.o
r - cfb5.o
r - cfb6.o
r - cfb7.o
r - cfb8.o
r - cfb9.o
r - cfbl.o
r - constr.o
r - contra.o
r - cshift.o
r - curv.o
r - distl.o
r - eband2.o
r - fcoef.o
r - fdynam.o
r - fillb.o
r - fillbp.o
r - findth.o
r - founda.o
r - four.o
r - funct.o
r - geom.o
r - geom1.o
r - geom2.o
r - geom3.o
r - geom4.o
r - geom5.o
r - geomtr.o
r - geomty.o
r - getb1.o
r - getblk.o
r - getc.o
r - getcm1.o
r - getcm2.o
r - getd.o
r - gete.o
r - getfs.o
r - getg.o
r - getiw.o
r - getp.o
r - getpb5.o
r - getpst.o
r - getrnt.o
r - getrot.o
r - getwwd.o
r - getwwp.o
r - gety.o
r - gmfind.o
r - idgasp.o
r - ifind.o
r - imperf.o
r - ingrat.o
r - inprop.o
r - lineld.o
r - loadrd.o
r - loadre.o
r - loads.o
r - local.o
r - lodmch.o
r - lodpos.o
r - lodsto.o
r - masdrv.o
r - mesh.o
r - mode.o
r - mode1.o
r - neutax.o
r - nonout.o
r - ortho2.o
r - out2.o
r - out2m.o
r - outax.o
r - outbuc.o
r - outcc.o
r - outfim.o
r - outfin.o
r - outhm.o
r - outin1.o
r - outin2.o
r - outll.o
r - outlod.o
r - outlom.o
r - outnon.o
r - outpee.o
r - outpre.o
r - pdynam.o
r - pgetb.o
r - pgetc.o
r - plocal.o
r - pre.o
r - pre1.o
r - pre2.o
r - preb.o
r - prests.o
r - readit.o
r - resfac.o
r - rfirst.o
r - rfirst1.o
r - rfive.o
r - rgdata.o
r - ringdr.o
r - ringf.o
r - rmasdv.o
r - rrhs.o
r - rstiff.o
r - rtrsf.o
r - rzlg.o
r - shell.o
r - skilin.o
r - sort.o
r - splico.o
r - spline.o
r - spose.o
r - spring.o
r - srhs.o
r - stabil.o
r - stiff.o
r - stocm1.o
r - stocm2.o
r - super.o
r - unload.o
r - varfix.o
r - vec.o
r - wallcf.o
r - walls.o
r - wrcon.o
r - zeroit.o
r - zglobe.o
Now randomizing library /home/progs/bigbosor4/libraries.x86_64/bigbosor4.a
Remove temporary directory: /home/progs/temp/26985
Exiting updatelib.
------------------------------------------
ar xv /home/progs/bigbosor4/libraries.x86_64/bigbosor4.a mainb4.o
x - mainb4.o
gfortran -Dx86_64 -Dlinux -fcray-pointer -fno-automatic -g -O -o /home/progs/bigbosor4/execute/bigbosor4.x86_64 mainb4.o /home/progs/bigbosor4/libraries.x86_64/bigbosor4.a \
                                     /home/progs/util/ieeexx_x86_64.o
/bin/rm mainb4.o
csh /home/progs/bin/updatelib /home/progs/bigbosor4/libraries.x86_64/bigrestart.a /home/progs/bigbosor4/objects.x86_64/addbosor4.a
------------------------------------------
Executing updatelib.
Using temporary directory: /home/progs/temp/27066
Now extracting *.o files from /home/progs/bigbosor4/objects.x86_64/addbosor4.a into directory /home/progs/temp/27066
x - add2.o
x - angle.o
x - apreb.o
x - arcdrw.o
x - arrays.o
x - astab.o
x - b4main.o
x - b4out.o
x - b4outm.o
x - b4post.o
x - b4read.o
x - blowup.o
x - buckle.o
x - cfb1.o
x - cfb2.o
x - cfb3.o
x - cfb4.o
x - cfb5.o
x - cfb6.o
x - cfb7.o
x - cfb8.o
x - cfb9.o
x - cfbl.o
x - constr.o
x - contra.o
x - cshift.o
x - curv.o
x - distl.o
x - eband2.o
x - fcoef.o
x - fdynam.o
x - fillb.o
x - fillbp.o
x - findth.o
x - founda.o
x - four.o
x - funct.o
x - geom.o
x - geom1.o
x - geom2.o
x - geom3.o
x - geom4.o
x - geom5.o
x - geomtr.o
x - geomty.o
x - getb1.o
x - getblk.o
x - getc.o
x - getcm1.o
x - getcm2.o
x - getd.o
x - gete.o
x - getfs.o
x - getg.o
x - getiw.o
x - getp.o
x - getpb5.o
x - getpst.o
x - getrnt.o
x - getrot.o
x - getwwd.o
x - getwwp.o
x - gety.o
x - gmfind.o
x - idgasp.o
x - ifind.o
x - imperf.o
x - ingrat.o
x - inprop.o
x - lineld.o
x - loadrd.o
x - loadre.o
x - loads.o
x - local.o
x - lodmch.o
x - lodpos.o
x - lodsto.o
x - masdrv.o
x - mesh.o
x - mode.o
x - mode1.o
x - neutax.o
x - nonout.o
x - ortho2.o
x - out2.o
x - out2m.o
x - outax.o
x - outbuc.o
x - outcc.o
x - outfim.o
x - outfin.o
x - outhm.o
x - outin1.o
x - outin2.o
x - outll.o
x - outlod.o
x - outlom.o
x - outnon.o
x - outpee.o
x - outpre.o
x - pdynam.o
x - pgetb.o
x - pgetc.o
x - plocal.o
x - pre.o
x - pre1.o
x - pre2.o
x - preb.o
x - prests.o
x - readit.o
x - resfac.o
x - rfirst.o
x - rfirst1.o
x - rfive.o
x - rgdata.o
x - ringdr.o
x - ringf.o
x - rmasdv.o
x - rrhs.o
x - rstiff.o
x - rtrsf.o
x - rzlg.o
x - shell.o
x - skilin.o
x - sort.o
x - splico.o
x - spline.o
x - spose.o
x - spring.o
x - srhs.o
x - stabil.o
x - stiff.o
x - stocm1.o
x - stocm2.o
x - super.o
x - unload.o
x - varfix.o
x - vec.o
x - wallcf.o
x - walls.o
x - wrcon.o
x - zeroit.o
x - zglobe.o
Now archiving all *.o files into /home/progs/bigbosor4/libraries.x86_64/bigrestart.a
r - add2.o
r - angle.o
r - apreb.o
r - arcdrw.o
r - arrays.o
r - astab.o
r - b4main.o
r - b4out.o
r - b4outm.o
r - b4post.o
r - b4read.o
r - blowup.o
r - buckle.o
r - cfb1.o
r - cfb2.o
r - cfb3.o
r - cfb4.o
r - cfb5.o
r - cfb6.o
r - cfb7.o
r - cfb8.o
r - cfb9.o
r - cfbl.o
r - constr.o
r - contra.o
r - cshift.o
r - curv.o
r - distl.o
r - eband2.o
r - fcoef.o
r - fdynam.o
r - fillb.o
r - fillbp.o
r - findth.o
r - founda.o
r - four.o
r - funct.o
r - geom.o
r - geom1.o
r - geom2.o
r - geom3.o
r - geom4.o
r - geom5.o
r - geomtr.o
r - geomty.o
r - getb1.o
r - getblk.o
r - getc.o
r - getcm1.o
r - getcm2.o
r - getd.o
r - gete.o
r - getfs.o
r - getg.o
r - getiw.o
r - getp.o
r - getpb5.o
r - getpst.o
r - getrnt.o
r - getrot.o
r - getwwd.o
r - getwwp.o
r - gety.o
r - gmfind.o
r - idgasp.o
r - ifind.o
r - imperf.o
r - ingrat.o
r - inprop.o
r - lineld.o
r - loadrd.o
r - loadre.o
r - loads.o
r - local.o
r - lodmch.o
r - lodpos.o
r - lodsto.o
r - masdrv.o
r - mesh.o
r - mode.o
r - mode1.o
r - neutax.o
r - nonout.o
r - ortho2.o
r - out2.o
r - out2m.o
r - outax.o
r - outbuc.o
r - outcc.o
r - outfim.o
r - outfin.o
r - outhm.o
r - outin1.o
r - outin2.o
r - outll.o
r - outlod.o
r - outlom.o
r - outnon.o
r - outpee.o
r - outpre.o
r - pdynam.o
r - pgetb.o
r - pgetc.o
r - plocal.o
r - pre.o
r - pre1.o
r - pre2.o
r - preb.o
r - prests.o
r - readit.o
r - resfac.o
r - rfirst.o
r - rfirst1.o
r - rfive.o
r - rgdata.o
r - ringdr.o
r - ringf.o
r - rmasdv.o
r - rrhs.o
r - rstiff.o
r - rtrsf.o
r - rzlg.o
r - shell.o
r - skilin.o
r - sort.o
r - splico.o
r - spline.o
r - spose.o
r - spring.o
r - srhs.o
r - stabil.o
r - stiff.o
r - stocm1.o
r - stocm2.o
r - super.o
r - unload.o
r - varfix.o
r - vec.o
r - wallcf.o
r - walls.o
r - wrcon.o
r - zeroit.o
r - zglobe.o
Now randomizing library /home/progs/bigbosor4/libraries.x86_64/bigrestart.a
Remove temporary directory: /home/progs/temp/27066
Exiting updatelib.
------------------------------------------
ar xv /home/progs/bigbosor4/libraries.x86_64/bigrestart.a restart.o
x - restart.o
gfortran -Dx86_64 -Dlinux -fcray-pointer -fno-automatic -g -O -o /home/progs/bigbosor4/execute/bigrestart.x86_64 restart.o /home/progs/bigbosor4/libraries.x86_64/bigrestart.a \
                                     /home/progs/util/ieeexx_x86_64.o
/bin/rm restart.o
csh /home/progs/bin/updatelib /home/progs/bigbosor4/libraries.x86_64/resetup.a /home/progs/bigbosor4/objects.x86_64/addbosor4.a
------------------------------------------
Executing updatelib.
Using temporary directory: /home/progs/temp/27152
Now extracting *.o files from /home/progs/bigbosor4/objects.x86_64/addbosor4.a into directory /home/progs/temp/27152
x - add2.o
x - angle.o
x - apreb.o
x - arcdrw.o
x - arrays.o
x - astab.o
x - b4main.o
x - b4out.o
x - b4outm.o
x - b4post.o
x - b4read.o
x - blowup.o
x - buckle.o
x - cfb1.o
x - cfb2.o
x - cfb3.o
x - cfb4.o
x - cfb5.o
x - cfb6.o
x - cfb7.o
x - cfb8.o
x - cfb9.o
x - cfbl.o
x - constr.o
x - contra.o
x - cshift.o
x - curv.o
x - distl.o
x - eband2.o
x - fcoef.o
x - fdynam.o
x - fillb.o
x - fillbp.o
x - findth.o
x - founda.o
x - four.o
x - funct.o
x - geom.o
x - geom1.o
x - geom2.o
x - geom3.o
x - geom4.o
x - geom5.o
x - geomtr.o
x - geomty.o
x - getb1.o
x - getblk.o
x - getc.o
x - getcm1.o
x - getcm2.o
x - getd.o
x - gete.o
x - getfs.o
x - getg.o
x - getiw.o
x - getp.o
x - getpb5.o
x - getpst.o
x - getrnt.o
x - getrot.o
x - getwwd.o
x - getwwp.o
x - gety.o
x - gmfind.o
x - idgasp.o
x - ifind.o
x - imperf.o
x - ingrat.o
x - inprop.o
x - lineld.o
x - loadrd.o
x - loadre.o
x - loads.o
x - local.o
x - lodmch.o
x - lodpos.o
x - lodsto.o
x - masdrv.o
x - mesh.o
x - mode.o
x - mode1.o
x - neutax.o
x - nonout.o
x - ortho2.o
x - out2.o
x - out2m.o
x - outax.o
x - outbuc.o
x - outcc.o
x - outfim.o
x - outfin.o
x - outhm.o
x - outin1.o
x - outin2.o
x - outll.o
x - outlod.o
x - outlom.o
x - outnon.o
x - outpee.o
x - outpre.o
x - pdynam.o
x - pgetb.o
x - pgetc.o
x - plocal.o
x - pre.o
x - pre1.o
x - pre2.o
x - preb.o
x - prests.o
x - readit.o
x - resfac.o
x - rfirst.o
x - rfirst1.o
x - rfive.o
x - rgdata.o
x - ringdr.o
x - ringf.o
x - rmasdv.o
x - rrhs.o
x - rstiff.o
x - rtrsf.o
x - rzlg.o
x - shell.o
x - skilin.o
x - sort.o
x - splico.o
x - spline.o
x - spose.o
x - spring.o
x - srhs.o
x - stabil.o
x - stiff.o
x - stocm1.o
x - stocm2.o
x - super.o
x - unload.o
x - varfix.o
x - vec.o
x - wallcf.o
x - walls.o
x - wrcon.o
x - zeroit.o
x - zglobe.o
Now archiving all *.o files into /home/progs/bigbosor4/libraries.x86_64/resetup.a
r - add2.o
r - angle.o
r - apreb.o
r - arcdrw.o
r - arrays.o
r - astab.o
r - b4main.o
r - b4out.o
r - b4outm.o
r - b4post.o
r - b4read.o
r - blowup.o
r - buckle.o
r - cfb1.o
r - cfb2.o
r - cfb3.o
r - cfb4.o
r - cfb5.o
r - cfb6.o
r - cfb7.o
r - cfb8.o
r - cfb9.o
r - cfbl.o
r - constr.o
r - contra.o
r - cshift.o
r - curv.o
r - distl.o
r - eband2.o
r - fcoef.o
r - fdynam.o
r - fillb.o
r - fillbp.o
r - findth.o
r - founda.o
r - four.o
r - funct.o
r - geom.o
r - geom1.o
r - geom2.o
r - geom3.o
r - geom4.o
r - geom5.o
r - geomtr.o
r - geomty.o
r - getb1.o
r - getblk.o
r - getc.o
r - getcm1.o
r - getcm2.o
r - getd.o
r - gete.o
r - getfs.o
r - getg.o
r - getiw.o
r - getp.o
r - getpb5.o
r - getpst.o
r - getrnt.o
r - getrot.o
r - getwwd.o
r - getwwp.o
r - gety.o
r - gmfind.o
r - idgasp.o
r - ifind.o
r - imperf.o
r - ingrat.o
r - inprop.o
r - lineld.o
r - loadrd.o
r - loadre.o
r - loads.o
r - local.o
r - lodmch.o
r - lodpos.o
r - lodsto.o
r - masdrv.o
r - mesh.o
r - mode.o
r - mode1.o
r - neutax.o
r - nonout.o
r - ortho2.o
r - out2.o
r - out2m.o
r - outax.o
r - outbuc.o
r - outcc.o
r - outfim.o
r - outfin.o
r - outhm.o
r - outin1.o
r - outin2.o
r - outll.o
r - outlod.o
r - outlom.o
r - outnon.o
r - outpee.o
r - outpre.o
r - pdynam.o
r - pgetb.o
r - pgetc.o
r - plocal.o
r - pre.o
r - pre1.o
r - pre2.o
r - preb.o
r - prests.o
r - readit.o
r - resfac.o
r - rfirst.o
r - rfirst1.o
r - rfive.o
r - rgdata.o
r - ringdr.o
r - ringf.o
r - rmasdv.o
r - rrhs.o
r - rstiff.o
r - rtrsf.o
r - rzlg.o
r - shell.o
r - skilin.o
r - sort.o
r - splico.o
r - spline.o
r - spose.o
r - spring.o
r - srhs.o
r - stabil.o
r - stiff.o
r - stocm1.o
r - stocm2.o
r - super.o
r - unload.o
r - varfix.o
r - vec.o
r - wallcf.o
r - walls.o
r - wrcon.o
r - zeroit.o
r - zglobe.o
Now randomizing library /home/progs/bigbosor4/libraries.x86_64/resetup.a
Remove temporary directory: /home/progs/temp/27152
Exiting updatelib.
------------------------------------------
ar xv /home/progs/bigbosor4/libraries.x86_64/resetup.a reset.o
x - reset.o
gfortran -Dx86_64 -Dlinux -fcray-pointer -fno-automatic -g -O -s -o /home/progs/bigbosor4/execute/resetup.x86_64 reset.o /home/progs/bigbosor4/libraries.x86_64/resetup.a \
                                    /home/progs/util/sig_x86_64.o
/bin/rm reset.o
